This is pdfTeX, Version 3.141592653-2.6-1.40.22 (TeX Live 2022/dev/Debian) (preloaded format=pdflatex 2023.5.28)  30 MAY 2023 05:20
entering extended mode
 restricted \write18 enabled.
 %&-line parsing enabled.
**memoire.tex
(./memoire.tex
LaTeX2e <2021-11-15> patch level 1
L3 programming layer <2022-01-21>
(/usr/share/texlive/texmf-dist/tex/latex/extsizes/extarticle.cls
Document Class: extarticle 1996/10/08 v1.0 Non Standard LaTeX document class
(/usr/share/texlive/texmf-dist/tex/latex/base/size12.clo
File: size12.clo 2021/10/04 v1.4n Standard LaTeX file (size option)
)
(/usr/share/texlive/texmf-dist/tex/latex/base/exscale.sty
Package: exscale 2018/09/24 v2.1i Standard LaTeX package exscale
LaTeX Font Info:    Redeclaring symbol font `largesymbols' on input line 57.
LaTeX Font Info:    Overwriting symbol font `largesymbols' in version `normal'
(Font)                  OMX/cmex/m/n --> OMX/cmex/m/n on input line 57.
LaTeX Font Info:    Overwriting symbol font `largesymbols' in version `bold'
(Font)                  OMX/cmex/m/n --> OMX/cmex/m/n on input line 57.
\big@size=\dimen138
)
\c@part=\count185
\c@section=\count186
\c@subsection=\count187
\c@subsubsection=\count188
\c@paragraph=\count189
\c@subparagraph=\count190
\c@figure=\count191
\c@table=\count192
\abovecaptionskip=\skip47
\belowcaptionskip=\skip48
\bibindent=\dimen139
)
(/usr/share/texlive/texmf-dist/tex/latex/algorithms/algorithm.sty
Package: algorithm 2009/08/24 v0.1 Document Style `algorithm' - floating enviro
nment

(/usr/share/texlive/texmf-dist/tex/latex/float/float.sty
Package: float 2001/11/08 v1.3d Float enhancements (AL)
\c@float@type=\count193
\float@exts=\toks16
\float@box=\box50
\@float@everytoks=\toks17
\@floatcapt=\box51
)
(/usr/share/texlive/texmf-dist/tex/latex/base/ifthen.sty
Package: ifthen 2020/11/24 v1.1c Standard LaTeX ifthen package (DPC)
)
\@float@every@algorithm=\toks18
\c@algorithm=\count194
)
(/usr/share/texlive/texmf-dist/tex/latex/booktabs/booktabs.sty
Package: booktabs 2020/01/12 v1.61803398 Publication quality tables
\heavyrulewidth=\dimen140
\lightrulewidth=\dimen141
\cmidrulewidth=\dimen142
\belowrulesep=\dimen143
\belowbottomsep=\dimen144
\aboverulesep=\dimen145
\abovetopsep=\dimen146
\cmidrulesep=\dimen147
\cmidrulekern=\dimen148
\defaultaddspace=\dimen149
\@cmidla=\count195
\@cmidlb=\count196
\@aboverulesep=\dimen150
\@belowrulesep=\dimen151
\@thisruleclass=\count197
\@lastruleclass=\count198
\@thisrulewidth=\dimen152
)
(/usr/share/texlive/texmf-dist/tex/latex/caption/caption.sty
Package: caption 2020/10/26 v3.5g Customizing captions (AR)

(/usr/share/texlive/texmf-dist/tex/latex/caption/caption3.sty
Package: caption3 2020/10/21 v2.2e caption3 kernel (AR)

(/usr/share/texlive/texmf-dist/tex/latex/graphics/keyval.sty
Package: keyval 2014/10/28 v1.15 key=value parser (DPC)
\KV@toks@=\toks19
)
\captionmargin=\dimen153
\captionmargin@=\dimen154
\captionwidth=\dimen155
\caption@tempdima=\dimen156
\caption@indent=\dimen157
\caption@parindent=\dimen158
\caption@hangindent=\dimen159
Package caption Info: Standard document class detected.
)
\c@caption@flags=\count199
\c@continuedfloat=\count266
Package caption Info: float package is loaded.
)
(/usr/share/texlive/texmf-dist/tex/latex/siunitx/siunitx.sty
Package: siunitx 2022-02-02 v3.0.46 A comprehensive (SI) units package
\l__siunitx_angle_tmp_dim=\dimen160
\l__siunitx_angle_marker_box=\box52
\l__siunitx_angle_unit_box=\box53
\l__siunitx_compound_count_int=\count267

(/usr/share/texlive/texmf-dist/tex/latex/translations/translations.sty
Package: translations 2022/01/04 v1.11 internationalization of LaTeX2e packages
 (CN)

(/usr/share/texlive/texmf-dist/tex/latex/etoolbox/etoolbox.sty
Package: etoolbox 2020/10/05 v2.5k e-TeX tools for LaTeX (JAW)
\etb@tempcnta=\count268
)
(/usr/share/texlive/texmf-dist/tex/generic/pdftexcmds/pdftexcmds.sty
Package: pdftexcmds 2020-06-27 v0.33 Utility functions of pdfTeX for LuaTeX (HO
)

(/usr/share/texlive/texmf-dist/tex/generic/infwarerr/infwarerr.sty
Package: infwarerr 2019/12/03 v1.5 Providing info/warning/error messages (HO)
)
(/usr/share/texlive/texmf-dist/tex/generic/iftex/iftex.sty
Package: iftex 2020/03/06 v1.0d TeX engine tests
)
(/usr/share/texlive/texmf-dist/tex/generic/ltxcmds/ltxcmds.sty
Package: ltxcmds 2020-05-10 v1.25 LaTeX kernel commands for general use (HO)
)
Package pdftexcmds Info: \pdf@primitive is available.
Package pdftexcmds Info: \pdf@ifprimitive is available.
Package pdftexcmds Info: \pdfdraftmode found.
))
\l__siunitx_number_exponent_fixed_int=\count269
\l__siunitx_number_min_decimal_int=\count270
\l__siunitx_number_min_integer_int=\count271
\l__siunitx_number_round_precision_int=\count272
\l__siunitx_number_group_minimum_int=\count273

(/usr/share/texlive/texmf-dist/tex/latex/amsmath/amstext.sty
Package: amstext 2021/08/26 v2.01 AMS text

(/usr/share/texlive/texmf-dist/tex/latex/amsmath/amsgen.sty
File: amsgen.sty 1999/11/30 v2.0 generic functions
\@emptytoks=\toks20
\ex@=\dimen161
))
\l__siunitx_table_tmp_box=\box54
\l__siunitx_table_tmp_dim=\dimen162
\l__siunitx_table_column_width_dim=\dimen163
\l__siunitx_table_integer_box=\box55
\l__siunitx_table_decimal_box=\box56
\l__siunitx_table_before_box=\box57
\l__siunitx_table_after_box=\box58
\l__siunitx_table_before_dim=\dimen164
\l__siunitx_table_carry_dim=\dimen165
\l__siunitx_unit_tmp_int=\count274
\l__siunitx_unit_position_int=\count275
\l__siunitx_unit_total_int=\count276

(/usr/share/texlive/texmf-dist/tex/latex/l3packages/l3keys2e/l3keys2e.sty
(/usr/share/texlive/texmf-dist/tex/latex/l3kernel/expl3.sty
Package: expl3 2022-01-21 L3 programming layer (loader) 

(/usr/share/texlive/texmf-dist/tex/latex/l3backend/l3backend-pdftex.def
File: l3backend-pdftex.def 2022-01-12 L3 backend support: PDF output (pdfTeX)
\l__color_backend_stack_int=\count277
\l__pdf_internal_box=\box59
))
Package: l3keys2e 2022-01-12 LaTeX2e option processing using LaTeX3 keys
)
(/usr/share/texlive/texmf-dist/tex/latex/tools/array.sty
Package: array 2021/10/04 v2.5f Tabular extension package (FMi)
\col@sep=\dimen166
\ar@mcellbox=\box60
\extrarowheight=\dimen167
\NC@list=\toks21
\extratabsurround=\skip49
\backup@length=\skip50
\ar@cellbox=\box61
))
(/usr/share/texlive/texmf-dist/tex/latex/arabtex/arabtex.sty
(/usr/share/texlive/texmf-dist/tex/latex/arabtex/aconfig.sty
LaTeX2e detected 
\a@moduledate=\count278
\a@maindate=\count279
)
Package: arabtex 2003/08/22  3.11 ArabTeX main module

(/usr/share/texlive/texmf-dist/tex/latex/arabtex/arabaux.sty
Package: arabaux 2003/05/21  3.11 auxiliary macros for ArabTeX
)
(/usr/share/texlive/texmf-dist/tex/latex/arabtex/acmd.sty
Package: acmd 2003/08/20  3.11 Arabic command processing 
)
(/usr/share/texlive/texmf-dist/tex/latex/arabtex/afonts.sty
Package: afonts 1995/11/16  3.04 define Naskh font 

(/usr/share/texlive/texmf-dist/tex/latex/arabtex/afonts2.sty
Package: afonts2 1998/10/19  3.10 define Naskh fonts for LaTeX2e
))
(/usr/share/texlive/texmf-dist/tex/latex/arabtex/ascan.sty
Package: ascan 2003/08/22  3.11 standard ZDMG input encoding 

(ArabTeX) scanner for code `arabtex' installed.
(ArabTeX) input encoding set to ArabTeX standard conventions.)
(/usr/share/texlive/texmf-dist/tex/latex/arabtex/aparse.sty
Package: aparse 2003/05/26  3.11 get syllables 
)
(/usr/share/texlive/texmf-dist/tex/latex/arabtex/awrite.sty
Package: awrite 2003/06/05  3.11 build output word 

(/usr/share/texlive/texmf-dist/tex/latex/arabtex/xarbsymb.sty
Package: xarbsymb 1998/07/15  3.07 symbolic output encoding 
)
(/usr/share/texlive/texmf-dist/tex/latex/arabtex/arabskel.sty
Package: arabskel 2000/06/04  3.10 character skeleton definitions 
)
(/usr/share/texlive/texmf-dist/tex/latex/arabtex/xarbskel.sty
Package: xarbskel 1999/07/17  3.09 character skeleton definitions 
)
(/usr/share/texlive/texmf-dist/tex/latex/arabtex/aboxes.sty
Package: aboxes 2003/05/28  3.11 build output boxes
)
(/usr/share/texlive/texmf-dist/tex/latex/arabtex/arabtoks.sty
Package: arabtoks 1999/07/17  3.09 ArabTeX CS token definitions 
)
(/usr/share/texlive/texmf-dist/tex/latex/arabtex/arabchrs.sty
Package: arabchrs 1998/07/11  3.07 letter token definitions 
))
(/usr/share/texlive/texmf-dist/tex/latex/arabtex/aligs.sty
Package: aligs 2003/05/26  3.11 compute ligatures
)
(/usr/share/texlive/texmf-dist/tex/latex/arabtex/aoutput.sty
Package: aoutput 2000/06/04  3.10 build output lines
)
(/usr/share/texlive/texmf-dist/tex/latex/arabtex/abidir.sty
Package: abidir 2003/08/22  3.11 bidirectional linebreaking
)
(/usr/share/texlive/texmf-dist/tex/latex/arabtex/atrans.sty
Package: atrans 2003/06/14  3.11 generate the transliteration 

(ArabTeX) ZDMG transliteration.)
(/usr/share/texlive/texmf-dist/tex/latex/arabtex/alatex.sty
Package: alatex 2003/05/04  3.11 ArabTeX extensions for LaTeX 

(/usr/share/texlive/texmf-dist/tex/latex/arabtex/afoot.sty
Package: afoot 2003/05/12  3.11 ArabTeX footnotes
))
(/usr/share/texlive/texmf-dist/tex/latex/arabtex/abjad.sty
Package: abjad 2003/04/26  3.11 abjad numerals 
)
(/usr/share/texlive/texmf-dist/tex/latex/arabtex/apatch.sty
(/usr/share/texlive/texmf-dist/tex/latex/arabtex/alists.sty
Package: alists 2003/04/26  3.11 inverted list macros
)
(/usr/share/texlive/texmf-dist/tex/latex/arabtex/asect.sty
Package: asect 2003/04/26  3.11 section macros for Arabic
)
(/usr/share/texlive/texmf-dist/tex/latex/arabtex/atabg.sty
Package: atabg 1997/01/21  3.05 LaTeX tabbing macros for Arabic
)
(/usr/share/texlive/texmf-dist/tex/latex/arabtex/alocal.sty
(ArabTeX) 3.11 local stub, 26.02.2006)
Package: apatch 2006/07/02  3.11s last minute patches 
)
Arabic processor `ArabTeX' [20060702 patch level 3.11s (02.07.2006)]
(ArabTeX) ... now be patient ... )
(/usr/share/texlive/texmf-dist/tex/latex/arabtex/utf8.sty
(/usr/share/texlive/texmf-dist/tex/latex/arabtex/utfcode.sty
Package: utfcode 2002/03/07  3.10a Arabic+Hebrew segment of UTF-8
\u@lb=\count309
\u@lq=\count310
)
Package: utf8 2000/06/13  3.10 UTF-8 input encoding 

(ArabTeX) scanner for code UTF-8 installed.)
(ArabTeX) input encoding set to UTF-8 conventions
(/usr/share/texlive/texmf-dist/tex/latex/amsmath/amsmath.sty
Package: amsmath 2021/10/15 v2.17l AMS math features
\@mathmargin=\skip53

For additional information on amsmath, use the `?' option.
(/usr/share/texlive/texmf-dist/tex/latex/amsmath/amsbsy.sty
Package: amsbsy 1999/11/29 v1.2d Bold Symbols
\pmbraise@=\dimen190
)
(/usr/share/texlive/texmf-dist/tex/latex/amsmath/amsopn.sty
Package: amsopn 2021/08/26 v2.02 operator names
)
\inf@bad=\count311
LaTeX Info: Redefining \frac on input line 234.
\uproot@=\count312
\leftroot@=\count313
LaTeX Info: Redefining \overline on input line 399.
\classnum@=\count314
\DOTSCASE@=\count315
LaTeX Info: Redefining \ldots on input line 496.
LaTeX Info: Redefining \dots on input line 499.
LaTeX Info: Redefining \cdots on input line 620.
\Mathstrutbox@=\box77
\strutbox@=\box78
\big@size=\dimen191
LaTeX Font Info:    Redeclaring font encoding OML on input line 743.
LaTeX Font Info:    Redeclaring font encoding OMS on input line 744.
\macc@depth=\count316
\c@MaxMatrixCols=\count317
\dotsspace@=\muskip16
\c@parentequation=\count318
\dspbrk@lvl=\count319
\tag@help=\toks42
\row@=\count320
\column@=\count321
\maxfields@=\count322
\andhelp@=\toks43
\eqnshift@=\dimen192
\alignsep@=\dimen193
\tagshift@=\dimen194
\tagwidth@=\dimen195
\totwidth@=\dimen196
\lineht@=\dimen197
\@envbody=\toks44
\multlinegap=\skip54
\multlinetaggap=\skip55
\mathdisplay@stack=\toks45
LaTeX Info: Redefining \[ on input line 2938.
LaTeX Info: Redefining \] on input line 2939.
)
(/usr/share/texlive/texmf-dist/tex/latex/algorithmicx/algpseudocode.sty
Package: algpseudocode 

(/usr/share/texlive/texmf-dist/tex/latex/algorithmicx/algorithmicx.sty
Package: algorithmicx 2005/04/27 v1.2 Algorithmicx

Document Style algorithmicx 1.2 - a greatly improved `algorithmic' style
\c@ALG@line=\count323
\c@ALG@rem=\count324
\c@ALG@nested=\count325
\ALG@tlm=\skip56
\ALG@thistlm=\skip57
\c@ALG@Lnr=\count326
\c@ALG@blocknr=\count327
\c@ALG@storecount=\count328
\c@ALG@tmpcounter=\count329
\ALG@tmplength=\skip58
)
Document Style - pseudocode environments for use with the `algorithmicx' style
) (/usr/share/texlive/texmf-dist/tex/latex/geometry/geometry.sty
Package: geometry 2020/01/02 v5.9 Page Geometry

(/usr/share/texlive/texmf-dist/tex/generic/iftex/ifvtex.sty
Package: ifvtex 2019/10/25 v1.7 ifvtex legacy package. Use iftex instead.
)
\Gm@cnth=\count330
\Gm@cntv=\count331
\c@Gm@tempcnt=\count332
\Gm@bindingoffset=\dimen198
\Gm@wd@mp=\dimen199
\Gm@odd@mp=\dimen256
\Gm@even@mp=\dimen257
\Gm@layoutwidth=\dimen258
\Gm@layoutheight=\dimen259
\Gm@layouthoffset=\dimen260
\Gm@layoutvoffset=\dimen261
\Gm@dimlist=\toks46
)
(/usr/share/texlive/texmf-dist/tex/generic/babel/babel.sty
Package: babel 2022/01/26 3.70 The Babel package
\babel@savecnt=\count333
\U@D=\dimen262
\l@unhyphenated=\language11

(/usr/share/texlive/texmf-dist/tex/generic/babel/txtbabel.def)
\bbl@readstream=\read2
\bbl@dirlevel=\count334

(/usr/share/texlive/texmf-dist/tex/generic/babel-english/english.ldf
Language: english 2017/06/06 v3.3r English support from the babel system
Package babel Info: Hyphen rules for 'canadian' set to \l@english
(babel)             (\language0). Reported on input line 102.
Package babel Info: Hyphen rules for 'australian' set to \l@ukenglish
(babel)             (\language10). Reported on input line 105.
Package babel Info: Hyphen rules for 'newzealand' set to \l@ukenglish
(babel)             (\language10). Reported on input line 108.
))
(/usr/share/texlive/texmf-dist/tex/latex/blindtext/blindtext.sty
Package: blindtext 2012/01/06 V2.0 blindtext-Package

(/usr/share/texlive/texmf-dist/tex/latex/tools/xspace.sty
Package: xspace 2014/10/28 v1.13 Space after command names (DPC,MH)
)
\c@blindtext=\count335
\c@Blindtext=\count336
\c@blind@countparstart=\count337
\blind@countxx=\count338
\blindtext@numBlindtext=\count339
\blind@countyy=\count340
\c@blindlist=\count341
\c@blindlistlevel=\count342
\c@blindlist@level=\count343
\blind@listitem=\count344
\c@blind@listcount=\count345
\c@blind@levelcount=\count346
\blind@mathformula=\count347
\blind@Mathformula=\count348
\c@blind@randomcount=\count349
\c@blind@randommax=\count350
\c@blind@pangramcount=\count351
\c@blind@pangrammax=\count352
)
(/usr/share/texlive/texmf-dist/tex/latex/hyperref/hyperref.sty
Package: hyperref 2021-06-07 v7.00m Hypertext links for LaTeX

(/usr/share/texlive/texmf-dist/tex/generic/kvsetkeys/kvsetkeys.sty
Package: kvsetkeys 2019/12/15 v1.18 Key value parser (HO)
)
(/usr/share/texlive/texmf-dist/tex/generic/kvdefinekeys/kvdefinekeys.sty
Package: kvdefinekeys 2019-12-19 v1.6 Define keys (HO)
)
(/usr/share/texlive/texmf-dist/tex/generic/pdfescape/pdfescape.sty
Package: pdfescape 2019/12/09 v1.15 Implements pdfTeX's escape features (HO)
)
(/usr/share/texlive/texmf-dist/tex/latex/hycolor/hycolor.sty
Package: hycolor 2020-01-27 v1.10 Color options for hyperref/bookmark (HO)
)
(/usr/share/texlive/texmf-dist/tex/latex/letltxmacro/letltxmacro.sty
Package: letltxmacro 2019/12/03 v1.6 Let assignment for LaTeX macros (HO)
)
(/usr/share/texlive/texmf-dist/tex/latex/auxhook/auxhook.sty
Package: auxhook 2019-12-17 v1.6 Hooks for auxiliary files (HO)


Package auxhook Warning: Cannot patch \document,
(auxhook)                using \AtBeginDocument instead.

) (/usr/share/texlive/texmf-dist/tex/latex/kvoptions/kvoptions.sty
Package: kvoptions 2020-10-07 v3.14 Key value format for package options (HO)
)
\@linkdim=\dimen263
\Hy@linkcounter=\count353
\Hy@pagecounter=\count354

(/usr/share/texlive/texmf-dist/tex/latex/hyperref/pd1enc.def
File: pd1enc.def 2021-06-07 v7.00m Hyperref: PDFDocEncoding definition (HO)
Now handling font encoding PD1 ...
... no UTF-8 mapping file for font encoding PD1
)
(/usr/share/texlive/texmf-dist/tex/latex/hyperref/hyperref-langpatches.def
File: hyperref-langpatches.def 2021-06-07 v7.00m Hyperref: patches for babel la
nguages
)
(/usr/share/texlive/texmf-dist/tex/generic/intcalc/intcalc.sty
Package: intcalc 2019/12/15 v1.3 Expandable calculations with integers (HO)
)
(/usr/share/texlive/texmf-dist/tex/generic/etexcmds/etexcmds.sty
Package: etexcmds 2019/12/15 v1.7 Avoid name clashes with e-TeX commands (HO)
)
\Hy@SavedSpaceFactor=\count355

(/usr/share/texlive/texmf-dist/tex/latex/hyperref/puenc.def
File: puenc.def 2021-06-07 v7.00m Hyperref: PDF Unicode definition (HO)
Now handling font encoding PU ...
... no UTF-8 mapping file for font encoding PU
)
Package hyperref Info: Hyper figures OFF on input line 4192.
Package hyperref Info: Link nesting OFF on input line 4197.
Package hyperref Info: Hyper index ON on input line 4200.
Package hyperref Info: Plain pages OFF on input line 4207.
Package hyperref Info: Backreferencing OFF on input line 4212.
Package hyperref Info: Implicit mode ON; LaTeX internals redefined.
Package hyperref Info: Bookmarks ON on input line 4445.
\c@Hy@tempcnt=\count356

(/usr/share/texlive/texmf-dist/tex/latex/url/url.sty
\Urlmuskip=\muskip17
Package: url 2013/09/16  ver 3.4  Verb mode for urls, etc.
)
LaTeX Info: Redefining \url on input line 4804.
\XeTeXLinkMargin=\dimen264

(/usr/share/texlive/texmf-dist/tex/generic/bitset/bitset.sty
Package: bitset 2019/12/09 v1.3 Handle bit-vector datatype (HO)

(/usr/share/texlive/texmf-dist/tex/generic/bigintcalc/bigintcalc.sty
Package: bigintcalc 2019/12/15 v1.5 Expandable calculations on big integers (HO
)
))
\Fld@menulength=\count357
\Field@Width=\dimen265
\Fld@charsize=\dimen266
Package hyperref Info: Hyper figures OFF on input line 6076.
Package hyperref Info: Link nesting OFF on input line 6081.
Package hyperref Info: Hyper index ON on input line 6084.
Package hyperref Info: backreferencing OFF on input line 6091.
Package hyperref Info: Link coloring OFF on input line 6096.
Package hyperref Info: Link coloring with OCG OFF on input line 6101.
Package hyperref Info: PDF/A mode OFF on input line 6106.
LaTeX Info: Redefining \ref on input line 6146.
LaTeX Info: Redefining \pageref on input line 6150.

(/usr/share/texlive/texmf-dist/tex/latex/base/atbegshi-ltx.sty
Package: atbegshi-ltx 2021/01/10 v1.0c Emulation of the original atbegshi
package with kernel methods
)
\Hy@abspage=\count358
\c@Item=\count359
\c@Hfootnote=\count360
)
Package hyperref Info: Driver (autodetected): hpdftex.

(/usr/share/texlive/texmf-dist/tex/latex/hyperref/hpdftex.def
File: hpdftex.def 2021-06-07 v7.00m Hyperref driver for pdfTeX

(/usr/share/texlive/texmf-dist/tex/latex/base/atveryend-ltx.sty
Package: atveryend-ltx 2020/08/19 v1.0a Emulation of the original atveryend pac
kage
with kernel methods
)
\Fld@listcount=\count361
\c@bookmark@seq@number=\count362

(/usr/share/texlive/texmf-dist/tex/latex/rerunfilecheck/rerunfilecheck.sty
Package: rerunfilecheck 2019/12/05 v1.9 Rerun checks for auxiliary files (HO)

(/usr/share/texlive/texmf-dist/tex/generic/uniquecounter/uniquecounter.sty
Package: uniquecounter 2019/12/15 v1.4 Provide unlimited unique counter (HO)
)
Package uniquecounter Info: New unique counter `rerunfilecheck' on input line 2
86.
)
\Hy@SectionHShift=\skip59
)
Package hyperref Info: Option `colorlinks' set `false' on input line 25.

(/usr/share/texlive/texmf-dist/tex/latex/setspace/setspace.sty
Package: setspace 2011/12/19 v6.7a set line spacing
)
(/usr/share/texlive/texmf-dist/tex/latex/graphics/graphicx.sty
Package: graphicx 2021/09/16 v1.2d Enhanced LaTeX Graphics (DPC,SPQR)

(/usr/share/texlive/texmf-dist/tex/latex/graphics/graphics.sty
Package: graphics 2021/03/04 v1.4d Standard LaTeX Graphics (DPC,SPQR)

(/usr/share/texlive/texmf-dist/tex/latex/graphics/trig.sty
Package: trig 2021/08/11 v1.11 sin cos tan (DPC)
)
(/usr/share/texlive/texmf-dist/tex/latex/graphics-cfg/graphics.cfg
File: graphics.cfg 2016/06/04 v1.11 sample graphics configuration
)
Package graphics Info: Driver file: pdftex.def on input line 107.

(/usr/share/texlive/texmf-dist/tex/latex/graphics-def/pdftex.def
File: pdftex.def 2020/10/05 v1.2a Graphics/color driver for pdftex
))
\Gin@req@height=\dimen267
\Gin@req@width=\dimen268
)
(/usr/share/texlive/texmf-dist/tex/latex/tools/tabularx.sty
Package: tabularx 2020/01/15 v2.11c `tabularx' package (DPC)
\TX@col@width=\dimen269
\TX@old@table=\dimen270
\TX@old@col=\dimen271
\TX@target=\dimen272
\TX@delta=\dimen273
\TX@cols=\count363
\TX@ftn=\toks47
)
(/usr/share/texlive/texmf-dist/tex/latex/caption/subcaption.sty
Package: subcaption 2020/10/07 v1.3j Sub-captions (AR)
\c@subfigure=\count364
\c@subtable=\count365
)
(/usr/share/texlive/texmf-dist/tex/latex/pdfpages/pdfpages.sty
Package: pdfpages 2022/01/29 v0.5u Insert pages of external PDF documents (AM)

(/usr/share/texlive/texmf-dist/tex/latex/tools/calc.sty
Package: calc 2017/05/25 v4.3 Infix arithmetic (KKT,FJ)
\calc@Acount=\count366
\calc@Bcount=\count367
\calc@Adimen=\dimen274
\calc@Bdimen=\dimen275
\calc@Askip=\skip60
\calc@Bskip=\skip61
LaTeX Info: Redefining \setlength on input line 80.
LaTeX Info: Redefining \addtolength on input line 81.
\calc@Ccount=\count368
\calc@Cskip=\skip62
)
(/usr/share/texlive/texmf-dist/tex/latex/eso-pic/eso-pic.sty
Package: eso-pic 2020/10/14 v3.0a eso-pic (RN)
\ESO@tempdima=\dimen276
\ESO@tempdimb=\dimen277

(/usr/share/texlive/texmf-dist/tex/latex/xcolor/xcolor.sty
Package: xcolor 2021/10/31 v2.13 LaTeX color extensions (UK)

(/usr/share/texlive/texmf-dist/tex/latex/graphics-cfg/color.cfg
File: color.cfg 2016/01/02 v1.6 sample color configuration
)
Package xcolor Info: Driver file: pdftex.def on input line 227.
Package xcolor Info: Model `cmy' substituted by `cmy0' on input line 1352.
Package xcolor Info: Model `hsb' substituted by `rgb' on input line 1356.
Package xcolor Info: Model `RGB' extended on input line 1368.
Package xcolor Info: Model `HTML' substituted by `rgb' on input line 1370.
Package xcolor Info: Model `Hsb' substituted by `hsb' on input line 1371.
Package xcolor Info: Model `tHsb' substituted by `hsb' on input line 1372.
Package xcolor Info: Model `HSB' substituted by `hsb' on input line 1373.
Package xcolor Info: Model `Gray' substituted by `gray' on input line 1374.
Package xcolor Info: Model `wave' substituted by `hsb' on input line 1375.
))
\AM@pagewidth=\dimen278
\AM@pageheight=\dimen279
\AM@fboxrule=\dimen280

(/usr/share/texlive/texmf-dist/tex/latex/pdfpages/pppdftex.def
File: pppdftex.def 2022/01/29 v0.5u Pdfpages driver for pdfTeX (AM)
)
\pdfpages@includegraphics@status=\count369
\AM@pagebox=\box79
\AM@global@opts=\toks48
\AM@pagecnt=\count370
\AM@toc@title=\toks49
\c@AM@survey=\count371
\AM@templatesizebox=\box80
)
(/usr/share/texlive/texmf-dist/tex/latex/tools/afterpage.sty
Package: afterpage 2014/10/28 v1.08 After-Page Package (DPC)
\AP@output=\toks50
\AP@partial=\box81
\AP@footins=\box82
)
(/usr/share/texlive/texmf-dist/tex/latex/glossaries/base/glossaries.sty
Package: glossaries 2021/11/01 v4.49 (NLCT)

(/usr/share/texlive/texmf-dist/tex/latex/xkeyval/xkeyval.sty
Package: xkeyval 2020/11/20 v2.8 package option processing (HA)

(/usr/share/texlive/texmf-dist/tex/generic/xkeyval/xkeyval.tex
(/usr/share/texlive/texmf-dist/tex/generic/xkeyval/xkvutils.tex
\XKV@toks=\toks51
\XKV@tempa@toks=\toks52
)
\XKV@depth=\count372
File: xkeyval.tex 2014/12/03 v2.7a key=value parser (HA)
))
(/usr/share/texlive/texmf-dist/tex/latex/mfirstuc/mfirstuc.sty
Package: mfirstuc 2021/10/15 v2.07 (NLCT)
\@glsmfirst=\toks53
\@glsmrest=\toks54
)
(/usr/share/texlive/texmf-dist/tex/latex/textcase/textcase.sty
Package: textcase 2019/09/14 v1.00 Text only upper/lower case changing (DPC)
)
(/usr/share/texlive/texmf-dist/tex/latex/xfor/xfor.sty
Package: xfor 2009/02/05 v1.05 (NLCT)
)
(/usr/share/texlive/texmf-dist/tex/latex/datatool/datatool-base.sty
Package: datatool-base 2019/09/27 v2.32 (NLCT)

(/usr/share/texlive/texmf-dist/tex/latex/substr/substr.sty
Package: substr 2009/10/20 v1.2 Handle substrings
\c@su@anzahl=\count373
)
(/usr/share/texlive/texmf-dist/tex/latex/datatool/datatool-fp.sty
Package: datatool-fp 2019/09/27 v2.32 (NLCT)

(/usr/share/texlive/texmf-dist/tex/latex/fp/fp.sty
Package: fp 1995/04/02

`Fixed Point Package', Version 0.8, April 2, 1995 (C) Michael Mehlich
(/usr/share/texlive/texmf-dist/tex/latex/fp/defpattern.sty
Package: defpattern 1994/10/12
\actioncount=\count374
)
(/usr/share/texlive/texmf-dist/tex/latex/fp/fp-basic.sty
Package: fp-basic 1996/05/13
\FP@xs=\count375
\FP@xia=\count376
\FP@xib=\count377
\FP@xfa=\count378
\FP@xfb=\count379
\FP@rega=\count380
\FP@regb=\count381
\FP@regs=\count382
\FP@times=\count383
)
(/usr/share/texlive/texmf-dist/tex/latex/fp/fp-addons.sty
Package: fp-addons 1995/03/15
)
(/usr/share/texlive/texmf-dist/tex/latex/fp/fp-snap.sty
Package: fp-snap 1995/04/05
)
(/usr/share/texlive/texmf-dist/tex/latex/fp/fp-exp.sty
Package: fp-exp 1995/04/03
)
(/usr/share/texlive/texmf-dist/tex/latex/fp/fp-trigo.sty
Package: fp-trigo 1995/04/14
)
(/usr/share/texlive/texmf-dist/tex/latex/fp/fp-pas.sty
Package: fp-pas 1994/08/29
)
(/usr/share/texlive/texmf-dist/tex/latex/fp/fp-random.sty
Package: fp-random 1995/02/23
\FPseed=\count384
)
(/usr/share/texlive/texmf-dist/tex/latex/fp/fp-eqn.sty
Package: fp-eqn 1995/04/03
)
(/usr/share/texlive/texmf-dist/tex/latex/fp/fp-upn.sty
Package: fp-upn 1996/10/21
)
(/usr/share/texlive/texmf-dist/tex/latex/fp/fp-eval.sty
Package: fp-eval 1995/04/03
)))
\@dtl@toks=\toks55
\@dtl@tmpcount=\count385
\dtl@tmplength=\skip63
\dtl@sortresult=\count386
\@dtl@numgrpsepcount=\count387
\@dtl@datatype=\count388
\dtl@codeA=\count389
\dtl@codeB=\count390
\@dtl@foreach@level=\count391
)
(/usr/share/texlive/texmf-dist/tex/latex/glossaries/base/glossaries-compatible-
307.sty
Package: glossaries-compatible-307 2021/11/01 v4.49 (NLCT)
) (/usr/share/texlive/texmf-dist/tex/latex/tracklang/tracklang.sty
Package: tracklang 2020/06/30 v1.5 (NLCT) Track Languages

(/usr/share/texlive/texmf-dist/tex/generic/tracklang/tracklang.tex))
(/usr/share/texlive/texmf-dist/tex/latex/translator/translator.sty
Package: translator 2021-05-31 v1.12d Easy translation of strings in LaTeX
)
(/usr/share/texlive/texmf-dist/tex/latex/glossaries-english/glossaries-english.
ldf
File: glossaries-english.ldf 2014/11/23 v1.0
)
\gls@level=\count392
\@gls@tmpb=\toks56
\gls@tmplen=\skip64
\glskeylisttok=\toks57
\glslabeltok=\toks58
\glsshorttok=\toks59
\glslongtok=\toks60

(/usr/share/texlive/texmf-dist/tex/latex/glossaries/styles/glossary-hypernav.st
y
Package: glossary-hypernav 2021/11/01 v4.49 (NLCT)
) (/usr/share/texlive/texmf-dist/tex/latex/glossaries/styles/glossary-list.sty
Package: glossary-list 2021/11/01 v4.49 (NLCT)
\glslistdottedwidth=\skip65
) (/usr/share/texlive/texmf-dist/tex/latex/glossaries/styles/glossary-long.sty
Package: glossary-long 2021/11/01 v4.49 (NLCT)

(/usr/share/texlive/texmf-dist/tex/latex/tools/longtable.sty
Package: longtable 2021-09-01 v4.17 Multi-page Table package (DPC)
\LTleft=\skip66
\LTright=\skip67
\LTpre=\skip68
\LTpost=\skip69
\LTchunksize=\count393
\LTcapwidth=\dimen281
\LT@head=\box83
\LT@firsthead=\box84
\LT@foot=\box85
\LT@lastfoot=\box86
\LT@gbox=\box87
\LT@cols=\count394
\LT@rows=\count395
\c@LT@tables=\count396
\c@LT@chunks=\count397
\LT@p@ftn=\toks61
)
\glsdescwidth=\skip70
\glspagelistwidth=\skip71
)
(/usr/share/texlive/texmf-dist/tex/latex/glossaries/styles/glossary-super.sty
Package: glossary-super 2021/11/01 v4.49 (NLCT)

(/usr/share/texlive/texmf-dist/tex/latex/supertabular/supertabular.sty
Package: supertabular 2020/02/02 v4.1g the supertabular environment
\c@tracingst=\count398
\ST@wd=\dimen282
\ST@rightskip=\skip72
\ST@leftskip=\skip73
\ST@parfillskip=\skip74
\ST@pageleft=\dimen283
\ST@headht=\dimen284
\ST@tailht=\dimen285
\ST@pagesofar=\dimen286
\ST@pboxht=\dimen287
\ST@lineht=\dimen288
\ST@prevht=\dimen289
\ST@toadd=\dimen290
\ST@dimen=\dimen291
\ST@pbox=\box88
))
(/usr/share/texlive/texmf-dist/tex/latex/glossaries/styles/glossary-tree.sty
Package: glossary-tree 2021/11/01 v4.49 (NLCT)
\glstreeindent=\skip75
))
(./memoire.aux

LaTeX Warning: Label `alg:ddpg' multiply defined.


LaTeX Warning: Label `angle_norm' multiply defined.


LaTeX Warning: Label `fig:sub1' multiply defined.


LaTeX Warning: Label `sub@fig:sub1' multiply defined.


LaTeX Warning: Label `fig:sub2' multiply defined.


LaTeX Warning: Label `sub@fig:sub2' multiply defined.


LaTeX Warning: Label `fig:test' multiply defined.


LaTeX Warning: Label `fig:sub1' multiply defined.


LaTeX Warning: Label `sub@fig:sub1' multiply defined.


LaTeX Warning: Label `fig:sub2' multiply defined.


LaTeX Warning: Label `sub@fig:sub2' multiply defined.


LaTeX Warning: Label `fig:test' multiply defined.


LaTeX Warning: Label `fig:sub1' multiply defined.


LaTeX Warning: Label `sub@fig:sub1' multiply defined.


LaTeX Warning: Label `fig:sub2' multiply defined.


LaTeX Warning: Label `sub@fig:sub2' multiply defined.


LaTeX Warning: Label `fig:test' multiply defined.


LaTeX Warning: Label `fig:sub1' multiply defined.


LaTeX Warning: Label `sub@fig:sub1' multiply defined.


LaTeX Warning: Label `fig:sub2' multiply defined.


LaTeX Warning: Label `sub@fig:sub2' multiply defined.


LaTeX Warning: Label `fig:test' multiply defined.


LaTeX Warning: Label `fig:sub1' multiply defined.


LaTeX Warning: Label `sub@fig:sub1' multiply defined.


LaTeX Warning: Label `fig:sub2' multiply defined.


LaTeX Warning: Label `sub@fig:sub2' multiply defined.


LaTeX Warning: Label `fig:test' multiply defined.

)
\openout1 = `memoire.aux'.

LaTeX Font Info:    Checking defaults for OML/cmm/m/it on input line 40.
LaTeX Font Info:    ... okay on input line 40.
LaTeX Font Info:    Checking defaults for OMS/cmsy/m/n on input line 40.
LaTeX Font Info:    ... okay on input line 40.
LaTeX Font Info:    Checking defaults for OT1/cmr/m/n on input line 40.
LaTeX Font Info:    ... okay on input line 40.
LaTeX Font Info:    Checking defaults for T1/cmr/m/n on input line 40.
LaTeX Font Info:    ... okay on input line 40.
LaTeX Font Info:    Checking defaults for TS1/cmr/m/n on input line 40.
LaTeX Font Info:    ... okay on input line 40.
LaTeX Font Info:    Checking defaults for OMX/cmex/m/n on input line 40.
LaTeX Font Info:    ... okay on input line 40.
LaTeX Font Info:    Checking defaults for U/cmr/m/n on input line 40.
LaTeX Font Info:    ... okay on input line 40.
LaTeX Font Info:    Checking defaults for PD1/pdf/m/n on input line 40.
LaTeX Font Info:    ... okay on input line 40.
LaTeX Font Info:    Checking defaults for PU/pdf/m/n on input line 40.
LaTeX Font Info:    ... okay on input line 40.
Package caption Info: Begin \AtBeginDocument code.
Package caption Info: hyperref package is loaded.
Package caption Info: longtable package is loaded.
 (/usr/share/texlive/texmf-dist/tex/latex/caption/ltcaption.sty
Package: ltcaption 2020/05/30 v1.4b longtable captions (AR)
)
Package caption Info: supertabular package is loaded.
Package caption Info: End \AtBeginDocument code.

(/usr/share/texlive/texmf-dist/tex/latex/translations/translations-basic-dictio
nary-english.trsl
File: translations-basic-dictionary-english.trsl (english translation file `tra
nslations-basic-dictionary')
)
Package translations Info: loading dictionary `translations-basic-dictionary' f
or `english'. on input line 40.

*geometry* driver: auto-detecting
*geometry* detected driver: pdftex
*geometry* verbose mode - [ preamble ] result:
* driver: pdftex
* paper: custom
* layout: <same size as paper>
* layoutoffset:(h,v)=(0.0pt,0.0pt)
* modes: 
* h-part:(L,W,R)=(93.95122pt, 426.39256pt, 93.95122pt)
* v-part:(T,H,B)=(56.9055pt, 681.15898pt, 56.9055pt)
* \paperwidth=614.295pt
* \paperheight=794.96999pt
* \textwidth=426.39256pt
* \textheight=681.15898pt
* \oddsidemargin=21.68123pt
* \evensidemargin=21.68123pt
* \topmargin=-52.36449pt
* \headheight=12.0pt
* \headsep=25.0pt
* \topskip=12.0pt
* \footskip=30.0pt
* \marginparwidth=44.0pt
* \marginparsep=10.0pt
* \columnsep=10.0pt
* \skip\footins=10.8pt plus 4.0pt minus 2.0pt
* \hoffset=0.0pt
* \voffset=0.0pt
* \mag=1000
* \@twocolumnfalse
* \@twosidefalse
* \@mparswitchfalse
* \@reversemarginfalse
* (1in=72.27pt=25.4mm, 1cm=28.453pt)

Package hyperref Info: Link coloring OFF on input line 40.
(/usr/share/texlive/texmf-dist/tex/latex/hyperref/nameref.sty
Package: nameref 2021-04-02 v2.47 Cross-referencing by name of section

(/usr/share/texlive/texmf-dist/tex/latex/refcount/refcount.sty
Package: refcount 2019/12/15 v3.6 Data extraction from label references (HO)
)
(/usr/share/texlive/texmf-dist/tex/generic/gettitlestring/gettitlestring.sty
Package: gettitlestring 2019/12/15 v1.6 Cleanup title references (HO)
)
\c@section@level=\count399
)
LaTeX Info: Redefining \ref on input line 40.
LaTeX Info: Redefining \pageref on input line 40.
LaTeX Info: Redefining \nameref on input line 40.

(./memoire.out) (./memoire.out)
\@outlinefile=\write5
\openout5 = `memoire.out'.


(/usr/share/texlive/texmf-dist/tex/context/base/mkii/supp-pdf.mkii
[Loading MPS to PDF converter (version 2006.09.02).]
\scratchcounter=\count400
\scratchdimen=\dimen292
\scratchbox=\box89
\nofMPsegments=\count401
\nofMParguments=\count402
\everyMPshowfont=\toks62
\MPscratchCnt=\count403
\MPscratchDim=\dimen293
\MPnumerator=\count404
\makeMPintoPDFobject=\count405
\everyMPtoPDFconversion=\toks63
) (/usr/share/texlive/texmf-dist/tex/latex/epstopdf-pkg/epstopdf-base.sty
Package: epstopdf-base 2020-01-24 v2.11 Base part for package epstopdf
Package epstopdf-base Info: Redefining graphics rule for `.eps' on input line 4
85.

(/usr/share/texlive/texmf-dist/tex/latex/latexconfig/epstopdf-sys.cfg
File: epstopdf-sys.cfg 2010/07/13 v1.3 Configuration of (r)epstopdf for TeX Liv
e
))
(/usr/share/texlive/texmf-dist/tex/latex/pdflscape/pdflscape.sty
Package: pdflscape 2019/12/05 v0.12 Display of landscape pages in PDF (HO)

(/usr/share/texlive/texmf-dist/tex/latex/graphics/lscape.sty
Package: lscape 2020/05/28 v3.02 Landscape Pages (DPC)
)
Package pdflscape Info: Auto-detected driver: pdftex on input line 81.
)
(/usr/share/texlive/texmf-dist/tex/latex/arabtex/apatch.sty
\a@lines=\count406
\a@Lwidth=\dimen294
\a@displaywidth=\dimen295

(/usr/share/texlive/texmf-dist/tex/latex/arabtex/alocal.sty
(ArabTeX) 3.11 local stub, 26.02.2006)
(ArabTeX) version 3.11s (02.07.2006): second phase of patching)

pdfTeX warning: /usr/bin/pdflatex (file ./pagedegarde.pdf): PDF inclusion: foun
d PDF version <1.6>, but at most version <1.5> allowed
<pagedegarde.pdf, id=184, 639.19118pt x 845.16069pt>
File: pagedegarde.pdf Graphic file (type pdf)
<use pagedegarde.pdf>
Package pdftex.def Info: pagedegarde.pdf  used on input line 43.
(pdftex.def)             Requested size: 639.18962pt x 845.15863pt.


pdfTeX warning: /usr/bin/pdflatex (file ./pagedegarde.pdf): PDF inclusion: foun
d PDF version <1.6>, but at most version <1.5> allowed
File: pagedegarde.pdf Graphic file (type pdf)
<use pagedegarde.pdf>
Package pdftex.def Info: pagedegarde.pdf  used on input line 43.
(pdftex.def)             Requested size: 639.18962pt x 845.15863pt.


pdfTeX warning: /usr/bin/pdflatex (file ./pagedegarde.pdf): PDF inclusion: foun
d PDF version <1.6>, but at most version <1.5> allowed


pdfTeX warning: /usr/bin/pdflatex (file ./pagedegarde.pdf): PDF inclusion: foun
d PDF version <1.6>, but at most version <1.5> allowed
<pagedegarde.pdf, id=187, page=1, 639.19118pt x 845.16069pt>
File: pagedegarde.pdf Graphic file (type pdf)
<use pagedegarde.pdf, page 1>
Package pdftex.def Info: pagedegarde.pdf , page1 used on input line 43.
(pdftex.def)             Requested size: 639.18962pt x 845.15863pt.
File: pagedegarde.pdf Graphic file (type pdf)
<use pagedegarde.pdf, page 1>
Package pdftex.def Info: pagedegarde.pdf , page1 used on input line 43.
(pdftex.def)             Requested size: 601.33722pt x 795.10887pt.
File: pagedegarde.pdf Graphic file (type pdf)
<use pagedegarde.pdf, page 1>
Package pdftex.def Info: pagedegarde.pdf , page1 used on input line 43.
(pdftex.def)             Requested size: 601.33722pt x 795.10887pt.
File: pagedegarde.pdf Graphic file (type pdf)
<use pagedegarde.pdf, page 1>
Package pdftex.def Info: pagedegarde.pdf , page1 used on input line 43.
(pdftex.def)             Requested size: 601.33722pt x 795.10887pt.
File: pagedegarde.pdf Graphic file (type pdf)
<use pagedegarde.pdf, page 1>
Package pdftex.def Info: pagedegarde.pdf , page1 used on input line 43.
(pdftex.def)             Requested size: 601.33722pt x 795.10887pt.
[1

 <./pagedegarde.pdf>]pdfTeX warning (ext4): destination with the same identifie
r (name{page.1}) has been already used, duplicate ignored
<to be read again> 
                   \relax 
l.70 \begin
           {RLtext} [1{/var/lib/texmf/fonts/map/pdftex/updmap/pdftex.map}]
LaTeX Font Info:    Trying to load font information for U+xnsh on input line 70
.

(/usr/share/texlive/texmf-dist/tex/latex/arabtex/Uxnsh.fd
File: uxnsh.fd  1999/10/19 v3.10 ArabTeX Naskh extd. font definitions
)
LaTeX Font Info:    Font shape `U/xnsh/m/n' will be
(Font)              scaled to size 17.28003pt on input line 70.
 [2]
Underfull \hbox (badness 10000) in paragraph at lines 89--90

 []


Overfull \hbox (6.35779pt too wide) in paragraph at lines 94--95
[]\OT1/cmr/bx/n/12 Keywords\OT1/cmr/m/n/12 : Swarm robotics, Re-in-force-ment l
er-arn-ing, DDPG,Ros,Pattern foram-
 []

[3] (./memoire.toc [4])
\tf@toc=\write6
\openout6 = `memoire.toc'.

 [5] (./memoire.lof)
\tf@lof=\write7
\openout7 = `memoire.lof'.

 (./memoire.lot)
\tf@lot=\write8
\openout8 = `memoire.lot'.

 [6] [7

] [8]
[9] [10] [11] [12] [13]
Overfull \hbox (1.13292pt too wide) in paragraph at lines 274--275
[]\OT1/cmr/bx/n/12 Aggregation\OT1/cmr/m/n/12 : Robot ag-gre-ga-tion is the pro
-cess through which sep-a-rate robots
 []

[14]
<images//swarmfish.jpeg, id=427, 283.0575pt x 178.6675pt>
File: images//swarmfish.jpeg Graphic file (type jpg)
<use images//swarmfish.jpeg>
Package pdftex.def Info: images//swarmfish.jpeg  used on input line 302.
(pdftex.def)             Requested size: 170.55766pt x 107.65932pt.
<images//swarmbirds.jpeg, id=428, 310.15875pt x 163.61125pt>
File: images//swarmbirds.jpeg Graphic file (type jpg)
<use images//swarmbirds.jpeg>
Package pdftex.def Info: images//swarmbirds.jpeg  used on input line 308.
(pdftex.def)             Requested size: 170.55766pt x 89.96898pt.
 [15 <./images//swarmfish.jpeg> <./images//swarmbirds.jpeg>] [16] [17]
Underfull \hbox (badness 10000) in paragraph at lines 355--356

 []

[18]
Package hyperref Info: bookmark level for unknown algorithm defaults to 0 on in
put line 392.
LaTeX Font Info:    Trying to load font information for OMS+cmtt on input line 
397.
LaTeX Font Info:    No file OMScmtt.fd. on input line 397.


LaTeX Font Warning: Font shape `OMS/cmtt/m/n' undefined
(Font)              using `OMS/cmsy/m/n' instead
(Font)              for symbol `textbraceleft' on input line 397.


Underfull \hbox (badness 10000) in paragraph at lines 397--398
[] \OT1/cmtt/m/n/12 Initialise sequence s1 = \OMS/cmtt/m/n/12 f\OT1/cmtt/m/n/12
 x1\OMS/cmtt/m/n/12 g \OT1/cmtt/m/n/12 and preprocessed sequenced $\OML/cmm/m/i
t/12 ^^^[]$ \OT1/cmtt/m/n/12 =
 []

[19]
<images//ddpg.png, id=469, 853.1875pt x 576.1525pt>
File: images//ddpg.png Graphic file (type png)
<use images//ddpg.png>
Package pdftex.def Info: images//ddpg.png  used on input line 436.
(pdftex.def)             Requested size: 383.93083pt x 259.26622pt.
 [20 <./images//ddpg.png>] [21] [22] [23] [24] [25]
<images//formation.png, id=520, 435.6275pt x 235.88126pt>
File: images//formation.png Graphic file (type png)
<use images//formation.png>
Package pdftex.def Info: images//formation.png  used on input line 555.
(pdftex.def)             Requested size: 174.24791pt x 94.35083pt.
 [26 <./images//formation.png>]
<images//training_workflow3.png, id=527, 359.6637pt x 551.1792pt>
File: images//training_workflow3.png Graphic file (type png)
<use images//training_workflow3.png>
Package pdftex.def Info: images//training_workflow3.png  used on input line 561
.
(pdftex.def)             Requested size: 287.73134pt x 440.94395pt.
 [27 <./images//training_workflow3.png>] [28]
<images//equations.png, id=540, 529.22719pt x 333.49594pt>
File: images//equations.png Graphic file (type png)
<use images//equations.png>
Package pdftex.def Info: images//equations.png  used on input line 649.
(pdftex.def)             Requested size: 423.38232pt x 266.7971pt.
 [29]
Overfull \hbox (17.42644pt too wide) in paragraph at lines 673--675
[]\OT1/cmr/m/n/12 state=[distance,angle,angular ve-loc-ity,linear ve-loc-ity,ld
s an-gle, min lds dis-tance,lidar
 []

<images//lds3.png, id=545, 498.36188pt x 322.20375pt>
File: images//lds3.png Graphic file (type png)
<use images//lds3.png>
Package pdftex.def Info: images//lds3.png  used on input line 681.
(pdftex.def)             Requested size: 398.69003pt x 257.76334pt.
[30 <./images//equations.png>] [31 <./images//lds3.png>]
Underfull \hbox (badness 10000) in paragraph at lines 722--724
\OT1/cmr/m/n/12 where $\OML/cmm/m/it/12 mdd$ \OT1/cmr/m/n/12 stands for the min
-i-mum de-tected dis-tance.
 []


Underfull \hbox (badness 10000) in paragraph at lines 722--724

 []

[32] [33]
<images//ros.png, id=574, 705.63625pt x 430.60875pt>
File: images//ros.png Graphic file (type png)
<use images//ros.png>
Package pdftex.def Info: images//ros.png  used on input line 816.
(pdftex.def)             Requested size: 282.2495pt x 172.24043pt.
<images//turtlebot3_burger_components.png, id=576, 547.04375pt x 500.87125pt>
File: images//turtlebot3_burger_components.png Graphic file (type png)
<use images//turtlebot3_burger_components.png>
Package pdftex.def Info: images//turtlebot3_burger_components.png  used on inpu
t line 838.
(pdftex.def)             Requested size: 218.81361pt x 200.34494pt.


LaTeX Warning: `h' float specifier changed to `ht'.

[34 <./images//ros.png>] [35 <./images//turtlebot3_burger_components.png>]
<images//lds.png, id=589, 744.7825pt x 608.2725pt>
File: images//lds.png Graphic file (type png)
<use images//lds.png>
Package pdftex.def Info: images//lds.png  used on input line 868.
(pdftex.def)             Requested size: 297.90771pt x 243.30469pt.

[36 <./images//lds.png>]
<images//training.png, id=598, 776.9025pt x 393.8715pt>
File: images//training.png Graphic file (type png)
<use images//training.png>
Package pdftex.def Info: images//training.png  used on input line 924.
(pdftex.def)             Requested size: 466.14508pt x 236.3247pt.

Overfull \hbox (39.75252pt too wide) in paragraph at lines 924--925
 [][] 
 []

[37]
<images//deployment.png, id=604, 375.804pt x 279.444pt>
File: images//deployment.png Graphic file (type png)
<use images//deployment.png>
Package pdftex.def Info: images//deployment.png  used on input line 942.
(pdftex.def)             Requested size: 450.96255pt x 335.33112pt.

Overfull \hbox (24.56999pt too wide) in paragraph at lines 942--943
 [][] 
 []

[38 <./images//training.png>]
<images//actor_net.png, id=610, 532.23843pt x 421.575pt>
File: images//actor_net.png Graphic file (type png)
<use images//actor_net.png>
Package pdftex.def Info: images//actor_net.png  used on input line 962.
(pdftex.def)             Requested size: 292.73204pt x 231.86696pt.
<images//critic_net.png, id=611, 651.18282pt x 435.87843pt>
File: images//critic_net.png Graphic file (type png)
<use images//critic_net.png>
Package pdftex.def Info: images//critic_net.png  used on input line 969.
(pdftex.def)             Requested size: 358.15166pt x 239.73387pt.
 [39 <./images//deployment.png> <./images//actor_net.png>] [40 <./images//criti
c_net.png>]
Overfull \hbox (64.4931pt too wide) detected at line 1011
[][]\OML/cmm/m/it/12 closs \OT1/cmr/m/n/12 = \OML/cmm/m/it/12 loss\OT1/cmr/m/n/
12 (\OML/cmm/m/it/12 critic\OT1/cmr/m/n/12 (\OML/cmm/m/it/12 state; actions\OT1
/cmr/m/n/12 )\OML/cmm/m/it/12 ; reward \OT1/cmr/m/n/12 + \OML/cmm/m/it/12 ^^M \
OMS/cmtt/m/n/12 ^^C \OML/cmm/m/it/12 targetcricic\OT1/cmr/m/n/12 (\OML/cmm/m/it
/12 nextstates; nextactions\OT1/cmr/m/n/12 ) \OMS/cmtt/m/n/12 ^^C \OT1/cmr/m/n/
12 (1 \OMS/cmtt/m/n/12 ^^@ \OML/cmm/m/it/12 dones\OT1/cmr/m/n/12 )\OML/cmm/m/it
/12 :
 []

<images//actor_model.png, id=633, 1425.325pt x 706.64pt>
File: images//actor_model.png Graphic file (type png)
<use images//actor_model.png>
Package pdftex.def Info: images//actor_model.png  used on input line 1025.
(pdftex.def)             Requested size: 427.6008pt x 211.99364pt.

Overfull \hbox (1.20824pt too wide) in paragraph at lines 1025--1026
 [][] 
 []

[41]
<images//critic_model.png, id=641, 1409.265pt x 686.565pt>
File: images//critic_model.png Graphic file (type png)
<use images//critic_model.png>
Package pdftex.def Info: images//critic_model.png  used on input line 1036.
(pdftex.def)             Requested size: 422.78276pt x 205.97108pt.
<images//critic_training.png, id=642, 1247.66125pt x 617.30624pt>
File: images//critic_training.png Graphic file (type png)
<use images//critic_training.png>
Package pdftex.def Info: images//critic_training.png  used on input line 1048.
(pdftex.def)             Requested size: 374.30125pt x 185.1933pt.
 [42 <./images//actor_model.png> <./images//critic_model.png>]
<images//actor_training.png, id=650, 1224.575pt x 429.605pt>
File: images//actor_training.png Graphic file (type png)
<use images//actor_training.png>
Package pdftex.def Info: images//actor_training.png  used on input line 1059.
(pdftex.def)             Requested size: 428.60768pt x 150.364pt.

Overfull \hbox (2.21512pt too wide) in paragraph at lines 1059--1060
 [][] 
 []

<images//robot1.png, id=651, 1437.37pt x 485.815pt>
File: images//robot1.png Graphic file (type png)
<use images//robot1.png>
Package pdftex.def Info: images//robot1.png  used on input line 1079.
(pdftex.def)             Requested size: 1437.3665pt x 485.81381pt.

Overfull \hbox (7.17177pt too wide) in paragraph at lines 1079--1080
 [] 
 []

<images//robot2.png, id=652, 1437.37pt x 485.815pt>
File: images//robot2.png Graphic file (type png)
<use images//robot2.png>
Package pdftex.def Info: images//robot2.png  used on input line 1090.
(pdftex.def)             Requested size: 1437.3665pt x 485.81381pt.

Overfull \hbox (7.17177pt too wide) in paragraph at lines 1090--1091
 [] 
 []

[43 <./images//critic_training.png> <./images//actor_training.png>]
<images//robot3.png, id=659, 1437.37pt x 485.815pt>
File: images//robot3.png Graphic file (type png)
<use images//robot3.png>
Package pdftex.def Info: images//robot3.png  used on input line 1105.
(pdftex.def)             Requested size: 1437.3665pt x 485.81381pt.

Overfull \hbox (7.17177pt too wide) in paragraph at lines 1105--1106
 [] 
 []

[44 <./images//robot1.png> <./images//robot2.png> <./images//robot3.png>]
Underfull \hbox (badness 10000) in paragraph at lines 1122--1124

 []


Overfull \hbox (11.74988pt too wide) detected at line 1141
$\OT1/cmr/m/n/12 126$
 []


Overfull \hbox (9.79156pt too wide) detected at line 1142
 \OT1/cmr/m/n/12 % 
 []


Overfull \hbox (11.74988pt too wide) detected at line 1142
$\OT1/cmr/m/n/12 126$
 []


Overfull \hbox (9.79156pt too wide) detected at line 1143
 \OT1/cmr/m/n/12 % 
 []


Overfull \hbox (5.87494pt too wide) detected at line 1143
$\OT1/cmr/m/n/12 84$
 []


Overfull \hbox (9.79156pt too wide) detected at line 1144
 \OT1/cmr/m/n/12 % 
 []

[45]
<images//shape1.png, id=675, 489.83pt x 310.15875pt>
File: images//shape1.png Graphic file (type png)
<use images//shape1.png>
Package pdftex.def Info: images//shape1.png  used on input line 1162.
(pdftex.def)             Requested size: 170.55766pt x 107.994pt.
<images//shape2.png, id=676, 280.04625pt x 156.585pt>
File: images//shape2.png Graphic file (type png)
<use images//shape2.png>
Package pdftex.def Info: images//shape2.png  used on input line 1168.
(pdftex.def)             Requested size: 170.55766pt x 95.36856pt.
<images//shape3.png, id=677, 282.05376pt x 225.84375pt>
File: images//shape3.png Graphic file (type png)
<use images//shape3.png>
Package pdftex.def Info: images//shape3.png  used on input line 1185.
(pdftex.def)             Requested size: 149.23674pt x 119.49673pt.
<images//shape4.png, id=678, 282.05376pt x 157.58875pt>
File: images//shape4.png Graphic file (type png)
<use images//shape4.png>
Package pdftex.def Info: images//shape4.png  used on input line 1191.
(pdftex.def)             Requested size: 149.23674pt x 83.38216pt.
<images//shape5.png, id=679, 334.24875pt x 260.975pt>
File: images//shape5.png Graphic file (type png)
<use images//shape5.png>
Package pdftex.def Info: images//shape5.png  used on input line 1209.
(pdftex.def)             Requested size: 170.55766pt x 133.17114pt.
<images//shape6.png, id=680, 341.275pt x 297.11pt>
File: images//shape6.png Graphic file (type png)
<use images//shape6.png>
Package pdftex.def Info: images//shape6.png  used on input line 1215.
(pdftex.def)             Requested size: 170.55766pt x 148.48662pt.
<images//shape7.png, id=681, 227.85126pt x 297.11pt>
File: images//shape7.png Graphic file (type png)
<use images//shape7.png>
Package pdftex.def Info: images//shape7.png  used on input line 1234.
(pdftex.def)             Requested size: 170.55766pt x 222.40579pt.
<images//shape8.png, id=682, 331.2375pt x 191.71625pt>
File: images//shape8.png Graphic file (type png)
<use images//shape8.png>
Package pdftex.def Info: images//shape8.png  used on input line 1240.
(pdftex.def)             Requested size: 170.55766pt x 98.71594pt.
 [46 <./images//shape1.png> <./images//shape2.png> <./images//shape3.png> <./im
ages//shape4.png> <./images//shape5.png> <./images//shape6.png>]
<images//shape9.png, id=693, 331.2375pt x 286.06876pt>
File: images//shape9.png Graphic file (type png)
<use images//shape9.png>
Package pdftex.def Info: images//shape9.png  used on input line 1259.
(pdftex.def)             Requested size: 149.23674pt x 128.88689pt.
<images//shape10.png, id=694, 331.2375pt x 286.06876pt>
File: images//shape10.png Graphic file (type png)
<use images//shape10.png>
Package pdftex.def Info: images//shape10.png  used on input line 1265.
(pdftex.def)             Requested size: 149.23674pt x 128.88689pt.
 [47 <./images//shape7.png> <./images//shape8.png> <./images//shape9.png> <./im
ages//shape10.png>] [48] [49

] [50] (./memoire.bbl [51]) [52] (./memoire.aux)

 *File List*
extarticle.cls    1996/10/08 v1.0 Non Standard LaTeX document class
  size12.clo    2021/10/04 v1.4n Standard LaTeX file (size option)
 exscale.sty    2018/09/24 v2.1i Standard LaTeX package exscale
algorithm.sty    2009/08/24 v0.1 Document Style `algorithm' - floating environm
ent
   float.sty    2001/11/08 v1.3d Float enhancements (AL)
  ifthen.sty    2020/11/24 v1.1c Standard LaTeX ifthen package (DPC)
booktabs.sty    2020/01/12 v1.61803398 Publication quality tables
 caption.sty    2020/10/26 v3.5g Customizing captions (AR)
caption3.sty    2020/10/21 v2.2e caption3 kernel (AR)
  keyval.sty    2014/10/28 v1.15 key=value parser (DPC)
 siunitx.sty    2022-02-02 v3.0.46 A comprehensive (SI) units package
translations.sty    2022/01/04 v1.11 internationalization of LaTeX2e packages (
CN)
etoolbox.sty    2020/10/05 v2.5k e-TeX tools for LaTeX (JAW)
pdftexcmds.sty    2020-06-27 v0.33 Utility functions of pdfTeX for LuaTeX (HO)
infwarerr.sty    2019/12/03 v1.5 Providing info/warning/error messages (HO)
   iftex.sty    2020/03/06 v1.0d TeX engine tests
 ltxcmds.sty    2020-05-10 v1.25 LaTeX kernel commands for general use (HO)
 amstext.sty    2021/08/26 v2.01 AMS text
  amsgen.sty    1999/11/30 v2.0 generic functions
l3keys2e.sty    2022-01-12 LaTeX2e option processing using LaTeX3 keys
   expl3.sty    2022-01-21 L3 programming layer (loader) 
l3backend-pdftex.def    2022-01-12 L3 backend support: PDF output (pdfTeX)
   array.sty    2021/10/04 v2.5f Tabular extension package (FMi)
 arabtex.sty    2003/08/22  3.11 ArabTeX main module
 arabaux.sty    2003/05/21  3.11 auxiliary macros for ArabTeX
    acmd.sty    2003/08/20  3.11 Arabic command processing 
  afonts.sty    1995/11/16  3.04 define Naskh font 
 afonts2.sty    1998/10/19  3.10 define Naskh fonts for LaTeX2e
   ascan.sty    2003/08/22  3.11 standard ZDMG input encoding 
  aparse.sty    2003/05/26  3.11 get syllables 
  awrite.sty    2003/06/05  3.11 build output word 
xarbsymb.sty    1998/07/15  3.07 symbolic output encoding 
arabskel.sty    2000/06/04  3.10 character skeleton definitions 
xarbskel.sty    1999/07/17  3.09 character skeleton definitions 
  aboxes.sty    2003/05/28  3.11 build output boxes
arabtoks.sty    1999/07/17  3.09 ArabTeX CS token definitions 
arabchrs.sty    1998/07/11  3.07 letter token definitions 
   aligs.sty    2003/05/26  3.11 compute ligatures
 aoutput.sty    2000/06/04  3.10 build output lines
  abidir.sty    2003/08/22  3.11 bidirectional linebreaking
  atrans.sty    2003/06/14  3.11 generate the transliteration 
  alatex.sty    2003/05/04  3.11 ArabTeX extensions for LaTeX 
   afoot.sty    2003/05/12  3.11 ArabTeX footnotes
   abjad.sty    2003/04/26  3.11 abjad numerals 
  apatch.sty    2006/07/02  3.11s last minute patches 
  alists.sty    2003/04/26  3.11 inverted list macros
   asect.sty    2003/04/26  3.11 section macros for Arabic
   atabg.sty    1997/01/21  3.05 LaTeX tabbing macros for Arabic
    utf8.sty    2000/06/13  3.10 UTF-8 input encoding 
 utfcode.sty    2002/03/07  3.10a Arabic+Hebrew segment of UTF-8
 amsmath.sty    2021/10/15 v2.17l AMS math features
  amsbsy.sty    1999/11/29 v1.2d Bold Symbols
  amsopn.sty    2021/08/26 v2.02 operator names
algpseudocode.sty    
algorithmicx.sty    2005/04/27 v1.2 Algorithmicx
geometry.sty    2020/01/02 v5.9 Page Geometry
  ifvtex.sty    2019/10/25 v1.7 ifvtex legacy package. Use iftex instead.
   babel.sty    2022/01/26 3.70 The Babel package
 english.ldf    2017/06/06 v3.3r English support from the babel system
blindtext.sty    2012/01/06 V2.0 blindtext-Package
  xspace.sty    2014/10/28 v1.13 Space after command names (DPC,MH)
hyperref.sty    2021-06-07 v7.00m Hypertext links for LaTeX
kvsetkeys.sty    2019/12/15 v1.18 Key value parser (HO)
kvdefinekeys.sty    2019-12-19 v1.6 Define keys (HO)
pdfescape.sty    2019/12/09 v1.15 Implements pdfTeX's escape features (HO)
 hycolor.sty    2020-01-27 v1.10 Color options for hyperref/bookmark (HO)
letltxmacro.sty    2019/12/03 v1.6 Let assignment for LaTeX macros (HO)
 auxhook.sty    2019-12-17 v1.6 Hooks for auxiliary files (HO)
kvoptions.sty    2020-10-07 v3.14 Key value format for package options (HO)
  pd1enc.def    2021-06-07 v7.00m Hyperref: PDFDocEncoding definition (HO)
hyperref-langpatches.def    2021-06-07 v7.00m Hyperref: patches for babel langu
ages
 intcalc.sty    2019/12/15 v1.3 Expandable calculations with integers (HO)
etexcmds.sty    2019/12/15 v1.7 Avoid name clashes with e-TeX commands (HO)
   puenc.def    2021-06-07 v7.00m Hyperref: PDF Unicode definition (HO)
     url.sty    2013/09/16  ver 3.4  Verb mode for urls, etc.
  bitset.sty    2019/12/09 v1.3 Handle bit-vector datatype (HO)
bigintcalc.sty    2019/12/15 v1.5 Expandable calculations on big integers (HO)
atbegshi-ltx.sty    2021/01/10 v1.0c Emulation of the original atbegshi
package with kernel methods
 hpdftex.def    2021-06-07 v7.00m Hyperref driver for pdfTeX
atveryend-ltx.sty    2020/08/19 v1.0a Emulation of the original atveryend packa
ge
with kernel methods
rerunfilecheck.sty    2019/12/05 v1.9 Rerun checks for auxiliary files (HO)
uniquecounter.sty    2019/12/15 v1.4 Provide unlimited unique counter (HO)
setspace.sty    2011/12/19 v6.7a set line spacing
graphicx.sty    2021/09/16 v1.2d Enhanced LaTeX Graphics (DPC,SPQR)
graphics.sty    2021/03/04 v1.4d Standard LaTeX Graphics (DPC,SPQR)
    trig.sty    2021/08/11 v1.11 sin cos tan (DPC)
graphics.cfg    2016/06/04 v1.11 sample graphics configuration
  pdftex.def    2020/10/05 v1.2a Graphics/color driver for pdftex
tabularx.sty    2020/01/15 v2.11c `tabularx' package (DPC)
subcaption.sty    2020/10/07 v1.3j Sub-captions (AR)
pdfpages.sty    2022/01/29 v0.5u Insert pages of external PDF documents (AM)
    calc.sty    2017/05/25 v4.3 Infix arithmetic (KKT,FJ)
 eso-pic.sty    2020/10/14 v3.0a eso-pic (RN)
  xcolor.sty    2021/10/31 v2.13 LaTeX color extensions (UK)
   color.cfg    2016/01/02 v1.6 sample color configuration
pppdftex.def    2022/01/29 v0.5u Pdfpages driver for pdfTeX (AM)
afterpage.sty    2014/10/28 v1.08 After-Page Package (DPC)
glossaries.sty    2021/11/01 v4.49 (NLCT)
 xkeyval.sty    2020/11/20 v2.8 package option processing (HA)
 xkeyval.tex    2014/12/03 v2.7a key=value parser (HA)
mfirstuc.sty    2021/10/15 v2.07 (NLCT)
textcase.sty    2019/09/14 v1.00 Text only upper/lower case changing (DPC)
    xfor.sty    2009/02/05 v1.05 (NLCT)
datatool-base.sty    2019/09/27 v2.32 (NLCT)
  substr.sty    2009/10/20 v1.2 Handle substrings
datatool-fp.sty    2019/09/27 v2.32 (NLCT)
      fp.sty    1995/04/02
defpattern.sty    1994/10/12
fp-basic.sty    1996/05/13
fp-addons.sty    1995/03/15
 fp-snap.sty    1995/04/05
  fp-exp.sty    1995/04/03
fp-trigo.sty    1995/04/14
  fp-pas.sty    1994/08/29
fp-random.sty    1995/02/23
  fp-eqn.sty    1995/04/03
  fp-upn.sty    1996/10/21
 fp-eval.sty    1995/04/03
glossaries-compatible-307.sty    2021/11/01 v4.49 (NLCT)
tracklang.sty    2020/06/30 v1.5 (NLCT) Track Languages
tracklang.tex    2020/06/30 v1.5 (NLCT) Track Languages Generic Code
translator.sty    2021-05-31 v1.12d Easy translation of strings in LaTeX
glossaries-english.ldf    2014/11/23 v1.0
glossary-hypernav.sty    2021/11/01 v4.49 (NLCT)
glossary-list.sty    2021/11/01 v4.49 (NLCT)
glossary-long.sty    2021/11/01 v4.49 (NLCT)
longtable.sty    2021-09-01 v4.17 Multi-page Table package (DPC)
glossary-super.sty    2021/11/01 v4.49 (NLCT)
supertabular.sty    2020/02/02 v4.1g the supertabular environment
glossary-tree.sty    2021/11/01 v4.49 (NLCT)
ltcaption.sty    2020/05/30 v1.4b longtable captions (AR)
translations-basic-dictionary-english.trsl    (english translation file `transl
ations-basic-dictionary')
 nameref.sty    2021-04-02 v2.47 Cross-referencing by name of section
refcount.sty    2019/12/15 v3.6 Data extraction from label references (HO)
gettitlestring.sty    2019/12/15 v1.6 Cleanup title references (HO)
 memoire.out
 memoire.out
supp-pdf.mkii
epstopdf-base.sty    2020-01-24 v2.11 Base part for package epstopdf
epstopdf-sys.cfg    2010/07/13 v1.3 Configuration of (r)epstopdf for TeX Live
pdflscape.sty    2019/12/05 v0.12 Display of landscape pages in PDF (HO)
  lscape.sty    2020/05/28 v3.02 Landscape Pages (DPC)
  apatch.sty    2006/07/02  3.11s last minute patches 
pagedegarde.pdf    Graphic file (type pdf)
pagedegarde.pdf    Graphic file (type pdf)
pagedegarde.pdf    Graphic file (type pdf)
pagedegarde.pdf    Graphic file (type pdf)
   Uxnsh.fd
images//swarmfish.jpeg
images//swarmbirds.jpeg
images//ddpg.png
images//formation.png
images//training_workflow3.png
images//equations.png
images//lds3.png
images//ros.png
images//turtlebot3_burger_components.png
images//lds.png
images//training.png
images//deployment.png
images//actor_net.png
images//critic_net.png
images//actor_model.png
images//critic_model.png
images//critic_training.png
images//actor_training.png
images//robot1.png
images//robot2.png
images//robot3.png
images//shape1.png
images//shape2.png
images//shape3.png
images//shape4.png
images//shape5.png
images//shape6.png
images//shape7.png
images//shape8.png
images//shape9.png
images//shape10.png
 memoire.bbl
 ***********


LaTeX Font Warning: Some font shapes were not available, defaults substituted.


LaTeX Warning: There were multiply-defined labels.

Package rerunfilecheck Info: File `memoire.out' has not changed.
(rerunfilecheck)             Checksum: 67AB95C26A9AC37C8A5D8AFBD3952C64;7188.
 )
(\end occurred inside a group at level 1)

### semi simple group (level 1) entered at line 40 (\begingroup)
### bottom level 
Here is how much of TeX's memory you used:
 27370 strings out of 480120
 511232 string characters out of 5893109
 858032 words of memory out of 5000000
 44718 multiletter control sequences out of 15000+600000
 475884 words of font info for 51 fonts, out of 8000000 for 9000
 81 hyphenation exceptions out of 8191
 91i,17n,91p,1338b,3241s stack positions out of 5000i,500n,10000p,200000b,80000s
 </home/islem/.texlive2021/texmf-var/fonts/pk/ljfour/jknappen/e
c/tcrm1200.600pk></usr/share/texlive/texmf-dist/fonts/type1/public/amsfonts/cm/
cmbx12.pfb></usr/share/texlive/texmf-dist/fonts/type1/public/amsfonts/cm/cmex10
.pfb></usr/share/texlive/texmf-dist/fonts/type1/public/amsfonts/cm/cmmi12.pfb><
/usr/share/texlive/texmf-dist/fonts/type1/public/amsfonts/cm/cmmi6.pfb></usr/sh
are/texlive/texmf-dist/fonts/type1/public/amsfonts/cm/cmmi8.pfb></usr/share/tex
live/texmf-dist/fonts/type1/public/amsfonts/cm/cmr10.pfb></usr/share/texlive/te
xmf-dist/fonts/type1/public/amsfonts/cm/cmr12.pfb></usr/share/texlive/texmf-dis
t/fonts/type1/public/amsfonts/cm/cmr8.pfb></usr/share/texlive/texmf-dist/fonts/
type1/public/amsfonts/cm/cmsy10.pfb></usr/share/texlive/texmf-dist/fonts/type1/
public/amsfonts/cm/cmsy6.pfb></usr/share/texlive/texmf-dist/fonts/type1/public/
amsfonts/cm/cmsy8.pfb></usr/share/texlive/texmf-dist/fonts/type1/public/amsfont
s/cm/cmti12.pfb></usr/share/texlive/texmf-dist/fonts/type1/public/amsfonts/cm/c
mtt12.pfb></usr/share/texlive/texmf-dist/fonts/type1/public/arabtex/xnsh14.pfb>

Output written on memoire.pdf (53 pages, 1721702 bytes).
PDF statistics:
 830 PDF objects out of 1000 (max. 8388607)
 656 compressed objects within 7 object streams
 166 named destinations out of 1000 (max. 500000)
 536 words of extra memory for PDF output out of 10000 (max. 10000000)

