[35m[1mConsolidate compiler generated dependencies of target mrs_msg__rosidl_generator_c[0m
[  2%] Built target mrs_msg__cpp
[ 12%] Built target mrs_msg__rosidl_generator_c
[ 12%] Built target ament_cmake_python_symlink_mrs_msg
[35m[1mConsolidate compiler generated dependencies of target mrs_msg__rosidl_typesupport_cpp[0m
[35m[1mConsolidate compiler generated dependencies of target mrs_msg__rosidl_typesupport_fastrtps_cpp[0m
[35m[1mConsolidate compiler generated dependencies of target mrs_msg__rosidl_typesupport_introspection_c[0m
[35m[1mConsolidate compiler generated dependencies of target mrs_msg__rosidl_typesupport_introspection_cpp[0m
[35m[1mConsolidate compiler generated dependencies of target mrs_msg__rosidl_typesupport_c[0m
[35m[1mConsolidate compiler generated dependencies of target mrs_msg__rosidl_typesupport_fastrtps_c[0m
[ 23%] Built target mrs_msg__rosidl_typesupport_cpp
[ 34%] Built target mrs_msg__rosidl_typesupport_introspection_c
[ 44%] Built target mrs_msg__rosidl_typesupport_c
[ 61%] Built target mrs_msg__rosidl_typesupport_introspection_cpp
[ 65%] Built target mrs_msg__rosidl_typesupport_fastrtps_cpp
[ 76%] Built target mrs_msg__rosidl_typesupport_fastrtps_c
[ 76%] Built target mrs_msg
[ 78%] Built target mrs_msg__py
[35m[1mConsolidate compiler generated dependencies of target mrs_msg__rosidl_generator_py[0m
[ 87%] Built target mrs_msg__rosidl_generator_py
[35m[1mConsolidate compiler generated dependencies of target mrs_msg__rosidl_typesupport_c__pyext[0m
[35m[1mConsolidate compiler generated dependencies of target mrs_msg__rosidl_typesupport_introspection_c__pyext[0m
[35m[1mConsolidate compiler generated dependencies of target mrs_msg__rosidl_typesupport_fastrtps_c__pyext[0m
[ 91%] Built target mrs_msg__rosidl_typesupport_c__pyext
[ 95%] Built target mrs_msg__rosidl_typesupport_fastrtps_c__pyext
[100%] Built target mrs_msg__rosidl_typesupport_introspection_c__pyext
running egg_info
writing mrs_msg.egg-info/PKG-INFO
writing dependency_links to mrs_msg.egg-info/dependency_links.txt
writing top-level names to mrs_msg.egg-info/top_level.txt
reading manifest file 'mrs_msg.egg-info/SOURCES.txt'
writing manifest file 'mrs_msg.egg-info/SOURCES.txt'
[100%] Built target ament_cmake_python_build_mrs_msg_egg
-- Install configuration: ""
-- Execute custom install script
-- Up-to-date symlink: /home/islem/Documents/PFE/install/mrs_msg/share/ament_index/resource_index/rosidl_interfaces/mrs_msg
-- Up-to-date symlink: /home/islem/Documents/PFE/install/mrs_msg/include/mrs_msg/mrs_msg/msg/detail/num__functions.h
-- Up-to-date symlink: /home/islem/Documents/PFE/install/mrs_msg/include/mrs_msg/mrs_msg/msg/detail/num__struct.h
-- Up-to-date symlink: /home/islem/Documents/PFE/install/mrs_msg/include/mrs_msg/mrs_msg/msg/detail/num__type_support.h
-- Up-to-date symlink: /home/islem/Documents/PFE/install/mrs_msg/include/mrs_msg/mrs_msg/msg/detail/sphere__functions.h
-- Up-to-date symlink: /home/islem/Documents/PFE/install/mrs_msg/include/mrs_msg/mrs_msg/msg/detail/sphere__struct.h
-- Up-to-date symlink: /home/islem/Documents/PFE/install/mrs_msg/include/mrs_msg/mrs_msg/msg/detail/sphere__type_support.h
-- Up-to-date symlink: /home/islem/Documents/PFE/install/mrs_msg/include/mrs_msg/mrs_msg/msg/num.h
-- Up-to-date symlink: /home/islem/Documents/PFE/install/mrs_msg/include/mrs_msg/mrs_msg/msg/rosidl_generator_c__visibility_control.h
-- Up-to-date symlink: /home/islem/Documents/PFE/install/mrs_msg/include/mrs_msg/mrs_msg/msg/sphere.h
-- Up-to-date symlink: /home/islem/Documents/PFE/install/mrs_msg/include/mrs_msg/mrs_msg/srv/add_three_ints.h
-- Up-to-date symlink: /home/islem/Documents/PFE/install/mrs_msg/include/mrs_msg/mrs_msg/srv/detail/add_three_ints__functions.h
-- Up-to-date symlink: /home/islem/Documents/PFE/install/mrs_msg/include/mrs_msg/mrs_msg/srv/detail/add_three_ints__struct.h
-- Up-to-date symlink: /home/islem/Documents/PFE/install/mrs_msg/include/mrs_msg/mrs_msg/srv/detail/add_three_ints__type_support.h
-- Up-to-date symlink: /home/islem/Documents/PFE/install/mrs_msg/share/mrs_msg/environment/library_path.sh
-- Up-to-date symlink: /home/islem/Documents/PFE/install/mrs_msg/share/mrs_msg/environment/library_path.dsv
-- Up-to-date symlink: /home/islem/Documents/PFE/install/mrs_msg/include/mrs_msg/mrs_msg/msg/detail/num__rosidl_typesupport_fastrtps_c.h
-- Up-to-date symlink: /home/islem/Documents/PFE/install/mrs_msg/include/mrs_msg/mrs_msg/msg/detail/sphere__rosidl_typesupport_fastrtps_c.h
-- Up-to-date symlink: /home/islem/Documents/PFE/install/mrs_msg/include/mrs_msg/mrs_msg/msg/rosidl_typesupport_fastrtps_c__visibility_control.h
-- Up-to-date symlink: /home/islem/Documents/PFE/install/mrs_msg/include/mrs_msg/mrs_msg/srv/detail/add_three_ints__rosidl_typesupport_fastrtps_c.h
-- Up-to-date symlink: /home/islem/Documents/PFE/install/mrs_msg/include/mrs_msg/mrs_msg/msg/detail/num__builder.hpp
-- Up-to-date symlink: /home/islem/Documents/PFE/install/mrs_msg/include/mrs_msg/mrs_msg/msg/detail/num__struct.hpp
-- Up-to-date symlink: /home/islem/Documents/PFE/install/mrs_msg/include/mrs_msg/mrs_msg/msg/detail/num__traits.hpp
-- Up-to-date symlink: /home/islem/Documents/PFE/install/mrs_msg/include/mrs_msg/mrs_msg/msg/detail/sphere__builder.hpp
-- Up-to-date symlink: /home/islem/Documents/PFE/install/mrs_msg/include/mrs_msg/mrs_msg/msg/detail/sphere__struct.hpp
-- Up-to-date symlink: /home/islem/Documents/PFE/install/mrs_msg/include/mrs_msg/mrs_msg/msg/detail/sphere__traits.hpp
-- Up-to-date symlink: /home/islem/Documents/PFE/install/mrs_msg/include/mrs_msg/mrs_msg/msg/num.hpp
-- Up-to-date symlink: /home/islem/Documents/PFE/install/mrs_msg/include/mrs_msg/mrs_msg/msg/sphere.hpp
-- Up-to-date symlink: /home/islem/Documents/PFE/install/mrs_msg/include/mrs_msg/mrs_msg/srv/add_three_ints.hpp
-- Up-to-date symlink: /home/islem/Documents/PFE/install/mrs_msg/include/mrs_msg/mrs_msg/srv/detail/add_three_ints__builder.hpp
-- Up-to-date symlink: /home/islem/Documents/PFE/install/mrs_msg/include/mrs_msg/mrs_msg/srv/detail/add_three_ints__struct.hpp
-- Up-to-date symlink: /home/islem/Documents/PFE/install/mrs_msg/include/mrs_msg/mrs_msg/srv/detail/add_three_ints__traits.hpp
-- Up-to-date symlink: /home/islem/Documents/PFE/install/mrs_msg/include/mrs_msg/mrs_msg/msg/detail/num__rosidl_typesupport_fastrtps_cpp.hpp
-- Up-to-date symlink: /home/islem/Documents/PFE/install/mrs_msg/include/mrs_msg/mrs_msg/msg/detail/sphere__rosidl_typesupport_fastrtps_cpp.hpp
-- Up-to-date symlink: /home/islem/Documents/PFE/install/mrs_msg/include/mrs_msg/mrs_msg/msg/rosidl_typesupport_fastrtps_cpp__visibility_control.h
-- Up-to-date symlink: /home/islem/Documents/PFE/install/mrs_msg/include/mrs_msg/mrs_msg/srv/detail/add_three_ints__rosidl_typesupport_fastrtps_cpp.hpp
-- Up-to-date symlink: /home/islem/Documents/PFE/install/mrs_msg/include/mrs_msg/mrs_msg/msg/detail/num__rosidl_typesupport_introspection_c.h
-- Up-to-date symlink: /home/islem/Documents/PFE/install/mrs_msg/include/mrs_msg/mrs_msg/msg/detail/sphere__rosidl_typesupport_introspection_c.h
-- Up-to-date symlink: /home/islem/Documents/PFE/install/mrs_msg/include/mrs_msg/mrs_msg/msg/rosidl_typesupport_introspection_c__visibility_control.h
-- Up-to-date symlink: /home/islem/Documents/PFE/install/mrs_msg/include/mrs_msg/mrs_msg/srv/detail/add_three_ints__rosidl_typesupport_introspection_c.h
-- Up-to-date symlink: /home/islem/Documents/PFE/install/mrs_msg/include/mrs_msg/mrs_msg/msg/detail/num__rosidl_typesupport_introspection_cpp.hpp
-- Up-to-date symlink: /home/islem/Documents/PFE/install/mrs_msg/include/mrs_msg/mrs_msg/msg/detail/sphere__rosidl_typesupport_introspection_cpp.hpp
-- Up-to-date symlink: /home/islem/Documents/PFE/install/mrs_msg/include/mrs_msg/mrs_msg/srv/detail/add_three_ints__rosidl_typesupport_introspection_cpp.hpp
-- Up-to-date symlink: /home/islem/Documents/PFE/install/mrs_msg/share/mrs_msg/environment/pythonpath.sh
-- Up-to-date symlink: /home/islem/Documents/PFE/install/mrs_msg/share/mrs_msg/environment/pythonpath.dsv
-- Up-to-date symlink: /home/islem/Documents/PFE/install/mrs_msg/local/lib/python3.10/dist-packages/mrs_msg-0.0.0-py3.10.egg-info/PKG-INFO
-- Up-to-date symlink: /home/islem/Documents/PFE/install/mrs_msg/local/lib/python3.10/dist-packages/mrs_msg-0.0.0-py3.10.egg-info/SOURCES.txt
-- Up-to-date symlink: /home/islem/Documents/PFE/install/mrs_msg/local/lib/python3.10/dist-packages/mrs_msg-0.0.0-py3.10.egg-info/dependency_links.txt
-- Up-to-date symlink: /home/islem/Documents/PFE/install/mrs_msg/local/lib/python3.10/dist-packages/mrs_msg-0.0.0-py3.10.egg-info/top_level.txt
-- Up-to-date symlink: /home/islem/Documents/PFE/install/mrs_msg/local/lib/python3.10/dist-packages/mrs_msg/__init__.py
-- Up-to-date symlink: /home/islem/Documents/PFE/install/mrs_msg/local/lib/python3.10/dist-packages/mrs_msg/_mrs_msg_s.ep.rosidl_typesupport_c.c
-- Up-to-date symlink: /home/islem/Documents/PFE/install/mrs_msg/local/lib/python3.10/dist-packages/mrs_msg/_mrs_msg_s.ep.rosidl_typesupport_fastrtps_c.c
-- Up-to-date symlink: /home/islem/Documents/PFE/install/mrs_msg/local/lib/python3.10/dist-packages/mrs_msg/_mrs_msg_s.ep.rosidl_typesupport_introspection_c.c
-- Up-to-date symlink: /home/islem/Documents/PFE/install/mrs_msg/local/lib/python3.10/dist-packages/mrs_msg/libmrs_msg__rosidl_generator_py.so
-- Up-to-date symlink: /home/islem/Documents/PFE/install/mrs_msg/local/lib/python3.10/dist-packages/mrs_msg/mrs_msg_s__rosidl_typesupport_c.cpython-310-x86_64-linux-gnu.so
-- Up-to-date symlink: /home/islem/Documents/PFE/install/mrs_msg/local/lib/python3.10/dist-packages/mrs_msg/mrs_msg_s__rosidl_typesupport_fastrtps_c.cpython-310-x86_64-linux-gnu.so
-- Up-to-date symlink: /home/islem/Documents/PFE/install/mrs_msg/local/lib/python3.10/dist-packages/mrs_msg/mrs_msg_s__rosidl_typesupport_introspection_c.cpython-310-x86_64-linux-gnu.so
-- Up-to-date symlink: /home/islem/Documents/PFE/install/mrs_msg/local/lib/python3.10/dist-packages/mrs_msg/msg/__init__.py
-- Up-to-date symlink: /home/islem/Documents/PFE/install/mrs_msg/local/lib/python3.10/dist-packages/mrs_msg/msg/_num.py
-- Up-to-date symlink: /home/islem/Documents/PFE/install/mrs_msg/local/lib/python3.10/dist-packages/mrs_msg/msg/_num_s.c
-- Up-to-date symlink: /home/islem/Documents/PFE/install/mrs_msg/local/lib/python3.10/dist-packages/mrs_msg/msg/_sphere.py
-- Up-to-date symlink: /home/islem/Documents/PFE/install/mrs_msg/local/lib/python3.10/dist-packages/mrs_msg/msg/_sphere_s.c
-- Up-to-date symlink: /home/islem/Documents/PFE/install/mrs_msg/local/lib/python3.10/dist-packages/mrs_msg/srv/__init__.py
-- Up-to-date symlink: /home/islem/Documents/PFE/install/mrs_msg/local/lib/python3.10/dist-packages/mrs_msg/srv/_add_three_ints.py
-- Up-to-date symlink: /home/islem/Documents/PFE/install/mrs_msg/local/lib/python3.10/dist-packages/mrs_msg/srv/_add_three_ints_s.c
-- Up-to-date symlink: /home/islem/Documents/PFE/install/mrs_msg/local/lib/python3.10/dist-packages/mrs_msg/mrs_msg_s__rosidl_typesupport_fastrtps_c.cpython-310-x86_64-linux-gnu.so
-- Up-to-date symlink: /home/islem/Documents/PFE/install/mrs_msg/local/lib/python3.10/dist-packages/mrs_msg/mrs_msg_s__rosidl_typesupport_introspection_c.cpython-310-x86_64-linux-gnu.so
-- Up-to-date symlink: /home/islem/Documents/PFE/install/mrs_msg/local/lib/python3.10/dist-packages/mrs_msg/mrs_msg_s__rosidl_typesupport_c.cpython-310-x86_64-linux-gnu.so
-- Up-to-date symlink: /home/islem/Documents/PFE/install/mrs_msg/share/mrs_msg/msg/Num.idl
-- Up-to-date symlink: /home/islem/Documents/PFE/install/mrs_msg/share/mrs_msg/msg/Sphere.idl
-- Up-to-date symlink: /home/islem/Documents/PFE/install/mrs_msg/share/mrs_msg/srv/AddThreeInts.idl
-- Up-to-date symlink: /home/islem/Documents/PFE/install/mrs_msg/share/mrs_msg/msg/Num.msg
-- Up-to-date symlink: /home/islem/Documents/PFE/install/mrs_msg/share/mrs_msg/msg/Sphere.msg
-- Up-to-date symlink: /home/islem/Documents/PFE/install/mrs_msg/share/mrs_msg/srv/AddThreeInts.srv
-- Up-to-date symlink: /home/islem/Documents/PFE/install/mrs_msg/share/mrs_msg/srv/AddThreeInts_Request.msg
-- Up-to-date symlink: /home/islem/Documents/PFE/install/mrs_msg/share/mrs_msg/srv/AddThreeInts_Response.msg
-- Up-to-date symlink: /home/islem/Documents/PFE/install/mrs_msg/share/ament_index/resource_index/package_run_dependencies/mrs_msg
-- Up-to-date symlink: /home/islem/Documents/PFE/install/mrs_msg/share/ament_index/resource_index/parent_prefix_path/mrs_msg
-- Up-to-date symlink: /home/islem/Documents/PFE/install/mrs_msg/share/mrs_msg/environment/ament_prefix_path.sh
-- Up-to-date symlink: /home/islem/Documents/PFE/install/mrs_msg/share/mrs_msg/environment/ament_prefix_path.dsv
-- Up-to-date symlink: /home/islem/Documents/PFE/install/mrs_msg/share/mrs_msg/environment/path.sh
-- Up-to-date symlink: /home/islem/Documents/PFE/install/mrs_msg/share/mrs_msg/environment/path.dsv
-- Up-to-date symlink: /home/islem/Documents/PFE/install/mrs_msg/share/mrs_msg/local_setup.bash
-- Up-to-date symlink: /home/islem/Documents/PFE/install/mrs_msg/share/mrs_msg/local_setup.sh
-- Up-to-date symlink: /home/islem/Documents/PFE/install/mrs_msg/share/mrs_msg/local_setup.zsh
-- Up-to-date symlink: /home/islem/Documents/PFE/install/mrs_msg/share/mrs_msg/local_setup.dsv
-- Symlinking: /home/islem/Documents/PFE/install/mrs_msg/share/mrs_msg/package.dsv
-- Up-to-date symlink: /home/islem/Documents/PFE/install/mrs_msg/share/ament_index/resource_index/packages/mrs_msg
-- Up-to-date symlink: /home/islem/Documents/PFE/install/mrs_msg/share/mrs_msg/cmake/rosidl_cmake-extras.cmake
-- Up-to-date symlink: /home/islem/Documents/PFE/install/mrs_msg/share/mrs_msg/cmake/ament_cmake_export_dependencies-extras.cmake
-- Up-to-date symlink: /home/islem/Documents/PFE/install/mrs_msg/share/mrs_msg/cmake/ament_cmake_export_include_directories-extras.cmake
-- Up-to-date symlink: /home/islem/Documents/PFE/install/mrs_msg/share/mrs_msg/cmake/ament_cmake_export_libraries-extras.cmake
-- Up-to-date symlink: /home/islem/Documents/PFE/install/mrs_msg/share/mrs_msg/cmake/ament_cmake_export_targets-extras.cmake
-- Up-to-date symlink: /home/islem/Documents/PFE/install/mrs_msg/share/mrs_msg/cmake/rosidl_cmake_export_typesupport_targets-extras.cmake
-- Up-to-date symlink: /home/islem/Documents/PFE/install/mrs_msg/share/mrs_msg/cmake/rosidl_cmake_export_typesupport_libraries-extras.cmake
-- Up-to-date symlink: /home/islem/Documents/PFE/install/mrs_msg/share/mrs_msg/cmake/mrs_msgConfig.cmake
-- Up-to-date symlink: /home/islem/Documents/PFE/install/mrs_msg/share/mrs_msg/cmake/mrs_msgConfig-version.cmake
-- Up-to-date symlink: /home/islem/Documents/PFE/install/mrs_msg/share/mrs_msg/package.xml
-- Up-to-date: /home/islem/Documents/PFE/install/mrs_msg/lib/libmrs_msg__rosidl_generator_c.so
-- Up-to-date: /home/islem/Documents/PFE/install/mrs_msg/lib/libmrs_msg__rosidl_typesupport_fastrtps_c.so
-- Up-to-date: /home/islem/Documents/PFE/install/mrs_msg/lib/libmrs_msg__rosidl_typesupport_fastrtps_cpp.so
-- Up-to-date: /home/islem/Documents/PFE/install/mrs_msg/lib/libmrs_msg__rosidl_typesupport_introspection_c.so
-- Up-to-date: /home/islem/Documents/PFE/install/mrs_msg/lib/libmrs_msg__rosidl_typesupport_c.so
-- Up-to-date: /home/islem/Documents/PFE/install/mrs_msg/lib/libmrs_msg__rosidl_typesupport_introspection_cpp.so
-- Up-to-date: /home/islem/Documents/PFE/install/mrs_msg/lib/libmrs_msg__rosidl_typesupport_cpp.so
Listing '/home/islem/Documents/PFE/install/mrs_msg/local/lib/python3.10/dist-packages/mrs_msg'...
Listing '/home/islem/Documents/PFE/install/mrs_msg/local/lib/python3.10/dist-packages/mrs_msg/msg'...
Listing '/home/islem/Documents/PFE/install/mrs_msg/local/lib/python3.10/dist-packages/mrs_msg/srv'...
-- Up-to-date: /home/islem/Documents/PFE/install/mrs_msg/lib/libmrs_msg__rosidl_generator_py.so
-- Up-to-date: /home/islem/Documents/PFE/install/mrs_msg/share/mrs_msg/cmake/export_mrs_msg__rosidl_generator_cExport.cmake
-- Up-to-date: /home/islem/Documents/PFE/install/mrs_msg/share/mrs_msg/cmake/export_mrs_msg__rosidl_generator_cExport-noconfig.cmake
-- Up-to-date: /home/islem/Documents/PFE/install/mrs_msg/share/mrs_msg/cmake/export_mrs_msg__rosidl_typesupport_fastrtps_cExport.cmake
-- Up-to-date: /home/islem/Documents/PFE/install/mrs_msg/share/mrs_msg/cmake/export_mrs_msg__rosidl_typesupport_fastrtps_cExport-noconfig.cmake
-- Up-to-date: /home/islem/Documents/PFE/install/mrs_msg/share/mrs_msg/cmake/export_mrs_msg__rosidl_generator_cppExport.cmake
-- Up-to-date: /home/islem/Documents/PFE/install/mrs_msg/share/mrs_msg/cmake/export_mrs_msg__rosidl_typesupport_fastrtps_cppExport.cmake
-- Up-to-date: /home/islem/Documents/PFE/install/mrs_msg/share/mrs_msg/cmake/export_mrs_msg__rosidl_typesupport_fastrtps_cppExport-noconfig.cmake
-- Up-to-date: /home/islem/Documents/PFE/install/mrs_msg/share/mrs_msg/cmake/mrs_msg__rosidl_typesupport_introspection_cExport.cmake
-- Up-to-date: /home/islem/Documents/PFE/install/mrs_msg/share/mrs_msg/cmake/mrs_msg__rosidl_typesupport_introspection_cExport-noconfig.cmake
-- Up-to-date: /home/islem/Documents/PFE/install/mrs_msg/share/mrs_msg/cmake/mrs_msg__rosidl_typesupport_cExport.cmake
-- Up-to-date: /home/islem/Documents/PFE/install/mrs_msg/share/mrs_msg/cmake/mrs_msg__rosidl_typesupport_cExport-noconfig.cmake
-- Up-to-date: /home/islem/Documents/PFE/install/mrs_msg/share/mrs_msg/cmake/mrs_msg__rosidl_typesupport_introspection_cppExport.cmake
-- Up-to-date: /home/islem/Documents/PFE/install/mrs_msg/share/mrs_msg/cmake/mrs_msg__rosidl_typesupport_introspection_cppExport-noconfig.cmake
-- Up-to-date: /home/islem/Documents/PFE/install/mrs_msg/share/mrs_msg/cmake/mrs_msg__rosidl_typesupport_cppExport.cmake
-- Up-to-date: /home/islem/Documents/PFE/install/mrs_msg/share/mrs_msg/cmake/mrs_msg__rosidl_typesupport_cppExport-noconfig.cmake
-- Up-to-date: /home/islem/Documents/PFE/install/mrs_msg/share/mrs_msg/cmake/export_mrs_msg__rosidl_generator_pyExport.cmake
-- Up-to-date: /home/islem/Documents/PFE/install/mrs_msg/share/mrs_msg/cmake/export_mrs_msg__rosidl_generator_pyExport-noconfig.cmake
