[0.360s] Invoking command in '/home/islem/Documents/PFE/build/mrs_msg': CMAKE_PREFIX_PATH=${CMAKE_PREFIX_PATH}:/home/islem/Documents/PFE/ros2/install/test_dqn:/home/islem/Documents/PFE/ros2/install/gazebo:/home/islem/Documents/PFE/ros2/install/env:/home/islem/Documents/PFE/ros2/install/dqn:/opt/ros/humble /usr/bin/cmake --build /home/islem/Documents/PFE/build/mrs_msg -- -j12 -l12
[0.727s] [35m[1mConsolidate compiler generated dependencies of target mrs_msg__rosidl_generator_c[0m
[0.727s] [  2%] Built target mrs_msg__cpp
[0.727s] [ 12%] Built target mrs_msg__rosidl_generator_c
[0.728s] [ 12%] Built target ament_cmake_python_symlink_mrs_msg
[0.729s] [35m[1mConsolidate compiler generated dependencies of target mrs_msg__rosidl_typesupport_cpp[0m
[0.729s] [35m[1mConsolidate compiler generated dependencies of target mrs_msg__rosidl_typesupport_fastrtps_cpp[0m
[0.729s] [35m[1mConsolidate compiler generated dependencies of target mrs_msg__rosidl_typesupport_introspection_c[0m
[0.729s] [35m[1mConsolidate compiler generated dependencies of target mrs_msg__rosidl_typesupport_introspection_cpp[0m
[0.729s] [35m[1mConsolidate compiler generated dependencies of target mrs_msg__rosidl_typesupport_c[0m
[0.729s] [35m[1mConsolidate compiler generated dependencies of target mrs_msg__rosidl_typesupport_fastrtps_c[0m
[0.729s] [ 23%] Built target mrs_msg__rosidl_typesupport_cpp
[0.729s] [ 34%] Built target mrs_msg__rosidl_typesupport_introspection_c
[0.729s] [ 44%] Built target mrs_msg__rosidl_typesupport_c
[0.729s] [ 61%] Built target mrs_msg__rosidl_typesupport_introspection_cpp
[0.729s] [ 65%] Built target mrs_msg__rosidl_typesupport_fastrtps_cpp
[0.729s] [ 76%] Built target mrs_msg__rosidl_typesupport_fastrtps_c
[0.729s] [ 76%] Built target mrs_msg
[0.729s] [ 78%] Built target mrs_msg__py
[0.729s] [35m[1mConsolidate compiler generated dependencies of target mrs_msg__rosidl_generator_py[0m
[0.729s] [ 87%] Built target mrs_msg__rosidl_generator_py
[0.729s] [35m[1mConsolidate compiler generated dependencies of target mrs_msg__rosidl_typesupport_c__pyext[0m
[0.729s] [35m[1mConsolidate compiler generated dependencies of target mrs_msg__rosidl_typesupport_introspection_c__pyext[0m
[0.729s] [35m[1mConsolidate compiler generated dependencies of target mrs_msg__rosidl_typesupport_fastrtps_c__pyext[0m
[0.730s] [ 91%] Built target mrs_msg__rosidl_typesupport_c__pyext
[0.730s] [ 95%] Built target mrs_msg__rosidl_typesupport_fastrtps_c__pyext
[0.730s] [100%] Built target mrs_msg__rosidl_typesupport_introspection_c__pyext
[0.730s] running egg_info
[0.730s] writing mrs_msg.egg-info/PKG-INFO
[0.730s] writing dependency_links to mrs_msg.egg-info/dependency_links.txt
[0.730s] writing top-level names to mrs_msg.egg-info/top_level.txt
[0.730s] reading manifest file 'mrs_msg.egg-info/SOURCES.txt'
[0.730s] writing manifest file 'mrs_msg.egg-info/SOURCES.txt'
[0.730s] [100%] Built target ament_cmake_python_build_mrs_msg_egg
[0.730s] Invoked command in '/home/islem/Documents/PFE/build/mrs_msg' returned '0': CMAKE_PREFIX_PATH=${CMAKE_PREFIX_PATH}:/home/islem/Documents/PFE/ros2/install/test_dqn:/home/islem/Documents/PFE/ros2/install/gazebo:/home/islem/Documents/PFE/ros2/install/env:/home/islem/Documents/PFE/ros2/install/dqn:/opt/ros/humble /usr/bin/cmake --build /home/islem/Documents/PFE/build/mrs_msg -- -j12 -l12
[0.840s] Invoking command in '/home/islem/Documents/PFE/build/mrs_msg': CMAKE_PREFIX_PATH=${CMAKE_PREFIX_PATH}:/home/islem/Documents/PFE/ros2/install/test_dqn:/home/islem/Documents/PFE/ros2/install/gazebo:/home/islem/Documents/PFE/ros2/install/env:/home/islem/Documents/PFE/ros2/install/dqn:/opt/ros/humble /usr/bin/cmake --install /home/islem/Documents/PFE/build/mrs_msg
[0.847s] -- Install configuration: ""
[0.847s] -- Execute custom install script
[0.847s] -- Up-to-date symlink: /home/islem/Documents/PFE/install/mrs_msg/share/ament_index/resource_index/rosidl_interfaces/mrs_msg
[0.848s] -- Up-to-date symlink: /home/islem/Documents/PFE/install/mrs_msg/include/mrs_msg/mrs_msg/msg/detail/num__functions.h
[0.848s] -- Up-to-date symlink: /home/islem/Documents/PFE/install/mrs_msg/include/mrs_msg/mrs_msg/msg/detail/num__struct.h
[0.848s] -- Up-to-date symlink: /home/islem/Documents/PFE/install/mrs_msg/include/mrs_msg/mrs_msg/msg/detail/num__type_support.h
[0.848s] -- Up-to-date symlink: /home/islem/Documents/PFE/install/mrs_msg/include/mrs_msg/mrs_msg/msg/detail/sphere__functions.h
[0.848s] -- Up-to-date symlink: /home/islem/Documents/PFE/install/mrs_msg/include/mrs_msg/mrs_msg/msg/detail/sphere__struct.h
[0.848s] -- Up-to-date symlink: /home/islem/Documents/PFE/install/mrs_msg/include/mrs_msg/mrs_msg/msg/detail/sphere__type_support.h
[0.848s] -- Up-to-date symlink: /home/islem/Documents/PFE/install/mrs_msg/include/mrs_msg/mrs_msg/msg/num.h
[0.849s] -- Up-to-date symlink: /home/islem/Documents/PFE/install/mrs_msg/include/mrs_msg/mrs_msg/msg/rosidl_generator_c__visibility_control.h
[0.849s] -- Up-to-date symlink: /home/islem/Documents/PFE/install/mrs_msg/include/mrs_msg/mrs_msg/msg/sphere.h
[0.849s] -- Up-to-date symlink: /home/islem/Documents/PFE/install/mrs_msg/include/mrs_msg/mrs_msg/srv/add_three_ints.h
[0.849s] -- Up-to-date symlink: /home/islem/Documents/PFE/install/mrs_msg/include/mrs_msg/mrs_msg/srv/detail/add_three_ints__functions.h
[0.849s] -- Up-to-date symlink: /home/islem/Documents/PFE/install/mrs_msg/include/mrs_msg/mrs_msg/srv/detail/add_three_ints__struct.h
[0.849s] -- Up-to-date symlink: /home/islem/Documents/PFE/install/mrs_msg/include/mrs_msg/mrs_msg/srv/detail/add_three_ints__type_support.h
[0.849s] -- Up-to-date symlink: /home/islem/Documents/PFE/install/mrs_msg/share/mrs_msg/environment/library_path.sh
[0.849s] -- Up-to-date symlink: /home/islem/Documents/PFE/install/mrs_msg/share/mrs_msg/environment/library_path.dsv
[0.850s] -- Up-to-date symlink: /home/islem/Documents/PFE/install/mrs_msg/include/mrs_msg/mrs_msg/msg/detail/num__rosidl_typesupport_fastrtps_c.h
[0.850s] -- Up-to-date symlink: /home/islem/Documents/PFE/install/mrs_msg/include/mrs_msg/mrs_msg/msg/detail/sphere__rosidl_typesupport_fastrtps_c.h
[0.850s] -- Up-to-date symlink: /home/islem/Documents/PFE/install/mrs_msg/include/mrs_msg/mrs_msg/msg/rosidl_typesupport_fastrtps_c__visibility_control.h
[0.850s] -- Up-to-date symlink: /home/islem/Documents/PFE/install/mrs_msg/include/mrs_msg/mrs_msg/srv/detail/add_three_ints__rosidl_typesupport_fastrtps_c.h
[0.850s] -- Up-to-date symlink: /home/islem/Documents/PFE/install/mrs_msg/include/mrs_msg/mrs_msg/msg/detail/num__builder.hpp
[0.850s] -- Up-to-date symlink: /home/islem/Documents/PFE/install/mrs_msg/include/mrs_msg/mrs_msg/msg/detail/num__struct.hpp
[0.850s] -- Up-to-date symlink: /home/islem/Documents/PFE/install/mrs_msg/include/mrs_msg/mrs_msg/msg/detail/num__traits.hpp
[0.851s] -- Up-to-date symlink: /home/islem/Documents/PFE/install/mrs_msg/include/mrs_msg/mrs_msg/msg/detail/sphere__builder.hpp
[0.851s] -- Up-to-date symlink: /home/islem/Documents/PFE/install/mrs_msg/include/mrs_msg/mrs_msg/msg/detail/sphere__struct.hpp
[0.851s] -- Up-to-date symlink: /home/islem/Documents/PFE/install/mrs_msg/include/mrs_msg/mrs_msg/msg/detail/sphere__traits.hpp
[0.851s] -- Up-to-date symlink: /home/islem/Documents/PFE/install/mrs_msg/include/mrs_msg/mrs_msg/msg/num.hpp
[0.851s] -- Up-to-date symlink: /home/islem/Documents/PFE/install/mrs_msg/include/mrs_msg/mrs_msg/msg/sphere.hpp
[0.851s] -- Up-to-date symlink: /home/islem/Documents/PFE/install/mrs_msg/include/mrs_msg/mrs_msg/srv/add_three_ints.hpp
[0.851s] -- Up-to-date symlink: /home/islem/Documents/PFE/install/mrs_msg/include/mrs_msg/mrs_msg/srv/detail/add_three_ints__builder.hpp
[0.851s] -- Up-to-date symlink: /home/islem/Documents/PFE/install/mrs_msg/include/mrs_msg/mrs_msg/srv/detail/add_three_ints__struct.hpp
[0.851s] -- Up-to-date symlink: /home/islem/Documents/PFE/install/mrs_msg/include/mrs_msg/mrs_msg/srv/detail/add_three_ints__traits.hpp
[0.853s] -- Up-to-date symlink: /home/islem/Documents/PFE/install/mrs_msg/include/mrs_msg/mrs_msg/msg/detail/num__rosidl_typesupport_fastrtps_cpp.hpp
[0.853s] -- Up-to-date symlink: /home/islem/Documents/PFE/install/mrs_msg/include/mrs_msg/mrs_msg/msg/detail/sphere__rosidl_typesupport_fastrtps_cpp.hpp
[0.853s] -- Up-to-date symlink: /home/islem/Documents/PFE/install/mrs_msg/include/mrs_msg/mrs_msg/msg/rosidl_typesupport_fastrtps_cpp__visibility_control.h
[0.853s] -- Up-to-date symlink: /home/islem/Documents/PFE/install/mrs_msg/include/mrs_msg/mrs_msg/srv/detail/add_three_ints__rosidl_typesupport_fastrtps_cpp.hpp
[0.853s] -- Up-to-date symlink: /home/islem/Documents/PFE/install/mrs_msg/include/mrs_msg/mrs_msg/msg/detail/num__rosidl_typesupport_introspection_c.h
[0.853s] -- Up-to-date symlink: /home/islem/Documents/PFE/install/mrs_msg/include/mrs_msg/mrs_msg/msg/detail/sphere__rosidl_typesupport_introspection_c.h
[0.853s] -- Up-to-date symlink: /home/islem/Documents/PFE/install/mrs_msg/include/mrs_msg/mrs_msg/msg/rosidl_typesupport_introspection_c__visibility_control.h
[0.853s] -- Up-to-date symlink: /home/islem/Documents/PFE/install/mrs_msg/include/mrs_msg/mrs_msg/srv/detail/add_three_ints__rosidl_typesupport_introspection_c.h
[0.853s] -- Up-to-date symlink: /home/islem/Documents/PFE/install/mrs_msg/include/mrs_msg/mrs_msg/msg/detail/num__rosidl_typesupport_introspection_cpp.hpp
[0.853s] -- Up-to-date symlink: /home/islem/Documents/PFE/install/mrs_msg/include/mrs_msg/mrs_msg/msg/detail/sphere__rosidl_typesupport_introspection_cpp.hpp
[0.854s] -- Up-to-date symlink: /home/islem/Documents/PFE/install/mrs_msg/include/mrs_msg/mrs_msg/srv/detail/add_three_ints__rosidl_typesupport_introspection_cpp.hpp
[0.854s] -- Up-to-date symlink: /home/islem/Documents/PFE/install/mrs_msg/share/mrs_msg/environment/pythonpath.sh
[0.854s] -- Up-to-date symlink: /home/islem/Documents/PFE/install/mrs_msg/share/mrs_msg/environment/pythonpath.dsv
[0.854s] -- Up-to-date symlink: /home/islem/Documents/PFE/install/mrs_msg/local/lib/python3.10/dist-packages/mrs_msg-0.0.0-py3.10.egg-info/PKG-INFO
[0.854s] -- Up-to-date symlink: /home/islem/Documents/PFE/install/mrs_msg/local/lib/python3.10/dist-packages/mrs_msg-0.0.0-py3.10.egg-info/SOURCES.txt
[0.854s] -- Up-to-date symlink: /home/islem/Documents/PFE/install/mrs_msg/local/lib/python3.10/dist-packages/mrs_msg-0.0.0-py3.10.egg-info/dependency_links.txt
[0.854s] -- Up-to-date symlink: /home/islem/Documents/PFE/install/mrs_msg/local/lib/python3.10/dist-packages/mrs_msg-0.0.0-py3.10.egg-info/top_level.txt
[0.855s] -- Up-to-date symlink: /home/islem/Documents/PFE/install/mrs_msg/local/lib/python3.10/dist-packages/mrs_msg/__init__.py
[0.855s] -- Up-to-date symlink: /home/islem/Documents/PFE/install/mrs_msg/local/lib/python3.10/dist-packages/mrs_msg/_mrs_msg_s.ep.rosidl_typesupport_c.c
[0.855s] -- Up-to-date symlink: /home/islem/Documents/PFE/install/mrs_msg/local/lib/python3.10/dist-packages/mrs_msg/_mrs_msg_s.ep.rosidl_typesupport_fastrtps_c.c
[0.855s] -- Up-to-date symlink: /home/islem/Documents/PFE/install/mrs_msg/local/lib/python3.10/dist-packages/mrs_msg/_mrs_msg_s.ep.rosidl_typesupport_introspection_c.c
[0.855s] -- Up-to-date symlink: /home/islem/Documents/PFE/install/mrs_msg/local/lib/python3.10/dist-packages/mrs_msg/libmrs_msg__rosidl_generator_py.so
[0.855s] -- Up-to-date symlink: /home/islem/Documents/PFE/install/mrs_msg/local/lib/python3.10/dist-packages/mrs_msg/mrs_msg_s__rosidl_typesupport_c.cpython-310-x86_64-linux-gnu.so
[0.855s] -- Up-to-date symlink: /home/islem/Documents/PFE/install/mrs_msg/local/lib/python3.10/dist-packages/mrs_msg/mrs_msg_s__rosidl_typesupport_fastrtps_c.cpython-310-x86_64-linux-gnu.so
[0.855s] -- Up-to-date symlink: /home/islem/Documents/PFE/install/mrs_msg/local/lib/python3.10/dist-packages/mrs_msg/mrs_msg_s__rosidl_typesupport_introspection_c.cpython-310-x86_64-linux-gnu.so
[0.856s] -- Up-to-date symlink: /home/islem/Documents/PFE/install/mrs_msg/local/lib/python3.10/dist-packages/mrs_msg/msg/__init__.py
[0.856s] -- Up-to-date symlink: /home/islem/Documents/PFE/install/mrs_msg/local/lib/python3.10/dist-packages/mrs_msg/msg/_num.py
[0.856s] -- Up-to-date symlink: /home/islem/Documents/PFE/install/mrs_msg/local/lib/python3.10/dist-packages/mrs_msg/msg/_num_s.c
[0.856s] -- Up-to-date symlink: /home/islem/Documents/PFE/install/mrs_msg/local/lib/python3.10/dist-packages/mrs_msg/msg/_sphere.py
[0.856s] -- Up-to-date symlink: /home/islem/Documents/PFE/install/mrs_msg/local/lib/python3.10/dist-packages/mrs_msg/msg/_sphere_s.c
[0.856s] -- Up-to-date symlink: /home/islem/Documents/PFE/install/mrs_msg/local/lib/python3.10/dist-packages/mrs_msg/srv/__init__.py
[0.856s] -- Up-to-date symlink: /home/islem/Documents/PFE/install/mrs_msg/local/lib/python3.10/dist-packages/mrs_msg/srv/_add_three_ints.py
[0.856s] -- Up-to-date symlink: /home/islem/Documents/PFE/install/mrs_msg/local/lib/python3.10/dist-packages/mrs_msg/srv/_add_three_ints_s.c
[0.856s] -- Up-to-date symlink: /home/islem/Documents/PFE/install/mrs_msg/local/lib/python3.10/dist-packages/mrs_msg/mrs_msg_s__rosidl_typesupport_fastrtps_c.cpython-310-x86_64-linux-gnu.so
[0.857s] -- Up-to-date symlink: /home/islem/Documents/PFE/install/mrs_msg/local/lib/python3.10/dist-packages/mrs_msg/mrs_msg_s__rosidl_typesupport_introspection_c.cpython-310-x86_64-linux-gnu.so
[0.857s] -- Up-to-date symlink: /home/islem/Documents/PFE/install/mrs_msg/local/lib/python3.10/dist-packages/mrs_msg/mrs_msg_s__rosidl_typesupport_c.cpython-310-x86_64-linux-gnu.so
[0.857s] -- Up-to-date symlink: /home/islem/Documents/PFE/install/mrs_msg/share/mrs_msg/msg/Num.idl
[0.857s] -- Up-to-date symlink: /home/islem/Documents/PFE/install/mrs_msg/share/mrs_msg/msg/Sphere.idl
[0.857s] -- Up-to-date symlink: /home/islem/Documents/PFE/install/mrs_msg/share/mrs_msg/srv/AddThreeInts.idl
[0.857s] -- Up-to-date symlink: /home/islem/Documents/PFE/install/mrs_msg/share/mrs_msg/msg/Num.msg
[0.858s] -- Up-to-date symlink: /home/islem/Documents/PFE/install/mrs_msg/share/mrs_msg/msg/Sphere.msg
[0.858s] -- Up-to-date symlink: /home/islem/Documents/PFE/install/mrs_msg/share/mrs_msg/srv/AddThreeInts.srv
[0.858s] -- Up-to-date symlink: /home/islem/Documents/PFE/install/mrs_msg/share/mrs_msg/srv/AddThreeInts_Request.msg
[0.858s] -- Up-to-date symlink: /home/islem/Documents/PFE/install/mrs_msg/share/mrs_msg/srv/AddThreeInts_Response.msg
[0.858s] -- Up-to-date symlink: /home/islem/Documents/PFE/install/mrs_msg/share/ament_index/resource_index/package_run_dependencies/mrs_msg
[0.858s] -- Up-to-date symlink: /home/islem/Documents/PFE/install/mrs_msg/share/ament_index/resource_index/parent_prefix_path/mrs_msg
[0.858s] -- Up-to-date symlink: /home/islem/Documents/PFE/install/mrs_msg/share/mrs_msg/environment/ament_prefix_path.sh
[0.858s] -- Up-to-date symlink: /home/islem/Documents/PFE/install/mrs_msg/share/mrs_msg/environment/ament_prefix_path.dsv
[0.859s] -- Up-to-date symlink: /home/islem/Documents/PFE/install/mrs_msg/share/mrs_msg/environment/path.sh
[0.859s] -- Up-to-date symlink: /home/islem/Documents/PFE/install/mrs_msg/share/mrs_msg/environment/path.dsv
[0.859s] -- Up-to-date symlink: /home/islem/Documents/PFE/install/mrs_msg/share/mrs_msg/local_setup.bash
[0.859s] -- Up-to-date symlink: /home/islem/Documents/PFE/install/mrs_msg/share/mrs_msg/local_setup.sh
[0.859s] -- Up-to-date symlink: /home/islem/Documents/PFE/install/mrs_msg/share/mrs_msg/local_setup.zsh
[0.859s] -- Up-to-date symlink: /home/islem/Documents/PFE/install/mrs_msg/share/mrs_msg/local_setup.dsv
[0.859s] -- Symlinking: /home/islem/Documents/PFE/install/mrs_msg/share/mrs_msg/package.dsv
[0.868s] -- Up-to-date symlink: /home/islem/Documents/PFE/install/mrs_msg/share/ament_index/resource_index/packages/mrs_msg
[0.868s] -- Up-to-date symlink: /home/islem/Documents/PFE/install/mrs_msg/share/mrs_msg/cmake/rosidl_cmake-extras.cmake
[0.868s] -- Up-to-date symlink: /home/islem/Documents/PFE/install/mrs_msg/share/mrs_msg/cmake/ament_cmake_export_dependencies-extras.cmake
[0.868s] -- Up-to-date symlink: /home/islem/Documents/PFE/install/mrs_msg/share/mrs_msg/cmake/ament_cmake_export_include_directories-extras.cmake
[0.868s] -- Up-to-date symlink: /home/islem/Documents/PFE/install/mrs_msg/share/mrs_msg/cmake/ament_cmake_export_libraries-extras.cmake
[0.868s] -- Up-to-date symlink: /home/islem/Documents/PFE/install/mrs_msg/share/mrs_msg/cmake/ament_cmake_export_targets-extras.cmake
[0.868s] -- Up-to-date symlink: /home/islem/Documents/PFE/install/mrs_msg/share/mrs_msg/cmake/rosidl_cmake_export_typesupport_targets-extras.cmake
[0.868s] -- Up-to-date symlink: /home/islem/Documents/PFE/install/mrs_msg/share/mrs_msg/cmake/rosidl_cmake_export_typesupport_libraries-extras.cmake
[0.868s] -- Up-to-date symlink: /home/islem/Documents/PFE/install/mrs_msg/share/mrs_msg/cmake/mrs_msgConfig.cmake
[0.869s] -- Up-to-date symlink: /home/islem/Documents/PFE/install/mrs_msg/share/mrs_msg/cmake/mrs_msgConfig-version.cmake
[0.869s] -- Up-to-date symlink: /home/islem/Documents/PFE/install/mrs_msg/share/mrs_msg/package.xml
[0.869s] -- Up-to-date: /home/islem/Documents/PFE/install/mrs_msg/lib/libmrs_msg__rosidl_generator_c.so
[0.870s] -- Up-to-date: /home/islem/Documents/PFE/install/mrs_msg/lib/libmrs_msg__rosidl_typesupport_fastrtps_c.so
[0.870s] -- Up-to-date: /home/islem/Documents/PFE/install/mrs_msg/lib/libmrs_msg__rosidl_typesupport_fastrtps_cpp.so
[0.870s] -- Up-to-date: /home/islem/Documents/PFE/install/mrs_msg/lib/libmrs_msg__rosidl_typesupport_introspection_c.so
[0.870s] -- Up-to-date: /home/islem/Documents/PFE/install/mrs_msg/lib/libmrs_msg__rosidl_typesupport_c.so
[0.870s] -- Up-to-date: /home/islem/Documents/PFE/install/mrs_msg/lib/libmrs_msg__rosidl_typesupport_introspection_cpp.so
[0.871s] -- Up-to-date: /home/islem/Documents/PFE/install/mrs_msg/lib/libmrs_msg__rosidl_typesupport_cpp.so
[0.903s] Listing '/home/islem/Documents/PFE/install/mrs_msg/local/lib/python3.10/dist-packages/mrs_msg'...
[0.903s] Listing '/home/islem/Documents/PFE/install/mrs_msg/local/lib/python3.10/dist-packages/mrs_msg/msg'...
[0.903s] Listing '/home/islem/Documents/PFE/install/mrs_msg/local/lib/python3.10/dist-packages/mrs_msg/srv'...
[0.908s] -- Up-to-date: /home/islem/Documents/PFE/install/mrs_msg/lib/libmrs_msg__rosidl_generator_py.so
[0.908s] -- Up-to-date: /home/islem/Documents/PFE/install/mrs_msg/share/mrs_msg/cmake/export_mrs_msg__rosidl_generator_cExport.cmake
[0.908s] -- Up-to-date: /home/islem/Documents/PFE/install/mrs_msg/share/mrs_msg/cmake/export_mrs_msg__rosidl_generator_cExport-noconfig.cmake
[0.908s] -- Up-to-date: /home/islem/Documents/PFE/install/mrs_msg/share/mrs_msg/cmake/export_mrs_msg__rosidl_typesupport_fastrtps_cExport.cmake
[0.909s] -- Up-to-date: /home/islem/Documents/PFE/install/mrs_msg/share/mrs_msg/cmake/export_mrs_msg__rosidl_typesupport_fastrtps_cExport-noconfig.cmake
[0.909s] -- Up-to-date: /home/islem/Documents/PFE/install/mrs_msg/share/mrs_msg/cmake/export_mrs_msg__rosidl_generator_cppExport.cmake
[0.909s] -- Up-to-date: /home/islem/Documents/PFE/install/mrs_msg/share/mrs_msg/cmake/export_mrs_msg__rosidl_typesupport_fastrtps_cppExport.cmake
[0.909s] -- Up-to-date: /home/islem/Documents/PFE/install/mrs_msg/share/mrs_msg/cmake/export_mrs_msg__rosidl_typesupport_fastrtps_cppExport-noconfig.cmake
[0.909s] -- Up-to-date: /home/islem/Documents/PFE/install/mrs_msg/share/mrs_msg/cmake/mrs_msg__rosidl_typesupport_introspection_cExport.cmake
[0.909s] -- Up-to-date: /home/islem/Documents/PFE/install/mrs_msg/share/mrs_msg/cmake/mrs_msg__rosidl_typesupport_introspection_cExport-noconfig.cmake
[0.909s] -- Up-to-date: /home/islem/Documents/PFE/install/mrs_msg/share/mrs_msg/cmake/mrs_msg__rosidl_typesupport_cExport.cmake
[0.909s] -- Up-to-date: /home/islem/Documents/PFE/install/mrs_msg/share/mrs_msg/cmake/mrs_msg__rosidl_typesupport_cExport-noconfig.cmake
[0.909s] -- Up-to-date: /home/islem/Documents/PFE/install/mrs_msg/share/mrs_msg/cmake/mrs_msg__rosidl_typesupport_introspection_cppExport.cmake
[0.909s] -- Up-to-date: /home/islem/Documents/PFE/install/mrs_msg/share/mrs_msg/cmake/mrs_msg__rosidl_typesupport_introspection_cppExport-noconfig.cmake
[0.909s] -- Up-to-date: /home/islem/Documents/PFE/install/mrs_msg/share/mrs_msg/cmake/mrs_msg__rosidl_typesupport_cppExport.cmake
[0.909s] -- Up-to-date: /home/islem/Documents/PFE/install/mrs_msg/share/mrs_msg/cmake/mrs_msg__rosidl_typesupport_cppExport-noconfig.cmake
[0.909s] -- Up-to-date: /home/islem/Documents/PFE/install/mrs_msg/share/mrs_msg/cmake/export_mrs_msg__rosidl_generator_pyExport.cmake
[0.909s] -- Up-to-date: /home/islem/Documents/PFE/install/mrs_msg/share/mrs_msg/cmake/export_mrs_msg__rosidl_generator_pyExport-noconfig.cmake
[0.916s] Invoked command in '/home/islem/Documents/PFE/build/mrs_msg' returned '0': CMAKE_PREFIX_PATH=${CMAKE_PREFIX_PATH}:/home/islem/Documents/PFE/ros2/install/test_dqn:/home/islem/Documents/PFE/ros2/install/gazebo:/home/islem/Documents/PFE/ros2/install/env:/home/islem/Documents/PFE/ros2/install/dqn:/opt/ros/humble /usr/bin/cmake --install /home/islem/Documents/PFE/build/mrs_msg
