[0.366s] Invoking command in '/home/islem/Documents/PFE/ros/build/py_pubsub': PYTHONPATH=/home/islem/Documents/PFE/ros/build/py_pubsub/prefix_override:/home/islem/Documents/PFE/ros/install/py_pubsub/lib/python3.10/site-packages:${PYTHONPATH} /usr/bin/python3 setup.py develop --editable --build-directory /home/islem/Documents/PFE/ros/build/py_pubsub/build --no-deps install_data
[0.500s] running develop
[0.503s] /usr/lib/python3/dist-packages/setuptools/command/easy_install.py:158: EasyInstallDeprecationWarning: easy_install command is deprecated. Use build and pip and other standards-based tools.
[0.503s]   warnings.warn(
[0.504s] /usr/lib/python3/dist-packages/setuptools/command/install.py:34: SetuptoolsDeprecationWarning: setup.py install is deprecated. Use build and pip and other standards-based tools.
[0.504s]   warnings.warn(
[0.535s] /usr/lib/python3/dist-packages/pkg_resources/__init__.py:116: PkgResourcesDeprecationWarning: 1.16.0-unknown is an invalid version and will not be supported in a future release
[0.536s]   warnings.warn(
[0.536s] /usr/lib/python3/dist-packages/pkg_resources/__init__.py:116: PkgResourcesDeprecationWarning: 1.1build1 is an invalid version and will not be supported in a future release
[0.536s]   warnings.warn(
[0.536s] /usr/lib/python3/dist-packages/pkg_resources/__init__.py:116: PkgResourcesDeprecationWarning: 0.1.43ubuntu1 is an invalid version and will not be supported in a future release
[0.536s]   warnings.warn(
[0.593s] running egg_info
[0.593s] creating py_pubsub.egg-info
[0.593s] writing py_pubsub.egg-info/PKG-INFO
[0.593s] writing dependency_links to py_pubsub.egg-info/dependency_links.txt
[0.593s] writing entry points to py_pubsub.egg-info/entry_points.txt
[0.593s] writing requirements to py_pubsub.egg-info/requires.txt
[0.593s] writing top-level names to py_pubsub.egg-info/top_level.txt
[0.593s] writing manifest file 'py_pubsub.egg-info/SOURCES.txt'
[0.594s] reading manifest file 'py_pubsub.egg-info/SOURCES.txt'
[0.595s] writing manifest file 'py_pubsub.egg-info/SOURCES.txt'
[0.596s] running build_ext
[0.596s] Creating /home/islem/Documents/PFE/ros/install/py_pubsub/lib/python3.10/site-packages/py-pubsub.egg-link (link to .)
[0.596s] Installing listener script to /home/islem/Documents/PFE/ros/install/py_pubsub/lib/py_pubsub
[0.596s] Installing talker script to /home/islem/Documents/PFE/ros/install/py_pubsub/lib/py_pubsub
[0.596s] 
[0.596s] Installed /home/islem/Documents/PFE/ros/build/py_pubsub
[0.596s] running install_data
[0.596s] creating /home/islem/Documents/PFE/ros/install/py_pubsub/share/ament_index
[0.596s] creating /home/islem/Documents/PFE/ros/install/py_pubsub/share/ament_index/resource_index
[0.596s] creating /home/islem/Documents/PFE/ros/install/py_pubsub/share/ament_index/resource_index/packages
[0.596s] copying resource/py_pubsub -> /home/islem/Documents/PFE/ros/install/py_pubsub/share/ament_index/resource_index/packages
[0.597s] copying package.xml -> /home/islem/Documents/PFE/ros/install/py_pubsub/share/py_pubsub
[0.613s] Invoked command in '/home/islem/Documents/PFE/ros/build/py_pubsub' returned '0': PYTHONPATH=/home/islem/Documents/PFE/ros/build/py_pubsub/prefix_override:/home/islem/Documents/PFE/ros/install/py_pubsub/lib/python3.10/site-packages:${PYTHONPATH} /usr/bin/python3 setup.py develop --editable --build-directory /home/islem/Documents/PFE/ros/build/py_pubsub/build --no-deps install_data
