[1.228s] Invoking command in '/home/islem/Documents/PFE/build/py_pubsub': PYTHONPATH=/home/islem/Documents/PFE/build/py_pubsub/prefix_override:/home/islem/Documents/PFE/install/py_pubsub/lib/python3.10/site-packages:${PYTHONPATH} /usr/bin/python3 setup.py develop --editable --build-directory /home/islem/Documents/PFE/build/py_pubsub/build --no-deps install_data
[1.564s] running develop
[1.565s] /home/islem/.local/lib/python3.10/site-packages/setuptools/command/easy_install.py:144: EasyInstallDeprecationWarning: easy_install command is deprecated. Use build and pip and other standards-based tools.
[1.565s]   warnings.warn(
[1.592s] /home/islem/.local/lib/python3.10/site-packages/setuptools/command/install.py:34: SetuptoolsDeprecationWarning: setup.py install is deprecated. Use build and pip and other standards-based tools.
[1.592s]   warnings.warn(
[1.761s] running egg_info
[1.761s] creating py_pubsub.egg-info
[1.772s] writing py_pubsub.egg-info/PKG-INFO
[1.773s] writing dependency_links to py_pubsub.egg-info/dependency_links.txt
[1.773s] writing entry points to py_pubsub.egg-info/entry_points.txt
[1.773s] writing requirements to py_pubsub.egg-info/requires.txt
[1.773s] writing top-level names to py_pubsub.egg-info/top_level.txt
[1.773s] writing manifest file 'py_pubsub.egg-info/SOURCES.txt'
[1.817s] reading manifest file 'py_pubsub.egg-info/SOURCES.txt'
[1.818s] writing manifest file 'py_pubsub.egg-info/SOURCES.txt'
[1.842s] running build_ext
[1.842s] Creating /home/islem/Documents/PFE/install/py_pubsub/lib/python3.10/site-packages/py-pubsub.egg-link (link to .)
[1.842s] Installing listener script to /home/islem/Documents/PFE/install/py_pubsub/lib/py_pubsub
[1.842s] Installing talker script to /home/islem/Documents/PFE/install/py_pubsub/lib/py_pubsub
[1.842s] 
[1.842s] Installed /home/islem/Documents/PFE/build/py_pubsub
[1.842s] running install_data
[1.842s] creating /home/islem/Documents/PFE/install/py_pubsub/share/ament_index
[1.842s] creating /home/islem/Documents/PFE/install/py_pubsub/share/ament_index/resource_index
[1.842s] creating /home/islem/Documents/PFE/install/py_pubsub/share/ament_index/resource_index/packages
[1.842s] copying resource/py_pubsub -> /home/islem/Documents/PFE/install/py_pubsub/share/ament_index/resource_index/packages
[1.842s] copying package.xml -> /home/islem/Documents/PFE/install/py_pubsub/share/py_pubsub
[1.903s] Invoked command in '/home/islem/Documents/PFE/build/py_pubsub' returned '0': PYTHONPATH=/home/islem/Documents/PFE/build/py_pubsub/prefix_override:/home/islem/Documents/PFE/install/py_pubsub/lib/python3.10/site-packages:${PYTHONPATH} /usr/bin/python3 setup.py develop --editable --build-directory /home/islem/Documents/PFE/build/py_pubsub/build --no-deps install_data
