[0.710s] Invoking command in '/home/islem/Documents/PFE/build/urdf_example': CMAKE_PREFIX_PATH=${CMAKE_PREFIX_PATH}:/home/islem/Documents/PFE/ros2/install/test_dqn:/home/islem/Documents/PFE/ros2/install/gazebo:/home/islem/Documents/PFE/ros2/install/env:/home/islem/Documents/PFE/ros2/install/dqn:/opt/ros/humble /usr/bin/cmake /home/islem/Documents/PFE/ros/src/urdf_example -DAMENT_CMAKE_SYMLINK_INSTALL=1 -DCMAKE_INSTALL_PREFIX=/home/islem/Documents/PFE/install/urdf_example
[0.716s] -- Found ament_cmake: 1.3.3 (/opt/ros/humble/share/ament_cmake/cmake)
[0.857s] -- Override CMake install command with custom implementation using symlinks instead of copying resources
[0.864s] -- Found ament_lint_auto: 0.12.4 (/opt/ros/humble/share/ament_lint_auto/cmake)
[0.935s] -- Added test 'copyright' to check source files copyright and LICENSE
[0.940s] -- Added test 'flake8' to check Python code syntax and style conventions
[0.941s] -- Added test 'lint_cmake' to check CMake code style
[0.942s] -- Added test 'pep257' to check Python code against some of the docstring style conventions in PEP 257
[0.944s] -- Added test 'xmllint' to check XML markup files
[0.945s] -- Configuring done
[0.948s] -- Generating done
[0.948s] -- Build files have been written to: /home/islem/Documents/PFE/build/urdf_example
[0.952s] Invoked command in '/home/islem/Documents/PFE/build/urdf_example' returned '0': CMAKE_PREFIX_PATH=${CMAKE_PREFIX_PATH}:/home/islem/Documents/PFE/ros2/install/test_dqn:/home/islem/Documents/PFE/ros2/install/gazebo:/home/islem/Documents/PFE/ros2/install/env:/home/islem/Documents/PFE/ros2/install/dqn:/opt/ros/humble /usr/bin/cmake /home/islem/Documents/PFE/ros/src/urdf_example -DAMENT_CMAKE_SYMLINK_INSTALL=1 -DCMAKE_INSTALL_PREFIX=/home/islem/Documents/PFE/install/urdf_example
[0.952s] Invoking command in '/home/islem/Documents/PFE/build/urdf_example': CMAKE_PREFIX_PATH=${CMAKE_PREFIX_PATH}:/home/islem/Documents/PFE/ros2/install/test_dqn:/home/islem/Documents/PFE/ros2/install/gazebo:/home/islem/Documents/PFE/ros2/install/env:/home/islem/Documents/PFE/ros2/install/dqn:/opt/ros/humble /usr/bin/cmake --build /home/islem/Documents/PFE/build/urdf_example -- -j12 -l12
[0.998s] Invoked command in '/home/islem/Documents/PFE/build/urdf_example' returned '0': CMAKE_PREFIX_PATH=${CMAKE_PREFIX_PATH}:/home/islem/Documents/PFE/ros2/install/test_dqn:/home/islem/Documents/PFE/ros2/install/gazebo:/home/islem/Documents/PFE/ros2/install/env:/home/islem/Documents/PFE/ros2/install/dqn:/opt/ros/humble /usr/bin/cmake --build /home/islem/Documents/PFE/build/urdf_example -- -j12 -l12
[1.025s] Invoking command in '/home/islem/Documents/PFE/build/urdf_example': CMAKE_PREFIX_PATH=${CMAKE_PREFIX_PATH}:/home/islem/Documents/PFE/ros2/install/test_dqn:/home/islem/Documents/PFE/ros2/install/gazebo:/home/islem/Documents/PFE/ros2/install/env:/home/islem/Documents/PFE/ros2/install/dqn:/opt/ros/humble /usr/bin/cmake --install /home/islem/Documents/PFE/build/urdf_example
[1.029s] -- Install configuration: ""
[1.029s] -- Execute custom install script
[1.029s] -- Up-to-date symlink: /home/islem/Documents/PFE/install/urdf_example/share/urdf_example/description/example_gazebo.xacro
[1.030s] -- Up-to-date symlink: /home/islem/Documents/PFE/install/urdf_example/share/urdf_example/description/example_include.xacro
[1.030s] -- Up-to-date symlink: /home/islem/Documents/PFE/install/urdf_example/share/urdf_example/description/example_robot.urdf.xacro
[1.030s] -- Up-to-date symlink: /home/islem/Documents/PFE/install/urdf_example/share/urdf_example/description/turtlebot3_burger.urdf
[1.030s] -- Up-to-date symlink: /home/islem/Documents/PFE/install/urdf_example/share/urdf_example/launch/rsp.launch.py
[1.030s] -- Up-to-date symlink: /home/islem/Documents/PFE/install/urdf_example/share/urdf_example/launch/rsp_sim.launch.py
[1.030s] -- Up-to-date symlink: /home/islem/Documents/PFE/install/urdf_example/share/urdf_example/launch/t.launch.py
[1.031s] -- Up-to-date symlink: /home/islem/Documents/PFE/install/urdf_example/share/urdf_example/worlds/t.world
[1.031s] -- Up-to-date symlink: /home/islem/Documents/PFE/install/urdf_example/share/urdf_example/worlds/test_world.world
[1.031s] -- Up-to-date symlink: /home/islem/Documents/PFE/install/urdf_example/share/ament_index/resource_index/package_run_dependencies/urdf_example
[1.031s] -- Up-to-date symlink: /home/islem/Documents/PFE/install/urdf_example/share/ament_index/resource_index/parent_prefix_path/urdf_example
[1.031s] -- Up-to-date symlink: /home/islem/Documents/PFE/install/urdf_example/share/urdf_example/environment/ament_prefix_path.sh
[1.031s] -- Up-to-date symlink: /home/islem/Documents/PFE/install/urdf_example/share/urdf_example/environment/ament_prefix_path.dsv
[1.032s] -- Up-to-date symlink: /home/islem/Documents/PFE/install/urdf_example/share/urdf_example/environment/path.sh
[1.032s] -- Up-to-date symlink: /home/islem/Documents/PFE/install/urdf_example/share/urdf_example/environment/path.dsv
[1.032s] -- Up-to-date symlink: /home/islem/Documents/PFE/install/urdf_example/share/urdf_example/local_setup.bash
[1.032s] -- Up-to-date symlink: /home/islem/Documents/PFE/install/urdf_example/share/urdf_example/local_setup.sh
[1.032s] -- Up-to-date symlink: /home/islem/Documents/PFE/install/urdf_example/share/urdf_example/local_setup.zsh
[1.032s] -- Up-to-date symlink: /home/islem/Documents/PFE/install/urdf_example/share/urdf_example/local_setup.dsv
[1.032s] -- Symlinking: /home/islem/Documents/PFE/install/urdf_example/share/urdf_example/package.dsv
[1.041s] -- Up-to-date symlink: /home/islem/Documents/PFE/install/urdf_example/share/ament_index/resource_index/packages/urdf_example
[1.042s] -- Up-to-date symlink: /home/islem/Documents/PFE/install/urdf_example/share/urdf_example/cmake/urdf_exampleConfig.cmake
[1.042s] -- Up-to-date symlink: /home/islem/Documents/PFE/install/urdf_example/share/urdf_example/cmake/urdf_exampleConfig-version.cmake
[1.042s] -- Up-to-date symlink: /home/islem/Documents/PFE/install/urdf_example/share/urdf_example/package.xml
[1.050s] Invoked command in '/home/islem/Documents/PFE/build/urdf_example' returned '0': CMAKE_PREFIX_PATH=${CMAKE_PREFIX_PATH}:/home/islem/Documents/PFE/ros2/install/test_dqn:/home/islem/Documents/PFE/ros2/install/gazebo:/home/islem/Documents/PFE/ros2/install/env:/home/islem/Documents/PFE/ros2/install/dqn:/opt/ros/humble /usr/bin/cmake --install /home/islem/Documents/PFE/build/urdf_example
