[0.721s] Invoking command in '/home/islem/Documents/PFE/build/urdf_example': CMAKE_PREFIX_PATH=${CMAKE_PREFIX_PATH}:/home/islem/Documents/PFE/ros2/install/test_dqn:/home/islem/Documents/PFE/ros2/install/gazebo:/home/islem/Documents/PFE/ros2/install/env:/home/islem/Documents/PFE/ros2/install/dqn:/opt/ros/humble /usr/bin/cmake /home/islem/Documents/PFE/ros/src/urdf_example -DAMENT_CMAKE_SYMLINK_INSTALL=1 -DCMAKE_INSTALL_PREFIX=/home/islem/Documents/PFE/install/urdf_example
[0.761s] -- The C compiler identification is GNU 11.3.0
[0.803s] -- The CXX compiler identification is GNU 11.3.0
[0.810s] -- Detecting C compiler ABI info
[0.869s] -- Detecting C compiler ABI info - done
[0.877s] -- Check for working C compiler: /usr/bin/cc - skipped
[0.877s] -- Detecting C compile features
[0.878s] -- Detecting C compile features - done
[0.881s] -- Detecting CXX compiler ABI info
[0.950s] -- Detecting CXX compiler ABI info - done
[0.959s] -- Check for working CXX compiler: /usr/bin/c++ - skipped
[0.960s] -- Detecting CXX compile features
[0.960s] -- Detecting CXX compile features - done
[0.962s] -- Found ament_cmake: 1.3.3 (/opt/ros/humble/share/ament_cmake/cmake)
[1.330s] -- Found Python3: /usr/bin/python3.10 (found version "3.10.6") found components: Interpreter 
[1.382s] -- Override CMake install command with custom implementation using symlinks instead of copying resources
[1.408s] -- Found ament_lint_auto: 0.12.4 (/opt/ros/humble/share/ament_lint_auto/cmake)
[1.492s] -- Added test 'copyright' to check source files copyright and LICENSE
[1.499s] -- Added test 'flake8' to check Python code syntax and style conventions
[1.500s] -- Added test 'lint_cmake' to check CMake code style
[1.501s] -- Added test 'pep257' to check Python code against some of the docstring style conventions in PEP 257
[1.506s] -- Added test 'xmllint' to check XML markup files
[1.508s] -- Configuring done
[1.510s] -- Generating done
[1.511s] -- Build files have been written to: /home/islem/Documents/PFE/build/urdf_example
[1.515s] Invoked command in '/home/islem/Documents/PFE/build/urdf_example' returned '0': CMAKE_PREFIX_PATH=${CMAKE_PREFIX_PATH}:/home/islem/Documents/PFE/ros2/install/test_dqn:/home/islem/Documents/PFE/ros2/install/gazebo:/home/islem/Documents/PFE/ros2/install/env:/home/islem/Documents/PFE/ros2/install/dqn:/opt/ros/humble /usr/bin/cmake /home/islem/Documents/PFE/ros/src/urdf_example -DAMENT_CMAKE_SYMLINK_INSTALL=1 -DCMAKE_INSTALL_PREFIX=/home/islem/Documents/PFE/install/urdf_example
[1.517s] Invoking command in '/home/islem/Documents/PFE/build/urdf_example': CMAKE_PREFIX_PATH=${CMAKE_PREFIX_PATH}:/home/islem/Documents/PFE/ros2/install/test_dqn:/home/islem/Documents/PFE/ros2/install/gazebo:/home/islem/Documents/PFE/ros2/install/env:/home/islem/Documents/PFE/ros2/install/dqn:/opt/ros/humble /usr/bin/cmake --build /home/islem/Documents/PFE/build/urdf_example -- -j12 -l12
[1.708s] Invoked command in '/home/islem/Documents/PFE/build/urdf_example' returned '0': CMAKE_PREFIX_PATH=${CMAKE_PREFIX_PATH}:/home/islem/Documents/PFE/ros2/install/test_dqn:/home/islem/Documents/PFE/ros2/install/gazebo:/home/islem/Documents/PFE/ros2/install/env:/home/islem/Documents/PFE/ros2/install/dqn:/opt/ros/humble /usr/bin/cmake --build /home/islem/Documents/PFE/build/urdf_example -- -j12 -l12
[1.730s] Invoking command in '/home/islem/Documents/PFE/build/urdf_example': CMAKE_PREFIX_PATH=${CMAKE_PREFIX_PATH}:/home/islem/Documents/PFE/ros2/install/test_dqn:/home/islem/Documents/PFE/ros2/install/gazebo:/home/islem/Documents/PFE/ros2/install/env:/home/islem/Documents/PFE/ros2/install/dqn:/opt/ros/humble /usr/bin/cmake --install /home/islem/Documents/PFE/build/urdf_example
[1.826s] -- Install configuration: ""
[1.826s] -- Execute custom install script
[1.826s] -- Symlinking: /home/islem/Documents/PFE/install/urdf_example/share/urdf_example/description/example_gazebo.xacro
[1.827s] -- Symlinking: /home/islem/Documents/PFE/install/urdf_example/share/urdf_example/description/example_include.xacro
[1.827s] -- Symlinking: /home/islem/Documents/PFE/install/urdf_example/share/urdf_example/description/example_robot.urdf.xacro
[1.827s] -- Symlinking: /home/islem/Documents/PFE/install/urdf_example/share/urdf_example/description/turtlebot3_burger.urdf
[1.827s] -- Symlinking: /home/islem/Documents/PFE/install/urdf_example/share/urdf_example/launch/rsp.launch.py
[1.827s] -- Symlinking: /home/islem/Documents/PFE/install/urdf_example/share/urdf_example/launch/rsp_sim.launch.py
[1.827s] -- Symlinking: /home/islem/Documents/PFE/install/urdf_example/share/urdf_example/launch/t.launch.py
[1.827s] -- Symlinking: /home/islem/Documents/PFE/install/urdf_example/share/urdf_example/worlds/t.world
[1.827s] -- Symlinking: /home/islem/Documents/PFE/install/urdf_example/share/urdf_example/worlds/test_world.world
[1.827s] -- Symlinking: /home/islem/Documents/PFE/install/urdf_example/share/ament_index/resource_index/package_run_dependencies/urdf_example
[1.832s] -- Symlinking: /home/islem/Documents/PFE/install/urdf_example/share/ament_index/resource_index/parent_prefix_path/urdf_example
[1.836s] -- Symlinking: /home/islem/Documents/PFE/install/urdf_example/share/urdf_example/environment/ament_prefix_path.sh
[1.846s] -- Symlinking: /home/islem/Documents/PFE/install/urdf_example/share/urdf_example/environment/ament_prefix_path.dsv
[1.855s] -- Symlinking: /home/islem/Documents/PFE/install/urdf_example/share/urdf_example/environment/path.sh
[1.864s] -- Symlinking: /home/islem/Documents/PFE/install/urdf_example/share/urdf_example/environment/path.dsv
[1.873s] -- Symlinking: /home/islem/Documents/PFE/install/urdf_example/share/urdf_example/local_setup.bash
[1.883s] -- Symlinking: /home/islem/Documents/PFE/install/urdf_example/share/urdf_example/local_setup.sh
[1.890s] -- Symlinking: /home/islem/Documents/PFE/install/urdf_example/share/urdf_example/local_setup.zsh
[1.896s] -- Symlinking: /home/islem/Documents/PFE/install/urdf_example/share/urdf_example/local_setup.dsv
[1.901s] -- Symlinking: /home/islem/Documents/PFE/install/urdf_example/share/urdf_example/package.dsv
[1.907s] -- Symlinking: /home/islem/Documents/PFE/install/urdf_example/share/ament_index/resource_index/packages/urdf_example
[1.913s] -- Symlinking: /home/islem/Documents/PFE/install/urdf_example/share/urdf_example/cmake/urdf_exampleConfig.cmake
[1.916s] -- Symlinking: /home/islem/Documents/PFE/install/urdf_example/share/urdf_example/cmake/urdf_exampleConfig-version.cmake
[1.921s] -- Symlinking: /home/islem/Documents/PFE/install/urdf_example/share/urdf_example/package.xml
[1.929s] Invoked command in '/home/islem/Documents/PFE/build/urdf_example' returned '0': CMAKE_PREFIX_PATH=${CMAKE_PREFIX_PATH}:/home/islem/Documents/PFE/ros2/install/test_dqn:/home/islem/Documents/PFE/ros2/install/gazebo:/home/islem/Documents/PFE/ros2/install/env:/home/islem/Documents/PFE/ros2/install/dqn:/opt/ros/humble /usr/bin/cmake --install /home/islem/Documents/PFE/build/urdf_example
