[0.710s] Invoking command in '/home/islem/Documents/PFE/build/urdf_example': CMAKE_PREFIX_PATH=${CMAKE_PREFIX_PATH}:/home/islem/Documents/PFE/ros2/install/test_dqn:/home/islem/Documents/PFE/ros2/install/gazebo:/home/islem/Documents/PFE/ros2/install/env:/home/islem/Documents/PFE/ros2/install/dqn:/opt/ros/humble /usr/bin/cmake --build /home/islem/Documents/PFE/build/urdf_example -- -j12 -l12
[0.735s] Invoked command in '/home/islem/Documents/PFE/build/urdf_example' returned '0': CMAKE_PREFIX_PATH=${CMAKE_PREFIX_PATH}:/home/islem/Documents/PFE/ros2/install/test_dqn:/home/islem/Documents/PFE/ros2/install/gazebo:/home/islem/Documents/PFE/ros2/install/env:/home/islem/Documents/PFE/ros2/install/dqn:/opt/ros/humble /usr/bin/cmake --build /home/islem/Documents/PFE/build/urdf_example -- -j12 -l12
[0.758s] Invoking command in '/home/islem/Documents/PFE/build/urdf_example': CMAKE_PREFIX_PATH=${CMAKE_PREFIX_PATH}:/home/islem/Documents/PFE/ros2/install/test_dqn:/home/islem/Documents/PFE/ros2/install/gazebo:/home/islem/Documents/PFE/ros2/install/env:/home/islem/Documents/PFE/ros2/install/dqn:/opt/ros/humble /usr/bin/cmake --install /home/islem/Documents/PFE/build/urdf_example
[0.766s] -- Install configuration: ""
[0.766s] -- Execute custom install script
[0.767s] -- Up-to-date symlink: /home/islem/Documents/PFE/install/urdf_example/share/urdf_example/description/example_gazebo.xacro
[0.767s] -- Up-to-date symlink: /home/islem/Documents/PFE/install/urdf_example/share/urdf_example/description/example_include.xacro
[0.767s] -- Up-to-date symlink: /home/islem/Documents/PFE/install/urdf_example/share/urdf_example/description/example_robot.urdf.xacro
[0.768s] -- Up-to-date symlink: /home/islem/Documents/PFE/install/urdf_example/share/urdf_example/description/turtlebot3_burger.urdf
[0.768s] -- Up-to-date symlink: /home/islem/Documents/PFE/install/urdf_example/share/urdf_example/launch/rsp.launch.py
[0.768s] -- Up-to-date symlink: /home/islem/Documents/PFE/install/urdf_example/share/urdf_example/launch/rsp_sim.launch.py
[0.768s] -- Up-to-date symlink: /home/islem/Documents/PFE/install/urdf_example/share/urdf_example/launch/t.launch.py
[0.768s] -- Up-to-date symlink: /home/islem/Documents/PFE/install/urdf_example/share/urdf_example/worlds/t.world
[0.768s] -- Up-to-date symlink: /home/islem/Documents/PFE/install/urdf_example/share/urdf_example/worlds/test_world.world
[0.769s] -- Up-to-date symlink: /home/islem/Documents/PFE/install/urdf_example/share/ament_index/resource_index/package_run_dependencies/urdf_example
[0.769s] -- Up-to-date symlink: /home/islem/Documents/PFE/install/urdf_example/share/ament_index/resource_index/parent_prefix_path/urdf_example
[0.769s] -- Up-to-date symlink: /home/islem/Documents/PFE/install/urdf_example/share/urdf_example/environment/ament_prefix_path.sh
[0.769s] -- Up-to-date symlink: /home/islem/Documents/PFE/install/urdf_example/share/urdf_example/environment/ament_prefix_path.dsv
[0.769s] -- Up-to-date symlink: /home/islem/Documents/PFE/install/urdf_example/share/urdf_example/environment/path.sh
[0.769s] -- Up-to-date symlink: /home/islem/Documents/PFE/install/urdf_example/share/urdf_example/environment/path.dsv
[0.770s] -- Up-to-date symlink: /home/islem/Documents/PFE/install/urdf_example/share/urdf_example/local_setup.bash
[0.770s] -- Up-to-date symlink: /home/islem/Documents/PFE/install/urdf_example/share/urdf_example/local_setup.sh
[0.770s] -- Up-to-date symlink: /home/islem/Documents/PFE/install/urdf_example/share/urdf_example/local_setup.zsh
[0.770s] -- Up-to-date symlink: /home/islem/Documents/PFE/install/urdf_example/share/urdf_example/local_setup.dsv
[0.770s] -- Symlinking: /home/islem/Documents/PFE/install/urdf_example/share/urdf_example/package.dsv
[0.778s] -- Up-to-date symlink: /home/islem/Documents/PFE/install/urdf_example/share/ament_index/resource_index/packages/urdf_example
[0.778s] -- Up-to-date symlink: /home/islem/Documents/PFE/install/urdf_example/share/urdf_example/cmake/urdf_exampleConfig.cmake
[0.778s] -- Up-to-date symlink: /home/islem/Documents/PFE/install/urdf_example/share/urdf_example/cmake/urdf_exampleConfig-version.cmake
[0.778s] -- Up-to-date symlink: /home/islem/Documents/PFE/install/urdf_example/share/urdf_example/package.xml
[0.781s] Invoked command in '/home/islem/Documents/PFE/build/urdf_example' returned '0': CMAKE_PREFIX_PATH=${CMAKE_PREFIX_PATH}:/home/islem/Documents/PFE/ros2/install/test_dqn:/home/islem/Documents/PFE/ros2/install/gazebo:/home/islem/Documents/PFE/ros2/install/env:/home/islem/Documents/PFE/ros2/install/dqn:/opt/ros/humble /usr/bin/cmake --install /home/islem/Documents/PFE/build/urdf_example
