[0.405s] Invoking command in '/home/islem/Documents/PFE/ros/build/py_pubsub': PYTHONPATH=/home/islem/Documents/PFE/ros/build/py_pubsub/prefix_override:/home/islem/Documents/PFE/ros/install/py_pubsub/lib/python3.10/site-packages:${PYTHONPATH} /usr/bin/python3 setup.py develop --editable --build-directory /home/islem/Documents/PFE/ros/build/py_pubsub/build --no-deps install_data
[0.555s] running develop
[0.558s] /usr/lib/python3/dist-packages/setuptools/command/easy_install.py:158: EasyInstallDeprecationWarning: easy_install command is deprecated. Use build and pip and other standards-based tools.
[0.559s]   warnings.warn(
[0.560s] /usr/lib/python3/dist-packages/setuptools/command/install.py:34: SetuptoolsDeprecationWarning: setup.py install is deprecated. Use build and pip and other standards-based tools.
[0.560s]   warnings.warn(
[0.595s] /usr/lib/python3/dist-packages/pkg_resources/__init__.py:116: PkgResourcesDeprecationWarning: 1.16.0-unknown is an invalid version and will not be supported in a future release
[0.595s]   warnings.warn(
[0.595s] /usr/lib/python3/dist-packages/pkg_resources/__init__.py:116: PkgResourcesDeprecationWarning: 1.1build1 is an invalid version and will not be supported in a future release
[0.595s]   warnings.warn(
[0.595s] /usr/lib/python3/dist-packages/pkg_resources/__init__.py:116: PkgResourcesDeprecationWarning: 0.1.43ubuntu1 is an invalid version and will not be supported in a future release
[0.595s]   warnings.warn(
[0.662s] running egg_info
[0.662s] writing py_pubsub.egg-info/PKG-INFO
[0.662s] writing dependency_links to py_pubsub.egg-info/dependency_links.txt
[0.662s] writing entry points to py_pubsub.egg-info/entry_points.txt
[0.662s] writing requirements to py_pubsub.egg-info/requires.txt
[0.662s] writing top-level names to py_pubsub.egg-info/top_level.txt
[0.663s] reading manifest file 'py_pubsub.egg-info/SOURCES.txt'
[0.665s] writing manifest file 'py_pubsub.egg-info/SOURCES.txt'
[0.666s] running build_ext
[0.666s] Creating /home/islem/Documents/PFE/ros/install/py_pubsub/lib/python3.10/site-packages/py-pubsub.egg-link (link to .)
[0.666s] Installing listener script to /home/islem/Documents/PFE/ros/install/py_pubsub/lib/py_pubsub
[0.666s] Installing talker script to /home/islem/Documents/PFE/ros/install/py_pubsub/lib/py_pubsub
[0.666s] 
[0.666s] Installed /home/islem/Documents/PFE/ros/build/py_pubsub
[0.666s] running install_data
[0.666s] copying package.xml -> /home/islem/Documents/PFE/ros/install/py_pubsub/share/py_pubsub
[0.685s] Invoked command in '/home/islem/Documents/PFE/ros/build/py_pubsub' returned '0': PYTHONPATH=/home/islem/Documents/PFE/ros/build/py_pubsub/prefix_override:/home/islem/Documents/PFE/ros/install/py_pubsub/lib/python3.10/site-packages:${PYTHONPATH} /usr/bin/python3 setup.py develop --editable --build-directory /home/islem/Documents/PFE/ros/build/py_pubsub/build --no-deps install_data
