[0.370s] Invoking command in '/home/islem/Documents/PFE/build/mrs_msg': CMAKE_PREFIX_PATH=${CMAKE_PREFIX_PATH}:/home/islem/Documents/PFE/ros2/install/test_dqn:/home/islem/Documents/PFE/ros2/install/gazebo:/home/islem/Documents/PFE/ros2/install/env:/home/islem/Documents/PFE/ros2/install/dqn:/opt/ros/humble /usr/bin/cmake /home/islem/Documents/PFE/ros2/venv/mrs_msg -DAMENT_CMAKE_SYMLINK_INSTALL=1 -DCMAKE_INSTALL_PREFIX=/home/islem/Documents/PFE/install/mrs_msg
[0.728s] -- Found ament_cmake: 1.3.3 (/opt/ros/humble/share/ament_cmake/cmake)
[0.728s] -- Override CMake install command with custom implementation using symlinks instead of copying resources
[0.729s] -- Found geometry_msgs: 4.2.2 (/opt/ros/humble/share/geometry_msgs/cmake)
[0.729s] -- Found rosidl_generator_c: 3.1.4 (/opt/ros/humble/share/rosidl_generator_c/cmake)
[0.729s] -- Found rosidl_adapter: 3.1.4 (/opt/ros/humble/share/rosidl_adapter/cmake)
[0.729s] -- Found rosidl_generator_cpp: 3.1.4 (/opt/ros/humble/share/rosidl_generator_cpp/cmake)
[0.729s] -- Using all available rosidl_typesupport_c: rosidl_typesupport_fastrtps_c;rosidl_typesupport_introspection_c
[0.729s] -- Using all available rosidl_typesupport_cpp: rosidl_typesupport_fastrtps_cpp;rosidl_typesupport_introspection_cpp
[0.729s] -- Found rosidl_default_generators: 1.2.0 (/opt/ros/humble/share/rosidl_default_generators/cmake)
[0.806s] -- Found ament_cmake_ros: 0.10.0 (/opt/ros/humble/share/ament_cmake_ros/cmake)
[1.250s] -- Using all available rosidl_typesupport_c: rosidl_typesupport_fastrtps_c;rosidl_typesupport_introspection_c
[1.353s] -- Using all available rosidl_typesupport_cpp: rosidl_typesupport_fastrtps_cpp;rosidl_typesupport_introspection_cpp
[1.368s] -- Found python_cmake_module: 0.10.0 (/opt/ros/humble/share/python_cmake_module/cmake)
[1.383s] -- Using PYTHON_EXECUTABLE: /usr/bin/python3
[1.383s] -- Using PYTHON_INCLUDE_DIRS: /usr/include/python3.10
[1.383s] -- Using PYTHON_LIBRARIES: /usr/lib/x86_64-linux-gnu/libpython3.10.so
[1.408s] -- Found ament_lint_auto: 0.12.4 (/opt/ros/humble/share/ament_lint_auto/cmake)
[1.414s] -- Added test 'lint_cmake' to check CMake code style
[1.415s] -- Added test 'xmllint' to check XML markup files
[1.417s] -- Configuring done
[1.447s] -- Generating done
[1.448s] -- Build files have been written to: /home/islem/Documents/PFE/build/mrs_msg
