-- Found ament_cmake: 1.3.3 (/opt/ros/humble/share/ament_cmake/cmake)
-- Override CMake install command with custom implementation using symlinks instead of copying resources
-- Found rosidl_default_generators: 1.2.0 (/opt/ros/humble/share/rosidl_default_generators/cmake)
-- Using all available rosidl_typesupport_c: rosidl_typesupport_fastrtps_c;rosidl_typesupport_introspection_c
-- Found rosidl_adapter: 3.1.4 (/opt/ros/humble/share/rosidl_adapter/cmake)
-- Using all available rosidl_typesupport_cpp: rosidl_typesupport_fastrtps_cpp;rosidl_typesupport_introspection_cpp
-- Found ament_cmake_ros: 0.10.0 (/opt/ros/humble/share/ament_cmake_ros/cmake)
-- Using all available rosidl_typesupport_c: rosidl_typesupport_fastrtps_c;rosidl_typesupport_introspection_c
-- Using all available rosidl_typesupport_cpp: rosidl_typesupport_fastrtps_cpp;rosidl_typesupport_introspection_cpp
-- Found python_cmake_module: 0.10.0 (/opt/ros/humble/share/python_cmake_module/cmake)
-- Using PYTHON_EXECUTABLE: /usr/bin/python3
-- Using PYTHON_INCLUDE_DIRS: /usr/include/python3.10
-- Using PYTHON_LIBRARIES: /usr/lib/x86_64-linux-gnu/libpython3.10.so
-- Found ament_lint_auto: 0.12.4 (/opt/ros/humble/share/ament_lint_auto/cmake)
-- Added test 'lint_cmake' to check CMake code style
-- Added test 'xmllint' to check XML markup files
-- Configuring done
-- Generating done
-- Build files have been written to: /home/islem/Documents/PFE/build/dqn_msg
[  1%] [34m[1mGenerating C code for ROS interfaces[0m
[  3%] [34m[1mGenerating C++ code for ROS interfaces[0m
[  3%] Built target ament_cmake_python_symlink_dqn_msg
running egg_info
writing dqn_msg.egg-info/PKG-INFO
writing dependency_links to dqn_msg.egg-info/dependency_links.txt
writing top-level names to dqn_msg.egg-info/top_level.txt
reading manifest file 'dqn_msg.egg-info/SOURCES.txt'
writing manifest file 'dqn_msg.egg-info/SOURCES.txt'
[  3%] Built target ament_cmake_python_build_dqn_msg_egg
[35m[1mConsolidate compiler generated dependencies of target dqn_msg__rosidl_generator_c[0m
[  9%] [32mBuilding C object CMakeFiles/dqn_msg__rosidl_generator_c.dir/rosidl_generator_c/dqn_msg/msg/detail/goal__functions.c.o[0m
[  9%] [32mBuilding C object CMakeFiles/dqn_msg__rosidl_generator_c.dir/rosidl_generator_c/dqn_msg/srv/detail/mdqn__functions.c.o[0m
[  9%] [32mBuilding C object CMakeFiles/dqn_msg__rosidl_generator_c.dir/rosidl_generator_c/dqn_msg/srv/detail/mac__functions.c.o[0m
[  9%] [32mBuilding C object CMakeFiles/dqn_msg__rosidl_generator_c.dir/rosidl_generator_c/dqn_msg/srv/detail/goal__functions.c.o[0m
[ 11%] [32mBuilding C object CMakeFiles/dqn_msg__rosidl_generator_c.dir/rosidl_generator_c/dqn_msg/srv/detail/dqnn__functions.c.o[0m
[ 11%] Built target dqn_msg__cpp
[ 14%] [34m[1mGenerating C++ introspection for ROS interfaces[0m
[ 14%] [34m[1mGenerating C++ type support for eProsima Fast-RTPS[0m
[ 15%] [34m[1mGenerating C++ type support dispatch for ROS interfaces[0m
[ 17%] [32m[1mLinking C shared library libdqn_msg__rosidl_generator_c.so[0m
[ 17%] Built target dqn_msg__rosidl_generator_c
[ 22%] [34m[1mGenerating C type support for eProsima Fast-RTPS[0m
[ 22%] [34m[1mGenerating C introspection for ROS interfaces[0m
[ 22%] [34m[1mGenerating C type support dispatch for ROS interfaces[0m
[35m[1mConsolidate compiler generated dependencies of target dqn_msg__rosidl_typesupport_cpp[0m
[ 23%] [32mBuilding CXX object CMakeFiles/dqn_msg__rosidl_typesupport_cpp.dir/rosidl_typesupport_cpp/dqn_msg/srv/mdqn__type_support.cpp.o[0m
[ 25%] [32mBuilding CXX object CMakeFiles/dqn_msg__rosidl_typesupport_cpp.dir/rosidl_typesupport_cpp/dqn_msg/srv/dqnn__type_support.cpp.o[0m
[ 26%] [32mBuilding CXX object CMakeFiles/dqn_msg__rosidl_typesupport_cpp.dir/rosidl_typesupport_cpp/dqn_msg/srv/goal__type_support.cpp.o[0m
[ 28%] [32mBuilding CXX object CMakeFiles/dqn_msg__rosidl_typesupport_cpp.dir/rosidl_typesupport_cpp/dqn_msg/msg/goal__type_support.cpp.o[0m
[ 30%] [32mBuilding CXX object CMakeFiles/dqn_msg__rosidl_typesupport_cpp.dir/rosidl_typesupport_cpp/dqn_msg/srv/mac__type_support.cpp.o[0m
[35m[1mConsolidate compiler generated dependencies of target dqn_msg__rosidl_typesupport_c[0m
[ 31%] [32mBuilding CXX object CMakeFiles/dqn_msg__rosidl_typesupport_c.dir/rosidl_typesupport_c/dqn_msg/msg/goal__type_support.cpp.o[0m
[ 33%] [32mBuilding CXX object CMakeFiles/dqn_msg__rosidl_typesupport_c.dir/rosidl_typesupport_c/dqn_msg/srv/dqnn__type_support.cpp.o[0m
[ 34%] [32mBuilding CXX object CMakeFiles/dqn_msg__rosidl_typesupport_c.dir/rosidl_typesupport_c/dqn_msg/srv/goal__type_support.cpp.o[0m
[ 36%] [32mBuilding CXX object CMakeFiles/dqn_msg__rosidl_typesupport_c.dir/rosidl_typesupport_c/dqn_msg/srv/mdqn__type_support.cpp.o[0m
[ 38%] [32mBuilding CXX object CMakeFiles/dqn_msg__rosidl_typesupport_c.dir/rosidl_typesupport_c/dqn_msg/srv/mac__type_support.cpp.o[0m
[ 39%] [32m[1mLinking CXX shared library libdqn_msg__rosidl_typesupport_c.so[0m
[ 39%] Built target dqn_msg__rosidl_typesupport_c
[35m[1mConsolidate compiler generated dependencies of target dqn_msg__rosidl_typesupport_introspection_c[0m
[ 41%] [32mBuilding C object CMakeFiles/dqn_msg__rosidl_typesupport_introspection_c.dir/rosidl_typesupport_introspection_c/dqn_msg/srv/detail/dqnn__type_support.c.o[0m
[ 42%] [32mBuilding C object CMakeFiles/dqn_msg__rosidl_typesupport_introspection_c.dir/rosidl_typesupport_introspection_c/dqn_msg/srv/detail/mdqn__type_support.c.o[0m
[ 44%] [32mBuilding C object CMakeFiles/dqn_msg__rosidl_typesupport_introspection_c.dir/rosidl_typesupport_introspection_c/dqn_msg/srv/detail/goal__type_support.c.o[0m
[ 46%] [32mBuilding C object CMakeFiles/dqn_msg__rosidl_typesupport_introspection_c.dir/rosidl_typesupport_introspection_c/dqn_msg/msg/detail/goal__type_support.c.o[0m
[ 47%] [32mBuilding C object CMakeFiles/dqn_msg__rosidl_typesupport_introspection_c.dir/rosidl_typesupport_introspection_c/dqn_msg/srv/detail/mac__type_support.c.o[0m
[35m[1mConsolidate compiler generated dependencies of target dqn_msg__rosidl_typesupport_fastrtps_c[0m
[ 49%] [32mBuilding CXX object CMakeFiles/dqn_msg__rosidl_typesupport_fastrtps_c.dir/rosidl_typesupport_fastrtps_c/dqn_msg/msg/detail/goal__type_support_c.cpp.o[0m
[ 50%] [32mBuilding CXX object CMakeFiles/dqn_msg__rosidl_typesupport_fastrtps_c.dir/rosidl_typesupport_fastrtps_c/dqn_msg/srv/detail/dqnn__type_support_c.cpp.o[0m
[ 52%] [32mBuilding CXX object CMakeFiles/dqn_msg__rosidl_typesupport_fastrtps_c.dir/rosidl_typesupport_fastrtps_c/dqn_msg/srv/detail/goal__type_support_c.cpp.o[0m
[ 53%] [32mBuilding CXX object CMakeFiles/dqn_msg__rosidl_typesupport_fastrtps_c.dir/rosidl_typesupport_fastrtps_c/dqn_msg/srv/detail/mac__type_support_c.cpp.o[0m
[ 57%] [32m[1mLinking C shared library libdqn_msg__rosidl_typesupport_introspection_c.so[0m
[ 57%] [32mBuilding CXX object CMakeFiles/dqn_msg__rosidl_typesupport_fastrtps_c.dir/rosidl_typesupport_fastrtps_c/dqn_msg/srv/detail/mdqn__type_support_c.cpp.o[0m
[35m[1mConsolidate compiler generated dependencies of target dqn_msg__rosidl_typesupport_introspection_cpp[0m
[ 58%] [32m[1mLinking CXX shared library libdqn_msg__rosidl_typesupport_cpp.so[0m
[ 61%] [32mBuilding CXX object CMakeFiles/dqn_msg__rosidl_typesupport_introspection_cpp.dir/rosidl_typesupport_introspection_cpp/dqn_msg/msg/detail/goal__type_support.cpp.o[0m
[ 61%] [32mBuilding CXX object CMakeFiles/dqn_msg__rosidl_typesupport_introspection_cpp.dir/rosidl_typesupport_introspection_cpp/dqn_msg/srv/detail/dqnn__type_support.cpp.o[0m
[ 63%] [32mBuilding CXX object CMakeFiles/dqn_msg__rosidl_typesupport_introspection_cpp.dir/rosidl_typesupport_introspection_cpp/dqn_msg/srv/detail/mdqn__type_support.cpp.o[0m
[ 65%] [32mBuilding CXX object CMakeFiles/dqn_msg__rosidl_typesupport_introspection_cpp.dir/rosidl_typesupport_introspection_cpp/dqn_msg/srv/detail/goal__type_support.cpp.o[0m
[ 65%] Built target dqn_msg__rosidl_typesupport_introspection_c
[ 66%] [32mBuilding CXX object CMakeFiles/dqn_msg__rosidl_typesupport_introspection_cpp.dir/rosidl_typesupport_introspection_cpp/dqn_msg/srv/detail/mac__type_support.cpp.o[0m
[ 66%] Built target dqn_msg__rosidl_typesupport_cpp
[35m[1mConsolidate compiler generated dependencies of target dqn_msg__rosidl_typesupport_fastrtps_cpp[0m
[ 68%] [32mBuilding CXX object CMakeFiles/dqn_msg__rosidl_typesupport_fastrtps_cpp.dir/rosidl_typesupport_fastrtps_cpp/dqn_msg/msg/detail/dds_fastrtps/goal__type_support.cpp.o[0m
[ 69%] [32mBuilding CXX object CMakeFiles/dqn_msg__rosidl_typesupport_fastrtps_cpp.dir/rosidl_typesupport_fastrtps_cpp/dqn_msg/srv/detail/dds_fastrtps/dqnn__type_support.cpp.o[0m
[ 71%] [32mBuilding CXX object CMakeFiles/dqn_msg__rosidl_typesupport_fastrtps_cpp.dir/rosidl_typesupport_fastrtps_cpp/dqn_msg/srv/detail/dds_fastrtps/goal__type_support.cpp.o[0m
[ 73%] [32mBuilding CXX object CMakeFiles/dqn_msg__rosidl_typesupport_fastrtps_cpp.dir/rosidl_typesupport_fastrtps_cpp/dqn_msg/srv/detail/dds_fastrtps/mdqn__type_support.cpp.o[0m
[ 74%] [32mBuilding CXX object CMakeFiles/dqn_msg__rosidl_typesupport_fastrtps_cpp.dir/rosidl_typesupport_fastrtps_cpp/dqn_msg/srv/detail/dds_fastrtps/mac__type_support.cpp.o[0m
[ 76%] [32m[1mLinking CXX shared library libdqn_msg__rosidl_typesupport_fastrtps_c.so[0m
[ 76%] Built target dqn_msg__rosidl_typesupport_fastrtps_c
[ 77%] [32m[1mLinking CXX shared library libdqn_msg__rosidl_typesupport_introspection_cpp.so[0m
[ 77%] Built target dqn_msg__rosidl_typesupport_introspection_cpp
[ 79%] [32m[1mLinking CXX shared library libdqn_msg__rosidl_typesupport_fastrtps_cpp.so[0m
[ 79%] Built target dqn_msg__rosidl_typesupport_fastrtps_cpp
[ 79%] Built target dqn_msg
[ 80%] [34m[1mGenerating Python code for ROS interfaces[0m
[ 80%] Built target dqn_msg__py
[35m[1mConsolidate compiler generated dependencies of target dqn_msg__rosidl_generator_py[0m
[ 82%] [32mBuilding C object CMakeFiles/dqn_msg__rosidl_generator_py.dir/rosidl_generator_py/dqn_msg/msg/_goal_s.c.o[0m
[ 85%] [32mBuilding C object CMakeFiles/dqn_msg__rosidl_generator_py.dir/rosidl_generator_py/dqn_msg/srv/_goal_s.c.o[0m
[ 85%] [32mBuilding C object CMakeFiles/dqn_msg__rosidl_generator_py.dir/rosidl_generator_py/dqn_msg/srv/_mdqn_s.c.o[0m
[ 88%] [32mBuilding C object CMakeFiles/dqn_msg__rosidl_generator_py.dir/rosidl_generator_py/dqn_msg/srv/_mac_s.c.o[0m
[ 88%] [32mBuilding C object CMakeFiles/dqn_msg__rosidl_generator_py.dir/rosidl_generator_py/dqn_msg/srv/_dqnn_s.c.o[0m
[ 90%] [32m[1mLinking C shared library rosidl_generator_py/dqn_msg/libdqn_msg__rosidl_generator_py.so[0m
[ 90%] Built target dqn_msg__rosidl_generator_py
[35m[1mConsolidate compiler generated dependencies of target dqn_msg__rosidl_typesupport_fastrtps_c__pyext[0m
[35m[1mConsolidate compiler generated dependencies of target dqn_msg__rosidl_typesupport_c__pyext[0m
[35m[1mConsolidate compiler generated dependencies of target dqn_msg__rosidl_typesupport_introspection_c__pyext[0m
[ 93%] [32mBuilding C object CMakeFiles/dqn_msg__rosidl_typesupport_c__pyext.dir/rosidl_generator_py/dqn_msg/_dqn_msg_s.ep.rosidl_typesupport_c.c.o[0m
[ 93%] [32mBuilding C object CMakeFiles/dqn_msg__rosidl_typesupport_fastrtps_c__pyext.dir/rosidl_generator_py/dqn_msg/_dqn_msg_s.ep.rosidl_typesupport_fastrtps_c.c.o[0m
[ 95%] [32mBuilding C object CMakeFiles/dqn_msg__rosidl_typesupport_introspection_c__pyext.dir/rosidl_generator_py/dqn_msg/_dqn_msg_s.ep.rosidl_typesupport_introspection_c.c.o[0m
[ 98%] [32m[1mLinking C shared library rosidl_generator_py/dqn_msg/dqn_msg_s__rosidl_typesupport_introspection_c.cpython-310-x86_64-linux-gnu.so[0m
[ 98%] [32m[1mLinking C shared library rosidl_generator_py/dqn_msg/dqn_msg_s__rosidl_typesupport_fastrtps_c.cpython-310-x86_64-linux-gnu.so[0m
[100%] [32m[1mLinking C shared library rosidl_generator_py/dqn_msg/dqn_msg_s__rosidl_typesupport_c.cpython-310-x86_64-linux-gnu.so[0m
[100%] Built target dqn_msg__rosidl_typesupport_c__pyext
[100%] Built target dqn_msg__rosidl_typesupport_introspection_c__pyext
[100%] Built target dqn_msg__rosidl_typesupport_fastrtps_c__pyext
