[0.142s] Invoking command in '/home/islem/Documents/PFE/build/dqn_msg': CMAKE_PREFIX_PATH=${CMAKE_PREFIX_PATH}:/home/islem/Documents/PFE/ros2/install/test_dqn:/home/islem/Documents/PFE/ros2/install/gazebo:/home/islem/Documents/PFE/ros2/install/env:/home/islem/Documents/PFE/ros2/install/dqn:/opt/ros/humble /usr/bin/cmake --build /home/islem/Documents/PFE/build/dqn_msg -- -j12 -l12
[0.737s] -- Found ament_cmake: 1.3.3 (/opt/ros/humble/share/ament_cmake/cmake)
[0.737s] -- Override CMake install command with custom implementation using symlinks instead of copying resources
[0.737s] -- Found rosidl_default_generators: 1.2.0 (/opt/ros/humble/share/rosidl_default_generators/cmake)
[0.737s] -- Using all available rosidl_typesupport_c: rosidl_typesupport_fastrtps_c;rosidl_typesupport_introspection_c
[0.738s] -- Found rosidl_adapter: 3.1.4 (/opt/ros/humble/share/rosidl_adapter/cmake)
[0.738s] -- Using all available rosidl_typesupport_cpp: rosidl_typesupport_fastrtps_cpp;rosidl_typesupport_introspection_cpp
[0.738s] -- Found ament_cmake_ros: 0.10.0 (/opt/ros/humble/share/ament_cmake_ros/cmake)
[0.738s] -- Using all available rosidl_typesupport_c: rosidl_typesupport_fastrtps_c;rosidl_typesupport_introspection_c
[0.772s] -- Using all available rosidl_typesupport_cpp: rosidl_typesupport_fastrtps_cpp;rosidl_typesupport_introspection_cpp
[0.795s] -- Found python_cmake_module: 0.10.0 (/opt/ros/humble/share/python_cmake_module/cmake)
[0.823s] -- Using PYTHON_EXECUTABLE: /usr/bin/python3
[0.823s] -- Using PYTHON_INCLUDE_DIRS: /usr/include/python3.10
[0.823s] -- Using PYTHON_LIBRARIES: /usr/lib/x86_64-linux-gnu/libpython3.10.so
[0.838s] -- Found ament_lint_auto: 0.12.4 (/opt/ros/humble/share/ament_lint_auto/cmake)
[0.847s] -- Added test 'lint_cmake' to check CMake code style
[0.848s] -- Added test 'xmllint' to check XML markup files
[0.852s] -- Configuring done
[0.883s] -- Generating done
[0.885s] -- Build files have been written to: /home/islem/Documents/PFE/build/dqn_msg
[0.907s] [  1%] [34m[1mGenerating C code for ROS interfaces[0m
[0.918s] [  3%] [34m[1mGenerating C++ code for ROS interfaces[0m
[0.922s] [  3%] Built target ament_cmake_python_symlink_dqn_msg
[1.096s] running egg_info
[1.106s] writing dqn_msg.egg-info/PKG-INFO
[1.107s] writing dependency_links to dqn_msg.egg-info/dependency_links.txt
[1.107s] writing top-level names to dqn_msg.egg-info/top_level.txt
[1.140s] reading manifest file 'dqn_msg.egg-info/SOURCES.txt'
[1.140s] writing manifest file 'dqn_msg.egg-info/SOURCES.txt'
[1.161s] [  3%] Built target ament_cmake_python_build_dqn_msg_egg
[1.344s] [35m[1mConsolidate compiler generated dependencies of target dqn_msg__rosidl_generator_c[0m
[1.351s] [  9%] [32mBuilding C object CMakeFiles/dqn_msg__rosidl_generator_c.dir/rosidl_generator_c/dqn_msg/msg/detail/goal__functions.c.o[0m
[1.351s] [  9%] [32mBuilding C object CMakeFiles/dqn_msg__rosidl_generator_c.dir/rosidl_generator_c/dqn_msg/srv/detail/mdqn__functions.c.o[0m
[1.351s] [  9%] [32mBuilding C object CMakeFiles/dqn_msg__rosidl_generator_c.dir/rosidl_generator_c/dqn_msg/srv/detail/mac__functions.c.o[0m
[1.351s] [  9%] [32mBuilding C object CMakeFiles/dqn_msg__rosidl_generator_c.dir/rosidl_generator_c/dqn_msg/srv/detail/goal__functions.c.o[0m
[1.352s] [ 11%] [32mBuilding C object CMakeFiles/dqn_msg__rosidl_generator_c.dir/rosidl_generator_c/dqn_msg/srv/detail/dqnn__functions.c.o[0m
[1.373s] [ 11%] Built target dqn_msg__cpp
[1.379s] [ 14%] [34m[1mGenerating C++ introspection for ROS interfaces[0m
[1.379s] [ 14%] [34m[1mGenerating C++ type support for eProsima Fast-RTPS[0m
[1.380s] [ 15%] [34m[1mGenerating C++ type support dispatch for ROS interfaces[0m
[1.400s] [ 17%] [32m[1mLinking C shared library libdqn_msg__rosidl_generator_c.so[0m
[1.422s] [ 17%] Built target dqn_msg__rosidl_generator_c
[1.428s] [ 22%] [34m[1mGenerating C type support for eProsima Fast-RTPS[0m
[1.428s] [ 22%] [34m[1mGenerating C introspection for ROS interfaces[0m
[1.428s] [ 22%] [34m[1mGenerating C type support dispatch for ROS interfaces[0m
[1.585s] [35m[1mConsolidate compiler generated dependencies of target dqn_msg__rosidl_typesupport_cpp[0m
[1.594s] [ 23%] [32mBuilding CXX object CMakeFiles/dqn_msg__rosidl_typesupport_cpp.dir/rosidl_typesupport_cpp/dqn_msg/srv/mdqn__type_support.cpp.o[0m
[1.595s] [ 25%] [32mBuilding CXX object CMakeFiles/dqn_msg__rosidl_typesupport_cpp.dir/rosidl_typesupport_cpp/dqn_msg/srv/dqnn__type_support.cpp.o[0m
[1.595s] [ 26%] [32mBuilding CXX object CMakeFiles/dqn_msg__rosidl_typesupport_cpp.dir/rosidl_typesupport_cpp/dqn_msg/srv/goal__type_support.cpp.o[0m
[1.596s] [ 28%] [32mBuilding CXX object CMakeFiles/dqn_msg__rosidl_typesupport_cpp.dir/rosidl_typesupport_cpp/dqn_msg/msg/goal__type_support.cpp.o[0m
[1.597s] [ 30%] [32mBuilding CXX object CMakeFiles/dqn_msg__rosidl_typesupport_cpp.dir/rosidl_typesupport_cpp/dqn_msg/srv/mac__type_support.cpp.o[0m
[1.639s] [35m[1mConsolidate compiler generated dependencies of target dqn_msg__rosidl_typesupport_c[0m
[1.646s] [ 31%] [32mBuilding CXX object CMakeFiles/dqn_msg__rosidl_typesupport_c.dir/rosidl_typesupport_c/dqn_msg/msg/goal__type_support.cpp.o[0m
[1.648s] [ 33%] [32mBuilding CXX object CMakeFiles/dqn_msg__rosidl_typesupport_c.dir/rosidl_typesupport_c/dqn_msg/srv/dqnn__type_support.cpp.o[0m
[1.650s] [ 34%] [32mBuilding CXX object CMakeFiles/dqn_msg__rosidl_typesupport_c.dir/rosidl_typesupport_c/dqn_msg/srv/goal__type_support.cpp.o[0m
[1.673s] [ 36%] [32mBuilding CXX object CMakeFiles/dqn_msg__rosidl_typesupport_c.dir/rosidl_typesupport_c/dqn_msg/srv/mdqn__type_support.cpp.o[0m
[1.674s] [ 38%] [32mBuilding CXX object CMakeFiles/dqn_msg__rosidl_typesupport_c.dir/rosidl_typesupport_c/dqn_msg/srv/mac__type_support.cpp.o[0m
[1.701s] [ 39%] [32m[1mLinking CXX shared library libdqn_msg__rosidl_typesupport_c.so[0m
[1.732s] [ 39%] Built target dqn_msg__rosidl_typesupport_c
[1.749s] [35m[1mConsolidate compiler generated dependencies of target dqn_msg__rosidl_typesupport_introspection_c[0m
[1.759s] [ 41%] [32mBuilding C object CMakeFiles/dqn_msg__rosidl_typesupport_introspection_c.dir/rosidl_typesupport_introspection_c/dqn_msg/srv/detail/dqnn__type_support.c.o[0m
[1.759s] [ 42%] [32mBuilding C object CMakeFiles/dqn_msg__rosidl_typesupport_introspection_c.dir/rosidl_typesupport_introspection_c/dqn_msg/srv/detail/mdqn__type_support.c.o[0m
[1.759s] [ 44%] [32mBuilding C object CMakeFiles/dqn_msg__rosidl_typesupport_introspection_c.dir/rosidl_typesupport_introspection_c/dqn_msg/srv/detail/goal__type_support.c.o[0m
[1.760s] [ 46%] [32mBuilding C object CMakeFiles/dqn_msg__rosidl_typesupport_introspection_c.dir/rosidl_typesupport_introspection_c/dqn_msg/msg/detail/goal__type_support.c.o[0m
[1.798s] [ 47%] [32mBuilding C object CMakeFiles/dqn_msg__rosidl_typesupport_introspection_c.dir/rosidl_typesupport_introspection_c/dqn_msg/srv/detail/mac__type_support.c.o[0m
[1.823s] [35m[1mConsolidate compiler generated dependencies of target dqn_msg__rosidl_typesupport_fastrtps_c[0m
[1.835s] [ 49%] [32mBuilding CXX object CMakeFiles/dqn_msg__rosidl_typesupport_fastrtps_c.dir/rosidl_typesupport_fastrtps_c/dqn_msg/msg/detail/goal__type_support_c.cpp.o[0m
[1.835s] [ 50%] [32mBuilding CXX object CMakeFiles/dqn_msg__rosidl_typesupport_fastrtps_c.dir/rosidl_typesupport_fastrtps_c/dqn_msg/srv/detail/dqnn__type_support_c.cpp.o[0m
[1.836s] [ 52%] [32mBuilding CXX object CMakeFiles/dqn_msg__rosidl_typesupport_fastrtps_c.dir/rosidl_typesupport_fastrtps_c/dqn_msg/srv/detail/goal__type_support_c.cpp.o[0m
[1.837s] [ 53%] [32mBuilding CXX object CMakeFiles/dqn_msg__rosidl_typesupport_fastrtps_c.dir/rosidl_typesupport_fastrtps_c/dqn_msg/srv/detail/mac__type_support_c.cpp.o[0m
[1.837s] [ 57%] [32m[1mLinking C shared library libdqn_msg__rosidl_typesupport_introspection_c.so[0m
[1.837s] [ 57%] [32mBuilding CXX object CMakeFiles/dqn_msg__rosidl_typesupport_fastrtps_c.dir/rosidl_typesupport_fastrtps_c/dqn_msg/srv/detail/mdqn__type_support_c.cpp.o[0m
[1.839s] [35m[1mConsolidate compiler generated dependencies of target dqn_msg__rosidl_typesupport_introspection_cpp[0m
[1.845s] [ 58%] [32m[1mLinking CXX shared library libdqn_msg__rosidl_typesupport_cpp.so[0m
[1.851s] [ 61%] [32mBuilding CXX object CMakeFiles/dqn_msg__rosidl_typesupport_introspection_cpp.dir/rosidl_typesupport_introspection_cpp/dqn_msg/msg/detail/goal__type_support.cpp.o[0m
[1.851s] [ 61%] [32mBuilding CXX object CMakeFiles/dqn_msg__rosidl_typesupport_introspection_cpp.dir/rosidl_typesupport_introspection_cpp/dqn_msg/srv/detail/dqnn__type_support.cpp.o[0m
[1.852s] [ 63%] [32mBuilding CXX object CMakeFiles/dqn_msg__rosidl_typesupport_introspection_cpp.dir/rosidl_typesupport_introspection_cpp/dqn_msg/srv/detail/mdqn__type_support.cpp.o[0m
[1.857s] [ 65%] [32mBuilding CXX object CMakeFiles/dqn_msg__rosidl_typesupport_introspection_cpp.dir/rosidl_typesupport_introspection_cpp/dqn_msg/srv/detail/goal__type_support.cpp.o[0m
[1.863s] [ 65%] Built target dqn_msg__rosidl_typesupport_introspection_c
[1.870s] [ 66%] [32mBuilding CXX object CMakeFiles/dqn_msg__rosidl_typesupport_introspection_cpp.dir/rosidl_typesupport_introspection_cpp/dqn_msg/srv/detail/mac__type_support.cpp.o[0m
[1.879s] [ 66%] Built target dqn_msg__rosidl_typesupport_cpp
[1.929s] [35m[1mConsolidate compiler generated dependencies of target dqn_msg__rosidl_typesupport_fastrtps_cpp[0m
[1.947s] [ 68%] [32mBuilding CXX object CMakeFiles/dqn_msg__rosidl_typesupport_fastrtps_cpp.dir/rosidl_typesupport_fastrtps_cpp/dqn_msg/msg/detail/dds_fastrtps/goal__type_support.cpp.o[0m
[1.959s] [ 69%] [32mBuilding CXX object CMakeFiles/dqn_msg__rosidl_typesupport_fastrtps_cpp.dir/rosidl_typesupport_fastrtps_cpp/dqn_msg/srv/detail/dds_fastrtps/dqnn__type_support.cpp.o[0m
[2.136s] [ 71%] [32mBuilding CXX object CMakeFiles/dqn_msg__rosidl_typesupport_fastrtps_cpp.dir/rosidl_typesupport_fastrtps_cpp/dqn_msg/srv/detail/dds_fastrtps/goal__type_support.cpp.o[0m
[2.137s] [ 73%] [32mBuilding CXX object CMakeFiles/dqn_msg__rosidl_typesupport_fastrtps_cpp.dir/rosidl_typesupport_fastrtps_cpp/dqn_msg/srv/detail/dds_fastrtps/mdqn__type_support.cpp.o[0m
[2.148s] [ 74%] [32mBuilding CXX object CMakeFiles/dqn_msg__rosidl_typesupport_fastrtps_cpp.dir/rosidl_typesupport_fastrtps_cpp/dqn_msg/srv/detail/dds_fastrtps/mac__type_support.cpp.o[0m
[2.182s] [ 76%] [32m[1mLinking CXX shared library libdqn_msg__rosidl_typesupport_fastrtps_c.so[0m
[2.266s] [ 76%] Built target dqn_msg__rosidl_typesupport_fastrtps_c
[2.326s] [ 77%] [32m[1mLinking CXX shared library libdqn_msg__rosidl_typesupport_introspection_cpp.so[0m
[2.378s] [ 77%] Built target dqn_msg__rosidl_typesupport_introspection_cpp
[2.511s] [ 79%] [32m[1mLinking CXX shared library libdqn_msg__rosidl_typesupport_fastrtps_cpp.so[0m
[2.558s] [ 79%] Built target dqn_msg__rosidl_typesupport_fastrtps_cpp
[2.568s] [ 79%] Built target dqn_msg
[2.582s] [ 80%] [34m[1mGenerating Python code for ROS interfaces[0m
[3.078s] [ 80%] Built target dqn_msg__py
[3.083s] [35m[1mConsolidate compiler generated dependencies of target dqn_msg__rosidl_generator_py[0m
[3.097s] [ 82%] [32mBuilding C object CMakeFiles/dqn_msg__rosidl_generator_py.dir/rosidl_generator_py/dqn_msg/msg/_goal_s.c.o[0m
[3.098s] [ 85%] [32mBuilding C object CMakeFiles/dqn_msg__rosidl_generator_py.dir/rosidl_generator_py/dqn_msg/srv/_goal_s.c.o[0m
[3.098s] [ 85%] [32mBuilding C object CMakeFiles/dqn_msg__rosidl_generator_py.dir/rosidl_generator_py/dqn_msg/srv/_mdqn_s.c.o[0m
[3.099s] [ 88%] [32mBuilding C object CMakeFiles/dqn_msg__rosidl_generator_py.dir/rosidl_generator_py/dqn_msg/srv/_mac_s.c.o[0m
[3.099s] [ 88%] [32mBuilding C object CMakeFiles/dqn_msg__rosidl_generator_py.dir/rosidl_generator_py/dqn_msg/srv/_dqnn_s.c.o[0m
[3.186s] [ 90%] [32m[1mLinking C shared library rosidl_generator_py/dqn_msg/libdqn_msg__rosidl_generator_py.so[0m
[3.208s] [ 90%] Built target dqn_msg__rosidl_generator_py
[3.214s] [35m[1mConsolidate compiler generated dependencies of target dqn_msg__rosidl_typesupport_fastrtps_c__pyext[0m
[3.214s] [35m[1mConsolidate compiler generated dependencies of target dqn_msg__rosidl_typesupport_c__pyext[0m
[3.214s] [35m[1mConsolidate compiler generated dependencies of target dqn_msg__rosidl_typesupport_introspection_c__pyext[0m
[3.223s] [ 93%] [32mBuilding C object CMakeFiles/dqn_msg__rosidl_typesupport_c__pyext.dir/rosidl_generator_py/dqn_msg/_dqn_msg_s.ep.rosidl_typesupport_c.c.o[0m
[3.223s] [ 93%] [32mBuilding C object CMakeFiles/dqn_msg__rosidl_typesupport_fastrtps_c__pyext.dir/rosidl_generator_py/dqn_msg/_dqn_msg_s.ep.rosidl_typesupport_fastrtps_c.c.o[0m
[3.223s] [ 95%] [32mBuilding C object CMakeFiles/dqn_msg__rosidl_typesupport_introspection_c__pyext.dir/rosidl_generator_py/dqn_msg/_dqn_msg_s.ep.rosidl_typesupport_introspection_c.c.o[0m
[3.294s] [ 98%] [32m[1mLinking C shared library rosidl_generator_py/dqn_msg/dqn_msg_s__rosidl_typesupport_introspection_c.cpython-310-x86_64-linux-gnu.so[0m
[3.294s] [ 98%] [32m[1mLinking C shared library rosidl_generator_py/dqn_msg/dqn_msg_s__rosidl_typesupport_fastrtps_c.cpython-310-x86_64-linux-gnu.so[0m
[3.294s] [100%] [32m[1mLinking C shared library rosidl_generator_py/dqn_msg/dqn_msg_s__rosidl_typesupport_c.cpython-310-x86_64-linux-gnu.so[0m
[3.312s] [100%] Built target dqn_msg__rosidl_typesupport_c__pyext
[3.312s] [100%] Built target dqn_msg__rosidl_typesupport_introspection_c__pyext
[3.312s] [100%] Built target dqn_msg__rosidl_typesupport_fastrtps_c__pyext
