-- The C compiler identification is GNU 11.3.0
-- The CXX compiler identification is GNU 11.3.0
-- Detecting C compiler ABI info
-- Detecting C compiler ABI info - done
-- Check for working C compiler: /usr/bin/cc - skipped
-- Detecting C compile features
-- Detecting C compile features - done
-- Detecting CXX compiler ABI info
-- Detecting CXX compiler ABI info - done
-- Check for working CXX compiler: /usr/bin/c++ - skipped
-- Detecting CXX compile features
-- Detecting CXX compile features - done
-- Found ament_cmake: 1.3.3 (/opt/ros/humble/share/ament_cmake/cmake)
-- Found Python3: /usr/bin/python3.10 (found version "3.10.6") found components: Interpreter 
-- Override CMake install command with custom implementation using symlinks instead of copying resources
-- Found rosidl_default_generators: 1.2.0 (/opt/ros/humble/share/rosidl_default_generators/cmake)
-- Using all available rosidl_typesupport_c: rosidl_typesupport_fastrtps_c;rosidl_typesupport_introspection_c
-- Found rosidl_adapter: 3.1.4 (/opt/ros/humble/share/rosidl_adapter/cmake)
-- Using all available rosidl_typesupport_cpp: rosidl_typesupport_fastrtps_cpp;rosidl_typesupport_introspection_cpp
-- Found ament_cmake_ros: 0.10.0 (/opt/ros/humble/share/ament_cmake_ros/cmake)
-- Using all available rosidl_typesupport_c: rosidl_typesupport_fastrtps_c;rosidl_typesupport_introspection_c
-- Using all available rosidl_typesupport_cpp: rosidl_typesupport_fastrtps_cpp;rosidl_typesupport_introspection_cpp
-- Found PythonInterp: /usr/bin/python3 (found suitable version "3.10.6", minimum required is "3.6") 
-- Found python_cmake_module: 0.10.0 (/opt/ros/humble/share/python_cmake_module/cmake)
-- Found PythonLibs: /usr/lib/x86_64-linux-gnu/libpython3.10.so (found suitable version "3.10.6", minimum required is "3.5") 
-- Using PYTHON_EXECUTABLE: /usr/bin/python3
-- Using PYTHON_INCLUDE_DIRS: /usr/include/python3.10
-- Using PYTHON_LIBRARIES: /usr/lib/x86_64-linux-gnu/libpython3.10.so
-- Found PythonExtra: .so  
-- Found ament_lint_auto: 0.12.4 (/opt/ros/humble/share/ament_lint_auto/cmake)
-- Added test 'lint_cmake' to check CMake code style
-- Added test 'xmllint' to check XML markup files
-- Configuring done
-- Generating done
-- Build files have been written to: /home/islem/Documents/PFE/build/dqn_msg
[  1%] [34m[1mGenerating C code for ROS interfaces[0m
[  3%] [34m[1mGenerating C++ code for ROS interfaces[0m
[  3%] Built target ament_cmake_python_symlink_dqn_msg
running egg_info
creating dqn_msg.egg-info
writing dqn_msg.egg-info/PKG-INFO
writing dependency_links to dqn_msg.egg-info/dependency_links.txt
writing top-level names to dqn_msg.egg-info/top_level.txt
writing manifest file 'dqn_msg.egg-info/SOURCES.txt'
reading manifest file 'dqn_msg.egg-info/SOURCES.txt'
writing manifest file 'dqn_msg.egg-info/SOURCES.txt'
[  3%] Built target ament_cmake_python_build_dqn_msg_egg
[  3%] Built target dqn_msg__cpp
[  5%] [34m[1mGenerating C++ introspection for ROS interfaces[0m
[  7%] [34m[1mGenerating C++ type support dispatch for ROS interfaces[0m
[  9%] [34m[1mGenerating C++ type support for eProsima Fast-RTPS[0m
[ 10%] [32mBuilding C object CMakeFiles/dqn_msg__rosidl_generator_c.dir/rosidl_generator_c/dqn_msg/srv/detail/goal__functions.c.o[0m
[ 14%] [32mBuilding C object CMakeFiles/dqn_msg__rosidl_generator_c.dir/rosidl_generator_c/dqn_msg/srv/detail/dqnn__functions.c.o[0m
[ 14%] [32mBuilding C object CMakeFiles/dqn_msg__rosidl_generator_c.dir/rosidl_generator_c/dqn_msg/msg/detail/goal__functions.c.o[0m
[ 16%] [32mBuilding C object CMakeFiles/dqn_msg__rosidl_generator_c.dir/rosidl_generator_c/dqn_msg/srv/detail/mdqn__functions.c.o[0m
[ 18%] [32m[1mLinking C shared library libdqn_msg__rosidl_generator_c.so[0m
[ 18%] Built target dqn_msg__rosidl_generator_c
[ 20%] [34m[1mGenerating C introspection for ROS interfaces[0m
[ 21%] [34m[1mGenerating C type support for eProsima Fast-RTPS[0m
[ 23%] [34m[1mGenerating C type support dispatch for ROS interfaces[0m
[ 27%] [32mBuilding CXX object CMakeFiles/dqn_msg__rosidl_typesupport_introspection_cpp.dir/rosidl_typesupport_introspection_cpp/dqn_msg/srv/detail/mdqn__type_support.cpp.o[0m
[ 25%] [32mBuilding CXX object CMakeFiles/dqn_msg__rosidl_typesupport_introspection_cpp.dir/rosidl_typesupport_introspection_cpp/dqn_msg/msg/detail/goal__type_support.cpp.o[0m
[ 29%] [32mBuilding CXX object CMakeFiles/dqn_msg__rosidl_typesupport_introspection_cpp.dir/rosidl_typesupport_introspection_cpp/dqn_msg/srv/detail/goal__type_support.cpp.o[0m
[ 30%] [32mBuilding CXX object CMakeFiles/dqn_msg__rosidl_typesupport_introspection_cpp.dir/rosidl_typesupport_introspection_cpp/dqn_msg/srv/detail/dqnn__type_support.cpp.o[0m
[ 32%] [32mBuilding CXX object CMakeFiles/dqn_msg__rosidl_typesupport_cpp.dir/rosidl_typesupport_cpp/dqn_msg/msg/goal__type_support.cpp.o[0m
[ 34%] [32mBuilding CXX object CMakeFiles/dqn_msg__rosidl_typesupport_cpp.dir/rosidl_typesupport_cpp/dqn_msg/srv/goal__type_support.cpp.o[0m
[ 36%] [32mBuilding CXX object CMakeFiles/dqn_msg__rosidl_typesupport_cpp.dir/rosidl_typesupport_cpp/dqn_msg/srv/mdqn__type_support.cpp.o[0m
[ 38%] [32mBuilding CXX object CMakeFiles/dqn_msg__rosidl_typesupport_cpp.dir/rosidl_typesupport_cpp/dqn_msg/srv/dqnn__type_support.cpp.o[0m
[ 40%] [32mBuilding CXX object CMakeFiles/dqn_msg__rosidl_typesupport_fastrtps_cpp.dir/rosidl_typesupport_fastrtps_cpp/dqn_msg/msg/detail/dds_fastrtps/goal__type_support.cpp.o[0m
[ 41%] [32mBuilding CXX object CMakeFiles/dqn_msg__rosidl_typesupport_c.dir/rosidl_typesupport_c/dqn_msg/msg/goal__type_support.cpp.o[0m
[ 43%] [32mBuilding CXX object CMakeFiles/dqn_msg__rosidl_typesupport_fastrtps_cpp.dir/rosidl_typesupport_fastrtps_cpp/dqn_msg/srv/detail/dds_fastrtps/dqnn__type_support.cpp.o[0m
[ 45%] [32mBuilding CXX object CMakeFiles/dqn_msg__rosidl_typesupport_c.dir/rosidl_typesupport_c/dqn_msg/srv/dqnn__type_support.cpp.o[0m
[ 47%] [32mBuilding CXX object CMakeFiles/dqn_msg__rosidl_typesupport_c.dir/rosidl_typesupport_c/dqn_msg/srv/goal__type_support.cpp.o[0m
[ 49%] [32mBuilding CXX object CMakeFiles/dqn_msg__rosidl_typesupport_c.dir/rosidl_typesupport_c/dqn_msg/srv/mdqn__type_support.cpp.o[0m
[ 50%] [32m[1mLinking CXX shared library libdqn_msg__rosidl_typesupport_cpp.so[0m
[ 52%] [32mBuilding C object CMakeFiles/dqn_msg__rosidl_typesupport_introspection_c.dir/rosidl_typesupport_introspection_c/dqn_msg/msg/detail/goal__type_support.c.o[0m
[ 54%] [32mBuilding C object CMakeFiles/dqn_msg__rosidl_typesupport_introspection_c.dir/rosidl_typesupport_introspection_c/dqn_msg/srv/detail/dqnn__type_support.c.o[0m
[ 56%] [32m[1mLinking CXX shared library libdqn_msg__rosidl_typesupport_c.so[0m
[ 58%] [32mBuilding C object CMakeFiles/dqn_msg__rosidl_typesupport_introspection_c.dir/rosidl_typesupport_introspection_c/dqn_msg/srv/detail/goal__type_support.c.o[0m
[ 60%] [32mBuilding CXX object CMakeFiles/dqn_msg__rosidl_typesupport_fastrtps_c.dir/rosidl_typesupport_fastrtps_c/dqn_msg/msg/detail/goal__type_support_c.cpp.o[0m
[ 60%] Built target dqn_msg__rosidl_typesupport_cpp
[ 60%] Built target dqn_msg__rosidl_typesupport_c
[ 63%] [32mBuilding C object CMakeFiles/dqn_msg__rosidl_typesupport_introspection_c.dir/rosidl_typesupport_introspection_c/dqn_msg/srv/detail/mdqn__type_support.c.o[0m
[ 63%] [32mBuilding CXX object CMakeFiles/dqn_msg__rosidl_typesupport_fastrtps_cpp.dir/rosidl_typesupport_fastrtps_cpp/dqn_msg/srv/detail/dds_fastrtps/goal__type_support.cpp.o[0m
[ 65%] [32mBuilding CXX object CMakeFiles/dqn_msg__rosidl_typesupport_fastrtps_c.dir/rosidl_typesupport_fastrtps_c/dqn_msg/srv/detail/dqnn__type_support_c.cpp.o[0m
[ 67%] [32mBuilding CXX object CMakeFiles/dqn_msg__rosidl_typesupport_fastrtps_c.dir/rosidl_typesupport_fastrtps_c/dqn_msg/srv/detail/goal__type_support_c.cpp.o[0m
[ 69%] [32mBuilding CXX object CMakeFiles/dqn_msg__rosidl_typesupport_fastrtps_cpp.dir/rosidl_typesupport_fastrtps_cpp/dqn_msg/srv/detail/dds_fastrtps/mdqn__type_support.cpp.o[0m
[ 70%] [32mBuilding CXX object CMakeFiles/dqn_msg__rosidl_typesupport_fastrtps_c.dir/rosidl_typesupport_fastrtps_c/dqn_msg/srv/detail/mdqn__type_support_c.cpp.o[0m
[ 72%] [32m[1mLinking C shared library libdqn_msg__rosidl_typesupport_introspection_c.so[0m
[ 74%] [32m[1mLinking CXX shared library libdqn_msg__rosidl_typesupport_introspection_cpp.so[0m
[ 74%] Built target dqn_msg__rosidl_typesupport_introspection_c
[ 74%] Built target dqn_msg__rosidl_typesupport_introspection_cpp
[ 76%] [32m[1mLinking CXX shared library libdqn_msg__rosidl_typesupport_fastrtps_c.so[0m
[ 76%] Built target dqn_msg__rosidl_typesupport_fastrtps_c
[ 78%] [32m[1mLinking CXX shared library libdqn_msg__rosidl_typesupport_fastrtps_cpp.so[0m
[ 78%] Built target dqn_msg__rosidl_typesupport_fastrtps_cpp
[ 78%] Built target dqn_msg
[ 80%] [34m[1mGenerating Python code for ROS interfaces[0m
[ 80%] Built target dqn_msg__py
[ 83%] [32mBuilding C object CMakeFiles/dqn_msg__rosidl_generator_py.dir/rosidl_generator_py/dqn_msg/srv/_dqnn_s.c.o[0m
[ 83%] [32mBuilding C object CMakeFiles/dqn_msg__rosidl_generator_py.dir/rosidl_generator_py/dqn_msg/msg/_goal_s.c.o[0m
[ 85%] [32mBuilding C object CMakeFiles/dqn_msg__rosidl_generator_py.dir/rosidl_generator_py/dqn_msg/srv/_mdqn_s.c.o[0m
[ 87%] [32mBuilding C object CMakeFiles/dqn_msg__rosidl_generator_py.dir/rosidl_generator_py/dqn_msg/srv/_goal_s.c.o[0m
[ 89%] [32m[1mLinking C shared library rosidl_generator_py/dqn_msg/libdqn_msg__rosidl_generator_py.so[0m
[ 89%] Built target dqn_msg__rosidl_generator_py
[ 90%] [32mBuilding C object CMakeFiles/dqn_msg__rosidl_typesupport_fastrtps_c__pyext.dir/rosidl_generator_py/dqn_msg/_dqn_msg_s.ep.rosidl_typesupport_fastrtps_c.c.o[0m
[ 92%] [32mBuilding C object CMakeFiles/dqn_msg__rosidl_typesupport_c__pyext.dir/rosidl_generator_py/dqn_msg/_dqn_msg_s.ep.rosidl_typesupport_c.c.o[0m
[ 94%] [32mBuilding C object CMakeFiles/dqn_msg__rosidl_typesupport_introspection_c__pyext.dir/rosidl_generator_py/dqn_msg/_dqn_msg_s.ep.rosidl_typesupport_introspection_c.c.o[0m
[ 96%] [32m[1mLinking C shared library rosidl_generator_py/dqn_msg/dqn_msg_s__rosidl_typesupport_c.cpython-310-x86_64-linux-gnu.so[0m
[ 98%] [32m[1mLinking C shared library rosidl_generator_py/dqn_msg/dqn_msg_s__rosidl_typesupport_fastrtps_c.cpython-310-x86_64-linux-gnu.so[0m
[ 98%] Built target dqn_msg__rosidl_typesupport_c__pyext
[100%] [32m[1mLinking C shared library rosidl_generator_py/dqn_msg/dqn_msg_s__rosidl_typesupport_introspection_c.cpython-310-x86_64-linux-gnu.so[0m
[100%] Built target dqn_msg__rosidl_typesupport_fastrtps_c__pyext
[100%] Built target dqn_msg__rosidl_typesupport_introspection_c__pyext
-- Install configuration: ""
-- Execute custom install script
-- Symlinking: /home/islem/Documents/PFE/install/dqn_msg/share/ament_index/resource_index/rosidl_interfaces/dqn_msg
-- Symlinking: /home/islem/Documents/PFE/install/dqn_msg/include/dqn_msg/dqn_msg/msg/detail/goal__functions.h
-- Symlinking: /home/islem/Documents/PFE/install/dqn_msg/include/dqn_msg/dqn_msg/msg/detail/goal__struct.h
-- Symlinking: /home/islem/Documents/PFE/install/dqn_msg/include/dqn_msg/dqn_msg/msg/detail/goal__type_support.h
-- Symlinking: /home/islem/Documents/PFE/install/dqn_msg/include/dqn_msg/dqn_msg/msg/goal.h
-- Symlinking: /home/islem/Documents/PFE/install/dqn_msg/include/dqn_msg/dqn_msg/msg/rosidl_generator_c__visibility_control.h
-- Symlinking: /home/islem/Documents/PFE/install/dqn_msg/include/dqn_msg/dqn_msg/srv/detail/dqnn__functions.h
-- Symlinking: /home/islem/Documents/PFE/install/dqn_msg/include/dqn_msg/dqn_msg/srv/detail/dqnn__struct.h
-- Symlinking: /home/islem/Documents/PFE/install/dqn_msg/include/dqn_msg/dqn_msg/srv/detail/dqnn__type_support.h
-- Symlinking: /home/islem/Documents/PFE/install/dqn_msg/include/dqn_msg/dqn_msg/srv/detail/goal__functions.h
-- Symlinking: /home/islem/Documents/PFE/install/dqn_msg/include/dqn_msg/dqn_msg/srv/detail/goal__struct.h
-- Symlinking: /home/islem/Documents/PFE/install/dqn_msg/include/dqn_msg/dqn_msg/srv/detail/goal__type_support.h
-- Symlinking: /home/islem/Documents/PFE/install/dqn_msg/include/dqn_msg/dqn_msg/srv/detail/mdqn__functions.h
-- Symlinking: /home/islem/Documents/PFE/install/dqn_msg/include/dqn_msg/dqn_msg/srv/detail/mdqn__struct.h
-- Symlinking: /home/islem/Documents/PFE/install/dqn_msg/include/dqn_msg/dqn_msg/srv/detail/mdqn__type_support.h
-- Symlinking: /home/islem/Documents/PFE/install/dqn_msg/include/dqn_msg/dqn_msg/srv/dqnn.h
-- Symlinking: /home/islem/Documents/PFE/install/dqn_msg/include/dqn_msg/dqn_msg/srv/goal.h
-- Symlinking: /home/islem/Documents/PFE/install/dqn_msg/include/dqn_msg/dqn_msg/srv/mdqn.h
-- Symlinking: /home/islem/Documents/PFE/install/dqn_msg/share/dqn_msg/environment/library_path.sh
-- Symlinking: /home/islem/Documents/PFE/install/dqn_msg/share/dqn_msg/environment/library_path.dsv
-- Symlinking: /home/islem/Documents/PFE/install/dqn_msg/include/dqn_msg/dqn_msg/msg/detail/goal__rosidl_typesupport_fastrtps_c.h
-- Symlinking: /home/islem/Documents/PFE/install/dqn_msg/include/dqn_msg/dqn_msg/msg/rosidl_typesupport_fastrtps_c__visibility_control.h
-- Symlinking: /home/islem/Documents/PFE/install/dqn_msg/include/dqn_msg/dqn_msg/srv/detail/dqnn__rosidl_typesupport_fastrtps_c.h
-- Symlinking: /home/islem/Documents/PFE/install/dqn_msg/include/dqn_msg/dqn_msg/srv/detail/goal__rosidl_typesupport_fastrtps_c.h
-- Symlinking: /home/islem/Documents/PFE/install/dqn_msg/include/dqn_msg/dqn_msg/srv/detail/mdqn__rosidl_typesupport_fastrtps_c.h
-- Symlinking: /home/islem/Documents/PFE/install/dqn_msg/include/dqn_msg/dqn_msg/msg/detail/goal__rosidl_typesupport_introspection_c.h
-- Symlinking: /home/islem/Documents/PFE/install/dqn_msg/include/dqn_msg/dqn_msg/msg/rosidl_typesupport_introspection_c__visibility_control.h
-- Symlinking: /home/islem/Documents/PFE/install/dqn_msg/include/dqn_msg/dqn_msg/srv/detail/dqnn__rosidl_typesupport_introspection_c.h
-- Symlinking: /home/islem/Documents/PFE/install/dqn_msg/include/dqn_msg/dqn_msg/srv/detail/goal__rosidl_typesupport_introspection_c.h
-- Symlinking: /home/islem/Documents/PFE/install/dqn_msg/include/dqn_msg/dqn_msg/srv/detail/mdqn__rosidl_typesupport_introspection_c.h
-- Symlinking: /home/islem/Documents/PFE/install/dqn_msg/include/dqn_msg/dqn_msg/msg/detail/goal__builder.hpp
-- Symlinking: /home/islem/Documents/PFE/install/dqn_msg/include/dqn_msg/dqn_msg/msg/detail/goal__struct.hpp
-- Symlinking: /home/islem/Documents/PFE/install/dqn_msg/include/dqn_msg/dqn_msg/msg/detail/goal__traits.hpp
-- Symlinking: /home/islem/Documents/PFE/install/dqn_msg/include/dqn_msg/dqn_msg/msg/goal.hpp
-- Symlinking: /home/islem/Documents/PFE/install/dqn_msg/include/dqn_msg/dqn_msg/srv/detail/dqnn__builder.hpp
-- Symlinking: /home/islem/Documents/PFE/install/dqn_msg/include/dqn_msg/dqn_msg/srv/detail/dqnn__struct.hpp
-- Symlinking: /home/islem/Documents/PFE/install/dqn_msg/include/dqn_msg/dqn_msg/srv/detail/dqnn__traits.hpp
-- Symlinking: /home/islem/Documents/PFE/install/dqn_msg/include/dqn_msg/dqn_msg/srv/detail/goal__builder.hpp
-- Symlinking: /home/islem/Documents/PFE/install/dqn_msg/include/dqn_msg/dqn_msg/srv/detail/goal__struct.hpp
-- Symlinking: /home/islem/Documents/PFE/install/dqn_msg/include/dqn_msg/dqn_msg/srv/detail/goal__traits.hpp
-- Symlinking: /home/islem/Documents/PFE/install/dqn_msg/include/dqn_msg/dqn_msg/srv/detail/mdqn__builder.hpp
-- Symlinking: /home/islem/Documents/PFE/install/dqn_msg/include/dqn_msg/dqn_msg/srv/detail/mdqn__struct.hpp
-- Symlinking: /home/islem/Documents/PFE/install/dqn_msg/include/dqn_msg/dqn_msg/srv/detail/mdqn__traits.hpp
-- Symlinking: /home/islem/Documents/PFE/install/dqn_msg/include/dqn_msg/dqn_msg/srv/dqnn.hpp
-- Symlinking: /home/islem/Documents/PFE/install/dqn_msg/include/dqn_msg/dqn_msg/srv/goal.hpp
-- Symlinking: /home/islem/Documents/PFE/install/dqn_msg/include/dqn_msg/dqn_msg/srv/mdqn.hpp
-- Symlinking: /home/islem/Documents/PFE/install/dqn_msg/include/dqn_msg/dqn_msg/msg/detail/goal__rosidl_typesupport_fastrtps_cpp.hpp
-- Symlinking: /home/islem/Documents/PFE/install/dqn_msg/include/dqn_msg/dqn_msg/msg/rosidl_typesupport_fastrtps_cpp__visibility_control.h
-- Symlinking: /home/islem/Documents/PFE/install/dqn_msg/include/dqn_msg/dqn_msg/srv/detail/dqnn__rosidl_typesupport_fastrtps_cpp.hpp
-- Symlinking: /home/islem/Documents/PFE/install/dqn_msg/include/dqn_msg/dqn_msg/srv/detail/goal__rosidl_typesupport_fastrtps_cpp.hpp
-- Symlinking: /home/islem/Documents/PFE/install/dqn_msg/include/dqn_msg/dqn_msg/srv/detail/mdqn__rosidl_typesupport_fastrtps_cpp.hpp
-- Symlinking: /home/islem/Documents/PFE/install/dqn_msg/include/dqn_msg/dqn_msg/msg/detail/goal__rosidl_typesupport_introspection_cpp.hpp
-- Symlinking: /home/islem/Documents/PFE/install/dqn_msg/include/dqn_msg/dqn_msg/srv/detail/dqnn__rosidl_typesupport_introspection_cpp.hpp
-- Symlinking: /home/islem/Documents/PFE/install/dqn_msg/include/dqn_msg/dqn_msg/srv/detail/goal__rosidl_typesupport_introspection_cpp.hpp
-- Symlinking: /home/islem/Documents/PFE/install/dqn_msg/include/dqn_msg/dqn_msg/srv/detail/mdqn__rosidl_typesupport_introspection_cpp.hpp
-- Symlinking: /home/islem/Documents/PFE/install/dqn_msg/share/dqn_msg/environment/pythonpath.sh
-- Symlinking: /home/islem/Documents/PFE/install/dqn_msg/share/dqn_msg/environment/pythonpath.dsv
-- Symlinking: /home/islem/Documents/PFE/install/dqn_msg/local/lib/python3.10/dist-packages/dqn_msg-0.0.0-py3.10.egg-info/PKG-INFO
-- Symlinking: /home/islem/Documents/PFE/install/dqn_msg/local/lib/python3.10/dist-packages/dqn_msg-0.0.0-py3.10.egg-info/SOURCES.txt
-- Symlinking: /home/islem/Documents/PFE/install/dqn_msg/local/lib/python3.10/dist-packages/dqn_msg-0.0.0-py3.10.egg-info/dependency_links.txt
-- Symlinking: /home/islem/Documents/PFE/install/dqn_msg/local/lib/python3.10/dist-packages/dqn_msg-0.0.0-py3.10.egg-info/top_level.txt
-- Symlinking: /home/islem/Documents/PFE/install/dqn_msg/local/lib/python3.10/dist-packages/dqn_msg/__init__.py
-- Symlinking: /home/islem/Documents/PFE/install/dqn_msg/local/lib/python3.10/dist-packages/dqn_msg/_dqn_msg_s.ep.rosidl_typesupport_c.c
-- Symlinking: /home/islem/Documents/PFE/install/dqn_msg/local/lib/python3.10/dist-packages/dqn_msg/_dqn_msg_s.ep.rosidl_typesupport_fastrtps_c.c
-- Symlinking: /home/islem/Documents/PFE/install/dqn_msg/local/lib/python3.10/dist-packages/dqn_msg/_dqn_msg_s.ep.rosidl_typesupport_introspection_c.c
-- Symlinking: /home/islem/Documents/PFE/install/dqn_msg/local/lib/python3.10/dist-packages/dqn_msg/dqn_msg_s__rosidl_typesupport_c.cpython-310-x86_64-linux-gnu.so
-- Symlinking: /home/islem/Documents/PFE/install/dqn_msg/local/lib/python3.10/dist-packages/dqn_msg/dqn_msg_s__rosidl_typesupport_fastrtps_c.cpython-310-x86_64-linux-gnu.so
-- Symlinking: /home/islem/Documents/PFE/install/dqn_msg/local/lib/python3.10/dist-packages/dqn_msg/dqn_msg_s__rosidl_typesupport_introspection_c.cpython-310-x86_64-linux-gnu.so
-- Symlinking: /home/islem/Documents/PFE/install/dqn_msg/local/lib/python3.10/dist-packages/dqn_msg/libdqn_msg__rosidl_generator_py.so
-- Symlinking: /home/islem/Documents/PFE/install/dqn_msg/local/lib/python3.10/dist-packages/dqn_msg/msg/__init__.py
-- Symlinking: /home/islem/Documents/PFE/install/dqn_msg/local/lib/python3.10/dist-packages/dqn_msg/msg/_goal.py
-- Symlinking: /home/islem/Documents/PFE/install/dqn_msg/local/lib/python3.10/dist-packages/dqn_msg/msg/_goal_s.c
-- Symlinking: /home/islem/Documents/PFE/install/dqn_msg/local/lib/python3.10/dist-packages/dqn_msg/srv/__init__.py
-- Symlinking: /home/islem/Documents/PFE/install/dqn_msg/local/lib/python3.10/dist-packages/dqn_msg/srv/_dqnn.py
-- Symlinking: /home/islem/Documents/PFE/install/dqn_msg/local/lib/python3.10/dist-packages/dqn_msg/srv/_dqnn_s.c
-- Symlinking: /home/islem/Documents/PFE/install/dqn_msg/local/lib/python3.10/dist-packages/dqn_msg/srv/_goal.py
-- Symlinking: /home/islem/Documents/PFE/install/dqn_msg/local/lib/python3.10/dist-packages/dqn_msg/srv/_goal_s.c
-- Symlinking: /home/islem/Documents/PFE/install/dqn_msg/local/lib/python3.10/dist-packages/dqn_msg/srv/_mdqn.py
-- Symlinking: /home/islem/Documents/PFE/install/dqn_msg/local/lib/python3.10/dist-packages/dqn_msg/srv/_mdqn_s.c
-- Up-to-date symlink: /home/islem/Documents/PFE/install/dqn_msg/local/lib/python3.10/dist-packages/dqn_msg/dqn_msg_s__rosidl_typesupport_fastrtps_c.cpython-310-x86_64-linux-gnu.so
-- Up-to-date symlink: /home/islem/Documents/PFE/install/dqn_msg/local/lib/python3.10/dist-packages/dqn_msg/dqn_msg_s__rosidl_typesupport_introspection_c.cpython-310-x86_64-linux-gnu.so
-- Up-to-date symlink: /home/islem/Documents/PFE/install/dqn_msg/local/lib/python3.10/dist-packages/dqn_msg/dqn_msg_s__rosidl_typesupport_c.cpython-310-x86_64-linux-gnu.so
-- Symlinking: /home/islem/Documents/PFE/install/dqn_msg/share/dqn_msg/msg/Goal.idl
-- Symlinking: /home/islem/Documents/PFE/install/dqn_msg/share/dqn_msg/srv/Dqnn.idl
-- Symlinking: /home/islem/Documents/PFE/install/dqn_msg/share/dqn_msg/srv/Goal.idl
-- Symlinking: /home/islem/Documents/PFE/install/dqn_msg/share/dqn_msg/srv/Mdqn.idl
-- Symlinking: /home/islem/Documents/PFE/install/dqn_msg/share/dqn_msg/msg/Goal.msg
-- Symlinking: /home/islem/Documents/PFE/install/dqn_msg/share/dqn_msg/srv/Dqnn.srv
-- Symlinking: /home/islem/Documents/PFE/install/dqn_msg/share/dqn_msg/srv/Dqnn_Request.msg
-- Symlinking: /home/islem/Documents/PFE/install/dqn_msg/share/dqn_msg/srv/Dqnn_Response.msg
-- Symlinking: /home/islem/Documents/PFE/install/dqn_msg/share/dqn_msg/srv/Goal.srv
-- Symlinking: /home/islem/Documents/PFE/install/dqn_msg/share/dqn_msg/srv/Goal_Request.msg
-- Symlinking: /home/islem/Documents/PFE/install/dqn_msg/share/dqn_msg/srv/Goal_Response.msg
-- Symlinking: /home/islem/Documents/PFE/install/dqn_msg/share/dqn_msg/srv/Mdqn.srv
-- Symlinking: /home/islem/Documents/PFE/install/dqn_msg/share/dqn_msg/srv/Mdqn_Request.msg
-- Symlinking: /home/islem/Documents/PFE/install/dqn_msg/share/dqn_msg/srv/Mdqn_Response.msg
-- Symlinking: /home/islem/Documents/PFE/install/dqn_msg/share/ament_index/resource_index/package_run_dependencies/dqn_msg
-- Symlinking: /home/islem/Documents/PFE/install/dqn_msg/share/ament_index/resource_index/parent_prefix_path/dqn_msg
-- Symlinking: /home/islem/Documents/PFE/install/dqn_msg/share/dqn_msg/environment/ament_prefix_path.sh
-- Symlinking: /home/islem/Documents/PFE/install/dqn_msg/share/dqn_msg/environment/ament_prefix_path.dsv
-- Symlinking: /home/islem/Documents/PFE/install/dqn_msg/share/dqn_msg/environment/path.sh
-- Symlinking: /home/islem/Documents/PFE/install/dqn_msg/share/dqn_msg/environment/path.dsv
-- Symlinking: /home/islem/Documents/PFE/install/dqn_msg/share/dqn_msg/local_setup.bash
-- Symlinking: /home/islem/Documents/PFE/install/dqn_msg/share/dqn_msg/local_setup.sh
-- Symlinking: /home/islem/Documents/PFE/install/dqn_msg/share/dqn_msg/local_setup.zsh
-- Symlinking: /home/islem/Documents/PFE/install/dqn_msg/share/dqn_msg/local_setup.dsv
-- Symlinking: /home/islem/Documents/PFE/install/dqn_msg/share/dqn_msg/package.dsv
-- Symlinking: /home/islem/Documents/PFE/install/dqn_msg/share/ament_index/resource_index/packages/dqn_msg
-- Symlinking: /home/islem/Documents/PFE/install/dqn_msg/share/dqn_msg/cmake/rosidl_cmake-extras.cmake
-- Symlinking: /home/islem/Documents/PFE/install/dqn_msg/share/dqn_msg/cmake/ament_cmake_export_include_directories-extras.cmake
-- Symlinking: /home/islem/Documents/PFE/install/dqn_msg/share/dqn_msg/cmake/ament_cmake_export_libraries-extras.cmake
-- Symlinking: /home/islem/Documents/PFE/install/dqn_msg/share/dqn_msg/cmake/ament_cmake_export_targets-extras.cmake
-- Symlinking: /home/islem/Documents/PFE/install/dqn_msg/share/dqn_msg/cmake/rosidl_cmake_export_typesupport_targets-extras.cmake
-- Symlinking: /home/islem/Documents/PFE/install/dqn_msg/share/dqn_msg/cmake/ament_cmake_export_dependencies-extras.cmake
-- Symlinking: /home/islem/Documents/PFE/install/dqn_msg/share/dqn_msg/cmake/rosidl_cmake_export_typesupport_libraries-extras.cmake
-- Symlinking: /home/islem/Documents/PFE/install/dqn_msg/share/dqn_msg/cmake/dqn_msgConfig.cmake
-- Symlinking: /home/islem/Documents/PFE/install/dqn_msg/share/dqn_msg/cmake/dqn_msgConfig-version.cmake
-- Symlinking: /home/islem/Documents/PFE/install/dqn_msg/share/dqn_msg/package.xml
-- Installing: /home/islem/Documents/PFE/install/dqn_msg/lib/libdqn_msg__rosidl_generator_c.so
-- Set runtime path of "/home/islem/Documents/PFE/install/dqn_msg/lib/libdqn_msg__rosidl_generator_c.so" to ""
-- Installing: /home/islem/Documents/PFE/install/dqn_msg/lib/libdqn_msg__rosidl_typesupport_fastrtps_c.so
-- Set runtime path of "/home/islem/Documents/PFE/install/dqn_msg/lib/libdqn_msg__rosidl_typesupport_fastrtps_c.so" to ""
-- Installing: /home/islem/Documents/PFE/install/dqn_msg/lib/libdqn_msg__rosidl_typesupport_introspection_c.so
-- Set runtime path of "/home/islem/Documents/PFE/install/dqn_msg/lib/libdqn_msg__rosidl_typesupport_introspection_c.so" to ""
-- Installing: /home/islem/Documents/PFE/install/dqn_msg/lib/libdqn_msg__rosidl_typesupport_c.so
-- Set runtime path of "/home/islem/Documents/PFE/install/dqn_msg/lib/libdqn_msg__rosidl_typesupport_c.so" to ""
-- Installing: /home/islem/Documents/PFE/install/dqn_msg/lib/libdqn_msg__rosidl_typesupport_fastrtps_cpp.so
-- Set runtime path of "/home/islem/Documents/PFE/install/dqn_msg/lib/libdqn_msg__rosidl_typesupport_fastrtps_cpp.so" to ""
-- Installing: /home/islem/Documents/PFE/install/dqn_msg/lib/libdqn_msg__rosidl_typesupport_introspection_cpp.so
-- Set runtime path of "/home/islem/Documents/PFE/install/dqn_msg/lib/libdqn_msg__rosidl_typesupport_introspection_cpp.so" to ""
-- Installing: /home/islem/Documents/PFE/install/dqn_msg/lib/libdqn_msg__rosidl_typesupport_cpp.so
-- Set runtime path of "/home/islem/Documents/PFE/install/dqn_msg/lib/libdqn_msg__rosidl_typesupport_cpp.so" to ""
Listing '/home/islem/Documents/PFE/install/dqn_msg/local/lib/python3.10/dist-packages/dqn_msg'...
Compiling '/home/islem/Documents/PFE/install/dqn_msg/local/lib/python3.10/dist-packages/dqn_msg/__init__.py'...
Listing '/home/islem/Documents/PFE/install/dqn_msg/local/lib/python3.10/dist-packages/dqn_msg/msg'...
Compiling '/home/islem/Documents/PFE/install/dqn_msg/local/lib/python3.10/dist-packages/dqn_msg/msg/__init__.py'...
Compiling '/home/islem/Documents/PFE/install/dqn_msg/local/lib/python3.10/dist-packages/dqn_msg/msg/_goal.py'...
Listing '/home/islem/Documents/PFE/install/dqn_msg/local/lib/python3.10/dist-packages/dqn_msg/srv'...
Compiling '/home/islem/Documents/PFE/install/dqn_msg/local/lib/python3.10/dist-packages/dqn_msg/srv/__init__.py'...
Compiling '/home/islem/Documents/PFE/install/dqn_msg/local/lib/python3.10/dist-packages/dqn_msg/srv/_dqnn.py'...
Compiling '/home/islem/Documents/PFE/install/dqn_msg/local/lib/python3.10/dist-packages/dqn_msg/srv/_goal.py'...
Compiling '/home/islem/Documents/PFE/install/dqn_msg/local/lib/python3.10/dist-packages/dqn_msg/srv/_mdqn.py'...
-- Installing: /home/islem/Documents/PFE/install/dqn_msg/lib/libdqn_msg__rosidl_generator_py.so
-- Set runtime path of "/home/islem/Documents/PFE/install/dqn_msg/lib/libdqn_msg__rosidl_generator_py.so" to ""
-- Installing: /home/islem/Documents/PFE/install/dqn_msg/share/dqn_msg/cmake/export_dqn_msg__rosidl_generator_cExport.cmake
-- Installing: /home/islem/Documents/PFE/install/dqn_msg/share/dqn_msg/cmake/export_dqn_msg__rosidl_generator_cExport-noconfig.cmake
-- Installing: /home/islem/Documents/PFE/install/dqn_msg/share/dqn_msg/cmake/export_dqn_msg__rosidl_typesupport_fastrtps_cExport.cmake
-- Installing: /home/islem/Documents/PFE/install/dqn_msg/share/dqn_msg/cmake/export_dqn_msg__rosidl_typesupport_fastrtps_cExport-noconfig.cmake
-- Installing: /home/islem/Documents/PFE/install/dqn_msg/share/dqn_msg/cmake/dqn_msg__rosidl_typesupport_introspection_cExport.cmake
-- Installing: /home/islem/Documents/PFE/install/dqn_msg/share/dqn_msg/cmake/dqn_msg__rosidl_typesupport_introspection_cExport-noconfig.cmake
-- Installing: /home/islem/Documents/PFE/install/dqn_msg/share/dqn_msg/cmake/dqn_msg__rosidl_typesupport_cExport.cmake
-- Installing: /home/islem/Documents/PFE/install/dqn_msg/share/dqn_msg/cmake/dqn_msg__rosidl_typesupport_cExport-noconfig.cmake
-- Installing: /home/islem/Documents/PFE/install/dqn_msg/share/dqn_msg/cmake/export_dqn_msg__rosidl_generator_cppExport.cmake
-- Installing: /home/islem/Documents/PFE/install/dqn_msg/share/dqn_msg/cmake/export_dqn_msg__rosidl_typesupport_fastrtps_cppExport.cmake
-- Installing: /home/islem/Documents/PFE/install/dqn_msg/share/dqn_msg/cmake/export_dqn_msg__rosidl_typesupport_fastrtps_cppExport-noconfig.cmake
-- Installing: /home/islem/Documents/PFE/install/dqn_msg/share/dqn_msg/cmake/dqn_msg__rosidl_typesupport_introspection_cppExport.cmake
-- Installing: /home/islem/Documents/PFE/install/dqn_msg/share/dqn_msg/cmake/dqn_msg__rosidl_typesupport_introspection_cppExport-noconfig.cmake
-- Installing: /home/islem/Documents/PFE/install/dqn_msg/share/dqn_msg/cmake/dqn_msg__rosidl_typesupport_cppExport.cmake
-- Installing: /home/islem/Documents/PFE/install/dqn_msg/share/dqn_msg/cmake/dqn_msg__rosidl_typesupport_cppExport-noconfig.cmake
-- Installing: /home/islem/Documents/PFE/install/dqn_msg/share/dqn_msg/cmake/export_dqn_msg__rosidl_generator_pyExport.cmake
-- Installing: /home/islem/Documents/PFE/install/dqn_msg/share/dqn_msg/cmake/export_dqn_msg__rosidl_generator_pyExport-noconfig.cmake
