[0.146s] Invoking command in '/home/islem/Documents/PFE/build/dqn_msg': CMAKE_PREFIX_PATH=${CMAKE_PREFIX_PATH}:/home/islem/Documents/PFE/ros2/install/test_dqn:/home/islem/Documents/PFE/ros2/install/gazebo:/home/islem/Documents/PFE/ros2/install/env:/home/islem/Documents/PFE/ros2/install/dqn:/opt/ros/humble /usr/bin/cmake /home/islem/Documents/PFE/ros2/src/dqn_msg -DAMENT_CMAKE_SYMLINK_INSTALL=1 -DCMAKE_INSTALL_PREFIX=/home/islem/Documents/PFE/install/dqn_msg
[0.748s] -- The C compiler identification is GNU 11.3.0
[0.748s] -- The CXX compiler identification is GNU 11.3.0
[0.748s] -- Detecting C compiler ABI info
[0.748s] -- Detecting C compiler ABI info - done
[0.748s] -- Check for working C compiler: /usr/bin/cc - skipped
[0.749s] -- Detecting C compile features
[0.749s] -- Detecting C compile features - done
[0.749s] -- Detecting CXX compiler ABI info
[0.749s] -- Detecting CXX compiler ABI info - done
[0.749s] -- Check for working CXX compiler: /usr/bin/c++ - skipped
[0.749s] -- Detecting CXX compile features
[0.749s] -- Detecting CXX compile features - done
[0.749s] -- Found ament_cmake: 1.3.3 (/opt/ros/humble/share/ament_cmake/cmake)
[0.749s] -- Found Python3: /usr/bin/python3.10 (found version "3.10.6") found components: Interpreter 
[0.749s] -- Override CMake install command with custom implementation using symlinks instead of copying resources
[0.749s] -- Found rosidl_default_generators: 1.2.0 (/opt/ros/humble/share/rosidl_default_generators/cmake)
[0.749s] -- Using all available rosidl_typesupport_c: rosidl_typesupport_fastrtps_c;rosidl_typesupport_introspection_c
[0.749s] -- Found rosidl_adapter: 3.1.4 (/opt/ros/humble/share/rosidl_adapter/cmake)
[0.775s] -- Using all available rosidl_typesupport_cpp: rosidl_typesupport_fastrtps_cpp;rosidl_typesupport_introspection_cpp
[1.087s] -- Found ament_cmake_ros: 0.10.0 (/opt/ros/humble/share/ament_cmake_ros/cmake)
[1.293s] -- Using all available rosidl_typesupport_c: rosidl_typesupport_fastrtps_c;rosidl_typesupport_introspection_c
[1.574s] -- Using all available rosidl_typesupport_cpp: rosidl_typesupport_fastrtps_cpp;rosidl_typesupport_introspection_cpp
[1.594s] -- Found PythonInterp: /usr/bin/python3 (found suitable version "3.10.6", minimum required is "3.6") 
[1.596s] -- Found python_cmake_module: 0.10.0 (/opt/ros/humble/share/python_cmake_module/cmake)
[1.623s] -- Found PythonLibs: /usr/lib/x86_64-linux-gnu/libpython3.10.so (found suitable version "3.10.6", minimum required is "3.5") 
[1.623s] -- Using PYTHON_EXECUTABLE: /usr/bin/python3
[1.623s] -- Using PYTHON_INCLUDE_DIRS: /usr/include/python3.10
[1.623s] -- Using PYTHON_LIBRARIES: /usr/lib/x86_64-linux-gnu/libpython3.10.so
[1.638s] -- Found PythonExtra: .so  
[1.680s] -- Found ament_lint_auto: 0.12.4 (/opt/ros/humble/share/ament_lint_auto/cmake)
[1.699s] -- Added test 'lint_cmake' to check CMake code style
[1.701s] -- Added test 'xmllint' to check XML markup files
[1.704s] -- Configuring done
[1.725s] -- Generating done
[1.727s] -- Build files have been written to: /home/islem/Documents/PFE/build/dqn_msg
[1.732s] Invoked command in '/home/islem/Documents/PFE/build/dqn_msg' returned '0': CMAKE_PREFIX_PATH=${CMAKE_PREFIX_PATH}:/home/islem/Documents/PFE/ros2/install/test_dqn:/home/islem/Documents/PFE/ros2/install/gazebo:/home/islem/Documents/PFE/ros2/install/env:/home/islem/Documents/PFE/ros2/install/dqn:/opt/ros/humble /usr/bin/cmake /home/islem/Documents/PFE/ros2/src/dqn_msg -DAMENT_CMAKE_SYMLINK_INSTALL=1 -DCMAKE_INSTALL_PREFIX=/home/islem/Documents/PFE/install/dqn_msg
[1.733s] Invoking command in '/home/islem/Documents/PFE/build/dqn_msg': CMAKE_PREFIX_PATH=${CMAKE_PREFIX_PATH}:/home/islem/Documents/PFE/ros2/install/test_dqn:/home/islem/Documents/PFE/ros2/install/gazebo:/home/islem/Documents/PFE/ros2/install/env:/home/islem/Documents/PFE/ros2/install/dqn:/opt/ros/humble /usr/bin/cmake --build /home/islem/Documents/PFE/build/dqn_msg -- -j12 -l12
[1.763s] [  1%] [34m[1mGenerating C code for ROS interfaces[0m
[1.771s] [  3%] [34m[1mGenerating C++ code for ROS interfaces[0m
[1.786s] [  3%] Built target ament_cmake_python_symlink_dqn_msg
[1.980s] running egg_info
[1.981s] creating dqn_msg.egg-info
[1.995s] writing dqn_msg.egg-info/PKG-INFO
[1.995s] writing dependency_links to dqn_msg.egg-info/dependency_links.txt
[1.995s] writing top-level names to dqn_msg.egg-info/top_level.txt
[1.995s] writing manifest file 'dqn_msg.egg-info/SOURCES.txt'
[2.037s] reading manifest file 'dqn_msg.egg-info/SOURCES.txt'
[2.037s] writing manifest file 'dqn_msg.egg-info/SOURCES.txt'
[2.055s] [  3%] Built target ament_cmake_python_build_dqn_msg_egg
[2.138s] [  3%] Built target dqn_msg__cpp
[2.144s] [  5%] [34m[1mGenerating C++ introspection for ROS interfaces[0m
[2.144s] [  7%] [34m[1mGenerating C++ type support dispatch for ROS interfaces[0m
[2.144s] [  9%] [34m[1mGenerating C++ type support for eProsima Fast-RTPS[0m
[2.192s] [ 10%] [32mBuilding C object CMakeFiles/dqn_msg__rosidl_generator_c.dir/rosidl_generator_c/dqn_msg/srv/detail/goal__functions.c.o[0m
[2.193s] [ 14%] [32mBuilding C object CMakeFiles/dqn_msg__rosidl_generator_c.dir/rosidl_generator_c/dqn_msg/srv/detail/dqnn__functions.c.o[0m
[2.193s] [ 14%] [32mBuilding C object CMakeFiles/dqn_msg__rosidl_generator_c.dir/rosidl_generator_c/dqn_msg/msg/detail/goal__functions.c.o[0m
[2.193s] [ 16%] [32mBuilding C object CMakeFiles/dqn_msg__rosidl_generator_c.dir/rosidl_generator_c/dqn_msg/srv/detail/mdqn__functions.c.o[0m
[2.257s] [ 18%] [32m[1mLinking C shared library libdqn_msg__rosidl_generator_c.so[0m
[2.284s] [ 18%] Built target dqn_msg__rosidl_generator_c
[2.290s] [ 20%] [34m[1mGenerating C introspection for ROS interfaces[0m
[2.291s] [ 21%] [34m[1mGenerating C type support for eProsima Fast-RTPS[0m
[2.291s] [ 23%] [34m[1mGenerating C type support dispatch for ROS interfaces[0m
[2.444s] [ 27%] [32mBuilding CXX object CMakeFiles/dqn_msg__rosidl_typesupport_introspection_cpp.dir/rosidl_typesupport_introspection_cpp/dqn_msg/srv/detail/mdqn__type_support.cpp.o[0m
[2.444s] [ 25%] [32mBuilding CXX object CMakeFiles/dqn_msg__rosidl_typesupport_introspection_cpp.dir/rosidl_typesupport_introspection_cpp/dqn_msg/msg/detail/goal__type_support.cpp.o[0m
[2.445s] [ 29%] [32mBuilding CXX object CMakeFiles/dqn_msg__rosidl_typesupport_introspection_cpp.dir/rosidl_typesupport_introspection_cpp/dqn_msg/srv/detail/goal__type_support.cpp.o[0m
[2.452s] [ 30%] [32mBuilding CXX object CMakeFiles/dqn_msg__rosidl_typesupport_introspection_cpp.dir/rosidl_typesupport_introspection_cpp/dqn_msg/srv/detail/dqnn__type_support.cpp.o[0m
[2.476s] [ 32%] [32mBuilding CXX object CMakeFiles/dqn_msg__rosidl_typesupport_cpp.dir/rosidl_typesupport_cpp/dqn_msg/msg/goal__type_support.cpp.o[0m
[2.476s] [ 34%] [32mBuilding CXX object CMakeFiles/dqn_msg__rosidl_typesupport_cpp.dir/rosidl_typesupport_cpp/dqn_msg/srv/goal__type_support.cpp.o[0m
[2.479s] [ 36%] [32mBuilding CXX object CMakeFiles/dqn_msg__rosidl_typesupport_cpp.dir/rosidl_typesupport_cpp/dqn_msg/srv/mdqn__type_support.cpp.o[0m
[2.479s] [ 38%] [32mBuilding CXX object CMakeFiles/dqn_msg__rosidl_typesupport_cpp.dir/rosidl_typesupport_cpp/dqn_msg/srv/dqnn__type_support.cpp.o[0m
[2.570s] [ 40%] [32mBuilding CXX object CMakeFiles/dqn_msg__rosidl_typesupport_fastrtps_cpp.dir/rosidl_typesupport_fastrtps_cpp/dqn_msg/msg/detail/dds_fastrtps/goal__type_support.cpp.o[0m
[2.706s] [ 41%] [32mBuilding CXX object CMakeFiles/dqn_msg__rosidl_typesupport_c.dir/rosidl_typesupport_c/dqn_msg/msg/goal__type_support.cpp.o[0m
[2.771s] [ 43%] [32mBuilding CXX object CMakeFiles/dqn_msg__rosidl_typesupport_fastrtps_cpp.dir/rosidl_typesupport_fastrtps_cpp/dqn_msg/srv/detail/dds_fastrtps/dqnn__type_support.cpp.o[0m
[2.779s] [ 45%] [32mBuilding CXX object CMakeFiles/dqn_msg__rosidl_typesupport_c.dir/rosidl_typesupport_c/dqn_msg/srv/dqnn__type_support.cpp.o[0m
[2.823s] [ 47%] [32mBuilding CXX object CMakeFiles/dqn_msg__rosidl_typesupport_c.dir/rosidl_typesupport_c/dqn_msg/srv/goal__type_support.cpp.o[0m
[2.840s] [ 49%] [32mBuilding CXX object CMakeFiles/dqn_msg__rosidl_typesupport_c.dir/rosidl_typesupport_c/dqn_msg/srv/mdqn__type_support.cpp.o[0m
[2.850s] [ 50%] [32m[1mLinking CXX shared library libdqn_msg__rosidl_typesupport_cpp.so[0m
[2.861s] [ 52%] [32mBuilding C object CMakeFiles/dqn_msg__rosidl_typesupport_introspection_c.dir/rosidl_typesupport_introspection_c/dqn_msg/msg/detail/goal__type_support.c.o[0m
[2.893s] [ 54%] [32mBuilding C object CMakeFiles/dqn_msg__rosidl_typesupport_introspection_c.dir/rosidl_typesupport_introspection_c/dqn_msg/srv/detail/dqnn__type_support.c.o[0m
[2.898s] [ 56%] [32m[1mLinking CXX shared library libdqn_msg__rosidl_typesupport_c.so[0m
[2.903s] [ 58%] [32mBuilding C object CMakeFiles/dqn_msg__rosidl_typesupport_introspection_c.dir/rosidl_typesupport_introspection_c/dqn_msg/srv/detail/goal__type_support.c.o[0m
[2.921s] [ 60%] [32mBuilding CXX object CMakeFiles/dqn_msg__rosidl_typesupport_fastrtps_c.dir/rosidl_typesupport_fastrtps_c/dqn_msg/msg/detail/goal__type_support_c.cpp.o[0m
[2.931s] [ 60%] Built target dqn_msg__rosidl_typesupport_cpp
[2.945s] [ 60%] Built target dqn_msg__rosidl_typesupport_c
[2.964s] [ 63%] [32mBuilding C object CMakeFiles/dqn_msg__rosidl_typesupport_introspection_c.dir/rosidl_typesupport_introspection_c/dqn_msg/srv/detail/mdqn__type_support.c.o[0m
[2.964s] [ 63%] [32mBuilding CXX object CMakeFiles/dqn_msg__rosidl_typesupport_fastrtps_cpp.dir/rosidl_typesupport_fastrtps_cpp/dqn_msg/srv/detail/dds_fastrtps/goal__type_support.cpp.o[0m
[2.973s] [ 65%] [32mBuilding CXX object CMakeFiles/dqn_msg__rosidl_typesupport_fastrtps_c.dir/rosidl_typesupport_fastrtps_c/dqn_msg/srv/detail/dqnn__type_support_c.cpp.o[0m
[2.982s] [ 67%] [32mBuilding CXX object CMakeFiles/dqn_msg__rosidl_typesupport_fastrtps_c.dir/rosidl_typesupport_fastrtps_c/dqn_msg/srv/detail/goal__type_support_c.cpp.o[0m
[2.987s] [ 69%] [32mBuilding CXX object CMakeFiles/dqn_msg__rosidl_typesupport_fastrtps_cpp.dir/rosidl_typesupport_fastrtps_cpp/dqn_msg/srv/detail/dds_fastrtps/mdqn__type_support.cpp.o[0m
[3.042s] [ 70%] [32mBuilding CXX object CMakeFiles/dqn_msg__rosidl_typesupport_fastrtps_c.dir/rosidl_typesupport_fastrtps_c/dqn_msg/srv/detail/mdqn__type_support_c.cpp.o[0m
[3.068s] [ 72%] [32m[1mLinking C shared library libdqn_msg__rosidl_typesupport_introspection_c.so[0m
[3.180s] [ 74%] [32m[1mLinking CXX shared library libdqn_msg__rosidl_typesupport_introspection_cpp.so[0m
[3.204s] [ 74%] Built target dqn_msg__rosidl_typesupport_introspection_c
[3.441s] [ 74%] Built target dqn_msg__rosidl_typesupport_introspection_cpp
[3.648s] [ 76%] [32m[1mLinking CXX shared library libdqn_msg__rosidl_typesupport_fastrtps_c.so[0m
[3.761s] [ 76%] Built target dqn_msg__rosidl_typesupport_fastrtps_c
[3.891s] [ 78%] [32m[1mLinking CXX shared library libdqn_msg__rosidl_typesupport_fastrtps_cpp.so[0m
[4.002s] [ 78%] Built target dqn_msg__rosidl_typesupport_fastrtps_cpp
[4.019s] [ 78%] Built target dqn_msg
[4.037s] [ 80%] [34m[1mGenerating Python code for ROS interfaces[0m
[4.660s] [ 80%] Built target dqn_msg__py
[4.671s] [ 83%] [32mBuilding C object CMakeFiles/dqn_msg__rosidl_generator_py.dir/rosidl_generator_py/dqn_msg/srv/_dqnn_s.c.o[0m
[4.671s] [ 83%] [32mBuilding C object CMakeFiles/dqn_msg__rosidl_generator_py.dir/rosidl_generator_py/dqn_msg/msg/_goal_s.c.o[0m
[4.672s] [ 85%] [32mBuilding C object CMakeFiles/dqn_msg__rosidl_generator_py.dir/rosidl_generator_py/dqn_msg/srv/_mdqn_s.c.o[0m
[4.672s] [ 87%] [32mBuilding C object CMakeFiles/dqn_msg__rosidl_generator_py.dir/rosidl_generator_py/dqn_msg/srv/_goal_s.c.o[0m
[4.774s] [ 89%] [32m[1mLinking C shared library rosidl_generator_py/dqn_msg/libdqn_msg__rosidl_generator_py.so[0m
[4.797s] [ 89%] Built target dqn_msg__rosidl_generator_py
[4.808s] [ 90%] [32mBuilding C object CMakeFiles/dqn_msg__rosidl_typesupport_fastrtps_c__pyext.dir/rosidl_generator_py/dqn_msg/_dqn_msg_s.ep.rosidl_typesupport_fastrtps_c.c.o[0m
[4.808s] [ 92%] [32mBuilding C object CMakeFiles/dqn_msg__rosidl_typesupport_c__pyext.dir/rosidl_generator_py/dqn_msg/_dqn_msg_s.ep.rosidl_typesupport_c.c.o[0m
[4.811s] [ 94%] [32mBuilding C object CMakeFiles/dqn_msg__rosidl_typesupport_introspection_c__pyext.dir/rosidl_generator_py/dqn_msg/_dqn_msg_s.ep.rosidl_typesupport_introspection_c.c.o[0m
[4.876s] [ 96%] [32m[1mLinking C shared library rosidl_generator_py/dqn_msg/dqn_msg_s__rosidl_typesupport_c.cpython-310-x86_64-linux-gnu.so[0m
[4.880s] [ 98%] [32m[1mLinking C shared library rosidl_generator_py/dqn_msg/dqn_msg_s__rosidl_typesupport_fastrtps_c.cpython-310-x86_64-linux-gnu.so[0m
[4.894s] [ 98%] Built target dqn_msg__rosidl_typesupport_c__pyext
[4.897s] [100%] [32m[1mLinking C shared library rosidl_generator_py/dqn_msg/dqn_msg_s__rosidl_typesupport_introspection_c.cpython-310-x86_64-linux-gnu.so[0m
[4.898s] [100%] Built target dqn_msg__rosidl_typesupport_fastrtps_c__pyext
[4.915s] [100%] Built target dqn_msg__rosidl_typesupport_introspection_c__pyext
[4.923s] Invoked command in '/home/islem/Documents/PFE/build/dqn_msg' returned '0': CMAKE_PREFIX_PATH=${CMAKE_PREFIX_PATH}:/home/islem/Documents/PFE/ros2/install/test_dqn:/home/islem/Documents/PFE/ros2/install/gazebo:/home/islem/Documents/PFE/ros2/install/env:/home/islem/Documents/PFE/ros2/install/dqn:/opt/ros/humble /usr/bin/cmake --build /home/islem/Documents/PFE/build/dqn_msg -- -j12 -l12
[4.977s] Invoking command in '/home/islem/Documents/PFE/build/dqn_msg': CMAKE_PREFIX_PATH=${CMAKE_PREFIX_PATH}:/home/islem/Documents/PFE/ros2/install/test_dqn:/home/islem/Documents/PFE/ros2/install/gazebo:/home/islem/Documents/PFE/ros2/install/env:/home/islem/Documents/PFE/ros2/install/dqn:/opt/ros/humble /usr/bin/cmake --install /home/islem/Documents/PFE/build/dqn_msg
[4.982s] -- Install configuration: ""
[4.982s] -- Execute custom install script
[4.982s] -- Symlinking: /home/islem/Documents/PFE/install/dqn_msg/share/ament_index/resource_index/rosidl_interfaces/dqn_msg
[4.988s] -- Symlinking: /home/islem/Documents/PFE/install/dqn_msg/include/dqn_msg/dqn_msg/msg/detail/goal__functions.h
[4.992s] -- Symlinking: /home/islem/Documents/PFE/install/dqn_msg/include/dqn_msg/dqn_msg/msg/detail/goal__struct.h
[4.997s] -- Symlinking: /home/islem/Documents/PFE/install/dqn_msg/include/dqn_msg/dqn_msg/msg/detail/goal__type_support.h
[5.002s] -- Symlinking: /home/islem/Documents/PFE/install/dqn_msg/include/dqn_msg/dqn_msg/msg/goal.h
[5.006s] -- Symlinking: /home/islem/Documents/PFE/install/dqn_msg/include/dqn_msg/dqn_msg/msg/rosidl_generator_c__visibility_control.h
[5.011s] -- Symlinking: /home/islem/Documents/PFE/install/dqn_msg/include/dqn_msg/dqn_msg/srv/detail/dqnn__functions.h
[5.015s] -- Symlinking: /home/islem/Documents/PFE/install/dqn_msg/include/dqn_msg/dqn_msg/srv/detail/dqnn__struct.h
[5.019s] -- Symlinking: /home/islem/Documents/PFE/install/dqn_msg/include/dqn_msg/dqn_msg/srv/detail/dqnn__type_support.h
[5.024s] -- Symlinking: /home/islem/Documents/PFE/install/dqn_msg/include/dqn_msg/dqn_msg/srv/detail/goal__functions.h
[5.028s] -- Symlinking: /home/islem/Documents/PFE/install/dqn_msg/include/dqn_msg/dqn_msg/srv/detail/goal__struct.h
[5.033s] -- Symlinking: /home/islem/Documents/PFE/install/dqn_msg/include/dqn_msg/dqn_msg/srv/detail/goal__type_support.h
[5.038s] -- Symlinking: /home/islem/Documents/PFE/install/dqn_msg/include/dqn_msg/dqn_msg/srv/detail/mdqn__functions.h
[5.042s] -- Symlinking: /home/islem/Documents/PFE/install/dqn_msg/include/dqn_msg/dqn_msg/srv/detail/mdqn__struct.h
[5.047s] -- Symlinking: /home/islem/Documents/PFE/install/dqn_msg/include/dqn_msg/dqn_msg/srv/detail/mdqn__type_support.h
[5.051s] -- Symlinking: /home/islem/Documents/PFE/install/dqn_msg/include/dqn_msg/dqn_msg/srv/dqnn.h
[5.056s] -- Symlinking: /home/islem/Documents/PFE/install/dqn_msg/include/dqn_msg/dqn_msg/srv/goal.h
[5.061s] -- Symlinking: /home/islem/Documents/PFE/install/dqn_msg/include/dqn_msg/dqn_msg/srv/mdqn.h
[5.065s] -- Symlinking: /home/islem/Documents/PFE/install/dqn_msg/share/dqn_msg/environment/library_path.sh
[5.070s] -- Symlinking: /home/islem/Documents/PFE/install/dqn_msg/share/dqn_msg/environment/library_path.dsv
[5.075s] -- Symlinking: /home/islem/Documents/PFE/install/dqn_msg/include/dqn_msg/dqn_msg/msg/detail/goal__rosidl_typesupport_fastrtps_c.h
[5.079s] -- Symlinking: /home/islem/Documents/PFE/install/dqn_msg/include/dqn_msg/dqn_msg/msg/rosidl_typesupport_fastrtps_c__visibility_control.h
[5.084s] -- Symlinking: /home/islem/Documents/PFE/install/dqn_msg/include/dqn_msg/dqn_msg/srv/detail/dqnn__rosidl_typesupport_fastrtps_c.h
[5.089s] -- Symlinking: /home/islem/Documents/PFE/install/dqn_msg/include/dqn_msg/dqn_msg/srv/detail/goal__rosidl_typesupport_fastrtps_c.h
[5.094s] -- Symlinking: /home/islem/Documents/PFE/install/dqn_msg/include/dqn_msg/dqn_msg/srv/detail/mdqn__rosidl_typesupport_fastrtps_c.h
[5.099s] -- Symlinking: /home/islem/Documents/PFE/install/dqn_msg/include/dqn_msg/dqn_msg/msg/detail/goal__rosidl_typesupport_introspection_c.h
[5.103s] -- Symlinking: /home/islem/Documents/PFE/install/dqn_msg/include/dqn_msg/dqn_msg/msg/rosidl_typesupport_introspection_c__visibility_control.h
[5.108s] -- Symlinking: /home/islem/Documents/PFE/install/dqn_msg/include/dqn_msg/dqn_msg/srv/detail/dqnn__rosidl_typesupport_introspection_c.h
[5.112s] -- Symlinking: /home/islem/Documents/PFE/install/dqn_msg/include/dqn_msg/dqn_msg/srv/detail/goal__rosidl_typesupport_introspection_c.h
[5.117s] -- Symlinking: /home/islem/Documents/PFE/install/dqn_msg/include/dqn_msg/dqn_msg/srv/detail/mdqn__rosidl_typesupport_introspection_c.h
[5.123s] -- Symlinking: /home/islem/Documents/PFE/install/dqn_msg/include/dqn_msg/dqn_msg/msg/detail/goal__builder.hpp
[5.127s] -- Symlinking: /home/islem/Documents/PFE/install/dqn_msg/include/dqn_msg/dqn_msg/msg/detail/goal__struct.hpp
[5.131s] -- Symlinking: /home/islem/Documents/PFE/install/dqn_msg/include/dqn_msg/dqn_msg/msg/detail/goal__traits.hpp
[5.135s] -- Symlinking: /home/islem/Documents/PFE/install/dqn_msg/include/dqn_msg/dqn_msg/msg/goal.hpp
[5.140s] -- Symlinking: /home/islem/Documents/PFE/install/dqn_msg/include/dqn_msg/dqn_msg/srv/detail/dqnn__builder.hpp
[5.144s] -- Symlinking: /home/islem/Documents/PFE/install/dqn_msg/include/dqn_msg/dqn_msg/srv/detail/dqnn__struct.hpp
[5.148s] -- Symlinking: /home/islem/Documents/PFE/install/dqn_msg/include/dqn_msg/dqn_msg/srv/detail/dqnn__traits.hpp
[5.153s] -- Symlinking: /home/islem/Documents/PFE/install/dqn_msg/include/dqn_msg/dqn_msg/srv/detail/goal__builder.hpp
[5.157s] -- Symlinking: /home/islem/Documents/PFE/install/dqn_msg/include/dqn_msg/dqn_msg/srv/detail/goal__struct.hpp
[5.162s] -- Symlinking: /home/islem/Documents/PFE/install/dqn_msg/include/dqn_msg/dqn_msg/srv/detail/goal__traits.hpp
[5.166s] -- Symlinking: /home/islem/Documents/PFE/install/dqn_msg/include/dqn_msg/dqn_msg/srv/detail/mdqn__builder.hpp
[5.170s] -- Symlinking: /home/islem/Documents/PFE/install/dqn_msg/include/dqn_msg/dqn_msg/srv/detail/mdqn__struct.hpp
[5.175s] -- Symlinking: /home/islem/Documents/PFE/install/dqn_msg/include/dqn_msg/dqn_msg/srv/detail/mdqn__traits.hpp
[5.179s] -- Symlinking: /home/islem/Documents/PFE/install/dqn_msg/include/dqn_msg/dqn_msg/srv/dqnn.hpp
[5.185s] -- Symlinking: /home/islem/Documents/PFE/install/dqn_msg/include/dqn_msg/dqn_msg/srv/goal.hpp
[5.189s] -- Symlinking: /home/islem/Documents/PFE/install/dqn_msg/include/dqn_msg/dqn_msg/srv/mdqn.hpp
[5.194s] -- Symlinking: /home/islem/Documents/PFE/install/dqn_msg/include/dqn_msg/dqn_msg/msg/detail/goal__rosidl_typesupport_fastrtps_cpp.hpp
[5.198s] -- Symlinking: /home/islem/Documents/PFE/install/dqn_msg/include/dqn_msg/dqn_msg/msg/rosidl_typesupport_fastrtps_cpp__visibility_control.h
[5.203s] -- Symlinking: /home/islem/Documents/PFE/install/dqn_msg/include/dqn_msg/dqn_msg/srv/detail/dqnn__rosidl_typesupport_fastrtps_cpp.hpp
[5.208s] -- Symlinking: /home/islem/Documents/PFE/install/dqn_msg/include/dqn_msg/dqn_msg/srv/detail/goal__rosidl_typesupport_fastrtps_cpp.hpp
[5.213s] -- Symlinking: /home/islem/Documents/PFE/install/dqn_msg/include/dqn_msg/dqn_msg/srv/detail/mdqn__rosidl_typesupport_fastrtps_cpp.hpp
[5.218s] -- Symlinking: /home/islem/Documents/PFE/install/dqn_msg/include/dqn_msg/dqn_msg/msg/detail/goal__rosidl_typesupport_introspection_cpp.hpp
[5.223s] -- Symlinking: /home/islem/Documents/PFE/install/dqn_msg/include/dqn_msg/dqn_msg/srv/detail/dqnn__rosidl_typesupport_introspection_cpp.hpp
[5.227s] -- Symlinking: /home/islem/Documents/PFE/install/dqn_msg/include/dqn_msg/dqn_msg/srv/detail/goal__rosidl_typesupport_introspection_cpp.hpp
[5.232s] -- Symlinking: /home/islem/Documents/PFE/install/dqn_msg/include/dqn_msg/dqn_msg/srv/detail/mdqn__rosidl_typesupport_introspection_cpp.hpp
[5.236s] -- Symlinking: /home/islem/Documents/PFE/install/dqn_msg/share/dqn_msg/environment/pythonpath.sh
[5.240s] -- Symlinking: /home/islem/Documents/PFE/install/dqn_msg/share/dqn_msg/environment/pythonpath.dsv
[5.245s] -- Symlinking: /home/islem/Documents/PFE/install/dqn_msg/local/lib/python3.10/dist-packages/dqn_msg-0.0.0-py3.10.egg-info/PKG-INFO
[5.249s] -- Symlinking: /home/islem/Documents/PFE/install/dqn_msg/local/lib/python3.10/dist-packages/dqn_msg-0.0.0-py3.10.egg-info/SOURCES.txt
[5.253s] -- Symlinking: /home/islem/Documents/PFE/install/dqn_msg/local/lib/python3.10/dist-packages/dqn_msg-0.0.0-py3.10.egg-info/dependency_links.txt
[5.257s] -- Symlinking: /home/islem/Documents/PFE/install/dqn_msg/local/lib/python3.10/dist-packages/dqn_msg-0.0.0-py3.10.egg-info/top_level.txt
[5.262s] -- Symlinking: /home/islem/Documents/PFE/install/dqn_msg/local/lib/python3.10/dist-packages/dqn_msg/__init__.py
[5.267s] -- Symlinking: /home/islem/Documents/PFE/install/dqn_msg/local/lib/python3.10/dist-packages/dqn_msg/_dqn_msg_s.ep.rosidl_typesupport_c.c
[5.271s] -- Symlinking: /home/islem/Documents/PFE/install/dqn_msg/local/lib/python3.10/dist-packages/dqn_msg/_dqn_msg_s.ep.rosidl_typesupport_fastrtps_c.c
[5.276s] -- Symlinking: /home/islem/Documents/PFE/install/dqn_msg/local/lib/python3.10/dist-packages/dqn_msg/_dqn_msg_s.ep.rosidl_typesupport_introspection_c.c
[5.281s] -- Symlinking: /home/islem/Documents/PFE/install/dqn_msg/local/lib/python3.10/dist-packages/dqn_msg/dqn_msg_s__rosidl_typesupport_c.cpython-310-x86_64-linux-gnu.so
[5.285s] -- Symlinking: /home/islem/Documents/PFE/install/dqn_msg/local/lib/python3.10/dist-packages/dqn_msg/dqn_msg_s__rosidl_typesupport_fastrtps_c.cpython-310-x86_64-linux-gnu.so
[5.290s] -- Symlinking: /home/islem/Documents/PFE/install/dqn_msg/local/lib/python3.10/dist-packages/dqn_msg/dqn_msg_s__rosidl_typesupport_introspection_c.cpython-310-x86_64-linux-gnu.so
[5.295s] -- Symlinking: /home/islem/Documents/PFE/install/dqn_msg/local/lib/python3.10/dist-packages/dqn_msg/libdqn_msg__rosidl_generator_py.so
[5.299s] -- Symlinking: /home/islem/Documents/PFE/install/dqn_msg/local/lib/python3.10/dist-packages/dqn_msg/msg/__init__.py
[5.304s] -- Symlinking: /home/islem/Documents/PFE/install/dqn_msg/local/lib/python3.10/dist-packages/dqn_msg/msg/_goal.py
[5.309s] -- Symlinking: /home/islem/Documents/PFE/install/dqn_msg/local/lib/python3.10/dist-packages/dqn_msg/msg/_goal_s.c
[5.314s] -- Symlinking: /home/islem/Documents/PFE/install/dqn_msg/local/lib/python3.10/dist-packages/dqn_msg/srv/__init__.py
[5.319s] -- Symlinking: /home/islem/Documents/PFE/install/dqn_msg/local/lib/python3.10/dist-packages/dqn_msg/srv/_dqnn.py
[5.323s] -- Symlinking: /home/islem/Documents/PFE/install/dqn_msg/local/lib/python3.10/dist-packages/dqn_msg/srv/_dqnn_s.c
[5.328s] -- Symlinking: /home/islem/Documents/PFE/install/dqn_msg/local/lib/python3.10/dist-packages/dqn_msg/srv/_goal.py
[5.332s] -- Symlinking: /home/islem/Documents/PFE/install/dqn_msg/local/lib/python3.10/dist-packages/dqn_msg/srv/_goal_s.c
[5.337s] -- Symlinking: /home/islem/Documents/PFE/install/dqn_msg/local/lib/python3.10/dist-packages/dqn_msg/srv/_mdqn.py
[5.342s] -- Symlinking: /home/islem/Documents/PFE/install/dqn_msg/local/lib/python3.10/dist-packages/dqn_msg/srv/_mdqn_s.c
[5.346s] -- Up-to-date symlink: /home/islem/Documents/PFE/install/dqn_msg/local/lib/python3.10/dist-packages/dqn_msg/dqn_msg_s__rosidl_typesupport_fastrtps_c.cpython-310-x86_64-linux-gnu.so
[5.346s] -- Up-to-date symlink: /home/islem/Documents/PFE/install/dqn_msg/local/lib/python3.10/dist-packages/dqn_msg/dqn_msg_s__rosidl_typesupport_introspection_c.cpython-310-x86_64-linux-gnu.so
[5.347s] -- Up-to-date symlink: /home/islem/Documents/PFE/install/dqn_msg/local/lib/python3.10/dist-packages/dqn_msg/dqn_msg_s__rosidl_typesupport_c.cpython-310-x86_64-linux-gnu.so
[5.347s] -- Symlinking: /home/islem/Documents/PFE/install/dqn_msg/share/dqn_msg/msg/Goal.idl
[5.352s] -- Symlinking: /home/islem/Documents/PFE/install/dqn_msg/share/dqn_msg/srv/Dqnn.idl
[5.356s] -- Symlinking: /home/islem/Documents/PFE/install/dqn_msg/share/dqn_msg/srv/Goal.idl
[5.363s] -- Symlinking: /home/islem/Documents/PFE/install/dqn_msg/share/dqn_msg/srv/Mdqn.idl
[5.368s] -- Symlinking: /home/islem/Documents/PFE/install/dqn_msg/share/dqn_msg/msg/Goal.msg
[5.372s] -- Symlinking: /home/islem/Documents/PFE/install/dqn_msg/share/dqn_msg/srv/Dqnn.srv
[5.377s] -- Symlinking: /home/islem/Documents/PFE/install/dqn_msg/share/dqn_msg/srv/Dqnn_Request.msg
[5.381s] -- Symlinking: /home/islem/Documents/PFE/install/dqn_msg/share/dqn_msg/srv/Dqnn_Response.msg
[5.385s] -- Symlinking: /home/islem/Documents/PFE/install/dqn_msg/share/dqn_msg/srv/Goal.srv
[5.390s] -- Symlinking: /home/islem/Documents/PFE/install/dqn_msg/share/dqn_msg/srv/Goal_Request.msg
[5.394s] -- Symlinking: /home/islem/Documents/PFE/install/dqn_msg/share/dqn_msg/srv/Goal_Response.msg
[5.399s] -- Symlinking: /home/islem/Documents/PFE/install/dqn_msg/share/dqn_msg/srv/Mdqn.srv
[5.403s] -- Symlinking: /home/islem/Documents/PFE/install/dqn_msg/share/dqn_msg/srv/Mdqn_Request.msg
[5.408s] -- Symlinking: /home/islem/Documents/PFE/install/dqn_msg/share/dqn_msg/srv/Mdqn_Response.msg
[5.413s] -- Symlinking: /home/islem/Documents/PFE/install/dqn_msg/share/ament_index/resource_index/package_run_dependencies/dqn_msg
[5.417s] -- Symlinking: /home/islem/Documents/PFE/install/dqn_msg/share/ament_index/resource_index/parent_prefix_path/dqn_msg
[5.421s] -- Symlinking: /home/islem/Documents/PFE/install/dqn_msg/share/dqn_msg/environment/ament_prefix_path.sh
[5.426s] -- Symlinking: /home/islem/Documents/PFE/install/dqn_msg/share/dqn_msg/environment/ament_prefix_path.dsv
[5.430s] -- Symlinking: /home/islem/Documents/PFE/install/dqn_msg/share/dqn_msg/environment/path.sh
[5.435s] -- Symlinking: /home/islem/Documents/PFE/install/dqn_msg/share/dqn_msg/environment/path.dsv
[5.439s] -- Symlinking: /home/islem/Documents/PFE/install/dqn_msg/share/dqn_msg/local_setup.bash
[5.444s] -- Symlinking: /home/islem/Documents/PFE/install/dqn_msg/share/dqn_msg/local_setup.sh
[5.448s] -- Symlinking: /home/islem/Documents/PFE/install/dqn_msg/share/dqn_msg/local_setup.zsh
[5.452s] -- Symlinking: /home/islem/Documents/PFE/install/dqn_msg/share/dqn_msg/local_setup.dsv
[5.456s] -- Symlinking: /home/islem/Documents/PFE/install/dqn_msg/share/dqn_msg/package.dsv
[5.461s] -- Symlinking: /home/islem/Documents/PFE/install/dqn_msg/share/ament_index/resource_index/packages/dqn_msg
[5.465s] -- Symlinking: /home/islem/Documents/PFE/install/dqn_msg/share/dqn_msg/cmake/rosidl_cmake-extras.cmake
[5.470s] -- Symlinking: /home/islem/Documents/PFE/install/dqn_msg/share/dqn_msg/cmake/ament_cmake_export_include_directories-extras.cmake
[5.474s] -- Symlinking: /home/islem/Documents/PFE/install/dqn_msg/share/dqn_msg/cmake/ament_cmake_export_libraries-extras.cmake
[5.478s] -- Symlinking: /home/islem/Documents/PFE/install/dqn_msg/share/dqn_msg/cmake/ament_cmake_export_targets-extras.cmake
[5.482s] -- Symlinking: /home/islem/Documents/PFE/install/dqn_msg/share/dqn_msg/cmake/rosidl_cmake_export_typesupport_targets-extras.cmake
[5.489s] -- Symlinking: /home/islem/Documents/PFE/install/dqn_msg/share/dqn_msg/cmake/ament_cmake_export_dependencies-extras.cmake
[5.492s] -- Symlinking: /home/islem/Documents/PFE/install/dqn_msg/share/dqn_msg/cmake/rosidl_cmake_export_typesupport_libraries-extras.cmake
[5.496s] -- Symlinking: /home/islem/Documents/PFE/install/dqn_msg/share/dqn_msg/cmake/dqn_msgConfig.cmake
[5.500s] -- Symlinking: /home/islem/Documents/PFE/install/dqn_msg/share/dqn_msg/cmake/dqn_msgConfig-version.cmake
[5.505s] -- Symlinking: /home/islem/Documents/PFE/install/dqn_msg/share/dqn_msg/package.xml
[5.510s] -- Installing: /home/islem/Documents/PFE/install/dqn_msg/lib/libdqn_msg__rosidl_generator_c.so
[5.510s] -- Set runtime path of "/home/islem/Documents/PFE/install/dqn_msg/lib/libdqn_msg__rosidl_generator_c.so" to ""
[5.510s] -- Installing: /home/islem/Documents/PFE/install/dqn_msg/lib/libdqn_msg__rosidl_typesupport_fastrtps_c.so
[5.510s] -- Set runtime path of "/home/islem/Documents/PFE/install/dqn_msg/lib/libdqn_msg__rosidl_typesupport_fastrtps_c.so" to ""
[5.510s] -- Installing: /home/islem/Documents/PFE/install/dqn_msg/lib/libdqn_msg__rosidl_typesupport_introspection_c.so
[5.510s] -- Set runtime path of "/home/islem/Documents/PFE/install/dqn_msg/lib/libdqn_msg__rosidl_typesupport_introspection_c.so" to ""
[5.510s] -- Installing: /home/islem/Documents/PFE/install/dqn_msg/lib/libdqn_msg__rosidl_typesupport_c.so
[5.510s] -- Set runtime path of "/home/islem/Documents/PFE/install/dqn_msg/lib/libdqn_msg__rosidl_typesupport_c.so" to ""
[5.510s] -- Installing: /home/islem/Documents/PFE/install/dqn_msg/lib/libdqn_msg__rosidl_typesupport_fastrtps_cpp.so
[5.511s] -- Set runtime path of "/home/islem/Documents/PFE/install/dqn_msg/lib/libdqn_msg__rosidl_typesupport_fastrtps_cpp.so" to ""
[5.511s] -- Installing: /home/islem/Documents/PFE/install/dqn_msg/lib/libdqn_msg__rosidl_typesupport_introspection_cpp.so
[5.511s] -- Set runtime path of "/home/islem/Documents/PFE/install/dqn_msg/lib/libdqn_msg__rosidl_typesupport_introspection_cpp.so" to ""
[5.511s] -- Installing: /home/islem/Documents/PFE/install/dqn_msg/lib/libdqn_msg__rosidl_typesupport_cpp.so
[5.511s] -- Set runtime path of "/home/islem/Documents/PFE/install/dqn_msg/lib/libdqn_msg__rosidl_typesupport_cpp.so" to ""
[5.537s] Listing '/home/islem/Documents/PFE/install/dqn_msg/local/lib/python3.10/dist-packages/dqn_msg'...
[5.537s] Compiling '/home/islem/Documents/PFE/install/dqn_msg/local/lib/python3.10/dist-packages/dqn_msg/__init__.py'...
[5.537s] Listing '/home/islem/Documents/PFE/install/dqn_msg/local/lib/python3.10/dist-packages/dqn_msg/msg'...
[5.537s] Compiling '/home/islem/Documents/PFE/install/dqn_msg/local/lib/python3.10/dist-packages/dqn_msg/msg/__init__.py'...
[5.537s] Compiling '/home/islem/Documents/PFE/install/dqn_msg/local/lib/python3.10/dist-packages/dqn_msg/msg/_goal.py'...
[5.537s] Listing '/home/islem/Documents/PFE/install/dqn_msg/local/lib/python3.10/dist-packages/dqn_msg/srv'...
[5.537s] Compiling '/home/islem/Documents/PFE/install/dqn_msg/local/lib/python3.10/dist-packages/dqn_msg/srv/__init__.py'...
[5.537s] Compiling '/home/islem/Documents/PFE/install/dqn_msg/local/lib/python3.10/dist-packages/dqn_msg/srv/_dqnn.py'...
[5.537s] Compiling '/home/islem/Documents/PFE/install/dqn_msg/local/lib/python3.10/dist-packages/dqn_msg/srv/_goal.py'...
[5.537s] Compiling '/home/islem/Documents/PFE/install/dqn_msg/local/lib/python3.10/dist-packages/dqn_msg/srv/_mdqn.py'...
[5.540s] -- Installing: /home/islem/Documents/PFE/install/dqn_msg/lib/libdqn_msg__rosidl_generator_py.so
[5.541s] -- Set runtime path of "/home/islem/Documents/PFE/install/dqn_msg/lib/libdqn_msg__rosidl_generator_py.so" to ""
[5.541s] -- Installing: /home/islem/Documents/PFE/install/dqn_msg/share/dqn_msg/cmake/export_dqn_msg__rosidl_generator_cExport.cmake
[5.541s] -- Installing: /home/islem/Documents/PFE/install/dqn_msg/share/dqn_msg/cmake/export_dqn_msg__rosidl_generator_cExport-noconfig.cmake
[5.541s] -- Installing: /home/islem/Documents/PFE/install/dqn_msg/share/dqn_msg/cmake/export_dqn_msg__rosidl_typesupport_fastrtps_cExport.cmake
[5.541s] -- Installing: /home/islem/Documents/PFE/install/dqn_msg/share/dqn_msg/cmake/export_dqn_msg__rosidl_typesupport_fastrtps_cExport-noconfig.cmake
[5.541s] -- Installing: /home/islem/Documents/PFE/install/dqn_msg/share/dqn_msg/cmake/dqn_msg__rosidl_typesupport_introspection_cExport.cmake
[5.541s] -- Installing: /home/islem/Documents/PFE/install/dqn_msg/share/dqn_msg/cmake/dqn_msg__rosidl_typesupport_introspection_cExport-noconfig.cmake
[5.541s] -- Installing: /home/islem/Documents/PFE/install/dqn_msg/share/dqn_msg/cmake/dqn_msg__rosidl_typesupport_cExport.cmake
[5.541s] -- Installing: /home/islem/Documents/PFE/install/dqn_msg/share/dqn_msg/cmake/dqn_msg__rosidl_typesupport_cExport-noconfig.cmake
[5.541s] -- Installing: /home/islem/Documents/PFE/install/dqn_msg/share/dqn_msg/cmake/export_dqn_msg__rosidl_generator_cppExport.cmake
[5.541s] -- Installing: /home/islem/Documents/PFE/install/dqn_msg/share/dqn_msg/cmake/export_dqn_msg__rosidl_typesupport_fastrtps_cppExport.cmake
[5.541s] -- Installing: /home/islem/Documents/PFE/install/dqn_msg/share/dqn_msg/cmake/export_dqn_msg__rosidl_typesupport_fastrtps_cppExport-noconfig.cmake
[5.541s] -- Installing: /home/islem/Documents/PFE/install/dqn_msg/share/dqn_msg/cmake/dqn_msg__rosidl_typesupport_introspection_cppExport.cmake
[5.541s] -- Installing: /home/islem/Documents/PFE/install/dqn_msg/share/dqn_msg/cmake/dqn_msg__rosidl_typesupport_introspection_cppExport-noconfig.cmake
[5.541s] -- Installing: /home/islem/Documents/PFE/install/dqn_msg/share/dqn_msg/cmake/dqn_msg__rosidl_typesupport_cppExport.cmake
[5.541s] -- Installing: /home/islem/Documents/PFE/install/dqn_msg/share/dqn_msg/cmake/dqn_msg__rosidl_typesupport_cppExport-noconfig.cmake
[5.541s] -- Installing: /home/islem/Documents/PFE/install/dqn_msg/share/dqn_msg/cmake/export_dqn_msg__rosidl_generator_pyExport.cmake
[5.541s] -- Installing: /home/islem/Documents/PFE/install/dqn_msg/share/dqn_msg/cmake/export_dqn_msg__rosidl_generator_pyExport-noconfig.cmake
[5.544s] Invoked command in '/home/islem/Documents/PFE/build/dqn_msg' returned '0': CMAKE_PREFIX_PATH=${CMAKE_PREFIX_PATH}:/home/islem/Documents/PFE/ros2/install/test_dqn:/home/islem/Documents/PFE/ros2/install/gazebo:/home/islem/Documents/PFE/ros2/install/env:/home/islem/Documents/PFE/ros2/install/dqn:/opt/ros/humble /usr/bin/cmake --install /home/islem/Documents/PFE/build/dqn_msg
