[0.372s] Invoking command in '/home/islem/Documents/PFE/build/mrs_msg': CMAKE_PREFIX_PATH=${CMAKE_PREFIX_PATH}:/home/islem/Documents/PFE/ros2/install/test_dqn:/home/islem/Documents/PFE/ros2/install/gazebo:/home/islem/Documents/PFE/ros2/install/env:/home/islem/Documents/PFE/ros2/install/dqn:/opt/ros/humble /usr/bin/cmake /home/islem/Documents/PFE/ros2/venv/mrs_msg -DAMENT_CMAKE_SYMLINK_INSTALL=1 -DCMAKE_INSTALL_PREFIX=/home/islem/Documents/PFE/install/mrs_msg
[0.739s] -- The C compiler identification is GNU 11.3.0
[0.739s] -- The CXX compiler identification is GNU 11.3.0
[0.740s] -- Detecting C compiler ABI info
[0.740s] -- Detecting C compiler ABI info - done
[0.741s] -- Check for working C compiler: /usr/bin/cc - skipped
[0.741s] -- Detecting C compile features
[0.741s] -- Detecting C compile features - done
[0.741s] -- Detecting CXX compiler ABI info
[0.741s] -- Detecting CXX compiler ABI info - done
[0.741s] -- Check for working CXX compiler: /usr/bin/c++ - skipped
[0.741s] -- Detecting CXX compile features
[0.741s] -- Detecting CXX compile features - done
[0.741s] -- Found ament_cmake: 1.3.3 (/opt/ros/humble/share/ament_cmake/cmake)
[0.794s] -- Found Python3: /usr/bin/python3.10 (found version "3.10.6") found components: Interpreter 
[0.845s] -- Override CMake install command with custom implementation using symlinks instead of copying resources
[0.867s] -- Found geometry_msgs: 4.2.2 (/opt/ros/humble/share/geometry_msgs/cmake)
[0.915s] -- Found rosidl_generator_c: 3.1.4 (/opt/ros/humble/share/rosidl_generator_c/cmake)
[0.920s] -- Found rosidl_adapter: 3.1.4 (/opt/ros/humble/share/rosidl_adapter/cmake)
[0.929s] -- Found rosidl_generator_cpp: 3.1.4 (/opt/ros/humble/share/rosidl_generator_cpp/cmake)
[0.944s] -- Using all available rosidl_typesupport_c: rosidl_typesupport_fastrtps_c;rosidl_typesupport_introspection_c
[0.963s] -- Using all available rosidl_typesupport_cpp: rosidl_typesupport_fastrtps_cpp;rosidl_typesupport_introspection_cpp
[1.072s] -- Found rosidl_default_generators: 1.2.0 (/opt/ros/humble/share/rosidl_default_generators/cmake)
[1.420s] -- Found ament_cmake_ros: 0.10.0 (/opt/ros/humble/share/ament_cmake_ros/cmake)
[1.869s] -- Using all available rosidl_typesupport_c: rosidl_typesupport_fastrtps_c;rosidl_typesupport_introspection_c
[1.996s] -- Using all available rosidl_typesupport_cpp: rosidl_typesupport_fastrtps_cpp;rosidl_typesupport_introspection_cpp
[2.011s] -- Found PythonInterp: /usr/bin/python3 (found suitable version "3.10.6", minimum required is "3.6") 
[2.012s] -- Found python_cmake_module: 0.10.0 (/opt/ros/humble/share/python_cmake_module/cmake)
[2.031s] -- Found PythonLibs: /usr/lib/x86_64-linux-gnu/libpython3.10.so (found suitable version "3.10.6", minimum required is "3.5") 
[2.031s] -- Using PYTHON_EXECUTABLE: /usr/bin/python3
[2.031s] -- Using PYTHON_INCLUDE_DIRS: /usr/include/python3.10
[2.031s] -- Using PYTHON_LIBRARIES: /usr/lib/x86_64-linux-gnu/libpython3.10.so
[2.046s] -- Found PythonExtra: .so  
[2.103s] -- Found ament_lint_auto: 0.12.4 (/opt/ros/humble/share/ament_lint_auto/cmake)
[2.117s] -- Added test 'lint_cmake' to check CMake code style
[2.118s] -- Added test 'xmllint' to check XML markup files
[2.121s] -- Configuring done
[2.150s] -- Generating done
[2.152s] -- Build files have been written to: /home/islem/Documents/PFE/build/mrs_msg
[2.164s] Invoked command in '/home/islem/Documents/PFE/build/mrs_msg' returned '0': CMAKE_PREFIX_PATH=${CMAKE_PREFIX_PATH}:/home/islem/Documents/PFE/ros2/install/test_dqn:/home/islem/Documents/PFE/ros2/install/gazebo:/home/islem/Documents/PFE/ros2/install/env:/home/islem/Documents/PFE/ros2/install/dqn:/opt/ros/humble /usr/bin/cmake /home/islem/Documents/PFE/ros2/venv/mrs_msg -DAMENT_CMAKE_SYMLINK_INSTALL=1 -DCMAKE_INSTALL_PREFIX=/home/islem/Documents/PFE/install/mrs_msg
[2.165s] Invoking command in '/home/islem/Documents/PFE/build/mrs_msg': CMAKE_PREFIX_PATH=${CMAKE_PREFIX_PATH}:/home/islem/Documents/PFE/ros2/install/test_dqn:/home/islem/Documents/PFE/ros2/install/gazebo:/home/islem/Documents/PFE/ros2/install/env:/home/islem/Documents/PFE/ros2/install/dqn:/opt/ros/humble /usr/bin/cmake --build /home/islem/Documents/PFE/build/mrs_msg -- -j12 -l12
[2.191s] [  2%] [34m[1mGenerating C code for ROS interfaces[0m
[2.197s] [  4%] [34m[1mGenerating C++ code for ROS interfaces[0m
[2.205s] [  4%] Built target ament_cmake_python_symlink_mrs_msg
[2.378s] running egg_info
[2.379s] creating mrs_msg.egg-info
[2.390s] writing mrs_msg.egg-info/PKG-INFO
[2.390s] writing dependency_links to mrs_msg.egg-info/dependency_links.txt
[2.390s] writing top-level names to mrs_msg.egg-info/top_level.txt
[2.391s] writing manifest file 'mrs_msg.egg-info/SOURCES.txt'
[2.433s] reading manifest file 'mrs_msg.egg-info/SOURCES.txt'
[2.433s] writing manifest file 'mrs_msg.egg-info/SOURCES.txt'
[2.460s] [  4%] Built target ament_cmake_python_build_mrs_msg_egg
[2.583s] [  4%] Built target mrs_msg__cpp
[2.638s] [  6%] [34m[1mGenerating C++ type support dispatch for ROS interfaces[0m
[2.640s] [  8%] [34m[1mGenerating C++ type support for eProsima Fast-RTPS[0m
[2.653s] [ 10%] [34m[1mGenerating C++ introspection for ROS interfaces[0m
[2.743s] [ 12%] [32mBuilding C object CMakeFiles/mrs_msg__rosidl_generator_c.dir/rosidl_generator_c/mrs_msg/srv/detail/add_three_ints__functions.c.o[0m
[2.752s] [ 14%] [32mBuilding C object CMakeFiles/mrs_msg__rosidl_generator_c.dir/rosidl_generator_c/mrs_msg/msg/detail/num__functions.c.o[0m
[2.762s] [ 17%] [32mBuilding C object CMakeFiles/mrs_msg__rosidl_generator_c.dir/rosidl_generator_c/mrs_msg/msg/detail/sphere__functions.c.o[0m
[2.864s] [ 19%] [32m[1mLinking C shared library libmrs_msg__rosidl_generator_c.so[0m
[2.973s] [ 19%] Built target mrs_msg__rosidl_generator_c
[3.011s] [ 21%] [34m[1mGenerating C type support for eProsima Fast-RTPS[0m
[3.013s] [ 23%] [34m[1mGenerating C introspection for ROS interfaces[0m
[3.020s] [ 25%] [34m[1mGenerating C type support dispatch for ROS interfaces[0m
[3.092s] [ 27%] [32mBuilding CXX object CMakeFiles/mrs_msg__rosidl_typesupport_cpp.dir/rosidl_typesupport_cpp/mrs_msg/msg/sphere__type_support.cpp.o[0m
[3.101s] [ 29%] [32mBuilding CXX object CMakeFiles/mrs_msg__rosidl_typesupport_cpp.dir/rosidl_typesupport_cpp/mrs_msg/srv/add_three_ints__type_support.cpp.o[0m
[3.106s] [ 31%] [32mBuilding CXX object CMakeFiles/mrs_msg__rosidl_typesupport_cpp.dir/rosidl_typesupport_cpp/mrs_msg/msg/num__type_support.cpp.o[0m
[3.163s] [ 34%] [32mBuilding CXX object CMakeFiles/mrs_msg__rosidl_typesupport_introspection_cpp.dir/rosidl_typesupport_introspection_cpp/mrs_msg/msg/detail/num__type_support.cpp.o[0m
[3.173s] [ 36%] [32mBuilding CXX object CMakeFiles/mrs_msg__rosidl_typesupport_introspection_cpp.dir/rosidl_typesupport_introspection_cpp/mrs_msg/msg/detail/sphere__type_support.cpp.o[0m
[3.179s] [ 38%] [32mBuilding CXX object CMakeFiles/mrs_msg__rosidl_typesupport_introspection_cpp.dir/rosidl_typesupport_introspection_cpp/mrs_msg/srv/detail/add_three_ints__type_support.cpp.o[0m
[3.203s] [ 40%] [32mBuilding CXX object CMakeFiles/mrs_msg__rosidl_typesupport_fastrtps_cpp.dir/rosidl_typesupport_fastrtps_cpp/mrs_msg/msg/detail/dds_fastrtps/num__type_support.cpp.o[0m
[3.242s] [ 42%] [32mBuilding CXX object CMakeFiles/mrs_msg__rosidl_typesupport_fastrtps_cpp.dir/rosidl_typesupport_fastrtps_cpp/mrs_msg/msg/detail/dds_fastrtps/sphere__type_support.cpp.o[0m
[3.246s] [ 44%] [32mBuilding CXX object CMakeFiles/mrs_msg__rosidl_typesupport_fastrtps_cpp.dir/rosidl_typesupport_fastrtps_cpp/mrs_msg/srv/detail/dds_fastrtps/add_three_ints__type_support.cpp.o[0m
[3.572s] [ 46%] [32m[1mLinking CXX shared library libmrs_msg__rosidl_typesupport_cpp.so[0m
[3.595s] [ 48%] [32mBuilding CXX object CMakeFiles/mrs_msg__rosidl_typesupport_c.dir/rosidl_typesupport_c/mrs_msg/msg/sphere__type_support.cpp.o[0m
[3.602s] [ 51%] [32mBuilding CXX object CMakeFiles/mrs_msg__rosidl_typesupport_c.dir/rosidl_typesupport_c/mrs_msg/msg/num__type_support.cpp.o[0m
[3.610s] [ 53%] [32mBuilding CXX object CMakeFiles/mrs_msg__rosidl_typesupport_c.dir/rosidl_typesupport_c/mrs_msg/srv/add_three_ints__type_support.cpp.o[0m
[3.672s] [ 53%] Built target mrs_msg__rosidl_typesupport_cpp
[3.700s] [ 55%] [32m[1mLinking CXX shared library libmrs_msg__rosidl_typesupport_c.so[0m
[3.700s] [ 57%] [32mBuilding C object CMakeFiles/mrs_msg__rosidl_typesupport_introspection_c.dir/rosidl_typesupport_introspection_c/mrs_msg/msg/detail/num__type_support.c.o[0m
[3.707s] [ 59%] [32mBuilding C object CMakeFiles/mrs_msg__rosidl_typesupport_introspection_c.dir/rosidl_typesupport_introspection_c/mrs_msg/msg/detail/sphere__type_support.c.o[0m
[3.711s] [ 61%] [32mBuilding C object CMakeFiles/mrs_msg__rosidl_typesupport_introspection_c.dir/rosidl_typesupport_introspection_c/mrs_msg/srv/detail/add_three_ints__type_support.c.o[0m
[3.717s] [ 63%] [32m[1mLinking CXX shared library libmrs_msg__rosidl_typesupport_introspection_cpp.so[0m
[3.730s] [ 65%] [32mBuilding CXX object CMakeFiles/mrs_msg__rosidl_typesupport_fastrtps_c.dir/rosidl_typesupport_fastrtps_c/mrs_msg/srv/detail/add_three_ints__type_support_c.cpp.o[0m
[3.740s] [ 70%] [32mBuilding CXX object CMakeFiles/mrs_msg__rosidl_typesupport_fastrtps_c.dir/rosidl_typesupport_fastrtps_c/mrs_msg/msg/detail/sphere__type_support_c.cpp.o[0m
[3.740s] [ 70%] [32mBuilding CXX object CMakeFiles/mrs_msg__rosidl_typesupport_fastrtps_c.dir/rosidl_typesupport_fastrtps_c/mrs_msg/msg/detail/num__type_support_c.cpp.o[0m
[3.761s] [ 70%] Built target mrs_msg__rosidl_typesupport_c
[3.797s] [ 72%] [32m[1mLinking C shared library libmrs_msg__rosidl_typesupport_introspection_c.so[0m
[3.825s] [ 72%] Built target mrs_msg__rosidl_typesupport_introspection_cpp
[3.848s] [ 72%] Built target mrs_msg__rosidl_typesupport_introspection_c
[3.871s] [ 74%] [32m[1mLinking CXX shared library libmrs_msg__rosidl_typesupport_fastrtps_cpp.so[0m
[3.985s] [ 74%] Built target mrs_msg__rosidl_typesupport_fastrtps_cpp
[4.124s] [ 76%] [32m[1mLinking CXX shared library libmrs_msg__rosidl_typesupport_fastrtps_c.so[0m
[4.229s] [ 76%] Built target mrs_msg__rosidl_typesupport_fastrtps_c
[4.253s] [ 76%] Built target mrs_msg
[4.270s] [ 78%] [34m[1mGenerating Python code for ROS interfaces[0m
[4.643s] [ 78%] Built target mrs_msg__py
[4.654s] [ 85%] [32mBuilding C object CMakeFiles/mrs_msg__rosidl_generator_py.dir/rosidl_generator_py/mrs_msg/srv/_add_three_ints_s.c.o[0m
[4.654s] [ 85%] [32mBuilding C object CMakeFiles/mrs_msg__rosidl_generator_py.dir/rosidl_generator_py/mrs_msg/msg/_sphere_s.c.o[0m
[4.654s] [ 85%] [32mBuilding C object CMakeFiles/mrs_msg__rosidl_generator_py.dir/rosidl_generator_py/mrs_msg/msg/_num_s.c.o[0m
[4.742s] [ 87%] [32m[1mLinking C shared library rosidl_generator_py/mrs_msg/libmrs_msg__rosidl_generator_py.so[0m
[4.765s] [ 87%] Built target mrs_msg__rosidl_generator_py
[4.776s] [ 93%] [32mBuilding C object CMakeFiles/mrs_msg__rosidl_typesupport_fastrtps_c__pyext.dir/rosidl_generator_py/mrs_msg/_mrs_msg_s.ep.rosidl_typesupport_fastrtps_c.c.o[0m
[4.776s] [ 93%] [32mBuilding C object CMakeFiles/mrs_msg__rosidl_typesupport_c__pyext.dir/rosidl_generator_py/mrs_msg/_mrs_msg_s.ep.rosidl_typesupport_c.c.o[0m
[4.776s] [ 93%] [32mBuilding C object CMakeFiles/mrs_msg__rosidl_typesupport_introspection_c__pyext.dir/rosidl_generator_py/mrs_msg/_mrs_msg_s.ep.rosidl_typesupport_introspection_c.c.o[0m
[4.841s] [ 95%] [32m[1mLinking C shared library rosidl_generator_py/mrs_msg/mrs_msg_s__rosidl_typesupport_introspection_c.cpython-310-x86_64-linux-gnu.so[0m
[4.842s] [ 97%] [32m[1mLinking C shared library rosidl_generator_py/mrs_msg/mrs_msg_s__rosidl_typesupport_fastrtps_c.cpython-310-x86_64-linux-gnu.so[0m
[4.863s] [100%] [32m[1mLinking C shared library rosidl_generator_py/mrs_msg/mrs_msg_s__rosidl_typesupport_c.cpython-310-x86_64-linux-gnu.so[0m
[4.865s] [100%] Built target mrs_msg__rosidl_typesupport_introspection_c__pyext
[4.865s] [100%] Built target mrs_msg__rosidl_typesupport_fastrtps_c__pyext
[4.887s] [100%] Built target mrs_msg__rosidl_typesupport_c__pyext
[4.893s] Invoked command in '/home/islem/Documents/PFE/build/mrs_msg' returned '0': CMAKE_PREFIX_PATH=${CMAKE_PREFIX_PATH}:/home/islem/Documents/PFE/ros2/install/test_dqn:/home/islem/Documents/PFE/ros2/install/gazebo:/home/islem/Documents/PFE/ros2/install/env:/home/islem/Documents/PFE/ros2/install/dqn:/opt/ros/humble /usr/bin/cmake --build /home/islem/Documents/PFE/build/mrs_msg -- -j12 -l12
[4.943s] Invoking command in '/home/islem/Documents/PFE/build/mrs_msg': CMAKE_PREFIX_PATH=${CMAKE_PREFIX_PATH}:/home/islem/Documents/PFE/ros2/install/test_dqn:/home/islem/Documents/PFE/ros2/install/gazebo:/home/islem/Documents/PFE/ros2/install/env:/home/islem/Documents/PFE/ros2/install/dqn:/opt/ros/humble /usr/bin/cmake --install /home/islem/Documents/PFE/build/mrs_msg
[4.947s] -- Install configuration: ""
[4.948s] -- Execute custom install script
[4.948s] -- Symlinking: /home/islem/Documents/PFE/install/mrs_msg/share/ament_index/resource_index/rosidl_interfaces/mrs_msg
[4.953s] -- Symlinking: /home/islem/Documents/PFE/install/mrs_msg/include/mrs_msg/mrs_msg/msg/detail/num__functions.h
[4.958s] -- Symlinking: /home/islem/Documents/PFE/install/mrs_msg/include/mrs_msg/mrs_msg/msg/detail/num__struct.h
[4.962s] -- Symlinking: /home/islem/Documents/PFE/install/mrs_msg/include/mrs_msg/mrs_msg/msg/detail/num__type_support.h
[4.968s] -- Symlinking: /home/islem/Documents/PFE/install/mrs_msg/include/mrs_msg/mrs_msg/msg/detail/sphere__functions.h
[4.972s] -- Symlinking: /home/islem/Documents/PFE/install/mrs_msg/include/mrs_msg/mrs_msg/msg/detail/sphere__struct.h
[4.977s] -- Symlinking: /home/islem/Documents/PFE/install/mrs_msg/include/mrs_msg/mrs_msg/msg/detail/sphere__type_support.h
[4.982s] -- Symlinking: /home/islem/Documents/PFE/install/mrs_msg/include/mrs_msg/mrs_msg/msg/num.h
[4.987s] -- Symlinking: /home/islem/Documents/PFE/install/mrs_msg/include/mrs_msg/mrs_msg/msg/rosidl_generator_c__visibility_control.h
[4.992s] -- Symlinking: /home/islem/Documents/PFE/install/mrs_msg/include/mrs_msg/mrs_msg/msg/sphere.h
[4.996s] -- Symlinking: /home/islem/Documents/PFE/install/mrs_msg/include/mrs_msg/mrs_msg/srv/add_three_ints.h
[5.000s] -- Symlinking: /home/islem/Documents/PFE/install/mrs_msg/include/mrs_msg/mrs_msg/srv/detail/add_three_ints__functions.h
[5.005s] -- Symlinking: /home/islem/Documents/PFE/install/mrs_msg/include/mrs_msg/mrs_msg/srv/detail/add_three_ints__struct.h
[5.009s] -- Symlinking: /home/islem/Documents/PFE/install/mrs_msg/include/mrs_msg/mrs_msg/srv/detail/add_three_ints__type_support.h
[5.013s] -- Symlinking: /home/islem/Documents/PFE/install/mrs_msg/share/mrs_msg/environment/library_path.sh
[5.018s] -- Symlinking: /home/islem/Documents/PFE/install/mrs_msg/share/mrs_msg/environment/library_path.dsv
[5.023s] -- Symlinking: /home/islem/Documents/PFE/install/mrs_msg/include/mrs_msg/mrs_msg/msg/detail/num__rosidl_typesupport_fastrtps_c.h
[5.027s] -- Symlinking: /home/islem/Documents/PFE/install/mrs_msg/include/mrs_msg/mrs_msg/msg/detail/sphere__rosidl_typesupport_fastrtps_c.h
[5.032s] -- Symlinking: /home/islem/Documents/PFE/install/mrs_msg/include/mrs_msg/mrs_msg/msg/rosidl_typesupport_fastrtps_c__visibility_control.h
[5.037s] -- Symlinking: /home/islem/Documents/PFE/install/mrs_msg/include/mrs_msg/mrs_msg/srv/detail/add_three_ints__rosidl_typesupport_fastrtps_c.h
[5.041s] -- Symlinking: /home/islem/Documents/PFE/install/mrs_msg/include/mrs_msg/mrs_msg/msg/detail/num__builder.hpp
[5.046s] -- Symlinking: /home/islem/Documents/PFE/install/mrs_msg/include/mrs_msg/mrs_msg/msg/detail/num__struct.hpp
[5.050s] -- Symlinking: /home/islem/Documents/PFE/install/mrs_msg/include/mrs_msg/mrs_msg/msg/detail/num__traits.hpp
[5.055s] -- Symlinking: /home/islem/Documents/PFE/install/mrs_msg/include/mrs_msg/mrs_msg/msg/detail/sphere__builder.hpp
[5.060s] -- Symlinking: /home/islem/Documents/PFE/install/mrs_msg/include/mrs_msg/mrs_msg/msg/detail/sphere__struct.hpp
[5.064s] -- Symlinking: /home/islem/Documents/PFE/install/mrs_msg/include/mrs_msg/mrs_msg/msg/detail/sphere__traits.hpp
[5.069s] -- Symlinking: /home/islem/Documents/PFE/install/mrs_msg/include/mrs_msg/mrs_msg/msg/num.hpp
[5.074s] -- Symlinking: /home/islem/Documents/PFE/install/mrs_msg/include/mrs_msg/mrs_msg/msg/sphere.hpp
[5.079s] -- Symlinking: /home/islem/Documents/PFE/install/mrs_msg/include/mrs_msg/mrs_msg/srv/add_three_ints.hpp
[5.083s] -- Symlinking: /home/islem/Documents/PFE/install/mrs_msg/include/mrs_msg/mrs_msg/srv/detail/add_three_ints__builder.hpp
[5.088s] -- Symlinking: /home/islem/Documents/PFE/install/mrs_msg/include/mrs_msg/mrs_msg/srv/detail/add_three_ints__struct.hpp
[5.093s] -- Symlinking: /home/islem/Documents/PFE/install/mrs_msg/include/mrs_msg/mrs_msg/srv/detail/add_three_ints__traits.hpp
[5.098s] -- Symlinking: /home/islem/Documents/PFE/install/mrs_msg/include/mrs_msg/mrs_msg/msg/detail/num__rosidl_typesupport_fastrtps_cpp.hpp
[5.102s] -- Symlinking: /home/islem/Documents/PFE/install/mrs_msg/include/mrs_msg/mrs_msg/msg/detail/sphere__rosidl_typesupport_fastrtps_cpp.hpp
[5.107s] -- Symlinking: /home/islem/Documents/PFE/install/mrs_msg/include/mrs_msg/mrs_msg/msg/rosidl_typesupport_fastrtps_cpp__visibility_control.h
[5.112s] -- Symlinking: /home/islem/Documents/PFE/install/mrs_msg/include/mrs_msg/mrs_msg/srv/detail/add_three_ints__rosidl_typesupport_fastrtps_cpp.hpp
[5.116s] -- Symlinking: /home/islem/Documents/PFE/install/mrs_msg/include/mrs_msg/mrs_msg/msg/detail/num__rosidl_typesupport_introspection_c.h
[5.121s] -- Symlinking: /home/islem/Documents/PFE/install/mrs_msg/include/mrs_msg/mrs_msg/msg/detail/sphere__rosidl_typesupport_introspection_c.h
[5.125s] -- Symlinking: /home/islem/Documents/PFE/install/mrs_msg/include/mrs_msg/mrs_msg/msg/rosidl_typesupport_introspection_c__visibility_control.h
[5.130s] -- Symlinking: /home/islem/Documents/PFE/install/mrs_msg/include/mrs_msg/mrs_msg/srv/detail/add_three_ints__rosidl_typesupport_introspection_c.h
[5.134s] -- Symlinking: /home/islem/Documents/PFE/install/mrs_msg/include/mrs_msg/mrs_msg/msg/detail/num__rosidl_typesupport_introspection_cpp.hpp
[5.138s] -- Symlinking: /home/islem/Documents/PFE/install/mrs_msg/include/mrs_msg/mrs_msg/msg/detail/sphere__rosidl_typesupport_introspection_cpp.hpp
[5.142s] -- Symlinking: /home/islem/Documents/PFE/install/mrs_msg/include/mrs_msg/mrs_msg/srv/detail/add_three_ints__rosidl_typesupport_introspection_cpp.hpp
[5.147s] -- Symlinking: /home/islem/Documents/PFE/install/mrs_msg/share/mrs_msg/environment/pythonpath.sh
[5.151s] -- Symlinking: /home/islem/Documents/PFE/install/mrs_msg/share/mrs_msg/environment/pythonpath.dsv
[5.156s] -- Symlinking: /home/islem/Documents/PFE/install/mrs_msg/local/lib/python3.10/dist-packages/mrs_msg-0.0.0-py3.10.egg-info/PKG-INFO
[5.160s] -- Symlinking: /home/islem/Documents/PFE/install/mrs_msg/local/lib/python3.10/dist-packages/mrs_msg-0.0.0-py3.10.egg-info/SOURCES.txt
[5.164s] -- Symlinking: /home/islem/Documents/PFE/install/mrs_msg/local/lib/python3.10/dist-packages/mrs_msg-0.0.0-py3.10.egg-info/dependency_links.txt
[5.169s] -- Symlinking: /home/islem/Documents/PFE/install/mrs_msg/local/lib/python3.10/dist-packages/mrs_msg-0.0.0-py3.10.egg-info/top_level.txt
[5.175s] -- Symlinking: /home/islem/Documents/PFE/install/mrs_msg/local/lib/python3.10/dist-packages/mrs_msg/__init__.py
[5.179s] -- Symlinking: /home/islem/Documents/PFE/install/mrs_msg/local/lib/python3.10/dist-packages/mrs_msg/_mrs_msg_s.ep.rosidl_typesupport_c.c
[5.183s] -- Symlinking: /home/islem/Documents/PFE/install/mrs_msg/local/lib/python3.10/dist-packages/mrs_msg/_mrs_msg_s.ep.rosidl_typesupport_fastrtps_c.c
[5.188s] -- Symlinking: /home/islem/Documents/PFE/install/mrs_msg/local/lib/python3.10/dist-packages/mrs_msg/_mrs_msg_s.ep.rosidl_typesupport_introspection_c.c
[5.193s] -- Symlinking: /home/islem/Documents/PFE/install/mrs_msg/local/lib/python3.10/dist-packages/mrs_msg/libmrs_msg__rosidl_generator_py.so
[5.198s] -- Symlinking: /home/islem/Documents/PFE/install/mrs_msg/local/lib/python3.10/dist-packages/mrs_msg/mrs_msg_s__rosidl_typesupport_c.cpython-310-x86_64-linux-gnu.so
[5.203s] -- Symlinking: /home/islem/Documents/PFE/install/mrs_msg/local/lib/python3.10/dist-packages/mrs_msg/mrs_msg_s__rosidl_typesupport_fastrtps_c.cpython-310-x86_64-linux-gnu.so
[5.208s] -- Symlinking: /home/islem/Documents/PFE/install/mrs_msg/local/lib/python3.10/dist-packages/mrs_msg/mrs_msg_s__rosidl_typesupport_introspection_c.cpython-310-x86_64-linux-gnu.so
[5.213s] -- Symlinking: /home/islem/Documents/PFE/install/mrs_msg/local/lib/python3.10/dist-packages/mrs_msg/msg/__init__.py
[5.217s] -- Symlinking: /home/islem/Documents/PFE/install/mrs_msg/local/lib/python3.10/dist-packages/mrs_msg/msg/_num.py
[5.221s] -- Symlinking: /home/islem/Documents/PFE/install/mrs_msg/local/lib/python3.10/dist-packages/mrs_msg/msg/_num_s.c
[5.226s] -- Symlinking: /home/islem/Documents/PFE/install/mrs_msg/local/lib/python3.10/dist-packages/mrs_msg/msg/_sphere.py
[5.230s] -- Symlinking: /home/islem/Documents/PFE/install/mrs_msg/local/lib/python3.10/dist-packages/mrs_msg/msg/_sphere_s.c
[5.234s] -- Symlinking: /home/islem/Documents/PFE/install/mrs_msg/local/lib/python3.10/dist-packages/mrs_msg/srv/__init__.py
[5.239s] -- Symlinking: /home/islem/Documents/PFE/install/mrs_msg/local/lib/python3.10/dist-packages/mrs_msg/srv/_add_three_ints.py
[5.243s] -- Symlinking: /home/islem/Documents/PFE/install/mrs_msg/local/lib/python3.10/dist-packages/mrs_msg/srv/_add_three_ints_s.c
[5.247s] -- Up-to-date symlink: /home/islem/Documents/PFE/install/mrs_msg/local/lib/python3.10/dist-packages/mrs_msg/mrs_msg_s__rosidl_typesupport_fastrtps_c.cpython-310-x86_64-linux-gnu.so
[5.247s] -- Up-to-date symlink: /home/islem/Documents/PFE/install/mrs_msg/local/lib/python3.10/dist-packages/mrs_msg/mrs_msg_s__rosidl_typesupport_introspection_c.cpython-310-x86_64-linux-gnu.so
[5.247s] -- Up-to-date symlink: /home/islem/Documents/PFE/install/mrs_msg/local/lib/python3.10/dist-packages/mrs_msg/mrs_msg_s__rosidl_typesupport_c.cpython-310-x86_64-linux-gnu.so
[5.248s] -- Symlinking: /home/islem/Documents/PFE/install/mrs_msg/share/mrs_msg/msg/Num.idl
[5.252s] -- Symlinking: /home/islem/Documents/PFE/install/mrs_msg/share/mrs_msg/msg/Sphere.idl
[5.256s] -- Symlinking: /home/islem/Documents/PFE/install/mrs_msg/share/mrs_msg/srv/AddThreeInts.idl
[5.261s] -- Symlinking: /home/islem/Documents/PFE/install/mrs_msg/share/mrs_msg/msg/Num.msg
[5.266s] -- Symlinking: /home/islem/Documents/PFE/install/mrs_msg/share/mrs_msg/msg/Sphere.msg
[5.270s] -- Symlinking: /home/islem/Documents/PFE/install/mrs_msg/share/mrs_msg/srv/AddThreeInts.srv
[5.275s] -- Symlinking: /home/islem/Documents/PFE/install/mrs_msg/share/mrs_msg/srv/AddThreeInts_Request.msg
[5.280s] -- Symlinking: /home/islem/Documents/PFE/install/mrs_msg/share/mrs_msg/srv/AddThreeInts_Response.msg
[5.284s] -- Symlinking: /home/islem/Documents/PFE/install/mrs_msg/share/ament_index/resource_index/package_run_dependencies/mrs_msg
[5.289s] -- Symlinking: /home/islem/Documents/PFE/install/mrs_msg/share/ament_index/resource_index/parent_prefix_path/mrs_msg
[5.293s] -- Symlinking: /home/islem/Documents/PFE/install/mrs_msg/share/mrs_msg/environment/ament_prefix_path.sh
[5.298s] -- Symlinking: /home/islem/Documents/PFE/install/mrs_msg/share/mrs_msg/environment/ament_prefix_path.dsv
[5.304s] -- Symlinking: /home/islem/Documents/PFE/install/mrs_msg/share/mrs_msg/environment/path.sh
[5.308s] -- Symlinking: /home/islem/Documents/PFE/install/mrs_msg/share/mrs_msg/environment/path.dsv
[5.313s] -- Symlinking: /home/islem/Documents/PFE/install/mrs_msg/share/mrs_msg/local_setup.bash
[5.318s] -- Symlinking: /home/islem/Documents/PFE/install/mrs_msg/share/mrs_msg/local_setup.sh
[5.322s] -- Symlinking: /home/islem/Documents/PFE/install/mrs_msg/share/mrs_msg/local_setup.zsh
[5.327s] -- Symlinking: /home/islem/Documents/PFE/install/mrs_msg/share/mrs_msg/local_setup.dsv
[5.331s] -- Symlinking: /home/islem/Documents/PFE/install/mrs_msg/share/mrs_msg/package.dsv
[5.336s] -- Symlinking: /home/islem/Documents/PFE/install/mrs_msg/share/ament_index/resource_index/packages/mrs_msg
[5.341s] -- Symlinking: /home/islem/Documents/PFE/install/mrs_msg/share/mrs_msg/cmake/rosidl_cmake-extras.cmake
[5.346s] -- Symlinking: /home/islem/Documents/PFE/install/mrs_msg/share/mrs_msg/cmake/ament_cmake_export_dependencies-extras.cmake
[5.352s] -- Symlinking: /home/islem/Documents/PFE/install/mrs_msg/share/mrs_msg/cmake/ament_cmake_export_include_directories-extras.cmake
[5.358s] -- Symlinking: /home/islem/Documents/PFE/install/mrs_msg/share/mrs_msg/cmake/ament_cmake_export_libraries-extras.cmake
[5.362s] -- Symlinking: /home/islem/Documents/PFE/install/mrs_msg/share/mrs_msg/cmake/ament_cmake_export_targets-extras.cmake
[5.367s] -- Symlinking: /home/islem/Documents/PFE/install/mrs_msg/share/mrs_msg/cmake/rosidl_cmake_export_typesupport_targets-extras.cmake
[5.371s] -- Symlinking: /home/islem/Documents/PFE/install/mrs_msg/share/mrs_msg/cmake/rosidl_cmake_export_typesupport_libraries-extras.cmake
[5.375s] -- Symlinking: /home/islem/Documents/PFE/install/mrs_msg/share/mrs_msg/cmake/mrs_msgConfig.cmake
[5.379s] -- Symlinking: /home/islem/Documents/PFE/install/mrs_msg/share/mrs_msg/cmake/mrs_msgConfig-version.cmake
[5.384s] -- Symlinking: /home/islem/Documents/PFE/install/mrs_msg/share/mrs_msg/package.xml
[5.388s] -- Installing: /home/islem/Documents/PFE/install/mrs_msg/lib/libmrs_msg__rosidl_generator_c.so
[5.388s] -- Set runtime path of "/home/islem/Documents/PFE/install/mrs_msg/lib/libmrs_msg__rosidl_generator_c.so" to ""
[5.389s] -- Installing: /home/islem/Documents/PFE/install/mrs_msg/lib/libmrs_msg__rosidl_typesupport_fastrtps_c.so
[5.389s] -- Set runtime path of "/home/islem/Documents/PFE/install/mrs_msg/lib/libmrs_msg__rosidl_typesupport_fastrtps_c.so" to ""
[5.389s] -- Installing: /home/islem/Documents/PFE/install/mrs_msg/lib/libmrs_msg__rosidl_typesupport_fastrtps_cpp.so
[5.389s] -- Set runtime path of "/home/islem/Documents/PFE/install/mrs_msg/lib/libmrs_msg__rosidl_typesupport_fastrtps_cpp.so" to ""
[5.389s] -- Installing: /home/islem/Documents/PFE/install/mrs_msg/lib/libmrs_msg__rosidl_typesupport_introspection_c.so
[5.389s] -- Set runtime path of "/home/islem/Documents/PFE/install/mrs_msg/lib/libmrs_msg__rosidl_typesupport_introspection_c.so" to ""
[5.389s] -- Installing: /home/islem/Documents/PFE/install/mrs_msg/lib/libmrs_msg__rosidl_typesupport_c.so
[5.389s] -- Set runtime path of "/home/islem/Documents/PFE/install/mrs_msg/lib/libmrs_msg__rosidl_typesupport_c.so" to ""
[5.389s] -- Installing: /home/islem/Documents/PFE/install/mrs_msg/lib/libmrs_msg__rosidl_typesupport_introspection_cpp.so
[5.389s] -- Set runtime path of "/home/islem/Documents/PFE/install/mrs_msg/lib/libmrs_msg__rosidl_typesupport_introspection_cpp.so" to ""
[5.390s] -- Installing: /home/islem/Documents/PFE/install/mrs_msg/lib/libmrs_msg__rosidl_typesupport_cpp.so
[5.390s] -- Set runtime path of "/home/islem/Documents/PFE/install/mrs_msg/lib/libmrs_msg__rosidl_typesupport_cpp.so" to ""
[5.415s] Listing '/home/islem/Documents/PFE/install/mrs_msg/local/lib/python3.10/dist-packages/mrs_msg'...
[5.415s] Compiling '/home/islem/Documents/PFE/install/mrs_msg/local/lib/python3.10/dist-packages/mrs_msg/__init__.py'...
[5.415s] Listing '/home/islem/Documents/PFE/install/mrs_msg/local/lib/python3.10/dist-packages/mrs_msg/msg'...
[5.415s] Compiling '/home/islem/Documents/PFE/install/mrs_msg/local/lib/python3.10/dist-packages/mrs_msg/msg/__init__.py'...
[5.415s] Compiling '/home/islem/Documents/PFE/install/mrs_msg/local/lib/python3.10/dist-packages/mrs_msg/msg/_num.py'...
[5.415s] Compiling '/home/islem/Documents/PFE/install/mrs_msg/local/lib/python3.10/dist-packages/mrs_msg/msg/_sphere.py'...
[5.415s] Listing '/home/islem/Documents/PFE/install/mrs_msg/local/lib/python3.10/dist-packages/mrs_msg/srv'...
[5.415s] Compiling '/home/islem/Documents/PFE/install/mrs_msg/local/lib/python3.10/dist-packages/mrs_msg/srv/__init__.py'...
[5.415s] Compiling '/home/islem/Documents/PFE/install/mrs_msg/local/lib/python3.10/dist-packages/mrs_msg/srv/_add_three_ints.py'...
[5.418s] -- Installing: /home/islem/Documents/PFE/install/mrs_msg/lib/libmrs_msg__rosidl_generator_py.so
[5.418s] -- Set runtime path of "/home/islem/Documents/PFE/install/mrs_msg/lib/libmrs_msg__rosidl_generator_py.so" to ""
[5.418s] -- Installing: /home/islem/Documents/PFE/install/mrs_msg/share/mrs_msg/cmake/export_mrs_msg__rosidl_generator_cExport.cmake
[5.418s] -- Installing: /home/islem/Documents/PFE/install/mrs_msg/share/mrs_msg/cmake/export_mrs_msg__rosidl_generator_cExport-noconfig.cmake
[5.418s] -- Installing: /home/islem/Documents/PFE/install/mrs_msg/share/mrs_msg/cmake/export_mrs_msg__rosidl_typesupport_fastrtps_cExport.cmake
[5.419s] -- Installing: /home/islem/Documents/PFE/install/mrs_msg/share/mrs_msg/cmake/export_mrs_msg__rosidl_typesupport_fastrtps_cExport-noconfig.cmake
[5.419s] -- Installing: /home/islem/Documents/PFE/install/mrs_msg/share/mrs_msg/cmake/export_mrs_msg__rosidl_generator_cppExport.cmake
[5.419s] -- Installing: /home/islem/Documents/PFE/install/mrs_msg/share/mrs_msg/cmake/export_mrs_msg__rosidl_typesupport_fastrtps_cppExport.cmake
[5.419s] -- Installing: /home/islem/Documents/PFE/install/mrs_msg/share/mrs_msg/cmake/export_mrs_msg__rosidl_typesupport_fastrtps_cppExport-noconfig.cmake
[5.419s] -- Installing: /home/islem/Documents/PFE/install/mrs_msg/share/mrs_msg/cmake/mrs_msg__rosidl_typesupport_introspection_cExport.cmake
[5.419s] -- Installing: /home/islem/Documents/PFE/install/mrs_msg/share/mrs_msg/cmake/mrs_msg__rosidl_typesupport_introspection_cExport-noconfig.cmake
[5.419s] -- Installing: /home/islem/Documents/PFE/install/mrs_msg/share/mrs_msg/cmake/mrs_msg__rosidl_typesupport_cExport.cmake
[5.419s] -- Installing: /home/islem/Documents/PFE/install/mrs_msg/share/mrs_msg/cmake/mrs_msg__rosidl_typesupport_cExport-noconfig.cmake
[5.419s] -- Installing: /home/islem/Documents/PFE/install/mrs_msg/share/mrs_msg/cmake/mrs_msg__rosidl_typesupport_introspection_cppExport.cmake
[5.419s] -- Installing: /home/islem/Documents/PFE/install/mrs_msg/share/mrs_msg/cmake/mrs_msg__rosidl_typesupport_introspection_cppExport-noconfig.cmake
[5.419s] -- Installing: /home/islem/Documents/PFE/install/mrs_msg/share/mrs_msg/cmake/mrs_msg__rosidl_typesupport_cppExport.cmake
[5.420s] -- Installing: /home/islem/Documents/PFE/install/mrs_msg/share/mrs_msg/cmake/mrs_msg__rosidl_typesupport_cppExport-noconfig.cmake
[5.420s] -- Installing: /home/islem/Documents/PFE/install/mrs_msg/share/mrs_msg/cmake/export_mrs_msg__rosidl_generator_pyExport.cmake
[5.420s] -- Installing: /home/islem/Documents/PFE/install/mrs_msg/share/mrs_msg/cmake/export_mrs_msg__rosidl_generator_pyExport-noconfig.cmake
[5.422s] Invoked command in '/home/islem/Documents/PFE/build/mrs_msg' returned '0': CMAKE_PREFIX_PATH=${CMAKE_PREFIX_PATH}:/home/islem/Documents/PFE/ros2/install/test_dqn:/home/islem/Documents/PFE/ros2/install/gazebo:/home/islem/Documents/PFE/ros2/install/env:/home/islem/Documents/PFE/ros2/install/dqn:/opt/ros/humble /usr/bin/cmake --install /home/islem/Documents/PFE/build/mrs_msg
