[0.145s] Invoking command in '/home/islem/Documents/PFE/build/dqn_msg': CMAKE_PREFIX_PATH=${CMAKE_PREFIX_PATH}:/home/islem/Documents/PFE/ros2/install/test_dqn:/home/islem/Documents/PFE/ros2/install/gazebo:/home/islem/Documents/PFE/ros2/install/env:/home/islem/Documents/PFE/ros2/install/dqn:/opt/ros/humble /usr/bin/cmake /home/islem/Documents/PFE/ros2/src/dqn_msg -DAMENT_CMAKE_SYMLINK_INSTALL=1 -DCMAKE_INSTALL_PREFIX=/home/islem/Documents/PFE/install/dqn_msg
[0.738s] -- Found ament_cmake: 1.3.3 (/opt/ros/humble/share/ament_cmake/cmake)
[0.738s] -- Override CMake install command with custom implementation using symlinks instead of copying resources
[0.739s] -- Found rosidl_default_generators: 1.2.0 (/opt/ros/humble/share/rosidl_default_generators/cmake)
[0.739s] -- Using all available rosidl_typesupport_c: rosidl_typesupport_fastrtps_c;rosidl_typesupport_introspection_c
[0.739s] -- Found rosidl_adapter: 3.1.4 (/opt/ros/humble/share/rosidl_adapter/cmake)
[0.739s] -- Using all available rosidl_typesupport_cpp: rosidl_typesupport_fastrtps_cpp;rosidl_typesupport_introspection_cpp
[0.739s] -- Found ament_cmake_ros: 0.10.0 (/opt/ros/humble/share/ament_cmake_ros/cmake)
[0.739s] -- Using all available rosidl_typesupport_c: rosidl_typesupport_fastrtps_c;rosidl_typesupport_introspection_c
[0.744s] -- Using all available rosidl_typesupport_cpp: rosidl_typesupport_fastrtps_cpp;rosidl_typesupport_introspection_cpp
[0.767s] -- Found python_cmake_module: 0.10.0 (/opt/ros/humble/share/python_cmake_module/cmake)
[0.790s] -- Using PYTHON_EXECUTABLE: /usr/bin/python3
[0.790s] -- Using PYTHON_INCLUDE_DIRS: /usr/include/python3.10
[0.791s] -- Using PYTHON_LIBRARIES: /usr/lib/x86_64-linux-gnu/libpython3.10.so
[0.807s] -- Found ament_lint_auto: 0.12.4 (/opt/ros/humble/share/ament_lint_auto/cmake)
[0.817s] -- Added test 'lint_cmake' to check CMake code style
[0.819s] -- Added test 'xmllint' to check XML markup files
[0.821s] -- Configuring done
[0.853s] -- Generating done
[0.855s] -- Build files have been written to: /home/islem/Documents/PFE/build/dqn_msg
[0.860s] Invoked command in '/home/islem/Documents/PFE/build/dqn_msg' returned '0': CMAKE_PREFIX_PATH=${CMAKE_PREFIX_PATH}:/home/islem/Documents/PFE/ros2/install/test_dqn:/home/islem/Documents/PFE/ros2/install/gazebo:/home/islem/Documents/PFE/ros2/install/env:/home/islem/Documents/PFE/ros2/install/dqn:/opt/ros/humble /usr/bin/cmake /home/islem/Documents/PFE/ros2/src/dqn_msg -DAMENT_CMAKE_SYMLINK_INSTALL=1 -DCMAKE_INSTALL_PREFIX=/home/islem/Documents/PFE/install/dqn_msg
[0.861s] Invoking command in '/home/islem/Documents/PFE/build/dqn_msg': CMAKE_PREFIX_PATH=${CMAKE_PREFIX_PATH}:/home/islem/Documents/PFE/ros2/install/test_dqn:/home/islem/Documents/PFE/ros2/install/gazebo:/home/islem/Documents/PFE/ros2/install/env:/home/islem/Documents/PFE/ros2/install/dqn:/opt/ros/humble /usr/bin/cmake --build /home/islem/Documents/PFE/build/dqn_msg -- -j12 -l12
[0.897s] [35m[1mConsolidate compiler generated dependencies of target dqn_msg__rosidl_generator_c[0m
[0.931s] [  1%] Built target dqn_msg__cpp
[0.939s] [  4%] Built target ament_cmake_python_symlink_dqn_msg
[0.940s] [ 12%] Built target dqn_msg__rosidl_generator_c
[0.940s] [35m[1mConsolidate compiler generated dependencies of target dqn_msg__rosidl_typesupport_fastrtps_cpp[0m
[0.951s] [35m[1mConsolidate compiler generated dependencies of target dqn_msg__rosidl_typesupport_introspection_cpp[0m
[0.952s] [35m[1mConsolidate compiler generated dependencies of target dqn_msg__rosidl_typesupport_fastrtps_c[0m
[0.958s] [35m[1mConsolidate compiler generated dependencies of target dqn_msg__rosidl_typesupport_cpp[0m
[0.968s] [35m[1mConsolidate compiler generated dependencies of target dqn_msg__rosidl_typesupport_introspection_c[0m
[0.969s] [35m[1mConsolidate compiler generated dependencies of target dqn_msg__rosidl_typesupport_c[0m
[0.992s] [ 23%] Built target dqn_msg__rosidl_typesupport_fastrtps_cpp
[0.993s] [ 34%] Built target dqn_msg__rosidl_typesupport_introspection_cpp
[1.010s] [ 46%] Built target dqn_msg__rosidl_typesupport_cpp
[1.011s] [ 57%] Built target dqn_msg__rosidl_typesupport_fastrtps_c
[1.023s] [ 68%] Built target dqn_msg__rosidl_typesupport_c
[1.025s] [ 79%] Built target dqn_msg__rosidl_typesupport_introspection_c
[1.043s] [ 79%] Built target dqn_msg
[1.059s] [ 80%] Built target dqn_msg__py
[1.068s] [35m[1mConsolidate compiler generated dependencies of target dqn_msg__rosidl_generator_py[0m
[1.079s] [ 90%] Built target dqn_msg__rosidl_generator_py
[1.088s] [35m[1mConsolidate compiler generated dependencies of target dqn_msg__rosidl_typesupport_fastrtps_c__pyext[0m
[1.090s] [35m[1mConsolidate compiler generated dependencies of target dqn_msg__rosidl_typesupport_c__pyext[0m
[1.098s] [ 93%] Built target dqn_msg__rosidl_typesupport_fastrtps_c__pyext
[1.102s] [ 96%] Built target dqn_msg__rosidl_typesupport_c__pyext
[1.110s] [35m[1mConsolidate compiler generated dependencies of target dqn_msg__rosidl_typesupport_introspection_c__pyext[0m
[1.116s] [100%] Built target dqn_msg__rosidl_typesupport_introspection_c__pyext
[1.163s] running egg_info
[1.178s] writing dqn_msg.egg-info/PKG-INFO
[1.178s] writing dependency_links to dqn_msg.egg-info/dependency_links.txt
[1.179s] writing top-level names to dqn_msg.egg-info/top_level.txt
[1.222s] reading manifest file 'dqn_msg.egg-info/SOURCES.txt'
[1.223s] writing manifest file 'dqn_msg.egg-info/SOURCES.txt'
[1.255s] [100%] Built target ament_cmake_python_build_dqn_msg_egg
