[0.721s] Invoking command in '/home/islem/Documents/PFE/build/tutorial_interfaces': CMAKE_PREFIX_PATH=${CMAKE_PREFIX_PATH}:/home/islem/Documents/PFE/ros2/install/test_dqn:/home/islem/Documents/PFE/ros2/install/gazebo:/home/islem/Documents/PFE/ros2/install/env:/home/islem/Documents/PFE/ros2/install/dqn:/opt/ros/humble /usr/bin/cmake /home/islem/Documents/PFE/ros/src/tutorial_interfaces -DAMENT_CMAKE_SYMLINK_INSTALL=1 -DCMAKE_INSTALL_PREFIX=/home/islem/Documents/PFE/install/tutorial_interfaces
[0.761s] -- The C compiler identification is GNU 11.3.0
[0.810s] -- The CXX compiler identification is GNU 11.3.0
[0.818s] -- Detecting C compiler ABI info
[0.880s] -- Detecting C compiler ABI info - done
[0.886s] -- Check for working C compiler: /usr/bin/cc - skipped
[0.886s] -- Detecting C compile features
[0.887s] -- Detecting C compile features - done
[0.890s] -- Detecting CXX compiler ABI info
[0.962s] -- Detecting CXX compiler ABI info - done
[0.969s] -- Check for working CXX compiler: /usr/bin/c++ - skipped
[0.970s] -- Detecting CXX compile features
[0.970s] -- Detecting CXX compile features - done
[0.971s] -- Found ament_cmake: 1.3.3 (/opt/ros/humble/share/ament_cmake/cmake)
[1.339s] -- Found Python3: /usr/bin/python3.10 (found version "3.10.6") found components: Interpreter 
[1.408s] -- Override CMake install command with custom implementation using symlinks instead of copying resources
[1.434s] -- Found geometry_msgs: 4.2.2 (/opt/ros/humble/share/geometry_msgs/cmake)
[1.475s] -- Found rosidl_generator_c: 3.1.4 (/opt/ros/humble/share/rosidl_generator_c/cmake)
[1.483s] -- Found rosidl_adapter: 3.1.4 (/opt/ros/humble/share/rosidl_adapter/cmake)
[1.489s] -- Found rosidl_generator_cpp: 3.1.4 (/opt/ros/humble/share/rosidl_generator_cpp/cmake)
[1.505s] -- Using all available rosidl_typesupport_c: rosidl_typesupport_fastrtps_c;rosidl_typesupport_introspection_c
[1.527s] -- Using all available rosidl_typesupport_cpp: rosidl_typesupport_fastrtps_cpp;rosidl_typesupport_introspection_cpp
[1.665s] -- Found rosidl_default_generators: 1.2.0 (/opt/ros/humble/share/rosidl_default_generators/cmake)
[1.957s] -- Found ament_cmake_ros: 0.10.0 (/opt/ros/humble/share/ament_cmake_ros/cmake)
[2.294s] -- Using all available rosidl_typesupport_c: rosidl_typesupport_fastrtps_c;rosidl_typesupport_introspection_c
[2.509s] -- Using all available rosidl_typesupport_cpp: rosidl_typesupport_fastrtps_cpp;rosidl_typesupport_introspection_cpp
[2.538s] -- Found PythonInterp: /usr/bin/python3 (found suitable version "3.10.6", minimum required is "3.6") 
[2.539s] -- Found python_cmake_module: 0.10.0 (/opt/ros/humble/share/python_cmake_module/cmake)
[2.583s] -- Found PythonLibs: /usr/lib/x86_64-linux-gnu/libpython3.10.so (found suitable version "3.10.6", minimum required is "3.5") 
[2.583s] -- Using PYTHON_EXECUTABLE: /usr/bin/python3
[2.583s] -- Using PYTHON_INCLUDE_DIRS: /usr/include/python3.10
[2.583s] -- Using PYTHON_LIBRARIES: /usr/lib/x86_64-linux-gnu/libpython3.10.so
[2.612s] -- Found PythonExtra: .so  
[2.694s] -- Found ament_lint_auto: 0.12.4 (/opt/ros/humble/share/ament_lint_auto/cmake)
[2.720s] -- Added test 'lint_cmake' to check CMake code style
[2.722s] -- Added test 'xmllint' to check XML markup files
[2.726s] -- Configuring done
[2.779s] -- Generating done
[2.782s] -- Build files have been written to: /home/islem/Documents/PFE/build/tutorial_interfaces
[2.793s] Invoked command in '/home/islem/Documents/PFE/build/tutorial_interfaces' returned '0': CMAKE_PREFIX_PATH=${CMAKE_PREFIX_PATH}:/home/islem/Documents/PFE/ros2/install/test_dqn:/home/islem/Documents/PFE/ros2/install/gazebo:/home/islem/Documents/PFE/ros2/install/env:/home/islem/Documents/PFE/ros2/install/dqn:/opt/ros/humble /usr/bin/cmake /home/islem/Documents/PFE/ros/src/tutorial_interfaces -DAMENT_CMAKE_SYMLINK_INSTALL=1 -DCMAKE_INSTALL_PREFIX=/home/islem/Documents/PFE/install/tutorial_interfaces
[2.794s] Invoking command in '/home/islem/Documents/PFE/build/tutorial_interfaces': CMAKE_PREFIX_PATH=${CMAKE_PREFIX_PATH}:/home/islem/Documents/PFE/ros2/install/test_dqn:/home/islem/Documents/PFE/ros2/install/gazebo:/home/islem/Documents/PFE/ros2/install/env:/home/islem/Documents/PFE/ros2/install/dqn:/opt/ros/humble /usr/bin/cmake --build /home/islem/Documents/PFE/build/tutorial_interfaces -- -j12 -l12
[2.874s] [  2%] [34m[1mGenerating C code for ROS interfaces[0m
[2.878s] [  4%] [34m[1mGenerating C++ code for ROS interfaces[0m
[2.949s] [  4%] Built target ament_cmake_python_symlink_tutorial_interfaces
[3.382s] running egg_info
[3.383s] creating tutorial_interfaces.egg-info
[3.418s] writing tutorial_interfaces.egg-info/PKG-INFO
[3.418s] writing dependency_links to tutorial_interfaces.egg-info/dependency_links.txt
[3.418s] writing top-level names to tutorial_interfaces.egg-info/top_level.txt
[3.418s] writing manifest file 'tutorial_interfaces.egg-info/SOURCES.txt'
[3.454s] [  6%] [32mBuilding C object CMakeFiles/tutorial_interfaces__rosidl_generator_c.dir/rosidl_generator_c/tutorial_interfaces/msg/detail/num__functions.c.o[0m
[3.465s] [  8%] [32mBuilding C object CMakeFiles/tutorial_interfaces__rosidl_generator_c.dir/rosidl_generator_c/tutorial_interfaces/msg/detail/sphere__functions.c.o[0m
[3.479s] [ 10%] [32mBuilding C object CMakeFiles/tutorial_interfaces__rosidl_generator_c.dir/rosidl_generator_c/tutorial_interfaces/srv/detail/add_three_ints__functions.c.o[0m
[3.515s] reading manifest file 'tutorial_interfaces.egg-info/SOURCES.txt'
[3.515s] writing manifest file 'tutorial_interfaces.egg-info/SOURCES.txt'
[3.541s] [ 10%] Built target tutorial_interfaces__cpp
[3.552s] [ 12%] [34m[1mGenerating C++ type support dispatch for ROS interfaces[0m
[3.575s] [ 14%] [34m[1mGenerating C++ type support for eProsima Fast-RTPS[0m
[3.582s] [ 14%] Built target ament_cmake_python_build_tutorial_interfaces_egg
[3.595s] [ 17%] [34m[1mGenerating C++ introspection for ROS interfaces[0m
[3.608s] [ 19%] [32m[1mLinking C shared library libtutorial_interfaces__rosidl_generator_c.so[0m
[3.694s] [ 19%] Built target tutorial_interfaces__rosidl_generator_c
[3.708s] [ 21%] [34m[1mGenerating C type support for eProsima Fast-RTPS[0m
[3.732s] [ 23%] [34m[1mGenerating C introspection for ROS interfaces[0m
[3.759s] [ 25%] [34m[1mGenerating C type support dispatch for ROS interfaces[0m
[3.867s] [ 29%] [32mBuilding CXX object CMakeFiles/tutorial_interfaces__rosidl_typesupport_cpp.dir/rosidl_typesupport_cpp/tutorial_interfaces/srv/add_three_ints__type_support.cpp.o[0m
[3.867s] [ 29%] [32mBuilding CXX object CMakeFiles/tutorial_interfaces__rosidl_typesupport_cpp.dir/rosidl_typesupport_cpp/tutorial_interfaces/msg/sphere__type_support.cpp.o[0m
[3.867s] [ 31%] [32mBuilding CXX object CMakeFiles/tutorial_interfaces__rosidl_typesupport_cpp.dir/rosidl_typesupport_cpp/tutorial_interfaces/msg/num__type_support.cpp.o[0m
[4.016s] [ 34%] [32mBuilding CXX object CMakeFiles/tutorial_interfaces__rosidl_typesupport_fastrtps_cpp.dir/rosidl_typesupport_fastrtps_cpp/tutorial_interfaces/msg/detail/dds_fastrtps/sphere__type_support.cpp.o[0m
[4.017s] [ 36%] [32mBuilding CXX object CMakeFiles/tutorial_interfaces__rosidl_typesupport_fastrtps_cpp.dir/rosidl_typesupport_fastrtps_cpp/tutorial_interfaces/msg/detail/dds_fastrtps/num__type_support.cpp.o[0m
[4.050s] [ 38%] [32mBuilding CXX object CMakeFiles/tutorial_interfaces__rosidl_typesupport_fastrtps_cpp.dir/rosidl_typesupport_fastrtps_cpp/tutorial_interfaces/srv/detail/dds_fastrtps/add_three_ints__type_support.cpp.o[0m
[4.071s] [ 40%] [32mBuilding CXX object CMakeFiles/tutorial_interfaces__rosidl_typesupport_introspection_cpp.dir/rosidl_typesupport_introspection_cpp/tutorial_interfaces/msg/detail/num__type_support.cpp.o[0m
[4.084s] [ 42%] [32mBuilding CXX object CMakeFiles/tutorial_interfaces__rosidl_typesupport_fastrtps_c.dir/rosidl_typesupport_fastrtps_c/tutorial_interfaces/msg/detail/num__type_support_c.cpp.o[0m
[4.092s] [ 44%] [32mBuilding CXX object CMakeFiles/tutorial_interfaces__rosidl_typesupport_introspection_cpp.dir/rosidl_typesupport_introspection_cpp/tutorial_interfaces/srv/detail/add_three_ints__type_support.cpp.o[0m
[4.097s] [ 46%] [32mBuilding CXX object CMakeFiles/tutorial_interfaces__rosidl_typesupport_introspection_cpp.dir/rosidl_typesupport_introspection_cpp/tutorial_interfaces/msg/detail/sphere__type_support.cpp.o[0m
[4.114s] [ 48%] [32mBuilding CXX object CMakeFiles/tutorial_interfaces__rosidl_typesupport_c.dir/rosidl_typesupport_c/tutorial_interfaces/msg/num__type_support.cpp.o[0m
[4.122s] [ 51%] [32mBuilding CXX object CMakeFiles/tutorial_interfaces__rosidl_typesupport_c.dir/rosidl_typesupport_c/tutorial_interfaces/msg/sphere__type_support.cpp.o[0m
[4.150s] [ 53%] [32mBuilding CXX object CMakeFiles/tutorial_interfaces__rosidl_typesupport_c.dir/rosidl_typesupport_c/tutorial_interfaces/srv/add_three_ints__type_support.cpp.o[0m
[4.157s] [ 55%] [32mBuilding C object CMakeFiles/tutorial_interfaces__rosidl_typesupport_introspection_c.dir/rosidl_typesupport_introspection_c/tutorial_interfaces/msg/detail/num__type_support.c.o[0m
[4.166s] [ 57%] [32mBuilding C object CMakeFiles/tutorial_interfaces__rosidl_typesupport_introspection_c.dir/rosidl_typesupport_introspection_c/tutorial_interfaces/msg/detail/sphere__type_support.c.o[0m
[4.173s] [ 59%] [32m[1mLinking CXX shared library libtutorial_interfaces__rosidl_typesupport_cpp.so[0m
[4.175s] [ 61%] [32mBuilding C object CMakeFiles/tutorial_interfaces__rosidl_typesupport_introspection_c.dir/rosidl_typesupport_introspection_c/tutorial_interfaces/srv/detail/add_three_ints__type_support.c.o[0m
[4.194s] [ 63%] [32m[1mLinking CXX shared library libtutorial_interfaces__rosidl_typesupport_c.so[0m
[4.215s] [ 65%] [32mBuilding CXX object CMakeFiles/tutorial_interfaces__rosidl_typesupport_fastrtps_c.dir/rosidl_typesupport_fastrtps_c/tutorial_interfaces/msg/detail/sphere__type_support_c.cpp.o[0m
[4.232s] [ 68%] [32mBuilding CXX object CMakeFiles/tutorial_interfaces__rosidl_typesupport_fastrtps_c.dir/rosidl_typesupport_fastrtps_c/tutorial_interfaces/srv/detail/add_three_ints__type_support_c.cpp.o[0m
[4.247s] [ 70%] [32m[1mLinking C shared library libtutorial_interfaces__rosidl_typesupport_introspection_c.so[0m
[4.252s] [ 70%] Built target tutorial_interfaces__rosidl_typesupport_c
[4.258s] [ 70%] Built target tutorial_interfaces__rosidl_typesupport_cpp
[4.277s] [ 70%] Built target tutorial_interfaces__rosidl_typesupport_introspection_c
[4.425s] [ 72%] [32m[1mLinking CXX shared library libtutorial_interfaces__rosidl_typesupport_fastrtps_cpp.so[0m
[4.472s] [ 72%] Built target tutorial_interfaces__rosidl_typesupport_fastrtps_cpp
[4.514s] [ 74%] [32m[1mLinking CXX shared library libtutorial_interfaces__rosidl_typesupport_introspection_cpp.so[0m
[4.530s] [ 76%] [32m[1mLinking CXX shared library libtutorial_interfaces__rosidl_typesupport_fastrtps_c.so[0m
[4.551s] [ 76%] Built target tutorial_interfaces__rosidl_typesupport_introspection_cpp
[4.575s] [ 76%] Built target tutorial_interfaces__rosidl_typesupport_fastrtps_c
[4.585s] [ 76%] Built target tutorial_interfaces
[4.596s] [ 78%] [34m[1mGenerating Python code for ROS interfaces[0m
[4.907s] [ 78%] Built target tutorial_interfaces__py
[4.917s] [ 80%] [32mBuilding C object CMakeFiles/tutorial_interfaces__rosidl_generator_py.dir/rosidl_generator_py/tutorial_interfaces/msg/_num_s.c.o[0m
[4.918s] [ 82%] [32mBuilding C object CMakeFiles/tutorial_interfaces__rosidl_generator_py.dir/rosidl_generator_py/tutorial_interfaces/srv/_add_three_ints_s.c.o[0m
[4.918s] [ 85%] [32mBuilding C object CMakeFiles/tutorial_interfaces__rosidl_generator_py.dir/rosidl_generator_py/tutorial_interfaces/msg/_sphere_s.c.o[0m
[4.980s] [ 87%] [32m[1mLinking C shared library rosidl_generator_py/tutorial_interfaces/libtutorial_interfaces__rosidl_generator_py.so[0m
[5.004s] [ 87%] Built target tutorial_interfaces__rosidl_generator_py
[5.014s] [ 89%] [32mBuilding C object CMakeFiles/tutorial_interfaces__rosidl_typesupport_c__pyext.dir/rosidl_generator_py/tutorial_interfaces/_tutorial_interfaces_s.ep.rosidl_typesupport_c.c.o[0m
[5.014s] [ 91%] [32mBuilding C object CMakeFiles/tutorial_interfaces__rosidl_typesupport_fastrtps_c__pyext.dir/rosidl_generator_py/tutorial_interfaces/_tutorial_interfaces_s.ep.rosidl_typesupport_fastrtps_c.c.o[0m
[5.014s] [ 93%] [32mBuilding C object CMakeFiles/tutorial_interfaces__rosidl_typesupport_introspection_c__pyext.dir/rosidl_generator_py/tutorial_interfaces/_tutorial_interfaces_s.ep.rosidl_typesupport_introspection_c.c.o[0m
[5.077s] [ 95%] [32m[1mLinking C shared library rosidl_generator_py/tutorial_interfaces/tutorial_interfaces_s__rosidl_typesupport_c.cpython-310-x86_64-linux-gnu.so[0m
[5.078s] [ 97%] [32m[1mLinking C shared library rosidl_generator_py/tutorial_interfaces/tutorial_interfaces_s__rosidl_typesupport_fastrtps_c.cpython-310-x86_64-linux-gnu.so[0m
[5.081s] [100%] [32m[1mLinking C shared library rosidl_generator_py/tutorial_interfaces/tutorial_interfaces_s__rosidl_typesupport_introspection_c.cpython-310-x86_64-linux-gnu.so[0m
[5.099s] [100%] Built target tutorial_interfaces__rosidl_typesupport_c__pyext
[5.101s] [100%] Built target tutorial_interfaces__rosidl_typesupport_fastrtps_c__pyext
[5.104s] [100%] Built target tutorial_interfaces__rosidl_typesupport_introspection_c__pyext
[5.109s] Invoked command in '/home/islem/Documents/PFE/build/tutorial_interfaces' returned '0': CMAKE_PREFIX_PATH=${CMAKE_PREFIX_PATH}:/home/islem/Documents/PFE/ros2/install/test_dqn:/home/islem/Documents/PFE/ros2/install/gazebo:/home/islem/Documents/PFE/ros2/install/env:/home/islem/Documents/PFE/ros2/install/dqn:/opt/ros/humble /usr/bin/cmake --build /home/islem/Documents/PFE/build/tutorial_interfaces -- -j12 -l12
[5.161s] Invoking command in '/home/islem/Documents/PFE/build/tutorial_interfaces': CMAKE_PREFIX_PATH=${CMAKE_PREFIX_PATH}:/home/islem/Documents/PFE/ros2/install/test_dqn:/home/islem/Documents/PFE/ros2/install/gazebo:/home/islem/Documents/PFE/ros2/install/env:/home/islem/Documents/PFE/ros2/install/dqn:/opt/ros/humble /usr/bin/cmake --install /home/islem/Documents/PFE/build/tutorial_interfaces
[5.165s] -- Install configuration: ""
[5.166s] -- Execute custom install script
[5.166s] -- Symlinking: /home/islem/Documents/PFE/install/tutorial_interfaces/share/ament_index/resource_index/rosidl_interfaces/tutorial_interfaces
[5.171s] -- Symlinking: /home/islem/Documents/PFE/install/tutorial_interfaces/include/tutorial_interfaces/tutorial_interfaces/msg/detail/num__functions.h
[5.175s] -- Symlinking: /home/islem/Documents/PFE/install/tutorial_interfaces/include/tutorial_interfaces/tutorial_interfaces/msg/detail/num__struct.h
[5.180s] -- Symlinking: /home/islem/Documents/PFE/install/tutorial_interfaces/include/tutorial_interfaces/tutorial_interfaces/msg/detail/num__type_support.h
[5.185s] -- Symlinking: /home/islem/Documents/PFE/install/tutorial_interfaces/include/tutorial_interfaces/tutorial_interfaces/msg/detail/sphere__functions.h
[5.189s] -- Symlinking: /home/islem/Documents/PFE/install/tutorial_interfaces/include/tutorial_interfaces/tutorial_interfaces/msg/detail/sphere__struct.h
[5.195s] -- Symlinking: /home/islem/Documents/PFE/install/tutorial_interfaces/include/tutorial_interfaces/tutorial_interfaces/msg/detail/sphere__type_support.h
[5.199s] -- Symlinking: /home/islem/Documents/PFE/install/tutorial_interfaces/include/tutorial_interfaces/tutorial_interfaces/msg/num.h
[5.204s] -- Symlinking: /home/islem/Documents/PFE/install/tutorial_interfaces/include/tutorial_interfaces/tutorial_interfaces/msg/rosidl_generator_c__visibility_control.h
[5.208s] -- Symlinking: /home/islem/Documents/PFE/install/tutorial_interfaces/include/tutorial_interfaces/tutorial_interfaces/msg/sphere.h
[5.212s] -- Symlinking: /home/islem/Documents/PFE/install/tutorial_interfaces/include/tutorial_interfaces/tutorial_interfaces/srv/add_three_ints.h
[5.217s] -- Symlinking: /home/islem/Documents/PFE/install/tutorial_interfaces/include/tutorial_interfaces/tutorial_interfaces/srv/detail/add_three_ints__functions.h
[5.221s] -- Symlinking: /home/islem/Documents/PFE/install/tutorial_interfaces/include/tutorial_interfaces/tutorial_interfaces/srv/detail/add_three_ints__struct.h
[5.225s] -- Symlinking: /home/islem/Documents/PFE/install/tutorial_interfaces/include/tutorial_interfaces/tutorial_interfaces/srv/detail/add_three_ints__type_support.h
[5.230s] -- Symlinking: /home/islem/Documents/PFE/install/tutorial_interfaces/share/tutorial_interfaces/environment/library_path.sh
[5.234s] -- Symlinking: /home/islem/Documents/PFE/install/tutorial_interfaces/share/tutorial_interfaces/environment/library_path.dsv
[5.239s] -- Symlinking: /home/islem/Documents/PFE/install/tutorial_interfaces/include/tutorial_interfaces/tutorial_interfaces/msg/detail/num__rosidl_typesupport_fastrtps_c.h
[5.243s] -- Symlinking: /home/islem/Documents/PFE/install/tutorial_interfaces/include/tutorial_interfaces/tutorial_interfaces/msg/detail/sphere__rosidl_typesupport_fastrtps_c.h
[5.247s] -- Symlinking: /home/islem/Documents/PFE/install/tutorial_interfaces/include/tutorial_interfaces/tutorial_interfaces/msg/rosidl_typesupport_fastrtps_c__visibility_control.h
[5.252s] -- Symlinking: /home/islem/Documents/PFE/install/tutorial_interfaces/include/tutorial_interfaces/tutorial_interfaces/srv/detail/add_three_ints__rosidl_typesupport_fastrtps_c.h
[5.257s] -- Symlinking: /home/islem/Documents/PFE/install/tutorial_interfaces/include/tutorial_interfaces/tutorial_interfaces/msg/detail/num__builder.hpp
[5.262s] -- Symlinking: /home/islem/Documents/PFE/install/tutorial_interfaces/include/tutorial_interfaces/tutorial_interfaces/msg/detail/num__struct.hpp
[5.266s] -- Symlinking: /home/islem/Documents/PFE/install/tutorial_interfaces/include/tutorial_interfaces/tutorial_interfaces/msg/detail/num__traits.hpp
[5.271s] -- Symlinking: /home/islem/Documents/PFE/install/tutorial_interfaces/include/tutorial_interfaces/tutorial_interfaces/msg/detail/sphere__builder.hpp
[5.275s] -- Symlinking: /home/islem/Documents/PFE/install/tutorial_interfaces/include/tutorial_interfaces/tutorial_interfaces/msg/detail/sphere__struct.hpp
[5.280s] -- Symlinking: /home/islem/Documents/PFE/install/tutorial_interfaces/include/tutorial_interfaces/tutorial_interfaces/msg/detail/sphere__traits.hpp
[5.285s] -- Symlinking: /home/islem/Documents/PFE/install/tutorial_interfaces/include/tutorial_interfaces/tutorial_interfaces/msg/num.hpp
[5.290s] -- Symlinking: /home/islem/Documents/PFE/install/tutorial_interfaces/include/tutorial_interfaces/tutorial_interfaces/msg/sphere.hpp
[5.295s] -- Symlinking: /home/islem/Documents/PFE/install/tutorial_interfaces/include/tutorial_interfaces/tutorial_interfaces/srv/add_three_ints.hpp
[5.300s] -- Symlinking: /home/islem/Documents/PFE/install/tutorial_interfaces/include/tutorial_interfaces/tutorial_interfaces/srv/detail/add_three_ints__builder.hpp
[5.304s] -- Symlinking: /home/islem/Documents/PFE/install/tutorial_interfaces/include/tutorial_interfaces/tutorial_interfaces/srv/detail/add_three_ints__struct.hpp
[5.309s] -- Symlinking: /home/islem/Documents/PFE/install/tutorial_interfaces/include/tutorial_interfaces/tutorial_interfaces/srv/detail/add_three_ints__traits.hpp
[5.314s] -- Symlinking: /home/islem/Documents/PFE/install/tutorial_interfaces/include/tutorial_interfaces/tutorial_interfaces/msg/detail/num__rosidl_typesupport_fastrtps_cpp.hpp
[5.318s] -- Symlinking: /home/islem/Documents/PFE/install/tutorial_interfaces/include/tutorial_interfaces/tutorial_interfaces/msg/detail/sphere__rosidl_typesupport_fastrtps_cpp.hpp
[5.323s] -- Symlinking: /home/islem/Documents/PFE/install/tutorial_interfaces/include/tutorial_interfaces/tutorial_interfaces/msg/rosidl_typesupport_fastrtps_cpp__visibility_control.h
[5.328s] -- Symlinking: /home/islem/Documents/PFE/install/tutorial_interfaces/include/tutorial_interfaces/tutorial_interfaces/srv/detail/add_three_ints__rosidl_typesupport_fastrtps_cpp.hpp
[5.333s] -- Symlinking: /home/islem/Documents/PFE/install/tutorial_interfaces/include/tutorial_interfaces/tutorial_interfaces/msg/detail/num__rosidl_typesupport_introspection_c.h
[5.339s] -- Symlinking: /home/islem/Documents/PFE/install/tutorial_interfaces/include/tutorial_interfaces/tutorial_interfaces/msg/detail/sphere__rosidl_typesupport_introspection_c.h
[5.344s] -- Symlinking: /home/islem/Documents/PFE/install/tutorial_interfaces/include/tutorial_interfaces/tutorial_interfaces/msg/rosidl_typesupport_introspection_c__visibility_control.h
[5.348s] -- Symlinking: /home/islem/Documents/PFE/install/tutorial_interfaces/include/tutorial_interfaces/tutorial_interfaces/srv/detail/add_three_ints__rosidl_typesupport_introspection_c.h
[5.353s] -- Symlinking: /home/islem/Documents/PFE/install/tutorial_interfaces/include/tutorial_interfaces/tutorial_interfaces/msg/detail/num__rosidl_typesupport_introspection_cpp.hpp
[5.357s] -- Symlinking: /home/islem/Documents/PFE/install/tutorial_interfaces/include/tutorial_interfaces/tutorial_interfaces/msg/detail/sphere__rosidl_typesupport_introspection_cpp.hpp
[5.362s] -- Symlinking: /home/islem/Documents/PFE/install/tutorial_interfaces/include/tutorial_interfaces/tutorial_interfaces/srv/detail/add_three_ints__rosidl_typesupport_introspection_cpp.hpp
[5.366s] -- Symlinking: /home/islem/Documents/PFE/install/tutorial_interfaces/share/tutorial_interfaces/environment/pythonpath.sh
[5.371s] -- Symlinking: /home/islem/Documents/PFE/install/tutorial_interfaces/share/tutorial_interfaces/environment/pythonpath.dsv
[5.375s] -- Symlinking: /home/islem/Documents/PFE/install/tutorial_interfaces/local/lib/python3.10/dist-packages/tutorial_interfaces-0.0.0-py3.10.egg-info/PKG-INFO
[5.380s] -- Symlinking: /home/islem/Documents/PFE/install/tutorial_interfaces/local/lib/python3.10/dist-packages/tutorial_interfaces-0.0.0-py3.10.egg-info/SOURCES.txt
[5.384s] -- Symlinking: /home/islem/Documents/PFE/install/tutorial_interfaces/local/lib/python3.10/dist-packages/tutorial_interfaces-0.0.0-py3.10.egg-info/dependency_links.txt
[5.389s] -- Symlinking: /home/islem/Documents/PFE/install/tutorial_interfaces/local/lib/python3.10/dist-packages/tutorial_interfaces-0.0.0-py3.10.egg-info/top_level.txt
[5.393s] -- Symlinking: /home/islem/Documents/PFE/install/tutorial_interfaces/local/lib/python3.10/dist-packages/tutorial_interfaces/__init__.py
[5.398s] -- Symlinking: /home/islem/Documents/PFE/install/tutorial_interfaces/local/lib/python3.10/dist-packages/tutorial_interfaces/_tutorial_interfaces_s.ep.rosidl_typesupport_c.c
[5.402s] -- Symlinking: /home/islem/Documents/PFE/install/tutorial_interfaces/local/lib/python3.10/dist-packages/tutorial_interfaces/_tutorial_interfaces_s.ep.rosidl_typesupport_fastrtps_c.c
[5.407s] -- Symlinking: /home/islem/Documents/PFE/install/tutorial_interfaces/local/lib/python3.10/dist-packages/tutorial_interfaces/_tutorial_interfaces_s.ep.rosidl_typesupport_introspection_c.c
[5.411s] -- Symlinking: /home/islem/Documents/PFE/install/tutorial_interfaces/local/lib/python3.10/dist-packages/tutorial_interfaces/libtutorial_interfaces__rosidl_generator_py.so
[5.416s] -- Symlinking: /home/islem/Documents/PFE/install/tutorial_interfaces/local/lib/python3.10/dist-packages/tutorial_interfaces/msg/__init__.py
[5.420s] -- Symlinking: /home/islem/Documents/PFE/install/tutorial_interfaces/local/lib/python3.10/dist-packages/tutorial_interfaces/msg/_num.py
[5.424s] -- Symlinking: /home/islem/Documents/PFE/install/tutorial_interfaces/local/lib/python3.10/dist-packages/tutorial_interfaces/msg/_num_s.c
[5.428s] -- Symlinking: /home/islem/Documents/PFE/install/tutorial_interfaces/local/lib/python3.10/dist-packages/tutorial_interfaces/msg/_sphere.py
[5.433s] -- Symlinking: /home/islem/Documents/PFE/install/tutorial_interfaces/local/lib/python3.10/dist-packages/tutorial_interfaces/msg/_sphere_s.c
[5.437s] -- Symlinking: /home/islem/Documents/PFE/install/tutorial_interfaces/local/lib/python3.10/dist-packages/tutorial_interfaces/srv/__init__.py
[5.442s] -- Symlinking: /home/islem/Documents/PFE/install/tutorial_interfaces/local/lib/python3.10/dist-packages/tutorial_interfaces/srv/_add_three_ints.py
[5.446s] -- Symlinking: /home/islem/Documents/PFE/install/tutorial_interfaces/local/lib/python3.10/dist-packages/tutorial_interfaces/srv/_add_three_ints_s.c
[5.450s] -- Symlinking: /home/islem/Documents/PFE/install/tutorial_interfaces/local/lib/python3.10/dist-packages/tutorial_interfaces/tutorial_interfaces_s__rosidl_typesupport_c.cpython-310-x86_64-linux-gnu.so
[5.454s] -- Symlinking: /home/islem/Documents/PFE/install/tutorial_interfaces/local/lib/python3.10/dist-packages/tutorial_interfaces/tutorial_interfaces_s__rosidl_typesupport_fastrtps_c.cpython-310-x86_64-linux-gnu.so
[5.459s] -- Symlinking: /home/islem/Documents/PFE/install/tutorial_interfaces/local/lib/python3.10/dist-packages/tutorial_interfaces/tutorial_interfaces_s__rosidl_typesupport_introspection_c.cpython-310-x86_64-linux-gnu.so
[5.465s] -- Up-to-date symlink: /home/islem/Documents/PFE/install/tutorial_interfaces/local/lib/python3.10/dist-packages/tutorial_interfaces/tutorial_interfaces_s__rosidl_typesupport_fastrtps_c.cpython-310-x86_64-linux-gnu.so
[5.465s] -- Up-to-date symlink: /home/islem/Documents/PFE/install/tutorial_interfaces/local/lib/python3.10/dist-packages/tutorial_interfaces/tutorial_interfaces_s__rosidl_typesupport_introspection_c.cpython-310-x86_64-linux-gnu.so
[5.465s] -- Up-to-date symlink: /home/islem/Documents/PFE/install/tutorial_interfaces/local/lib/python3.10/dist-packages/tutorial_interfaces/tutorial_interfaces_s__rosidl_typesupport_c.cpython-310-x86_64-linux-gnu.so
[5.465s] -- Symlinking: /home/islem/Documents/PFE/install/tutorial_interfaces/share/tutorial_interfaces/msg/Num.idl
[5.469s] -- Symlinking: /home/islem/Documents/PFE/install/tutorial_interfaces/share/tutorial_interfaces/msg/Sphere.idl
[5.473s] -- Symlinking: /home/islem/Documents/PFE/install/tutorial_interfaces/share/tutorial_interfaces/srv/AddThreeInts.idl
[5.477s] -- Symlinking: /home/islem/Documents/PFE/install/tutorial_interfaces/share/tutorial_interfaces/msg/Num.msg
[5.481s] -- Symlinking: /home/islem/Documents/PFE/install/tutorial_interfaces/share/tutorial_interfaces/msg/Sphere.msg
[5.486s] -- Symlinking: /home/islem/Documents/PFE/install/tutorial_interfaces/share/tutorial_interfaces/srv/AddThreeInts.srv
[5.491s] -- Symlinking: /home/islem/Documents/PFE/install/tutorial_interfaces/share/tutorial_interfaces/srv/AddThreeInts_Request.msg
[5.495s] -- Symlinking: /home/islem/Documents/PFE/install/tutorial_interfaces/share/tutorial_interfaces/srv/AddThreeInts_Response.msg
[5.499s] -- Symlinking: /home/islem/Documents/PFE/install/tutorial_interfaces/share/ament_index/resource_index/package_run_dependencies/tutorial_interfaces
[5.503s] -- Symlinking: /home/islem/Documents/PFE/install/tutorial_interfaces/share/ament_index/resource_index/parent_prefix_path/tutorial_interfaces
[5.508s] -- Symlinking: /home/islem/Documents/PFE/install/tutorial_interfaces/share/tutorial_interfaces/environment/ament_prefix_path.sh
[5.512s] -- Symlinking: /home/islem/Documents/PFE/install/tutorial_interfaces/share/tutorial_interfaces/environment/ament_prefix_path.dsv
[5.516s] -- Symlinking: /home/islem/Documents/PFE/install/tutorial_interfaces/share/tutorial_interfaces/environment/path.sh
[5.521s] -- Symlinking: /home/islem/Documents/PFE/install/tutorial_interfaces/share/tutorial_interfaces/environment/path.dsv
[5.526s] -- Symlinking: /home/islem/Documents/PFE/install/tutorial_interfaces/share/tutorial_interfaces/local_setup.bash
[5.529s] -- Symlinking: /home/islem/Documents/PFE/install/tutorial_interfaces/share/tutorial_interfaces/local_setup.sh
[5.533s] -- Symlinking: /home/islem/Documents/PFE/install/tutorial_interfaces/share/tutorial_interfaces/local_setup.zsh
[5.537s] -- Symlinking: /home/islem/Documents/PFE/install/tutorial_interfaces/share/tutorial_interfaces/local_setup.dsv
[5.541s] -- Symlinking: /home/islem/Documents/PFE/install/tutorial_interfaces/share/tutorial_interfaces/package.dsv
[5.546s] -- Symlinking: /home/islem/Documents/PFE/install/tutorial_interfaces/share/ament_index/resource_index/packages/tutorial_interfaces
[5.550s] -- Symlinking: /home/islem/Documents/PFE/install/tutorial_interfaces/share/tutorial_interfaces/cmake/rosidl_cmake-extras.cmake
[5.555s] -- Symlinking: /home/islem/Documents/PFE/install/tutorial_interfaces/share/tutorial_interfaces/cmake/ament_cmake_export_dependencies-extras.cmake
[5.559s] -- Symlinking: /home/islem/Documents/PFE/install/tutorial_interfaces/share/tutorial_interfaces/cmake/ament_cmake_export_include_directories-extras.cmake
[5.564s] -- Symlinking: /home/islem/Documents/PFE/install/tutorial_interfaces/share/tutorial_interfaces/cmake/ament_cmake_export_libraries-extras.cmake
[5.569s] -- Symlinking: /home/islem/Documents/PFE/install/tutorial_interfaces/share/tutorial_interfaces/cmake/ament_cmake_export_targets-extras.cmake
[5.573s] -- Symlinking: /home/islem/Documents/PFE/install/tutorial_interfaces/share/tutorial_interfaces/cmake/rosidl_cmake_export_typesupport_targets-extras.cmake
[5.578s] -- Symlinking: /home/islem/Documents/PFE/install/tutorial_interfaces/share/tutorial_interfaces/cmake/rosidl_cmake_export_typesupport_libraries-extras.cmake
[5.582s] -- Symlinking: /home/islem/Documents/PFE/install/tutorial_interfaces/share/tutorial_interfaces/cmake/tutorial_interfacesConfig.cmake
[5.588s] -- Symlinking: /home/islem/Documents/PFE/install/tutorial_interfaces/share/tutorial_interfaces/cmake/tutorial_interfacesConfig-version.cmake
[5.591s] -- Symlinking: /home/islem/Documents/PFE/install/tutorial_interfaces/share/tutorial_interfaces/package.xml
[5.596s] -- Installing: /home/islem/Documents/PFE/install/tutorial_interfaces/lib/libtutorial_interfaces__rosidl_generator_c.so
[5.596s] -- Set runtime path of "/home/islem/Documents/PFE/install/tutorial_interfaces/lib/libtutorial_interfaces__rosidl_generator_c.so" to ""
[5.596s] -- Installing: /home/islem/Documents/PFE/install/tutorial_interfaces/lib/libtutorial_interfaces__rosidl_typesupport_fastrtps_c.so
[5.596s] -- Set runtime path of "/home/islem/Documents/PFE/install/tutorial_interfaces/lib/libtutorial_interfaces__rosidl_typesupport_fastrtps_c.so" to ""
[5.596s] -- Installing: /home/islem/Documents/PFE/install/tutorial_interfaces/lib/libtutorial_interfaces__rosidl_typesupport_fastrtps_cpp.so
[5.596s] -- Set runtime path of "/home/islem/Documents/PFE/install/tutorial_interfaces/lib/libtutorial_interfaces__rosidl_typesupport_fastrtps_cpp.so" to ""
[5.596s] -- Installing: /home/islem/Documents/PFE/install/tutorial_interfaces/lib/libtutorial_interfaces__rosidl_typesupport_introspection_c.so
[5.596s] -- Set runtime path of "/home/islem/Documents/PFE/install/tutorial_interfaces/lib/libtutorial_interfaces__rosidl_typesupport_introspection_c.so" to ""
[5.596s] -- Installing: /home/islem/Documents/PFE/install/tutorial_interfaces/lib/libtutorial_interfaces__rosidl_typesupport_c.so
[5.596s] -- Set runtime path of "/home/islem/Documents/PFE/install/tutorial_interfaces/lib/libtutorial_interfaces__rosidl_typesupport_c.so" to ""
[5.596s] -- Installing: /home/islem/Documents/PFE/install/tutorial_interfaces/lib/libtutorial_interfaces__rosidl_typesupport_introspection_cpp.so
[5.596s] -- Set runtime path of "/home/islem/Documents/PFE/install/tutorial_interfaces/lib/libtutorial_interfaces__rosidl_typesupport_introspection_cpp.so" to ""
[5.596s] -- Installing: /home/islem/Documents/PFE/install/tutorial_interfaces/lib/libtutorial_interfaces__rosidl_typesupport_cpp.so
[5.597s] -- Set runtime path of "/home/islem/Documents/PFE/install/tutorial_interfaces/lib/libtutorial_interfaces__rosidl_typesupport_cpp.so" to ""
[5.619s] Listing '/home/islem/Documents/PFE/install/tutorial_interfaces/local/lib/python3.10/dist-packages/tutorial_interfaces'...
[5.619s] Compiling '/home/islem/Documents/PFE/install/tutorial_interfaces/local/lib/python3.10/dist-packages/tutorial_interfaces/__init__.py'...
[5.619s] Listing '/home/islem/Documents/PFE/install/tutorial_interfaces/local/lib/python3.10/dist-packages/tutorial_interfaces/msg'...
[5.619s] Compiling '/home/islem/Documents/PFE/install/tutorial_interfaces/local/lib/python3.10/dist-packages/tutorial_interfaces/msg/__init__.py'...
[5.619s] Compiling '/home/islem/Documents/PFE/install/tutorial_interfaces/local/lib/python3.10/dist-packages/tutorial_interfaces/msg/_num.py'...
[5.619s] Compiling '/home/islem/Documents/PFE/install/tutorial_interfaces/local/lib/python3.10/dist-packages/tutorial_interfaces/msg/_sphere.py'...
[5.619s] Listing '/home/islem/Documents/PFE/install/tutorial_interfaces/local/lib/python3.10/dist-packages/tutorial_interfaces/srv'...
[5.619s] Compiling '/home/islem/Documents/PFE/install/tutorial_interfaces/local/lib/python3.10/dist-packages/tutorial_interfaces/srv/__init__.py'...
[5.619s] Compiling '/home/islem/Documents/PFE/install/tutorial_interfaces/local/lib/python3.10/dist-packages/tutorial_interfaces/srv/_add_three_ints.py'...
[5.622s] -- Installing: /home/islem/Documents/PFE/install/tutorial_interfaces/lib/libtutorial_interfaces__rosidl_generator_py.so
[5.622s] -- Set runtime path of "/home/islem/Documents/PFE/install/tutorial_interfaces/lib/libtutorial_interfaces__rosidl_generator_py.so" to ""
[5.622s] -- Installing: /home/islem/Documents/PFE/install/tutorial_interfaces/share/tutorial_interfaces/cmake/export_tutorial_interfaces__rosidl_generator_cExport.cmake
[5.622s] -- Installing: /home/islem/Documents/PFE/install/tutorial_interfaces/share/tutorial_interfaces/cmake/export_tutorial_interfaces__rosidl_generator_cExport-noconfig.cmake
[5.622s] -- Installing: /home/islem/Documents/PFE/install/tutorial_interfaces/share/tutorial_interfaces/cmake/export_tutorial_interfaces__rosidl_typesupport_fastrtps_cExport.cmake
[5.622s] -- Installing: /home/islem/Documents/PFE/install/tutorial_interfaces/share/tutorial_interfaces/cmake/export_tutorial_interfaces__rosidl_typesupport_fastrtps_cExport-noconfig.cmake
[5.622s] -- Installing: /home/islem/Documents/PFE/install/tutorial_interfaces/share/tutorial_interfaces/cmake/export_tutorial_interfaces__rosidl_generator_cppExport.cmake
[5.622s] -- Installing: /home/islem/Documents/PFE/install/tutorial_interfaces/share/tutorial_interfaces/cmake/export_tutorial_interfaces__rosidl_typesupport_fastrtps_cppExport.cmake
[5.622s] -- Installing: /home/islem/Documents/PFE/install/tutorial_interfaces/share/tutorial_interfaces/cmake/export_tutorial_interfaces__rosidl_typesupport_fastrtps_cppExport-noconfig.cmake
[5.622s] -- Installing: /home/islem/Documents/PFE/install/tutorial_interfaces/share/tutorial_interfaces/cmake/tutorial_interfaces__rosidl_typesupport_introspection_cExport.cmake
[5.623s] -- Installing: /home/islem/Documents/PFE/install/tutorial_interfaces/share/tutorial_interfaces/cmake/tutorial_interfaces__rosidl_typesupport_introspection_cExport-noconfig.cmake
[5.623s] -- Installing: /home/islem/Documents/PFE/install/tutorial_interfaces/share/tutorial_interfaces/cmake/tutorial_interfaces__rosidl_typesupport_cExport.cmake
[5.623s] -- Installing: /home/islem/Documents/PFE/install/tutorial_interfaces/share/tutorial_interfaces/cmake/tutorial_interfaces__rosidl_typesupport_cExport-noconfig.cmake
[5.623s] -- Installing: /home/islem/Documents/PFE/install/tutorial_interfaces/share/tutorial_interfaces/cmake/tutorial_interfaces__rosidl_typesupport_introspection_cppExport.cmake
[5.623s] -- Installing: /home/islem/Documents/PFE/install/tutorial_interfaces/share/tutorial_interfaces/cmake/tutorial_interfaces__rosidl_typesupport_introspection_cppExport-noconfig.cmake
[5.623s] -- Installing: /home/islem/Documents/PFE/install/tutorial_interfaces/share/tutorial_interfaces/cmake/tutorial_interfaces__rosidl_typesupport_cppExport.cmake
[5.623s] -- Installing: /home/islem/Documents/PFE/install/tutorial_interfaces/share/tutorial_interfaces/cmake/tutorial_interfaces__rosidl_typesupport_cppExport-noconfig.cmake
[5.623s] -- Installing: /home/islem/Documents/PFE/install/tutorial_interfaces/share/tutorial_interfaces/cmake/export_tutorial_interfaces__rosidl_generator_pyExport.cmake
[5.623s] -- Installing: /home/islem/Documents/PFE/install/tutorial_interfaces/share/tutorial_interfaces/cmake/export_tutorial_interfaces__rosidl_generator_pyExport-noconfig.cmake
[5.626s] Invoked command in '/home/islem/Documents/PFE/build/tutorial_interfaces' returned '0': CMAKE_PREFIX_PATH=${CMAKE_PREFIX_PATH}:/home/islem/Documents/PFE/ros2/install/test_dqn:/home/islem/Documents/PFE/ros2/install/gazebo:/home/islem/Documents/PFE/ros2/install/env:/home/islem/Documents/PFE/ros2/install/dqn:/opt/ros/humble /usr/bin/cmake --install /home/islem/Documents/PFE/build/tutorial_interfaces
