running develop
/home/islem/.local/lib/python3.10/site-packages/setuptools/command/easy_install.py:144: EasyInstallDeprecationWarning: easy_install command is deprecated. Use build and pip and other standards-based tools.
  warnings.warn(
/home/islem/.local/lib/python3.10/site-packages/setuptools/command/install.py:34: SetuptoolsDeprecationWarning: setup.py install is deprecated. Use build and pip and other standards-based tools.
  warnings.warn(
running egg_info
creating gazebo.egg-info
writing gazebo.egg-info/PKG-INFO
writing dependency_links to gazebo.egg-info/dependency_links.txt
writing entry points to gazebo.egg-info/entry_points.txt
writing requirements to gazebo.egg-info/requires.txt
writing top-level names to gazebo.egg-info/top_level.txt
writing manifest file 'gazebo.egg-info/SOURCES.txt'
reading manifest file 'gazebo.egg-info/SOURCES.txt'
writing manifest file 'gazebo.egg-info/SOURCES.txt'
running build_ext
Creating /home/islem/Documents/PFE/install/gazebo/lib/python3.10/site-packages/gazebo.egg-link (link to .)
Installing gazebo script to /home/islem/Documents/PFE/install/gazebo/lib/gazebo

Installed /home/islem/Documents/PFE/build/gazebo
running install_data
creating /home/islem/Documents/PFE/install/gazebo/share/ament_index
creating /home/islem/Documents/PFE/install/gazebo/share/ament_index/resource_index
creating /home/islem/Documents/PFE/install/gazebo/share/ament_index/resource_index/packages
copying resource/gazebo -> /home/islem/Documents/PFE/install/gazebo/share/ament_index/resource_index/packages
copying package.xml -> /home/islem/Documents/PFE/install/gazebo/share/gazebo
