[1.322s] Invoking command in '/home/islem/Documents/PFE/build/gazebo': PYTHONPATH=/home/islem/Documents/PFE/build/gazebo/prefix_override:/home/islem/Documents/PFE/install/gazebo/lib/python3.10/site-packages:${PYTHONPATH} /usr/bin/python3 setup.py develop --editable --build-directory /home/islem/Documents/PFE/build/gazebo/build --no-deps install_data
[1.612s] running develop
[1.612s] /home/islem/.local/lib/python3.10/site-packages/setuptools/command/easy_install.py:144: EasyInstallDeprecationWarning: easy_install command is deprecated. Use build and pip and other standards-based tools.
[1.612s]   warnings.warn(
[1.630s] /home/islem/.local/lib/python3.10/site-packages/setuptools/command/install.py:34: SetuptoolsDeprecationWarning: setup.py install is deprecated. Use build and pip and other standards-based tools.
[1.630s]   warnings.warn(
[1.758s] running egg_info
[1.758s] creating gazebo.egg-info
[1.777s] writing gazebo.egg-info/PKG-INFO
[1.777s] writing dependency_links to gazebo.egg-info/dependency_links.txt
[1.778s] writing entry points to gazebo.egg-info/entry_points.txt
[1.778s] writing requirements to gazebo.egg-info/requires.txt
[1.778s] writing top-level names to gazebo.egg-info/top_level.txt
[1.778s] writing manifest file 'gazebo.egg-info/SOURCES.txt'
[1.824s] reading manifest file 'gazebo.egg-info/SOURCES.txt'
[1.825s] writing manifest file 'gazebo.egg-info/SOURCES.txt'
[1.841s] running build_ext
[1.847s] Creating /home/islem/Documents/PFE/install/gazebo/lib/python3.10/site-packages/gazebo.egg-link (link to .)
[1.853s] Installing gazebo script to /home/islem/Documents/PFE/install/gazebo/lib/gazebo
[1.853s] 
[1.853s] Installed /home/islem/Documents/PFE/build/gazebo
[1.853s] running install_data
[1.853s] creating /home/islem/Documents/PFE/install/gazebo/share/ament_index
[1.853s] creating /home/islem/Documents/PFE/install/gazebo/share/ament_index/resource_index
[1.853s] creating /home/islem/Documents/PFE/install/gazebo/share/ament_index/resource_index/packages
[1.853s] copying resource/gazebo -> /home/islem/Documents/PFE/install/gazebo/share/ament_index/resource_index/packages
[1.853s] copying package.xml -> /home/islem/Documents/PFE/install/gazebo/share/gazebo
[1.903s] Invoked command in '/home/islem/Documents/PFE/build/gazebo' returned '0': PYTHONPATH=/home/islem/Documents/PFE/build/gazebo/prefix_override:/home/islem/Documents/PFE/install/gazebo/lib/python3.10/site-packages:${PYTHONPATH} /usr/bin/python3 setup.py develop --editable --build-directory /home/islem/Documents/PFE/build/gazebo/build --no-deps install_data
