[0.008s] Invoking command in '/home/islem/Documents/PFE/ros/build/urdf_example': CMAKE_PREFIX_PATH=/opt/ros/humble /usr/bin/cmake /home/islem/Documents/PFE/ros/src/urdf_example -DAMENT_CMAKE_SYMLINK_INSTALL=1 -DCMAKE_INSTALL_PREFIX=/home/islem/Documents/PFE/ros/install/urdf_example
[0.088s] -- The C compiler identification is GNU 11.3.0
[0.125s] -- The CXX compiler identification is GNU 11.3.0
[0.132s] -- Detecting C compiler ABI info
[0.179s] -- Detecting C compiler ABI info - done
[0.185s] -- Check for working C compiler: /usr/bin/cc - skipped
[0.185s] -- Detecting C compile features
[0.186s] -- Detecting C compile features - done
[0.191s] -- Detecting CXX compiler ABI info
[0.238s] -- Detecting CXX compiler ABI info - done
[0.243s] -- Check for working CXX compiler: /usr/bin/c++ - skipped
[0.243s] -- Detecting CXX compile features
[0.243s] -- Detecting CXX compile features - done
[0.248s] -- Found ament_cmake: 1.3.3 (/opt/ros/humble/share/ament_cmake/cmake)
[0.358s] -- Found Python3: /usr/bin/python3.10 (found version "3.10.6") found components: Interpreter 
[0.402s] -- Override CMake install command with custom implementation using symlinks instead of copying resources
[0.423s] -- Found ament_lint_auto: 0.12.4 (/opt/ros/humble/share/ament_lint_auto/cmake)
[0.475s] -- Added test 'copyright' to check source files copyright and LICENSE
[0.478s] -- Added test 'flake8' to check Python code syntax and style conventions
[0.479s] -- Added test 'lint_cmake' to check CMake code style
[0.480s] -- Added test 'pep257' to check Python code against some of the docstring style conventions in PEP 257
[0.482s] -- Added test 'xmllint' to check XML markup files
[0.483s] -- Configuring done
[0.488s] -- Generating done
[0.488s] -- Build files have been written to: /home/islem/Documents/PFE/ros/build/urdf_example
[0.491s] Invoked command in '/home/islem/Documents/PFE/ros/build/urdf_example' returned '0': CMAKE_PREFIX_PATH=/opt/ros/humble /usr/bin/cmake /home/islem/Documents/PFE/ros/src/urdf_example -DAMENT_CMAKE_SYMLINK_INSTALL=1 -DCMAKE_INSTALL_PREFIX=/home/islem/Documents/PFE/ros/install/urdf_example
[0.492s] Invoking command in '/home/islem/Documents/PFE/ros/build/urdf_example': CMAKE_PREFIX_PATH=/opt/ros/humble /usr/bin/cmake --build /home/islem/Documents/PFE/ros/build/urdf_example -- -j12 -l12
[0.511s] Invoked command in '/home/islem/Documents/PFE/ros/build/urdf_example' returned '0': CMAKE_PREFIX_PATH=/opt/ros/humble /usr/bin/cmake --build /home/islem/Documents/PFE/ros/build/urdf_example -- -j12 -l12
[0.526s] Invoking command in '/home/islem/Documents/PFE/ros/build/urdf_example': CMAKE_PREFIX_PATH=/opt/ros/humble /usr/bin/cmake --install /home/islem/Documents/PFE/ros/build/urdf_example
[0.531s] -- Install configuration: ""
[0.531s] -- Execute custom install script
[0.534s] -- Symlinking: /home/islem/Documents/PFE/ros/install/urdf_example/share/urdf_example/description/example_gazebo.xacro
[0.538s] -- Symlinking: /home/islem/Documents/PFE/ros/install/urdf_example/share/urdf_example/description/example_include.xacro
[0.543s] -- Symlinking: /home/islem/Documents/PFE/ros/install/urdf_example/share/urdf_example/description/example_robot.urdf.xacro
[0.547s] -- Symlinking: /home/islem/Documents/PFE/ros/install/urdf_example/share/urdf_example/launch/rsp.launch.py
[0.550s] -- Symlinking: /home/islem/Documents/PFE/ros/install/urdf_example/share/urdf_example/launch/rsp_sim.launch.py
[0.554s] -- Symlinking: /home/islem/Documents/PFE/ros/install/urdf_example/share/urdf_example/worlds/test_world.world
[0.559s] -- Symlinking: /home/islem/Documents/PFE/ros/install/urdf_example/share/ament_index/resource_index/package_run_dependencies/urdf_example
[0.562s] -- Symlinking: /home/islem/Documents/PFE/ros/install/urdf_example/share/ament_index/resource_index/parent_prefix_path/urdf_example
[0.567s] -- Symlinking: /home/islem/Documents/PFE/ros/install/urdf_example/share/urdf_example/environment/ament_prefix_path.sh
[0.570s] -- Symlinking: /home/islem/Documents/PFE/ros/install/urdf_example/share/urdf_example/environment/ament_prefix_path.dsv
[0.574s] -- Symlinking: /home/islem/Documents/PFE/ros/install/urdf_example/share/urdf_example/environment/path.sh
[0.578s] -- Symlinking: /home/islem/Documents/PFE/ros/install/urdf_example/share/urdf_example/environment/path.dsv
[0.582s] -- Symlinking: /home/islem/Documents/PFE/ros/install/urdf_example/share/urdf_example/local_setup.bash
[0.586s] -- Symlinking: /home/islem/Documents/PFE/ros/install/urdf_example/share/urdf_example/local_setup.sh
[0.589s] -- Symlinking: /home/islem/Documents/PFE/ros/install/urdf_example/share/urdf_example/local_setup.zsh
[0.593s] -- Symlinking: /home/islem/Documents/PFE/ros/install/urdf_example/share/urdf_example/local_setup.dsv
[0.597s] -- Symlinking: /home/islem/Documents/PFE/ros/install/urdf_example/share/urdf_example/package.dsv
[0.603s] -- Symlinking: /home/islem/Documents/PFE/ros/install/urdf_example/share/ament_index/resource_index/packages/urdf_example
[0.608s] -- Symlinking: /home/islem/Documents/PFE/ros/install/urdf_example/share/urdf_example/cmake/urdf_exampleConfig.cmake
[0.612s] -- Symlinking: /home/islem/Documents/PFE/ros/install/urdf_example/share/urdf_example/cmake/urdf_exampleConfig-version.cmake
[0.616s] -- Symlinking: /home/islem/Documents/PFE/ros/install/urdf_example/share/urdf_example/package.xml
[0.622s] Invoked command in '/home/islem/Documents/PFE/ros/build/urdf_example' returned '0': CMAKE_PREFIX_PATH=/opt/ros/humble /usr/bin/cmake --install /home/islem/Documents/PFE/ros/build/urdf_example
