running develop
running egg_info
creating dqn.egg-info
writing dqn.egg-info/PKG-INFO
writing dependency_links to dqn.egg-info/dependency_links.txt
writing entry points to dqn.egg-info/entry_points.txt
writing requirements to dqn.egg-info/requires.txt
writing top-level names to dqn.egg-info/top_level.txt
writing manifest file 'dqn.egg-info/SOURCES.txt'
reading manifest file 'dqn.egg-info/SOURCES.txt'
writing manifest file 'dqn.egg-info/SOURCES.txt'
running build_ext
Creating /home/islem/Documents/PFE/install/dqn/lib/python3.10/site-packages/dqn.egg-link (link to .)
Installing dqn script to /home/islem/Documents/PFE/install/dqn/lib/dqn
Installing dqnac script to /home/islem/Documents/PFE/install/dqn/lib/dqn
Installing dqnac2 script to /home/islem/Documents/PFE/install/dqn/lib/dqn

Installed /home/islem/Documents/PFE/build/dqn
running install_data
creating /home/islem/Documents/PFE/install/dqn/share/ament_index
creating /home/islem/Documents/PFE/install/dqn/share/ament_index/resource_index
creating /home/islem/Documents/PFE/install/dqn/share/ament_index/resource_index/packages
copying resource/dqn -> /home/islem/Documents/PFE/install/dqn/share/ament_index/resource_index/packages
copying package.xml -> /home/islem/Documents/PFE/install/dqn/share/dqn
