-- Found ament_cmake: 1.3.3 (/opt/ros/humble/share/ament_cmake/cmake)
-- Override CMake install command with custom implementation using symlinks instead of copying resources
-- Found rosidl_default_generators: 1.2.0 (/opt/ros/humble/share/rosidl_default_generators/cmake)
-- Using all available rosidl_typesupport_c: rosidl_typesupport_fastrtps_c;rosidl_typesupport_introspection_c
-- Found rosidl_adapter: 3.1.4 (/opt/ros/humble/share/rosidl_adapter/cmake)
-- Using all available rosidl_typesupport_cpp: rosidl_typesupport_fastrtps_cpp;rosidl_typesupport_introspection_cpp
-- Found ament_cmake_ros: 0.10.0 (/opt/ros/humble/share/ament_cmake_ros/cmake)
-- Using all available rosidl_typesupport_c: rosidl_typesupport_fastrtps_c;rosidl_typesupport_introspection_c
-- Using all available rosidl_typesupport_cpp: rosidl_typesupport_fastrtps_cpp;rosidl_typesupport_introspection_cpp
-- Found python_cmake_module: 0.10.0 (/opt/ros/humble/share/python_cmake_module/cmake)
-- Using PYTHON_EXECUTABLE: /usr/bin/python3
-- Using PYTHON_INCLUDE_DIRS: /usr/include/python3.10
-- Using PYTHON_LIBRARIES: /usr/lib/x86_64-linux-gnu/libpython3.10.so
-- Found ament_lint_auto: 0.12.4 (/opt/ros/humble/share/ament_lint_auto/cmake)
-- Added test 'lint_cmake' to check CMake code style
-- Added test 'xmllint' to check XML markup files
-- Configuring done
-- Generating done
-- Build files have been written to: /home/islem/Documents/PFE/build/dqn_msg
[35m[1mConsolidate compiler generated dependencies of target dqn_msg__rosidl_generator_c[0m
[  1%] Built target dqn_msg__cpp
[ 12%] Built target dqn_msg__rosidl_generator_c
[35m[1mConsolidate compiler generated dependencies of target dqn_msg__rosidl_typesupport_introspection_cpp[0m
[35m[1mConsolidate compiler generated dependencies of target dqn_msg__rosidl_typesupport_fastrtps_cpp[0m
[35m[1mConsolidate compiler generated dependencies of target dqn_msg__rosidl_typesupport_cpp[0m
[35m[1mConsolidate compiler generated dependencies of target dqn_msg__rosidl_typesupport_introspection_c[0m
[ 23%] Built target dqn_msg__rosidl_typesupport_introspection_cpp
[ 23%] Built target ament_cmake_python_symlink_dqn_msg
[35m[1mConsolidate compiler generated dependencies of target dqn_msg__rosidl_typesupport_fastrtps_c[0m
[ 34%] Built target dqn_msg__rosidl_typesupport_fastrtps_cpp
[ 46%] Built target dqn_msg__rosidl_typesupport_cpp
[ 57%] Built target dqn_msg__rosidl_typesupport_introspection_c
[35m[1mConsolidate compiler generated dependencies of target dqn_msg__rosidl_typesupport_c[0m
[ 68%] Built target dqn_msg__rosidl_typesupport_fastrtps_c
[ 79%] Built target dqn_msg__rosidl_typesupport_c
[ 79%] Built target dqn_msg
[ 80%] Built target dqn_msg__py
[35m[1mConsolidate compiler generated dependencies of target dqn_msg__rosidl_generator_py[0m
[ 90%] Built target dqn_msg__rosidl_generator_py
[35m[1mConsolidate compiler generated dependencies of target dqn_msg__rosidl_typesupport_fastrtps_c__pyext[0m
[35m[1mConsolidate compiler generated dependencies of target dqn_msg__rosidl_typesupport_c__pyext[0m
[35m[1mConsolidate compiler generated dependencies of target dqn_msg__rosidl_typesupport_introspection_c__pyext[0m
[ 93%] Built target dqn_msg__rosidl_typesupport_fastrtps_c__pyext
[ 96%] Built target dqn_msg__rosidl_typesupport_c__pyext
[100%] Built target dqn_msg__rosidl_typesupport_introspection_c__pyext
running egg_info
writing dqn_msg.egg-info/PKG-INFO
writing dependency_links to dqn_msg.egg-info/dependency_links.txt
writing top-level names to dqn_msg.egg-info/top_level.txt
reading manifest file 'dqn_msg.egg-info/SOURCES.txt'
writing manifest file 'dqn_msg.egg-info/SOURCES.txt'
[100%] Built target ament_cmake_python_build_dqn_msg_egg
