[0.150s] Invoking command in '/home/islem/Documents/PFE/build/dqn_msg': CMAKE_PREFIX_PATH=${CMAKE_PREFIX_PATH}:/home/islem/Documents/PFE/ros2/install/test_dqn:/home/islem/Documents/PFE/ros2/install/gazebo:/home/islem/Documents/PFE/ros2/install/env:/home/islem/Documents/PFE/ros2/install/dqn:/opt/ros/humble /usr/bin/cmake /home/islem/Documents/PFE/ros2/src/dqn_msg -DCMAKE_INSTALL_PREFIX=/home/islem/Documents/PFE/install/dqn_msg
[0.740s] -- Found ament_cmake: 1.3.3 (/opt/ros/humble/share/ament_cmake/cmake)
[0.740s] -- Override CMake install command with custom implementation using symlinks instead of copying resources
[0.740s] -- Found rosidl_default_generators: 1.2.0 (/opt/ros/humble/share/rosidl_default_generators/cmake)
[0.740s] -- Using all available rosidl_typesupport_c: rosidl_typesupport_fastrtps_c;rosidl_typesupport_introspection_c
[0.740s] -- Found rosidl_adapter: 3.1.4 (/opt/ros/humble/share/rosidl_adapter/cmake)
[0.740s] -- Using all available rosidl_typesupport_cpp: rosidl_typesupport_fastrtps_cpp;rosidl_typesupport_introspection_cpp
[0.740s] -- Found ament_cmake_ros: 0.10.0 (/opt/ros/humble/share/ament_cmake_ros/cmake)
[0.740s] -- Using all available rosidl_typesupport_c: rosidl_typesupport_fastrtps_c;rosidl_typesupport_introspection_c
[0.758s] -- Using all available rosidl_typesupport_cpp: rosidl_typesupport_fastrtps_cpp;rosidl_typesupport_introspection_cpp
[0.782s] -- Found python_cmake_module: 0.10.0 (/opt/ros/humble/share/python_cmake_module/cmake)
[0.807s] -- Using PYTHON_EXECUTABLE: /usr/bin/python3
[0.807s] -- Using PYTHON_INCLUDE_DIRS: /usr/include/python3.10
[0.807s] -- Using PYTHON_LIBRARIES: /usr/lib/x86_64-linux-gnu/libpython3.10.so
[0.824s] -- Found ament_lint_auto: 0.12.4 (/opt/ros/humble/share/ament_lint_auto/cmake)
[0.836s] -- Added test 'lint_cmake' to check CMake code style
[0.836s] -- Added test 'xmllint' to check XML markup files
[0.838s] -- Configuring done
[0.870s] -- Generating done
[0.873s] -- Build files have been written to: /home/islem/Documents/PFE/build/dqn_msg
[0.881s] Invoked command in '/home/islem/Documents/PFE/build/dqn_msg' returned '0': CMAKE_PREFIX_PATH=${CMAKE_PREFIX_PATH}:/home/islem/Documents/PFE/ros2/install/test_dqn:/home/islem/Documents/PFE/ros2/install/gazebo:/home/islem/Documents/PFE/ros2/install/env:/home/islem/Documents/PFE/ros2/install/dqn:/opt/ros/humble /usr/bin/cmake /home/islem/Documents/PFE/ros2/src/dqn_msg -DCMAKE_INSTALL_PREFIX=/home/islem/Documents/PFE/install/dqn_msg
[0.882s] Invoking command in '/home/islem/Documents/PFE/build/dqn_msg': CMAKE_PREFIX_PATH=${CMAKE_PREFIX_PATH}:/home/islem/Documents/PFE/ros2/install/test_dqn:/home/islem/Documents/PFE/ros2/install/gazebo:/home/islem/Documents/PFE/ros2/install/env:/home/islem/Documents/PFE/ros2/install/dqn:/opt/ros/humble /usr/bin/cmake --build /home/islem/Documents/PFE/build/dqn_msg -- -j12 -l12
[0.922s] [35m[1mConsolidate compiler generated dependencies of target dqn_msg__rosidl_generator_c[0m
[0.935s] [  1%] Built target dqn_msg__cpp
[0.944s] [ 12%] Built target dqn_msg__rosidl_generator_c
[0.945s] [35m[1mConsolidate compiler generated dependencies of target dqn_msg__rosidl_typesupport_introspection_cpp[0m
[0.951s] [35m[1mConsolidate compiler generated dependencies of target dqn_msg__rosidl_typesupport_fastrtps_cpp[0m
[0.953s] [35m[1mConsolidate compiler generated dependencies of target dqn_msg__rosidl_typesupport_cpp[0m
[0.964s] [35m[1mConsolidate compiler generated dependencies of target dqn_msg__rosidl_typesupport_introspection_c[0m
[0.965s] [ 23%] Built target dqn_msg__rosidl_typesupport_introspection_cpp
[0.970s] [ 23%] Built target ament_cmake_python_symlink_dqn_msg
[0.971s] [35m[1mConsolidate compiler generated dependencies of target dqn_msg__rosidl_typesupport_fastrtps_c[0m
[0.972s] [ 34%] Built target dqn_msg__rosidl_typesupport_fastrtps_cpp
[0.975s] [ 46%] Built target dqn_msg__rosidl_typesupport_cpp
[0.985s] [ 57%] Built target dqn_msg__rosidl_typesupport_introspection_c
[0.986s] [35m[1mConsolidate compiler generated dependencies of target dqn_msg__rosidl_typesupport_c[0m
[0.991s] [ 68%] Built target dqn_msg__rosidl_typesupport_fastrtps_c
[0.994s] [ 79%] Built target dqn_msg__rosidl_typesupport_c
[1.009s] [ 79%] Built target dqn_msg
[1.029s] [ 80%] Built target dqn_msg__py
[1.041s] [35m[1mConsolidate compiler generated dependencies of target dqn_msg__rosidl_generator_py[0m
[1.056s] [ 90%] Built target dqn_msg__rosidl_generator_py
[1.068s] [35m[1mConsolidate compiler generated dependencies of target dqn_msg__rosidl_typesupport_fastrtps_c__pyext[0m
[1.081s] [35m[1mConsolidate compiler generated dependencies of target dqn_msg__rosidl_typesupport_c__pyext[0m
[1.083s] [35m[1mConsolidate compiler generated dependencies of target dqn_msg__rosidl_typesupport_introspection_c__pyext[0m
[1.089s] [ 93%] Built target dqn_msg__rosidl_typesupport_fastrtps_c__pyext
[1.094s] [ 96%] Built target dqn_msg__rosidl_typesupport_c__pyext
[1.107s] [100%] Built target dqn_msg__rosidl_typesupport_introspection_c__pyext
[1.149s] running egg_info
[1.158s] writing dqn_msg.egg-info/PKG-INFO
[1.158s] writing dependency_links to dqn_msg.egg-info/dependency_links.txt
[1.159s] writing top-level names to dqn_msg.egg-info/top_level.txt
[1.186s] reading manifest file 'dqn_msg.egg-info/SOURCES.txt'
[1.187s] writing manifest file 'dqn_msg.egg-info/SOURCES.txt'
[1.212s] [100%] Built target ament_cmake_python_build_dqn_msg_egg
