[0.712s] Invoking command in '/home/islem/Documents/PFE/build/urdf_example': CMAKE_PREFIX_PATH=${CMAKE_PREFIX_PATH}:/home/islem/Documents/PFE/ros2/install/test_dqn:/home/islem/Documents/PFE/ros2/install/gazebo:/home/islem/Documents/PFE/ros2/install/env:/home/islem/Documents/PFE/ros2/install/dqn:/opt/ros/humble /usr/bin/cmake /home/islem/Documents/PFE/ros/src/urdf_example -DCMAKE_INSTALL_PREFIX=/home/islem/Documents/PFE/install/urdf_example
[0.719s] -- Found ament_cmake: 1.3.3 (/opt/ros/humble/share/ament_cmake/cmake)
[0.861s] -- Override CMake install command with custom implementation using symlinks instead of copying resources
[0.868s] -- Found ament_lint_auto: 0.12.4 (/opt/ros/humble/share/ament_lint_auto/cmake)
[0.939s] -- Added test 'copyright' to check source files copyright and LICENSE
[0.945s] -- Added test 'flake8' to check Python code syntax and style conventions
[0.946s] -- Added test 'lint_cmake' to check CMake code style
[0.947s] -- Added test 'pep257' to check Python code against some of the docstring style conventions in PEP 257
[0.950s] -- Added test 'xmllint' to check XML markup files
[0.951s] -- Configuring done
[0.953s] -- Generating done
[0.954s] -- Build files have been written to: /home/islem/Documents/PFE/build/urdf_example
[0.957s] Invoked command in '/home/islem/Documents/PFE/build/urdf_example' returned '0': CMAKE_PREFIX_PATH=${CMAKE_PREFIX_PATH}:/home/islem/Documents/PFE/ros2/install/test_dqn:/home/islem/Documents/PFE/ros2/install/gazebo:/home/islem/Documents/PFE/ros2/install/env:/home/islem/Documents/PFE/ros2/install/dqn:/opt/ros/humble /usr/bin/cmake /home/islem/Documents/PFE/ros/src/urdf_example -DCMAKE_INSTALL_PREFIX=/home/islem/Documents/PFE/install/urdf_example
[0.958s] Invoking command in '/home/islem/Documents/PFE/build/urdf_example': CMAKE_PREFIX_PATH=${CMAKE_PREFIX_PATH}:/home/islem/Documents/PFE/ros2/install/test_dqn:/home/islem/Documents/PFE/ros2/install/gazebo:/home/islem/Documents/PFE/ros2/install/env:/home/islem/Documents/PFE/ros2/install/dqn:/opt/ros/humble /usr/bin/cmake --build /home/islem/Documents/PFE/build/urdf_example -- -j12 -l12
[0.983s] Invoked command in '/home/islem/Documents/PFE/build/urdf_example' returned '0': CMAKE_PREFIX_PATH=${CMAKE_PREFIX_PATH}:/home/islem/Documents/PFE/ros2/install/test_dqn:/home/islem/Documents/PFE/ros2/install/gazebo:/home/islem/Documents/PFE/ros2/install/env:/home/islem/Documents/PFE/ros2/install/dqn:/opt/ros/humble /usr/bin/cmake --build /home/islem/Documents/PFE/build/urdf_example -- -j12 -l12
[1.013s] Invoking command in '/home/islem/Documents/PFE/build/urdf_example': CMAKE_PREFIX_PATH=${CMAKE_PREFIX_PATH}:/home/islem/Documents/PFE/ros2/install/test_dqn:/home/islem/Documents/PFE/ros2/install/gazebo:/home/islem/Documents/PFE/ros2/install/env:/home/islem/Documents/PFE/ros2/install/dqn:/opt/ros/humble /usr/bin/cmake --install /home/islem/Documents/PFE/build/urdf_example
[1.019s] -- Install configuration: ""
[1.019s] -- Execute custom install script
[1.020s] -- Up-to-date symlink: /home/islem/Documents/PFE/install/urdf_example/share/urdf_example/description/example_gazebo.xacro
[1.020s] -- Up-to-date symlink: /home/islem/Documents/PFE/install/urdf_example/share/urdf_example/description/example_include.xacro
[1.020s] -- Up-to-date symlink: /home/islem/Documents/PFE/install/urdf_example/share/urdf_example/description/example_robot.urdf.xacro
[1.020s] -- Up-to-date symlink: /home/islem/Documents/PFE/install/urdf_example/share/urdf_example/description/turtlebot3_burger.urdf
[1.021s] -- Up-to-date symlink: /home/islem/Documents/PFE/install/urdf_example/share/urdf_example/launch/rsp.launch.py
[1.021s] -- Up-to-date symlink: /home/islem/Documents/PFE/install/urdf_example/share/urdf_example/launch/rsp_sim.launch.py
[1.021s] -- Up-to-date symlink: /home/islem/Documents/PFE/install/urdf_example/share/urdf_example/launch/t.launch.py
[1.021s] -- Up-to-date symlink: /home/islem/Documents/PFE/install/urdf_example/share/urdf_example/worlds/t.world
[1.021s] -- Up-to-date symlink: /home/islem/Documents/PFE/install/urdf_example/share/urdf_example/worlds/test_world.world
[1.022s] -- Up-to-date symlink: /home/islem/Documents/PFE/install/urdf_example/share/ament_index/resource_index/package_run_dependencies/urdf_example
[1.022s] -- Up-to-date symlink: /home/islem/Documents/PFE/install/urdf_example/share/ament_index/resource_index/parent_prefix_path/urdf_example
[1.022s] -- Up-to-date symlink: /home/islem/Documents/PFE/install/urdf_example/share/urdf_example/environment/ament_prefix_path.sh
[1.022s] -- Up-to-date symlink: /home/islem/Documents/PFE/install/urdf_example/share/urdf_example/environment/ament_prefix_path.dsv
[1.022s] -- Up-to-date symlink: /home/islem/Documents/PFE/install/urdf_example/share/urdf_example/environment/path.sh
[1.023s] -- Up-to-date symlink: /home/islem/Documents/PFE/install/urdf_example/share/urdf_example/environment/path.dsv
[1.023s] -- Up-to-date symlink: /home/islem/Documents/PFE/install/urdf_example/share/urdf_example/local_setup.bash
[1.023s] -- Up-to-date symlink: /home/islem/Documents/PFE/install/urdf_example/share/urdf_example/local_setup.sh
[1.023s] -- Up-to-date symlink: /home/islem/Documents/PFE/install/urdf_example/share/urdf_example/local_setup.zsh
[1.023s] -- Up-to-date symlink: /home/islem/Documents/PFE/install/urdf_example/share/urdf_example/local_setup.dsv
[1.023s] -- Symlinking: /home/islem/Documents/PFE/install/urdf_example/share/urdf_example/package.dsv
[1.032s] -- Up-to-date symlink: /home/islem/Documents/PFE/install/urdf_example/share/ament_index/resource_index/packages/urdf_example
[1.032s] -- Up-to-date symlink: /home/islem/Documents/PFE/install/urdf_example/share/urdf_example/cmake/urdf_exampleConfig.cmake
[1.032s] -- Up-to-date symlink: /home/islem/Documents/PFE/install/urdf_example/share/urdf_example/cmake/urdf_exampleConfig-version.cmake
[1.032s] -- Up-to-date symlink: /home/islem/Documents/PFE/install/urdf_example/share/urdf_example/package.xml
[1.035s] Invoked command in '/home/islem/Documents/PFE/build/urdf_example' returned '0': CMAKE_PREFIX_PATH=${CMAKE_PREFIX_PATH}:/home/islem/Documents/PFE/ros2/install/test_dqn:/home/islem/Documents/PFE/ros2/install/gazebo:/home/islem/Documents/PFE/ros2/install/env:/home/islem/Documents/PFE/ros2/install/dqn:/opt/ros/humble /usr/bin/cmake --install /home/islem/Documents/PFE/build/urdf_example
